#
# There is insufficient memory for the Java Runtime Environment to continue.
# Native memory allocation (malloc) failed to allocate 1102096 bytes for Chunk::new
# Possible reasons:
#   The system is out of physical RAM or swap space
#   The process is running with CompressedOops enabled, and the Java Heap may be blocking the growth of the native heap
# Possible solutions:
#   Reduce memory load on the system
#   Increase physical memory or swap space
#   Check if swap backing store is full
#   Decrease Java heap size (-Xmx/-Xms)
#   Decrease number of Java threads
#   Decrease Java thread stack sizes (-Xss)
#   Set larger code cache with -XX:ReservedCodeCacheSize=
#   JVM is running with Zero Based Compressed Oops mode in which the Java heap is
#     placed in the first 32GB address space. The Java Heap base address is the
#     maximum limit for the native heap growth. Please use -XX:HeapBaseMinAddress
#     to set the Java Heap base and to place the Java Heap above 32GB virtual address.
# This output file may be truncated or incomplete.
#
#  Out of Memory Error (arena.cpp:195), pid=2228, tid=3824
#
# JRE version: Java(TM) SE Runtime Environment (16.0.1+9) (build 16.0.1+9-24)
# Java VM: Java HotSpot(TM) 64-Bit Server VM (16.0.1+9-24, mixed mode, sharing, tiered, compressed oops, compressed class ptrs, g1 gc, windows-amd64)
# No core dump will be written. Minidumps are not enabled by default on client versions of Windows
#

---------------  S U M M A R Y ------------

Command Line: -Dmaven.multiModuleProjectDirectory=C:\Users\Russell\IdeaProjects\FinalProject -Dmaven.home=C:\Program Files\JetBrains\IntelliJ IDEA 2021.1.2\plugins\maven\lib\maven3 -Dclassworlds.conf=C:\Program Files\JetBrains\IntelliJ IDEA 2021.1.2\plugins\maven\lib\maven3\bin\m2.conf -Dmaven.ext.class.path=C:\Program Files\JetBrains\IntelliJ IDEA 2021.1.2\plugins\maven\lib\maven-event-listener.jar -javaagent:C:\Program Files\JetBrains\IntelliJ IDEA 2021.1.2\lib\idea_rt.jar=61358:C:\Program Files\JetBrains\IntelliJ IDEA 2021.1.2\bin -Dfile.encoding=UTF-8 org.codehaus.classworlds.Launcher -Didea.version=2021.2 clean install

Host: AMD Ryzen 5 4500U with Radeon Graphics         , 6 cores, 15G,  Windows 10 , 64 bit Build 19041 (10.0.19041.1320)
Time: Tue Dec  7 16:50:58 2021  Windows 10 , 64 bit Build 19041 (10.0.19041.1320) elapsed time: 9.925168 seconds (0d 0h 0m 9s)

---------------  T H R E A D  ---------------

Current thread (0x0000020f7f6439f0):  JavaThread "C2 CompilerThread0" daemon [_thread_in_native, id=3824, stack(0x00000038a1100000,0x00000038a1200000)]


Current CompileTask:
C2:   9925 8281       4       jdk.internal.org.objectweb.asm.Frame::execute (2305 bytes)

Stack: [0x00000038a1100000,0x00000038a1200000]
Native frames: (J=compiled Java code, j=interpreted, Vv=VM code, C=native code)
V  [jvm.dll+0x6687ca]
V  [jvm.dll+0x7ca3c9]
V  [jvm.dll+0x7cbb53]
V  [jvm.dll+0x7cc1b3]
V  [jvm.dll+0x242ea5]
V  [jvm.dll+0xadeca]
V  [jvm.dll+0xae5ac]
V  [jvm.dll+0x2a52cf]
V  [jvm.dll+0x574359]
V  [jvm.dll+0x21eb55]
V  [jvm.dll+0x217e51]
V  [jvm.dll+0x21524c]
V  [jvm.dll+0x1a1d9b]
V  [jvm.dll+0x2253a8]
V  [jvm.dll+0x2233ec]
V  [jvm.dll+0x780002]
V  [jvm.dll+0x779b4a]
V  [jvm.dll+0x667666]
C  [ucrtbase.dll+0x21bb2]
C  [KERNEL32.DLL+0x17034]
C  [ntdll.dll+0x52651]


---------------  P R O C E S S  ---------------

Threads class SMR info:
_java_thread_list=0x0000020f02028700, length=21, elements={
0x0000020f5d383000, 0x0000020f7f627e40, 0x0000020f7f62ab10, 0x0000020f7f63eab0,
0x0000020f7f63f4b0, 0x0000020f7f6422c0, 0x0000020f7f642cc0, 0x0000020f7f6439f0,
0x0000020f7f6464f0, 0x0000020f7f64ff50, 0x0000020f7f60a600, 0x0000020f00ae31f0,
0x0000020f00ae3710, 0x0000020f015ad000, 0x0000020f04ee9cc0, 0x0000020f04eeb200,
0x0000020f04eeb750, 0x0000020f04eec740, 0x0000020f04eea210, 0x0000020f04eea760,
0x0000020f04eecc90
}

Java Threads: ( => current thread )
  0x0000020f5d383000 JavaThread "main" [_thread_in_native, id=4324, stack(0x00000038a0400000,0x00000038a0500000)]
  0x0000020f7f627e40 JavaThread "Reference Handler" daemon [_thread_blocked, id=25732, stack(0x00000038a0b00000,0x00000038a0c00000)]
  0x0000020f7f62ab10 JavaThread "Finalizer" daemon [_thread_blocked, id=22264, stack(0x00000038a0c00000,0x00000038a0d00000)]
  0x0000020f7f63eab0 JavaThread "Signal Dispatcher" daemon [_thread_blocked, id=11172, stack(0x00000038a0d00000,0x00000038a0e00000)]
  0x0000020f7f63f4b0 JavaThread "Attach Listener" daemon [_thread_blocked, id=6368, stack(0x00000038a0e00000,0x00000038a0f00000)]
  0x0000020f7f6422c0 JavaThread "Service Thread" daemon [_thread_blocked, id=1632, stack(0x00000038a0f00000,0x00000038a1000000)]
  0x0000020f7f642cc0 JavaThread "Monitor Deflation Thread" daemon [_thread_blocked, id=26216, stack(0x00000038a1000000,0x00000038a1100000)]
=>0x0000020f7f6439f0 JavaThread "C2 CompilerThread0" daemon [_thread_in_native, id=3824, stack(0x00000038a1100000,0x00000038a1200000)]
  0x0000020f7f6464f0 JavaThread "C1 CompilerThread0" daemon [_thread_blocked, id=16660, stack(0x00000038a1200000,0x00000038a1300000)]
  0x0000020f7f64ff50 JavaThread "Sweeper thread" daemon [_thread_blocked, id=16624, stack(0x00000038a1300000,0x00000038a1400000)]
  0x0000020f7f60a600 JavaThread "Common-Cleaner" daemon [_thread_blocked, id=14400, stack(0x00000038a1400000,0x00000038a1500000)]
  0x0000020f00ae31f0 JavaThread "Monitor Ctrl-Break" daemon [_thread_in_native, id=24288, stack(0x00000038a1500000,0x00000038a1600000)]
  0x0000020f00ae3710 JavaThread "Notification Thread" daemon [_thread_blocked, id=17004, stack(0x00000038a1600000,0x00000038a1700000)]
  0x0000020f015ad000 JavaThread "C2 CompilerThread1" daemon [_thread_blocked, id=2728, stack(0x00000038a1800000,0x00000038a1900000)]
  0x0000020f04ee9cc0 JavaThread "resolver-1" daemon [_thread_blocked, id=22352, stack(0x00000038a2100000,0x00000038a2200000)]
  0x0000020f04eeb200 JavaThread "resolver-2" daemon [_thread_blocked, id=12840, stack(0x00000038a2200000,0x00000038a2300000)]
  0x0000020f04eeb750 JavaThread "resolver-3" daemon [_thread_blocked, id=27384, stack(0x00000038a2300000,0x00000038a2400000)]
  0x0000020f04eec740 JavaThread "resolver-4" daemon [_thread_blocked, id=21988, stack(0x00000038a2400000,0x00000038a2500000)]
  0x0000020f04eea210 JavaThread "ThreadedStreamConsumer" [_thread_blocked, id=25228, stack(0x00000038a2500000,0x00000038a2600000)]
  0x0000020f04eea760 JavaThread "Thread-1" [_thread_in_native, id=26784, stack(0x00000038a2600000,0x00000038a2700000)]
  0x0000020f04eecc90 JavaThread "Thread-2" [_thread_in_native, id=14292, stack(0x00000038a2700000,0x00000038a2800000)]

Other Threads:
  0x0000020f7f6232f0 VMThread "VM Thread" [stack: 0x00000038a0a00000,0x00000038a0b00000] [id=27636]
  0x0000020f00a9b4e0 WatcherThread [stack: 0x00000038a1700000,0x00000038a1800000] [id=12732]
  0x0000020f5d3d10f0 GCTaskThread "GC Thread#0" [stack: 0x00000038a0500000,0x00000038a0600000] [id=12372]
  0x0000020f015d74d0 GCTaskThread "GC Thread#1" [stack: 0x00000038a1900000,0x00000038a1a00000] [id=10596]
  0x0000020f00ceee00 GCTaskThread "GC Thread#2" [stack: 0x00000038a1a00000,0x00000038a1b00000] [id=18336]
  0x0000020f01593090 GCTaskThread "GC Thread#3" [stack: 0x00000038a1b00000,0x00000038a1c00000] [id=24900]
  0x0000020f015933a0 GCTaskThread "GC Thread#4" [stack: 0x00000038a1c00000,0x00000038a1d00000] [id=24668]
  0x0000020f015bd020 GCTaskThread "GC Thread#5" [stack: 0x00000038a1d00000,0x00000038a1e00000] [id=27116]
  0x0000020f5d3e1fe0 ConcurrentGCThread "G1 Main Marker" [stack: 0x00000038a0600000,0x00000038a0700000] [id=11708]
  0x0000020f5d3e4960 ConcurrentGCThread "G1 Conc#0" [stack: 0x00000038a0700000,0x00000038a0800000] [id=26912]
  0x0000020f01d2b2d0 ConcurrentGCThread "G1 Conc#1" [stack: 0x00000038a1e00000,0x00000038a1f00000] [id=10432]
  0x0000020f5d4556e0 ConcurrentGCThread "G1 Refine#0" [stack: 0x00000038a0800000,0x00000038a0900000] [id=8852]
  0x0000020f04eee290 ConcurrentGCThread "G1 Refine#1" [stack: 0x00000038a1f00000,0x00000038a2000000] [id=26920]
  0x0000020f058cc010 ConcurrentGCThread "G1 Refine#2" [stack: 0x00000038a2000000,0x00000038a2100000] [id=25992]
  0x0000020f5d456060 ConcurrentGCThread "G1 Service" [stack: 0x00000038a0900000,0x00000038a0a00000] [id=24940]

Threads with active compile tasks:
C2 CompilerThread0     9948 8281       4       jdk.internal.org.objectweb.asm.Frame::execute (2305 bytes)

VM state: not at safepoint (normal execution)

VM Mutex/Monitor currently owned by a thread: None

Heap address: 0x000000070a200000, size: 3934 MB, Compressed Oops mode: Zero based, Oop shift amount: 3

CDS archive(s) mapped at: [0x0000000800000000-0x0000000800bb0000-0x0000000800bb0000), size 12255232, SharedBaseAddress: 0x0000000800000000, ArchiveRelocationMode: 0.
Compressed class space mapped at: 0x0000000800c00000-0x0000000840c00000, reserved size: 1073741824
Narrow klass base: 0x0000000800000000, Narrow klass shift: 3, Narrow klass range: 0x100000000

GC Precious Log:
 CPUs: 6 total, 6 available
 Memory: 15733M
 Large Page Support: Disabled
 NUMA Support: Disabled
 Compressed Oops: Enabled (Zero based)
 Heap Region Size: 2M
 Heap Min Capacity: 8M
 Heap Initial Capacity: 246M
 Heap Max Capacity: 3934M
 Pre-touch: Disabled
 Parallel Workers: 6
 Concurrent Workers: 2
 Concurrent Refinement Workers: 6
 Periodic GC: Disabled

Heap:
 garbage-first heap   total 153600K, used 91557K [0x000000070a200000, 0x0000000800000000)
  region size 2048K, 16 young (32768K), 1 survivors (2048K)
 Metaspace       used 32755K, committed 33152K, reserved 1081344K
  class space    used 3433K, committed 3648K, reserved 1048576K

Heap Regions: E=young(eden), S=young(survivor), O=old, HS=humongous(starts), HC=humongous(continues), CS=collection set, F=free, OA=open archive, CA=closed archive, TAMS=top-at-mark-start (previous, next)
|   0|0x000000070a200000, 0x000000070a400000, 0x000000070a400000|100%| O|  |TAMS 0x000000070a400000, 0x000000070a200000| Untracked 
|   1|0x000000070a400000, 0x000000070a58e600, 0x000000070a600000| 77%| O|  |TAMS 0x000000070a58e600, 0x000000070a400000| Untracked 
|   2|0x000000070a600000, 0x000000070a800000, 0x000000070a800000|100%| O|  |TAMS 0x000000070a800000, 0x000000070a600000| Untracked 
|   3|0x000000070a800000, 0x000000070aa00000, 0x000000070aa00000|100%| O|  |TAMS 0x000000070aa00000, 0x000000070a800000| Untracked 
|   4|0x000000070aa00000, 0x000000070ac00000, 0x000000070ac00000|100%| O|  |TAMS 0x000000070ac00000, 0x000000070aa00000| Untracked 
|   5|0x000000070ac00000, 0x000000070ae00000, 0x000000070ae00000|100%| O|  |TAMS 0x000000070ae00000, 0x000000070ac00000| Untracked 
|   6|0x000000070ae00000, 0x000000070b000000, 0x000000070b000000|100%| O|  |TAMS 0x000000070b000000, 0x000000070ae00000| Untracked 
|   7|0x000000070b000000, 0x000000070b200000, 0x000000070b200000|100%| O|  |TAMS 0x000000070b200000, 0x000000070b000000| Untracked 
|   8|0x000000070b200000, 0x000000070b400000, 0x000000070b400000|100%| O|  |TAMS 0x000000070b400000, 0x000000070b200000| Untracked 
|   9|0x000000070b400000, 0x000000070b600000, 0x000000070b600000|100%| O|  |TAMS 0x000000070b600000, 0x000000070b400000| Untracked 
|  10|0x000000070b600000, 0x000000070b800000, 0x000000070b800000|100%| O|  |TAMS 0x000000070b800000, 0x000000070b600000| Untracked 
|  11|0x000000070b800000, 0x000000070ba00000, 0x000000070ba00000|100%| O|  |TAMS 0x000000070ba00000, 0x000000070b800000| Untracked 
|  12|0x000000070ba00000, 0x000000070bc00000, 0x000000070bc00000|100%| O|  |TAMS 0x000000070bc00000, 0x000000070ba00000| Untracked 
|  13|0x000000070bc00000, 0x000000070be00000, 0x000000070be00000|100%| O|  |TAMS 0x000000070bce3e00, 0x000000070bc00000| Untracked 
|  14|0x000000070be00000, 0x000000070c000000, 0x000000070c000000|100%| O|  |TAMS 0x000000070be00000, 0x000000070be00000| Untracked 
|  15|0x000000070c000000, 0x000000070c200000, 0x000000070c200000|100%| O|  |TAMS 0x000000070c000000, 0x000000070c000000| Untracked 
|  16|0x000000070c200000, 0x000000070c400000, 0x000000070c400000|100%| O|  |TAMS 0x000000070c200000, 0x000000070c200000| Untracked 
|  17|0x000000070c400000, 0x000000070c600000, 0x000000070c600000|100%| O|  |TAMS 0x000000070c400000, 0x000000070c400000| Untracked 
|  18|0x000000070c600000, 0x000000070c800000, 0x000000070c800000|100%| O|  |TAMS 0x000000070c600000, 0x000000070c600000| Untracked 
|  19|0x000000070c800000, 0x000000070ca00000, 0x000000070ca00000|100%|HS|  |TAMS 0x000000070c800000, 0x000000070c800000| Complete 
|  20|0x000000070ca00000, 0x000000070cc00000, 0x000000070cc00000|100%| O|  |TAMS 0x000000070ca00000, 0x000000070ca00000| Untracked 
|  21|0x000000070cc00000, 0x000000070ce00000, 0x000000070ce00000|100%| O|  |TAMS 0x000000070cc00000, 0x000000070cc00000| Untracked 
|  22|0x000000070ce00000, 0x000000070d000000, 0x000000070d000000|100%| O|  |TAMS 0x000000070ce00000, 0x000000070ce00000| Untracked 
|  23|0x000000070d000000, 0x000000070d200000, 0x000000070d200000|100%| O|  |TAMS 0x000000070d000000, 0x000000070d000000| Untracked 
|  24|0x000000070d200000, 0x000000070d400000, 0x000000070d400000|100%| O|  |TAMS 0x000000070d200000, 0x000000070d200000| Untracked 
|  25|0x000000070d400000, 0x000000070d600000, 0x000000070d600000|100%| O|  |TAMS 0x000000070d400000, 0x000000070d400000| Untracked 
|  26|0x000000070d600000, 0x000000070d800000, 0x000000070d800000|100%| O|  |TAMS 0x000000070d600000, 0x000000070d600000| Untracked 
|  27|0x000000070d800000, 0x000000070da00000, 0x000000070da00000|100%| O|  |TAMS 0x000000070d800000, 0x000000070d800000| Untracked 
|  28|0x000000070da00000, 0x000000070dc00000, 0x000000070dc00000|100%| O|  |TAMS 0x000000070da00000, 0x000000070da00000| Untracked 
|  29|0x000000070dc00000, 0x000000070de00000, 0x000000070de00000|100%| O|  |TAMS 0x000000070dc00000, 0x000000070dc00000| Untracked 
|  30|0x000000070de00000, 0x000000070de00000, 0x000000070e000000|  0%| F|  |TAMS 0x000000070de00000, 0x000000070de00000| Untracked 
|  31|0x000000070e000000, 0x000000070e000000, 0x000000070e200000|  0%| F|  |TAMS 0x000000070e000000, 0x000000070e000000| Untracked 
|  32|0x000000070e200000, 0x000000070e200000, 0x000000070e400000|  0%| F|  |TAMS 0x000000070e200000, 0x000000070e200000| Untracked 
|  33|0x000000070e400000, 0x000000070e400000, 0x000000070e600000|  0%| F|  |TAMS 0x000000070e400000, 0x000000070e400000| Untracked 
|  34|0x000000070e600000, 0x000000070e600000, 0x000000070e800000|  0%| F|  |TAMS 0x000000070e600000, 0x000000070e600000| Untracked 
|  35|0x000000070e800000, 0x000000070e800000, 0x000000070ea00000|  0%| F|  |TAMS 0x000000070e800000, 0x000000070e800000| Untracked 
|  36|0x000000070ea00000, 0x000000070ea00000, 0x000000070ec00000|  0%| F|  |TAMS 0x000000070ea00000, 0x000000070ea00000| Untracked 
|  37|0x000000070ec00000, 0x000000070ec00000, 0x000000070ee00000|  0%| F|  |TAMS 0x000000070ec00000, 0x000000070ec00000| Untracked 
|  38|0x000000070ee00000, 0x000000070ee00000, 0x000000070f000000|  0%| F|  |TAMS 0x000000070ee00000, 0x000000070ee00000| Untracked 
|  39|0x000000070f000000, 0x000000070f000000, 0x000000070f200000|  0%| F|  |TAMS 0x000000070f000000, 0x000000070f000000| Untracked 
|  40|0x000000070f200000, 0x000000070f200000, 0x000000070f400000|  0%| F|  |TAMS 0x000000070f200000, 0x000000070f200000| Untracked 
|  41|0x000000070f400000, 0x000000070f400000, 0x000000070f600000|  0%| F|  |TAMS 0x000000070f400000, 0x000000070f400000| Untracked 
|  42|0x000000070f600000, 0x000000070f600000, 0x000000070f800000|  0%| F|  |TAMS 0x000000070f600000, 0x000000070f600000| Untracked 
|  43|0x000000070f800000, 0x000000070f800000, 0x000000070fa00000|  0%| F|  |TAMS 0x000000070f800000, 0x000000070f800000| Untracked 
|  44|0x000000070fa00000, 0x000000070fa00000, 0x000000070fc00000|  0%| F|  |TAMS 0x000000070fa00000, 0x000000070fa00000| Untracked 
|  45|0x000000070fc00000, 0x000000070fc00000, 0x000000070fe00000|  0%| F|  |TAMS 0x000000070fc00000, 0x000000070fc00000| Untracked 
|  46|0x000000070fe00000, 0x000000070fe00000, 0x0000000710000000|  0%| F|  |TAMS 0x000000070fe00000, 0x000000070fe00000| Untracked 
|  47|0x0000000710000000, 0x0000000710000000, 0x0000000710200000|  0%| F|  |TAMS 0x0000000710000000, 0x0000000710000000| Untracked 
|  48|0x0000000710200000, 0x0000000710200000, 0x0000000710400000|  0%| F|  |TAMS 0x0000000710200000, 0x0000000710200000| Untracked 
|  49|0x0000000710400000, 0x0000000710400000, 0x0000000710600000|  0%| F|  |TAMS 0x0000000710400000, 0x0000000710400000| Untracked 
|  50|0x0000000710600000, 0x00000007107db1d0, 0x0000000710800000| 92%| S|CS|TAMS 0x0000000710600000, 0x0000000710600000| Complete 
|  51|0x0000000710800000, 0x0000000710800000, 0x0000000710a00000|  0%| F|  |TAMS 0x0000000710800000, 0x0000000710800000| Untracked 
|  52|0x0000000710a00000, 0x0000000710a00000, 0x0000000710c00000|  0%| F|  |TAMS 0x0000000710a00000, 0x0000000710a00000| Untracked 
|  53|0x0000000710c00000, 0x0000000710c00000, 0x0000000710e00000|  0%| F|  |TAMS 0x0000000710c00000, 0x0000000710c00000| Untracked 
|  54|0x0000000710e00000, 0x0000000710e00000, 0x0000000711000000|  0%| F|  |TAMS 0x0000000710e00000, 0x0000000710e00000| Untracked 
|  55|0x0000000711000000, 0x0000000711000000, 0x0000000711200000|  0%| F|  |TAMS 0x0000000711000000, 0x0000000711000000| Untracked 
|  56|0x0000000711200000, 0x0000000711200000, 0x0000000711400000|  0%| F|  |TAMS 0x0000000711200000, 0x0000000711200000| Untracked 
|  57|0x0000000711400000, 0x0000000711400000, 0x0000000711600000|  0%| F|  |TAMS 0x0000000711400000, 0x0000000711400000| Untracked 
|  58|0x0000000711600000, 0x0000000711600000, 0x0000000711800000|  0%| F|  |TAMS 0x0000000711600000, 0x0000000711600000| Untracked 
|  59|0x0000000711800000, 0x0000000711800000, 0x0000000711a00000|  0%| F|  |TAMS 0x0000000711800000, 0x0000000711800000| Untracked 
|  60|0x0000000711a00000, 0x0000000711a00800, 0x0000000711c00000|  0%| E|  |TAMS 0x0000000711a00000, 0x0000000711a00000| Complete 
|  61|0x0000000711c00000, 0x0000000711e00000, 0x0000000711e00000|100%| E|CS|TAMS 0x0000000711c00000, 0x0000000711c00000| Complete 
|  62|0x0000000711e00000, 0x0000000712000000, 0x0000000712000000|100%| E|CS|TAMS 0x0000000711e00000, 0x0000000711e00000| Complete 
|  63|0x0000000712000000, 0x0000000712200000, 0x0000000712200000|100%| E|CS|TAMS 0x0000000712000000, 0x0000000712000000| Complete 
|  64|0x0000000712200000, 0x0000000712400000, 0x0000000712400000|100%| E|CS|TAMS 0x0000000712200000, 0x0000000712200000| Complete 
|  65|0x0000000712400000, 0x0000000712600000, 0x0000000712600000|100%| E|CS|TAMS 0x0000000712400000, 0x0000000712400000| Complete 
|  66|0x0000000712600000, 0x0000000712800000, 0x0000000712800000|100%| E|CS|TAMS 0x0000000712600000, 0x0000000712600000| Complete 
|  67|0x0000000712800000, 0x0000000712a00000, 0x0000000712a00000|100%| E|CS|TAMS 0x0000000712800000, 0x0000000712800000| Complete 
|  68|0x0000000712a00000, 0x0000000712c00000, 0x0000000712c00000|100%| E|CS|TAMS 0x0000000712a00000, 0x0000000712a00000| Complete 
| 102|0x0000000716e00000, 0x0000000717000000, 0x0000000717000000|100%| E|CS|TAMS 0x0000000716e00000, 0x0000000716e00000| Complete 
| 103|0x0000000717000000, 0x0000000717200000, 0x0000000717200000|100%| E|CS|TAMS 0x0000000717000000, 0x0000000717000000| Complete 
| 104|0x0000000717200000, 0x0000000717400000, 0x0000000717400000|100%| E|CS|TAMS 0x0000000717200000, 0x0000000717200000| Complete 
| 105|0x0000000717400000, 0x0000000717600000, 0x0000000717600000|100%| E|CS|TAMS 0x0000000717400000, 0x0000000717400000| Complete 
| 106|0x0000000717600000, 0x0000000717800000, 0x0000000717800000|100%| E|CS|TAMS 0x0000000717600000, 0x0000000717600000| Complete 
| 122|0x0000000719600000, 0x0000000719800000, 0x0000000719800000|100%| E|CS|TAMS 0x0000000719600000, 0x0000000719600000| Complete 

Card table byte_map: [0x0000020f743c0000,0x0000020f74b70000] _byte_map_base: 0x0000020f70b6f000

Marking Bits (Prev, Next): (CMBitMap*) 0x0000020f5d3d1760, (CMBitMap*) 0x0000020f5d3d17a0
 Prev Bits: [0x0000020f75320000, 0x0000020f79098000)
 Next Bits: [0x0000020f790a0000, 0x0000020f7ce18000)

Polling page: 0x0000020f5cb60000

Metaspace:

Usage:
  Non-class:     28.64 MB used.
      Class:      3.35 MB used.
       Both:     31.99 MB used.

Virtual space:
  Non-class space:       32.00 MB reserved,      28.81 MB ( 90%) committed,  4 nodes.
      Class space:        1.00 GB reserved,       3.56 MB ( <1%) committed,  1 nodes.
              Both:        1.03 GB reserved,      32.38 MB (  3%) committed. 

Chunk freelists:
   Non-Class:  2.38 MB
       Class:  378.00 KB
        Both:  2.75 MB

MaxMetaspaceSize: 17179869184.00 GB
CompressedClassSpaceSize: 1.00 GB
 - commit_granule_bytes: 65536.
 - commit_granule_words: 8192.
 - virtual_space_node_default_size: 1048576.
 - enlarge_chunks_in_place: 1.
 - new_chunks_are_fully_committed: 0.
 - uncommit_free_chunks: 1.
 - use_allocation_guard: 0.
 - handle_deallocations: 1.


Internal statistics:

num_allocs_failed_limit: 3.
num_arena_births: 216.
num_arena_deaths: 0.
num_vsnodes_births: 5.
num_vsnodes_deaths: 0.
num_space_committed: 518.
num_space_uncommitted: 0.
num_chunks_returned_to_freelist: 3.
num_chunks_taken_from_freelist: 1394.
num_chunk_merges: 3.
num_chunk_splits: 992.
num_chunks_enlarged: 786.
num_purges: 0.

CodeHeap 'non-profiled nmethods': size=120000Kb used=4253Kb max_used=4253Kb free=115746Kb
 bounds [0x0000020f6c5d0000, 0x0000020f6ca00000, 0x0000020f73b00000]
CodeHeap 'profiled nmethods': size=120000Kb used=15283Kb max_used=15299Kb free=104716Kb
 bounds [0x0000020f650a0000, 0x0000020f65fa0000, 0x0000020f6c5d0000]
CodeHeap 'non-nmethods': size=5760Kb used=1254Kb max_used=1353Kb free=4505Kb
 bounds [0x0000020f64b00000, 0x0000020f64d70000, 0x0000020f650a0000]
 total_blobs=7923 nmethods=7362 adapters=473
 compilation: enabled
              stopped_count=0, restarted_count=0
 full_count=0

Compilation events (20 events):
Event: 9.848 Thread 0x0000020f015ad000 8239       4       java.util.stream.AbstractPipeline::evaluate (94 bytes)
Event: 9.849 Thread 0x0000020f7f6439f0 nmethod 8269 0x0000020f6c9f5510 code [0x0000020f6c9f56a0, 0x0000020f6c9f57e8]
Event: 9.849 Thread 0x0000020f7f6439f0 8270       4       java.lang.StringLatin1::getChars (12 bytes)
Event: 9.849 Thread 0x0000020f7f6464f0 8271       3       java.util.Arrays::binarySearch (9 bytes)
Event: 9.849 Thread 0x0000020f7f6464f0 nmethod 8271 0x0000020f65f8da10 code [0x0000020f65f8dbc0, 0x0000020f65f8dce8]
Event: 9.849 Thread 0x0000020f7f6464f0 8272       3       java.util.Arrays::binarySearch0 (72 bytes)
Event: 9.849 Thread 0x0000020f7f6464f0 nmethod 8272 0x0000020f65f8dd90 code [0x0000020f65f8df40, 0x0000020f65f8e1d8]
Event: 9.850 Thread 0x0000020f7f6439f0 nmethod 8270 0x0000020f6c9f5990 code [0x0000020f6c9f5b20, 0x0000020f6c9f5c98]
Event: 9.850 Thread 0x0000020f015ad000 nmethod 8239 0x0000020f6c9f5d90 code [0x0000020f6c9f5f20, 0x0000020f6c9f6138]
Event: 9.850 Thread 0x0000020f7f6464f0 8273       3       java.lang.ProcessEnvironment$CheckedEntry::getKey (13 bytes)
Event: 9.850 Thread 0x0000020f7f6464f0 nmethod 8273 0x0000020f65f8e310 code [0x0000020f65f8e4c0, 0x0000020f65f8e7a8]
Event: 9.850 Thread 0x0000020f7f6464f0 8275       3       java.lang.ProcessEnvironment$NameComparator::compare (90 bytes)
Event: 9.851 Thread 0x0000020f7f6464f0 nmethod 8275 0x0000020f65f8e890 code [0x0000020f65f8eba0, 0x0000020f65f8feb8]
Event: 9.851 Thread 0x0000020f7f6464f0 8274       3       java.lang.ProcessEnvironment$CheckedEntry::getKey (5 bytes)
Event: 9.851 Thread 0x0000020f7f6464f0 nmethod 8274 0x0000020f65f90790 code [0x0000020f65f90940, 0x0000020f65f90c88]
Event: 9.856 Thread 0x0000020f7f6464f0 8277       1       java.lang.invoke.LambdaForm$NamedFunction::intrinsicName (5 bytes)
Event: 9.856 Thread 0x0000020f7f6464f0 nmethod 8277 0x0000020f6c9f6610 code [0x0000020f6c9f67a0, 0x0000020f6c9f6878]
Event: 9.857 Thread 0x0000020f015ad000 8279       4       java.lang.Class::getClassLoader (28 bytes)
Event: 9.857 Thread 0x0000020f015ad000 nmethod 8279 0x0000020f6c9f6f10 code [0x0000020f6c9f70a0, 0x0000020f6c9f7158]
Event: 9.857 Thread 0x0000020f7f6439f0 8281       4       jdk.internal.org.objectweb.asm.Frame::execute (2305 bytes)

GC Heap History (20 events):
Event: 5.650 GC heap before
{Heap before GC invocations=5 (full 0):
 garbage-first heap   total 55296K, used 36254K [0x000000070a200000, 0x0000000800000000)
  region size 2048K, 16 young (32768K), 5 survivors (10240K)
 Metaspace       used 23448K, committed 23744K, reserved 1073152K
  class space    used 2561K, committed 2688K, reserved 1048576K
}
Event: 5.664 GC heap after
{Heap after GC invocations=6 (full 0):
 garbage-first heap   total 55296K, used 20961K [0x000000070a200000, 0x0000000800000000)
  region size 2048K, 2 young (4096K), 2 survivors (4096K)
 Metaspace       used 23448K, committed 23744K, reserved 1073152K
  class space    used 2561K, committed 2688K, reserved 1048576K
}
Event: 5.854 GC heap before
{Heap before GC invocations=6 (full 0):
 garbage-first heap   total 55296K, used 35297K [0x000000070a200000, 0x0000000800000000)
  region size 2048K, 10 young (20480K), 2 survivors (4096K)
 Metaspace       used 23502K, committed 23744K, reserved 1073152K
  class space    used 2562K, committed 2688K, reserved 1048576K
}
Event: 5.859 GC heap after
{Heap after GC invocations=7 (full 0):
 garbage-first heap   total 55296K, used 26169K [0x000000070a200000, 0x0000000800000000)
  region size 2048K, 2 young (4096K), 2 survivors (4096K)
 Metaspace       used 23502K, committed 23744K, reserved 1073152K
  class space    used 2562K, committed 2688K, reserved 1048576K
}
Event: 5.943 GC heap before
{Heap before GC invocations=7 (full 0):
 garbage-first heap   total 55296K, used 36409K [0x000000070a200000, 0x0000000800000000)
  region size 2048K, 8 young (16384K), 2 survivors (4096K)
 Metaspace       used 23504K, committed 23744K, reserved 1073152K
  class space    used 2562K, committed 2688K, reserved 1048576K
}
Event: 5.947 GC heap after
{Heap after GC invocations=8 (full 0):
 garbage-first heap   total 55296K, used 29129K [0x000000070a200000, 0x0000000800000000)
  region size 2048K, 1 young (2048K), 1 survivors (2048K)
 Metaspace       used 23504K, committed 23744K, reserved 1073152K
  class space    used 2562K, committed 2688K, reserved 1048576K
}
Event: 5.949 GC heap before
{Heap before GC invocations=8 (full 0):
 garbage-first heap   total 55296K, used 37321K [0x000000070a200000, 0x0000000800000000)
  region size 2048K, 6 young (12288K), 1 survivors (2048K)
 Metaspace       used 23504K, committed 23744K, reserved 1073152K
  class space    used 2562K, committed 2688K, reserved 1048576K
}
Event: 5.951 GC heap after
{Heap after GC invocations=9 (full 0):
 garbage-first heap   total 153600K, used 29364K [0x000000070a200000, 0x0000000800000000)
  region size 2048K, 1 young (2048K), 1 survivors (2048K)
 Metaspace       used 23504K, committed 23744K, reserved 1073152K
  class space    used 2562K, committed 2688K, reserved 1048576K
}
Event: 6.718 GC heap before
{Heap before GC invocations=10 (full 0):
 garbage-first heap   total 153600K, used 94900K [0x000000070a200000, 0x0000000800000000)
  region size 2048K, 34 young (69632K), 1 survivors (2048K)
 Metaspace       used 25425K, committed 25664K, reserved 1073152K
  class space    used 2728K, committed 2816K, reserved 1048576K
}
Event: 6.728 GC heap after
{Heap after GC invocations=11 (full 0):
 garbage-first heap   total 153600K, used 37476K [0x000000070a200000, 0x0000000800000000)
  region size 2048K, 4 young (8192K), 4 survivors (8192K)
 Metaspace       used 25425K, committed 25664K, reserved 1073152K
  class space    used 2728K, committed 2816K, reserved 1048576K
}
Event: 7.480 GC heap before
{Heap before GC invocations=11 (full 0):
 garbage-first heap   total 153600K, used 103012K [0x000000070a200000, 0x0000000800000000)
  region size 2048K, 36 young (73728K), 4 survivors (8192K)
 Metaspace       used 26902K, committed 27200K, reserved 1073152K
  class space    used 2873K, committed 3008K, reserved 1048576K
}
Event: 7.487 GC heap after
{Heap after GC invocations=12 (full 0):
 garbage-first heap   total 153600K, used 38922K [0x000000070a200000, 0x0000000800000000)
  region size 2048K, 1 young (2048K), 1 survivors (2048K)
 Metaspace       used 26902K, committed 27200K, reserved 1073152K
  class space    used 2873K, committed 3008K, reserved 1048576K
}
Event: 8.493 GC heap before
{Heap before GC invocations=12 (full 0):
 garbage-first heap   total 153600K, used 110602K [0x000000070a200000, 0x0000000800000000)
  region size 2048K, 35 young (71680K), 1 survivors (2048K)
 Metaspace       used 29536K, committed 29888K, reserved 1081344K
  class space    used 3125K, committed 3328K, reserved 1048576K
}
Event: 8.499 GC heap after
{Heap after GC invocations=13 (full 0):
 garbage-first heap   total 153600K, used 43758K [0x000000070a200000, 0x0000000800000000)
  region size 2048K, 3 young (6144K), 3 survivors (6144K)
 Metaspace       used 29536K, committed 29888K, reserved 1081344K
  class space    used 3125K, committed 3328K, reserved 1048576K
}
Event: 8.732 GC heap before
{Heap before GC invocations=13 (full 0):
 garbage-first heap   total 153600K, used 109294K [0x000000070a200000, 0x0000000800000000)
  region size 2048K, 36 young (73728K), 3 survivors (6144K)
 Metaspace       used 29590K, committed 30016K, reserved 1081344K
  class space    used 3126K, committed 3328K, reserved 1048576K
}
Event: 8.740 GC heap after
{Heap after GC invocations=14 (full 0):
 garbage-first heap   total 153600K, used 55174K [0x000000070a200000, 0x0000000800000000)
  region size 2048K, 5 young (10240K), 5 survivors (10240K)
 Metaspace       used 29590K, committed 30016K, reserved 1081344K
  class space    used 3126K, committed 3328K, reserved 1048576K
}
Event: 8.888 GC heap before
{Heap before GC invocations=14 (full 0):
 garbage-first heap   total 153600K, used 106374K [0x000000070a200000, 0x0000000800000000)
  region size 2048K, 31 young (63488K), 5 survivors (10240K)
 Metaspace       used 29632K, committed 30016K, reserved 1081344K
  class space    used 3126K, committed 3328K, reserved 1048576K
}
Event: 8.897 GC heap after
{Heap after GC invocations=15 (full 0):
 garbage-first heap   total 153600K, used 60878K [0x000000070a200000, 0x0000000800000000)
  region size 2048K, 3 young (6144K), 3 survivors (6144K)
 Metaspace       used 29632K, committed 30016K, reserved 1081344K
  class space    used 3126K, committed 3328K, reserved 1048576K
}
Event: 9.516 GC heap before
{Heap before GC invocations=15 (full 0):
 garbage-first heap   total 153600K, used 107982K [0x000000070a200000, 0x0000000800000000)
  region size 2048K, 27 young (55296K), 3 survivors (6144K)
 Metaspace       used 31610K, committed 32000K, reserved 1081344K
  class space    used 3331K, committed 3520K, reserved 1048576K
}
Event: 9.522 GC heap after
{Heap after GC invocations=16 (full 0):
 garbage-first heap   total 153600K, used 62885K [0x000000070a200000, 0x0000000800000000)
  region size 2048K, 1 young (2048K), 1 survivors (2048K)
 Metaspace       used 31610K, committed 32000K, reserved 1081344K
  class space    used 3331K, committed 3520K, reserved 1048576K
}

Deoptimization events (20 events):
Event: 9.769 Thread 0x0000020f5d383000 DEOPT PACKING pc=0x0000020f6c9e535c sp=0x00000038a04fc920
Event: 9.769 Thread 0x0000020f5d383000 DEOPT UNPACKING pc=0x0000020f64b4d72e sp=0x00000038a04fc8b0 mode 2
Event: 9.770 Thread 0x0000020f5d383000 Uncommon trap: trap_request=0xffffffbe fr.pc=0x0000020f6c9e535c relative=0x000000000000023c
Event: 9.770 Thread 0x0000020f5d383000 Uncommon trap: reason=profile_predicate action=maybe_recompile pc=0x0000020f6c9e535c method=java.util.HashMap.keysToArray([Ljava/lang/Object;)[Ljava/lang/Object; @ 36 c2
Event: 9.770 Thread 0x0000020f5d383000 DEOPT PACKING pc=0x0000020f6c9e535c sp=0x00000038a04fc9b0
Event: 9.770 Thread 0x0000020f5d383000 DEOPT UNPACKING pc=0x0000020f64b4d72e sp=0x00000038a04fc940 mode 2
Event: 9.780 Thread 0x0000020f04eeb200 DEOPT PACKING pc=0x0000020f65acb239 sp=0x00000038a22ff080
Event: 9.780 Thread 0x0000020f04eeb200 DEOPT UNPACKING pc=0x0000020f64b4dece sp=0x00000038a22fe4d8 mode 3
Event: 9.817 Thread 0x0000020f04eec740 Uncommon trap: trap_request=0xffffff45 fr.pc=0x0000020f6c854eb4 relative=0x0000000000000034
Event: 9.817 Thread 0x0000020f04eec740 Uncommon trap: reason=unstable_if action=reinterpret pc=0x0000020f6c854eb4 method=java.util.concurrent.locks.AbstractQueuedSynchronizer.signalNext(Ljava/util/concurrent/locks/AbstractQueuedSynchronizer$Node;)V @ 1 c2
Event: 9.817 Thread 0x0000020f04eec740 DEOPT PACKING pc=0x0000020f6c854eb4 sp=0x00000038a24fef40
Event: 9.817 Thread 0x0000020f04eec740 DEOPT UNPACKING pc=0x0000020f64b4d72e sp=0x00000038a24feed8 mode 2
Event: 9.828 Thread 0x0000020f5d383000 Uncommon trap: trap_request=0xffffff45 fr.pc=0x0000020f6c6ca750 relative=0x00000000000006f0
Event: 9.828 Thread 0x0000020f5d383000 Uncommon trap: reason=unstable_if action=reinterpret pc=0x0000020f6c6ca750 method=java.nio.charset.CharsetEncoder.encode(Ljava/nio/CharBuffer;Ljava/nio/ByteBuffer;Z)Ljava/nio/charset/CoderResult; @ 15 c2
Event: 9.828 Thread 0x0000020f5d383000 DEOPT PACKING pc=0x0000020f6c6ca750 sp=0x00000038a04fd9b0
Event: 9.828 Thread 0x0000020f5d383000 DEOPT UNPACKING pc=0x0000020f64b4d72e sp=0x00000038a04fd778 mode 2
Event: 9.835 Thread 0x0000020f5d383000 Uncommon trap: trap_request=0xffffff45 fr.pc=0x0000020f6c884c08 relative=0x0000000000000168
Event: 9.835 Thread 0x0000020f5d383000 Uncommon trap: reason=unstable_if action=reinterpret pc=0x0000020f6c884c08 method=java.time.LocalTime.create(IIII)Ljava/time/LocalTime; @ 5 c2
Event: 9.835 Thread 0x0000020f5d383000 DEOPT PACKING pc=0x0000020f6c884c08 sp=0x00000038a04fd970
Event: 9.835 Thread 0x0000020f5d383000 DEOPT UNPACKING pc=0x0000020f64b4d72e sp=0x00000038a04fd890 mode 2

Classes unloaded (0 events):
No events

Classes redefined (0 events):
No events

Internal exceptions (20 events):
Event: 9.470 Thread 0x0000020f5d383000 Exception <a 'sun/nio/fs/WindowsException'{0x0000000710a1ab10}> (0x0000000710a1ab10) 
thrown [t:\workspace\open\src\hotspot\share\prims\jni.cpp, line 579]
Event: 9.470 Thread 0x0000020f5d383000 Exception <a 'sun/nio/fs/WindowsException'{0x0000000710a1b1e8}> (0x0000000710a1b1e8) 
thrown [t:\workspace\open\src\hotspot\share\prims\jni.cpp, line 579]
Event: 9.470 Thread 0x0000020f5d383000 Exception <a 'sun/nio/fs/WindowsException'{0x0000000710a1bb28}> (0x0000000710a1bb28) 
thrown [t:\workspace\open\src\hotspot\share\prims\jni.cpp, line 579]
Event: 9.533 Thread 0x0000020f5d383000 Exception <a 'sun/nio/fs/WindowsException'{0x0000000719697f58}> (0x0000000719697f58) 
thrown [t:\workspace\open\src\hotspot\share\prims\jni.cpp, line 579]
Event: 9.533 Thread 0x0000020f5d383000 Exception <a 'sun/nio/fs/WindowsException'{0x0000000719698630}> (0x0000000719698630) 
thrown [t:\workspace\open\src\hotspot\share\prims\jni.cpp, line 579]
Event: 9.534 Thread 0x0000020f5d383000 Exception <a 'sun/nio/fs/WindowsException'{0x0000000719698f70}> (0x0000000719698f70) 
thrown [t:\workspace\open\src\hotspot\share\prims\jni.cpp, line 579]
Event: 9.535 Thread 0x0000020f5d383000 Exception <a 'sun/nio/fs/WindowsException'{0x00000007196b93c8}> (0x00000007196b93c8) 
thrown [t:\workspace\open\src\hotspot\share\prims\jni.cpp, line 579]
Event: 9.536 Thread 0x0000020f5d383000 Exception <a 'sun/nio/fs/WindowsException'{0x00000007196b9ab8}> (0x00000007196b9ab8) 
thrown [t:\workspace\open\src\hotspot\share\prims\jni.cpp, line 579]
Event: 9.536 Thread 0x0000020f5d383000 Exception <a 'sun/nio/fs/WindowsException'{0x00000007196ba458}> (0x00000007196ba458) 
thrown [t:\workspace\open\src\hotspot\share\prims\jni.cpp, line 579]
Event: 9.536 Thread 0x0000020f5d383000 Exception <a 'sun/nio/fs/WindowsException'{0x00000007196babc0}> (0x00000007196babc0) 
thrown [t:\workspace\open\src\hotspot\share\prims\jni.cpp, line 579]
Event: 9.538 Thread 0x0000020f5d383000 Exception <a 'sun/nio/fs/WindowsException'{0x00000007196d5438}> (0x00000007196d5438) 
thrown [t:\workspace\open\src\hotspot\share\prims\jni.cpp, line 579]
Event: 9.538 Thread 0x0000020f5d383000 Exception <a 'sun/nio/fs/WindowsException'{0x00000007196d5b20}> (0x00000007196d5b20) 
thrown [t:\workspace\open\src\hotspot\share\prims\jni.cpp, line 579]
Event: 9.538 Thread 0x0000020f5d383000 Exception <a 'sun/nio/fs/WindowsException'{0x00000007196d64b8}> (0x00000007196d64b8) 
thrown [t:\workspace\open\src\hotspot\share\prims\jni.cpp, line 579]
Event: 9.549 Thread 0x0000020f5d383000 Implicit null exception at 0x0000020f6c7e7e88 to 0x0000020f6c7ebd20
Event: 9.549 Thread 0x0000020f5d383000 Implicit null exception at 0x0000020f6c7df18c to 0x0000020f6c7dfe84
Event: 9.856 Thread 0x0000020f5d383000 Exception <a 'java/lang/NoSuchMethodError'{0x0000000711c543b8}: 'void java.lang.invoke.DirectMethodHandle$Holder.invokeStatic(java.lang.Object, long)'> (0x0000000711c543b8) 
thrown [t:\workspace\open\src\hotspot\share\interpreter\linkResolver.cpp, line 790]
Event: 9.856 Thread 0x0000020f5d383000 Exception <a 'java/lang/NoSuchMethodError'{0x0000000711c59c38}: 'java.lang.Object java.lang.invoke.DirectMethodHandle$Holder.newInvokeSpecial(java.lang.Object, long)'> (0x0000000711c59c38) 
thrown [t:\workspace\open\src\hotspot\share\interpreter\linkResolver.cpp, line 790]
Event: 9.858 Thread 0x0000020f5d383000 Exception <a 'java/lang/NoSuchMethodError'{0x0000000711c64760}: 'java.lang.Object java.lang.invoke.DirectMethodHandle$Holder.invokeStaticInit(java.lang.Object, java.lang.Object, long, java.lang.Object)'> (0x0000000711c64760) 
thrown [t:\workspace\open\src\hotspot\share\interpreter\linkResolver.cpp, line 790]
Event: 9.858 Thread 0x0000020f5d383000 Exception <a 'java/lang/NoSuchMethodError'{0x0000000711c6b0f8}: 'java.lang.Object java.lang.invoke.DirectMethodHandle$Holder.newInvokeSpecial(java.lang.Object, java.lang.Object, long)'> (0x0000000711c6b0f8) 
thrown [t:\workspace\open\src\hotspot\share\interpreter\linkResolver.cpp, line 790]
Event: 9.858 Thread 0x0000020f5d383000 Exception <a 'java/lang/NoSuchMethodError'{0x0000000711c6ee68}: 'java.lang.Object java.lang.invoke.Invokers$Holder.linkToTargetMethod(java.lang.Object, long, java.lang.Object)'> (0x0000000711c6ee68) 
thrown [t:\workspace\open\src\hotspot\share\interpreter\linkResolver.cpp, line 790]

Events (20 events):
Event: 9.862 Thread 0x0000020f04eecc90 Thread added: 0x0000020f04eecc90
Event: 9.862 loading class java/security/AccessControlException
Event: 9.862 loading class java/security/AccessControlException done
Event: 9.863 Executing  VM operation: HandshakeAllThreads
Event: 9.863 Executing  VM operation: HandshakeAllThreads done
Event: 9.863 Executing  VM operation: HandshakeAllThreads
Event: 9.863 Executing  VM operation: HandshakeAllThreads done
Event: 9.866 Thread 0x0000020f7f64ff50 flushing nmethod 0x0000020f652fd290
Event: 9.866 Thread 0x0000020f7f64ff50 flushing nmethod 0x0000020f6536b190
Event: 9.868 Thread 0x0000020f7f64ff50 flushing nmethod 0x0000020f65924790
Event: 9.869 Thread 0x0000020f7f64ff50 flushing nmethod 0x0000020f65a35790
Event: 9.870 Thread 0x0000020f7f64ff50 flushing nmethod 0x0000020f65bac390
Event: 9.870 Thread 0x0000020f7f64ff50 flushing nmethod 0x0000020f65bac690
Event: 9.870 Thread 0x0000020f7f64ff50 flushing nmethod 0x0000020f65bd1c90
Event: 9.870 Thread 0x0000020f7f64ff50 flushing nmethod 0x0000020f65bde490
Event: 9.870 Thread 0x0000020f7f64ff50 flushing nmethod 0x0000020f65bf3e90
Event: 9.870 Thread 0x0000020f7f64ff50 flushing nmethod 0x0000020f65c6a110
Event: 9.870 Thread 0x0000020f7f64ff50 flushing nmethod 0x0000020f65ca0a10
Event: 9.871 Executing  VM operation: ICBufferFull
Event: 9.871 Executing  VM operation: ICBufferFull done


Dynamic libraries:
0x00007ff676160000 - 0x00007ff676170000 	C:\Program Files\Java\jdk-16.0.1\bin\java.exe
0x00007ffa26d90000 - 0x00007ffa26f85000 	C:\Windows\SYSTEM32\ntdll.dll
0x00007ff9f0dd0000 - 0x00007ff9f0de6000 	C:\Program Files\Avast Software\Avast\aswhook.dll
0x00007ffa26c30000 - 0x00007ffa26cee000 	C:\Windows\System32\KERNEL32.DLL
0x00007ffa24510000 - 0x00007ffa247d8000 	C:\Windows\System32\KERNELBASE.dll
0x00007ffa24890000 - 0x00007ffa24990000 	C:\Windows\System32\ucrtbase.dll
0x00007ffa1fd00000 - 0x00007ffa1fd18000 	C:\Program Files\Java\jdk-16.0.1\bin\jli.dll
0x00007ffa0a300000 - 0x00007ffa0a319000 	C:\Program Files\Java\jdk-16.0.1\bin\VCRUNTIME140.dll
0x00007ffa25a30000 - 0x00007ffa25adc000 	C:\Windows\System32\ADVAPI32.dll
0x00007ffa26560000 - 0x00007ffa265fe000 	C:\Windows\System32\msvcrt.dll
0x00007ffa264b0000 - 0x00007ffa2654b000 	C:\Windows\System32\sechost.dll
0x00007ffa26010000 - 0x00007ffa2613a000 	C:\Windows\System32\RPCRT4.dll
0x00007ffa25730000 - 0x00007ffa258d1000 	C:\Windows\System32\USER32.dll
0x00007ffa08aa0000 - 0x00007ffa08d3a000 	C:\Windows\WinSxS\amd64_microsoft.windows.common-controls_6595b64144ccf1df_6.0.19041.1110_none_60b5254171f9507e\COMCTL32.dll
0x00007ffa263b0000 - 0x00007ffa263db000 	C:\Windows\System32\GDI32.dll
0x00007ffa244b0000 - 0x00007ffa244d2000 	C:\Windows\System32\win32u.dll
0x00007ffa24cd0000 - 0x00007ffa24ddb000 	C:\Windows\System32\gdi32full.dll
0x00007ffa24990000 - 0x00007ffa24a2d000 	C:\Windows\System32\msvcp_win.dll
0x00007ffa232f0000 - 0x00007ffa232fa000 	C:\Windows\SYSTEM32\VERSION.dll
0x00007ffa258e0000 - 0x00007ffa25910000 	C:\Windows\System32\IMM32.DLL
0x00007ffa21180000 - 0x00007ffa2118c000 	C:\Program Files\Java\jdk-16.0.1\bin\vcruntime140_1.dll
0x00007ffa02780000 - 0x00007ffa02811000 	C:\Program Files\Java\jdk-16.0.1\bin\msvcp140.dll
0x00007ff9b4f20000 - 0x00007ff9b5acb000 	C:\Program Files\Java\jdk-16.0.1\bin\server\jvm.dll
0x00007ffa25520000 - 0x00007ffa25528000 	C:\Windows\System32\PSAPI.DLL
0x00007ffa0f0d0000 - 0x00007ffa0f0d9000 	C:\Windows\SYSTEM32\WSOCK32.dll
0x00007ffa19b30000 - 0x00007ffa19b57000 	C:\Windows\SYSTEM32\WINMM.dll
0x00007ffa26440000 - 0x00007ffa264ab000 	C:\Windows\System32\WS2_32.dll
0x00007ffa232b0000 - 0x00007ffa232c2000 	C:\Windows\SYSTEM32\kernel.appcore.dll
0x00007ffa1c890000 - 0x00007ffa1c89a000 	C:\Program Files\Java\jdk-16.0.1\bin\jimage.dll
0x00007ffa11450000 - 0x00007ffa11634000 	C:\Windows\SYSTEM32\DBGHELP.DLL
0x00007ffa11420000 - 0x00007ffa1144c000 	C:\Windows\SYSTEM32\dbgcore.DLL
0x00007ffa24a90000 - 0x00007ffa24b13000 	C:\Windows\System32\bcryptPrimitives.dll
0x00007ffa0e940000 - 0x00007ffa0e94e000 	C:\Program Files\Java\jdk-16.0.1\bin\instrument.dll
0x00007ffa0a010000 - 0x00007ffa0a035000 	C:\Program Files\Java\jdk-16.0.1\bin\java.dll
0x00007ffa24de0000 - 0x00007ffa2551f000 	C:\Windows\System32\SHELL32.dll
0x00007ffa22b20000 - 0x00007ffa232b0000 	C:\Windows\SYSTEM32\windows.storage.dll
0x00007ffa266d0000 - 0x00007ffa26a25000 	C:\Windows\System32\combase.dll
0x00007ffa23f00000 - 0x00007ffa23f2e000 	C:\Windows\SYSTEM32\Wldp.dll
0x00007ffa26620000 - 0x00007ffa266cd000 	C:\Windows\System32\SHCORE.dll
0x00007ffa263e0000 - 0x00007ffa26435000 	C:\Windows\System32\shlwapi.dll
0x00007ffa243f0000 - 0x00007ffa2440f000 	C:\Windows\SYSTEM32\profapi.dll
0x00007ffa08dd0000 - 0x00007ffa08de8000 	C:\Program Files\Java\jdk-16.0.1\bin\zip.dll
0x00007ffa09280000 - 0x00007ffa09299000 	C:\Program Files\Java\jdk-16.0.1\bin\net.dll
0x00007ffa1e2a0000 - 0x00007ffa1e3ac000 	C:\Windows\SYSTEM32\WINHTTP.dll
0x00007ffa23bf0000 - 0x00007ffa23c5a000 	C:\Windows\system32\mswsock.dll
0x00007ffa09260000 - 0x00007ffa09273000 	C:\Program Files\Java\jdk-16.0.1\bin\nio.dll
0x00007ffa06ce0000 - 0x00007ffa06cfa000 	C:\Program Files\JetBrains\IntelliJ IDEA 2021.1.2\bin\breakgen64.dll
0x00007ffa1c250000 - 0x00007ffa1c260000 	C:\Program Files\Java\jdk-16.0.1\bin\verify.dll
0x00007ffa23e00000 - 0x00007ffa23e18000 	C:\Windows\SYSTEM32\CRYPTSP.dll
0x00007ffa23560000 - 0x00007ffa23594000 	C:\Windows\system32\rsaenh.dll
0x00007ffa244e0000 - 0x00007ffa24507000 	C:\Windows\System32\bcrypt.dll
0x00007ffa24370000 - 0x00007ffa2439e000 	C:\Windows\SYSTEM32\USERENV.dll
0x00007ffa23e20000 - 0x00007ffa23e2c000 	C:\Windows\SYSTEM32\CRYPTBASE.dll
0x00007ffa238e0000 - 0x00007ffa2391b000 	C:\Windows\SYSTEM32\IPHLPAPI.DLL
0x00007ffa26550000 - 0x00007ffa26558000 	C:\Windows\System32\NSI.dll
0x00007ffa1b960000 - 0x00007ffa1b977000 	C:\Windows\SYSTEM32\dhcpcsvc6.DLL
0x00007ffa1b740000 - 0x00007ffa1b75d000 	C:\Windows\SYSTEM32\dhcpcsvc.DLL
0x00007ffa23920000 - 0x00007ffa239eb000 	C:\Windows\SYSTEM32\DNSAPI.dll
0x00007ffa0e930000 - 0x00007ffa0e93a000 	C:\Users\Russell\AppData\Local\Temp\jansi-1.17.1-17669730119517064207.dll
0x00007ffa0a200000 - 0x00007ffa0a20a000 	C:\Users\Russell\AppData\Local\Temp\jansi-1.17.1-13515791045714878371.dll

dbghelp: loaded successfully - version: 4.0.5 - missing functions: none
symbol engine: initialized successfully - sym options: 0x614 - pdb path: .;C:\Program Files\Java\jdk-16.0.1\bin;C:\Windows\SYSTEM32;C:\Program Files\Avast Software\Avast;C:\Windows\WinSxS\amd64_microsoft.windows.common-controls_6595b64144ccf1df_6.0.19041.1110_none_60b5254171f9507e;C:\Program Files\Java\jdk-16.0.1\bin\server;C:\Program Files\JetBrains\IntelliJ IDEA 2021.1.2\bin;C:\Users\Russell\AppData\Local\Temp

VM Arguments:
jvm_args: -Dmaven.multiModuleProjectDirectory=C:\Users\Russell\IdeaProjects\FinalProject -Dmaven.home=C:\Program Files\JetBrains\IntelliJ IDEA 2021.1.2\plugins\maven\lib\maven3 -Dclassworlds.conf=C:\Program Files\JetBrains\IntelliJ IDEA 2021.1.2\plugins\maven\lib\maven3\bin\m2.conf -Dmaven.ext.class.path=C:\Program Files\JetBrains\IntelliJ IDEA 2021.1.2\plugins\maven\lib\maven-event-listener.jar -javaagent:C:\Program Files\JetBrains\IntelliJ IDEA 2021.1.2\lib\idea_rt.jar=61358:C:\Program Files\JetBrains\IntelliJ IDEA 2021.1.2\bin -Dfile.encoding=UTF-8 
java_command: org.codehaus.classworlds.Launcher -Didea.version=2021.2 clean install
java_class_path (initial): C:\Program Files\JetBrains\IntelliJ IDEA 2021.1.2\plugins\maven\lib\maven3\boot\plexus-classworlds-2.6.0.jar;C:\Program Files\JetBrains\IntelliJ IDEA 2021.1.2\plugins\maven\lib\maven3\boot\plexus-classworlds.license
Launcher Type: SUN_STANDARD

[Global flags]
     intx CICompilerCount                          = 3                                         {product} {ergonomic}
     uint ConcGCThreads                            = 2                                         {product} {ergonomic}
     uint G1ConcRefinementThreads                  = 6                                         {product} {ergonomic}
   size_t G1HeapRegionSize                         = 2097152                                   {product} {ergonomic}
    uintx GCDrainStackTargetSize                   = 64                                        {product} {ergonomic}
   size_t InitialHeapSize                          = 257949696                                 {product} {ergonomic}
   size_t MarkStackSize                            = 4194304                                   {product} {ergonomic}
   size_t MaxHeapSize                              = 4125097984                                {product} {ergonomic}
   size_t MaxNewSize                               = 2474639360                                {product} {ergonomic}
   size_t MinHeapDeltaBytes                        = 2097152                                   {product} {ergonomic}
   size_t MinHeapSize                              = 8388608                                   {product} {ergonomic}
    uintx NonNMethodCodeHeapSize                   = 5832780                                {pd product} {ergonomic}
    uintx NonProfiledCodeHeapSize                  = 122912730                              {pd product} {ergonomic}
    uintx ProfiledCodeHeapSize                     = 122912730                              {pd product} {ergonomic}
    uintx ReservedCodeCacheSize                    = 251658240                              {pd product} {ergonomic}
     bool SegmentedCodeCache                       = true                                      {product} {ergonomic}
   size_t SoftMaxHeapSize                          = 4125097984                             {manageable} {ergonomic}
     bool UseCompressedClassPointers               = true                           {product lp64_product} {ergonomic}
     bool UseCompressedOops                        = true                           {product lp64_product} {ergonomic}
     bool UseG1GC                                  = true                                      {product} {ergonomic}
     bool UseLargePagesIndividualAllocation        = false                                  {pd product} {ergonomic}

Logging:
Log output configuration:
 #0: stdout all=warning uptime,level,tags
 #1: stderr all=off uptime,level,tags

Environment Variables:
PATH=C:\Program Files\Common Files\Oracle\Java\javapath;C:\Program Files (x86)\Common Files\Oracle\Java\javapath;C:\Windows\system32;C:\Windows;C:\Windows\System32\Wbem;C:\Windows\System32\WindowsPowerShell\v1.0\;C:\Windows\System32\OpenSSH\;C:\Program Files\Git\cmd;C:\Program Files\MySQL\MySQL Shell 8.0\bin\;C:\Users\Russell\AppData\Local\Microsoft\WindowsApps;
USERNAME=Russell
OS=Windows_NT
PROCESSOR_IDENTIFIER=AMD64 Family 23 Model 96 Stepping 1, AuthenticAMD



---------------  S Y S T E M  ---------------

OS:
 Windows 10 , 64 bit Build 19041 (10.0.19041.1320)
OS uptime: 5 days 8:04 hours

CPU: total 6 (initial active 6) (6 cores per cpu, 1 threads per core) family 23 model 96 stepping 1 microcode 0x0, cx8, cmov, fxsr, mmx, 3dnowpref, sse, sse2, sse3, ssse3, sse4a, sse4.1, sse4.2, popcnt, lzcnt, tsc, tscinvbit, avx, avx2, aes, clmul, bmi1, bmi2, adx, sha, fma, vzeroupper, clflush, clflushopt

Memory: 4k page, system-wide physical 15733M (5089M free)
TotalPageFile size 17781M (AvailPageFile size 2M)
current process WorkingSet (physical memory assigned to process): 303M, peak: 304M
current process commit charge ("private bytes"): 342M, peak: 390M

vm_info: Java HotSpot(TM) 64-Bit Server VM (16.0.1+9-24) for windows-amd64 JRE (16.0.1+9-24), built on Mar 26 2021 19:31:42 by "mach5one" with MS VC++ 16.7 (VS2019)

END.
