#
# There is insufficient memory for the Java Runtime Environment to continue.
# Native memory allocation (mmap) failed to map 257949696 bytes for Failed to commit area from 0x000000070a200000 to 0x0000000719800000 of length 257949696.
# Possible reasons:
#   The system is out of physical RAM or swap space
#   The process is running with CompressedOops enabled, and the Java Heap may be blocking the growth of the native heap
# Possible solutions:
#   Reduce memory load on the system
#   Increase physical memory or swap space
#   Check if swap backing store is full
#   Decrease Java heap size (-Xmx/-Xms)
#   Decrease number of Java threads
#   Decrease Java thread stack sizes (-Xss)
#   Set larger code cache with -XX:ReservedCodeCacheSize=
# This output file may be truncated or incomplete.
#
#  Out of Memory Error (./src/hotspot/os/windows/os_windows.cpp:3511), pid=16132, tid=21020
#
# JRE version:  (11.0.11+9) (build )
# Java VM: OpenJDK 64-Bit Server VM (11.0.11+9-b1504.13, mixed mode, sharing, tiered, compressed oops, g1 gc, windows-amd64)
# No core dump will be written. Minidumps are not enabled by default on client versions of Windows
#

---------------  S U M M A R Y ------------

Command Line: git4idea.http.GitAskPassApp Username for 'https://git.epam.com': 

Host: AMD Ryzen 5 4500U with Radeon Graphics         , 6 cores, 15G,  Windows 10 , 64 bit Build 19041 (10.0.19041.1320)
Time: Tue Nov 23 13:21:12 2021 Фінляндія (зима) elapsed time: 0.058117 seconds (0d 0h 0m 0s)

---------------  T H R E A D  ---------------

Current thread (0x000002331f3dc000):  JavaThread "Unknown thread" [_thread_in_vm, id=21020, stack(0x0000008d38f00000,0x0000008d39000000)]

Stack: [0x0000008d38f00000,0x0000008d39000000]
Native frames: (J=compiled Java code, j=interpreted, Vv=VM code, C=native code)
V  [jvm.dll+0x5f5d5a]
V  [jvm.dll+0x7798b5]
V  [jvm.dll+0x77aecd]
V  [jvm.dll+0x77b583]
V  [jvm.dll+0x244978]
V  [jvm.dll+0x5f3174]
V  [jvm.dll+0x5e7d55]
V  [jvm.dll+0x30068b]
V  [jvm.dll+0x3005fa]
V  [jvm.dll+0x3004d2]
V  [jvm.dll+0x3053c6]
V  [jvm.dll+0x34e0a3]
V  [jvm.dll+0x34e7a6]
V  [jvm.dll+0x34e1a3]
V  [jvm.dll+0x2db0c8]
V  [jvm.dll+0x2dc267]
V  [jvm.dll+0x758057]
V  [jvm.dll+0x75984c]
V  [jvm.dll+0x35b659]
V  [jvm.dll+0x73b67e]
V  [jvm.dll+0x3c39f3]
V  [jvm.dll+0x3c5dd1]
C  [jli.dll+0x5373]
C  [ucrtbase.dll+0x21bb2]
C  [KERNEL32.DLL+0x17034]
C  [ntdll.dll+0x52651]


---------------  P R O C E S S  ---------------

Threads class SMR info:
_java_thread_list=0x000002331f302de0, length=0, elements={
}

Java Threads: ( => current thread )

Other Threads:
  0x0000023321560000 GCTaskThread "GC Thread#0" [stack: 0x0000008d39000000,0x0000008d39100000] [id=12668]
  0x00000233215bd000 ConcurrentGCThread "G1 Main Marker" [stack: 0x0000008d39100000,0x0000008d39200000] [id=12564]
  0x00000233215bf800 ConcurrentGCThread "G1 Conc#0" [stack: 0x0000008d39200000,0x0000008d39300000] [id=17476]

[error occurred during error reporting (printing all threads), id 0xc0000005, EXCEPTION_ACCESS_VIOLATION (0xc0000005) at pc=0x00007ff9181db8f7]

VM state:not at safepoint (not fully initialized)

VM Mutex/Monitor currently owned by a thread:  ([mutex/lock_event])
[0x00000233215498b0] Heap_lock - owner thread: 0x000002331f3dc000

Heap address: 0x000000070a200000, size: 3934 MB, Compressed Oops mode: Non-zero based: 0x000000070a200000
Narrow klass base: 0x0000000000000000, Narrow klass shift: 0

GC Heap History (0 events):
No events

Deoptimization events (0 events):
No events

Classes redefined (0 events):
No events

Internal exceptions (0 events):
No events

Events (1 events):
Event: 0.015 Loaded shared library C:\Program Files\JetBrains\IntelliJ IDEA 2021.1.2\jbr\bin\zip.dll


Dynamic libraries:
0x00007ff7c1520000 - 0x00007ff7c152a000 	C:\Program Files\JetBrains\IntelliJ IDEA 2021.1.2\jbr\bin\java.exe
0x00007ff972f10000 - 0x00007ff973105000 	C:\Windows\SYSTEM32\ntdll.dll
0x00007ff939f00000 - 0x00007ff939f16000 	C:\Program Files\Avast Software\Avast\aswhook.dll
0x00007ff9725e0000 - 0x00007ff97269e000 	C:\Windows\System32\KERNEL32.DLL
0x00007ff970b10000 - 0x00007ff970dd8000 	C:\Windows\System32\KERNELBASE.dll
0x00007ff970a10000 - 0x00007ff970b10000 	C:\Windows\System32\ucrtbase.dll
0x00007ff939410000 - 0x00007ff939427000 	C:\Program Files\JetBrains\IntelliJ IDEA 2021.1.2\jbr\bin\VCRUNTIME140.dll
0x00007ff939430000 - 0x00007ff939449000 	C:\Program Files\JetBrains\IntelliJ IDEA 2021.1.2\jbr\bin\jli.dll
0x00007ff9727c0000 - 0x00007ff972961000 	C:\Windows\System32\USER32.dll
0x00007ff9709e0000 - 0x00007ff970a02000 	C:\Windows\System32\win32u.dll
0x00007ff952860000 - 0x00007ff952afa000 	C:\Windows\WinSxS\amd64_microsoft.windows.common-controls_6595b64144ccf1df_6.0.19041.1110_none_60b5254171f9507e\COMCTL32.dll
0x00007ff971170000 - 0x00007ff97119b000 	C:\Windows\System32\GDI32.dll
0x00007ff971720000 - 0x00007ff9717be000 	C:\Windows\System32\msvcrt.dll
0x00007ff970790000 - 0x00007ff97089b000 	C:\Windows\System32\gdi32full.dll
0x00007ff970ec0000 - 0x00007ff970f5d000 	C:\Windows\System32\msvcp_win.dll
0x00007ff9710e0000 - 0x00007ff971110000 	C:\Windows\System32\IMM32.DLL
0x00007ff91c3e0000 - 0x00007ff91c47d000 	C:\Program Files\JetBrains\IntelliJ IDEA 2021.1.2\jbr\bin\msvcp140.dll
0x00007ff917ef0000 - 0x00007ff918a3a000 	C:\Program Files\JetBrains\IntelliJ IDEA 2021.1.2\jbr\bin\server\jvm.dll
0x00007ff9724b0000 - 0x00007ff97255c000 	C:\Windows\System32\ADVAPI32.dll
0x00007ff970f60000 - 0x00007ff970ffb000 	C:\Windows\System32\sechost.dll
0x00007ff972bd0000 - 0x00007ff972cfa000 	C:\Windows\System32\RPCRT4.dll
0x00007ff972d80000 - 0x00007ff972d88000 	C:\Windows\System32\PSAPI.DLL
0x00007ff967a40000 - 0x00007ff967a67000 	C:\Windows\SYSTEM32\WINMM.dll
0x00007ff96f410000 - 0x00007ff96f41a000 	C:\Windows\SYSTEM32\VERSION.dll
0x00007ff95ab90000 - 0x00007ff95ab99000 	C:\Windows\SYSTEM32\WSOCK32.dll
0x00007ff972970000 - 0x00007ff9729db000 	C:\Windows\System32\WS2_32.dll
0x00007ff96f3d0000 - 0x00007ff96f3e2000 	C:\Windows\SYSTEM32\kernel.appcore.dll
0x00007ff96a1c0000 - 0x00007ff96a1d1000 	C:\Program Files\JetBrains\IntelliJ IDEA 2021.1.2\jbr\bin\verify.dll
0x00007ff95c740000 - 0x00007ff95c924000 	C:\Windows\SYSTEM32\DBGHELP.DLL
0x00007ff95c710000 - 0x00007ff95c73c000 	C:\Windows\SYSTEM32\dbgcore.DLL
0x00007ff970de0000 - 0x00007ff970e63000 	C:\Windows\System32\bcryptPrimitives.dll
0x00007ff95a630000 - 0x00007ff95a659000 	C:\Program Files\JetBrains\IntelliJ IDEA 2021.1.2\jbr\bin\java.dll
0x00007ff9674a0000 - 0x00007ff9674ab000 	C:\Program Files\JetBrains\IntelliJ IDEA 2021.1.2\jbr\bin\jimage.dll
0x00007ff95a610000 - 0x00007ff95a628000 	C:\Program Files\JetBrains\IntelliJ IDEA 2021.1.2\jbr\bin\zip.dll

dbghelp: loaded successfully - version: 4.0.5 - missing functions: none
symbol engine: initialized successfully - sym options: 0x614 - pdb path: .;C:\Program Files\JetBrains\IntelliJ IDEA 2021.1.2\jbr\bin;C:\Windows\SYSTEM32;C:\Program Files\Avast Software\Avast;C:\Windows\WinSxS\amd64_microsoft.windows.common-controls_6595b64144ccf1df_6.0.19041.1110_none_60b5254171f9507e;C:\Program Files\JetBrains\IntelliJ IDEA 2021.1.2\jbr\bin\server

VM Arguments:
java_command: git4idea.http.GitAskPassApp Username for 'https://git.epam.com': 
java_class_path (initial): C:/Program Files/JetBrains/IntelliJ IDEA 2021.1.2/plugins/git4idea/lib/git4idea-rt.jar;C:/Program Files/JetBrains/IntelliJ IDEA 2021.1.2/lib/3rd-party.jar
Launcher Type: SUN_STANDARD

[Global flags]
     intx CICompilerCount                          = 3                                         {product} {ergonomic}
     uint ConcGCThreads                            = 2                                         {product} {ergonomic}
     uint G1ConcRefinementThreads                  = 6                                         {product} {ergonomic}
   size_t G1HeapRegionSize                         = 1048576                                   {product} {ergonomic}
    uintx GCDrainStackTargetSize                   = 64                                        {product} {ergonomic}
   size_t InitialHeapSize                          = 257949696                                 {product} {ergonomic}
   size_t MarkStackSize                            = 4194304                                   {product} {ergonomic}
   size_t MaxHeapSize                              = 4125097984                                {product} {ergonomic}
   size_t MinHeapDeltaBytes                        = 1048576                                   {product} {ergonomic}
    uintx NonNMethodCodeHeapSize                   = 5830732                                {pd product} {ergonomic}
    uintx NonProfiledCodeHeapSize                  = 122913754                              {pd product} {ergonomic}
    uintx ProfiledCodeHeapSize                     = 122913754                              {pd product} {ergonomic}
    uintx ReservedCodeCacheSize                    = 251658240                              {pd product} {ergonomic}
     bool SegmentedCodeCache                       = true                                      {product} {ergonomic}
     bool UseCompressedClassPointers               = true                                 {lp64_product} {ergonomic}
     bool UseCompressedOops                        = true                                 {lp64_product} {ergonomic}
     bool UseG1GC                                  = true                                      {product} {ergonomic}
     bool UseLargePagesIndividualAllocation        = false                                  {pd product} {ergonomic}

Logging:
Log output configuration:
 #0: stdout all=warning uptime,level,tags
 #1: stderr all=off uptime,level,tags

Environment Variables:
PATH=C:\Program Files\Git\mingw64\libexec\git-core;C:\Program Files\Git\mingw64\libexec\git-core;C:\Program Files\Git\mingw64\bin;C:\Program Files\Git\usr\bin;C:\Users\Russell\bin;C:\Program Files\Common Files\Oracle\Java\javapath;C:\Program Files (x86)\Common Files\Oracle\Java\javapath;C:\Windows\system32;C:\Windows;C:\Windows\System32\Wbem;C:\Windows\System32\WindowsPowerShell\v1.0;C:\Windows\System32\OpenSSH;C:\Program Files\Git\cmd;C:\Program Files\MySQL\MySQL Shell 8.0\bin;C:\Users\Russell\AppData\Local\Microsoft\WindowsApps
USERNAME=Russell
DISPLAY=:0.0
LC_ALL=en_US.UTF-8
OS=Windows_NT
PROCESSOR_IDENTIFIER=AMD64 Family 23 Model 96 Stepping 1, AuthenticAMD



---------------  S Y S T E M  ---------------

OS: Windows 10 , 64 bit Build 19041 (10.0.19041.1320)
OS uptime: 2 days 2:14 hours

CPU:total 6 (initial active 6) (6 cores per cpu, 1 threads per core) family 23 model 96 stepping 1 microcode 0x0, cmov, cx8, fxsr, mmx, sse, sse2, sse3, ssse3, sse4.1, sse4.2, popcnt, avx, avx2, aes, clmul, mmxext, 3dnowpref, lzcnt, sse4a, tsc, tscinvbit, tscinv, bmi1, bmi2, adx, sha, 

Memory: 4k page, system-wide physical 15733M (7641M free)
TotalPageFile size 17781M (AvailPageFile size 78M)
current process WorkingSet (physical memory assigned to process): 10M, peak: 10M
current process commit charge ("private bytes"): 56M, peak: 302M

vm_info: OpenJDK 64-Bit Server VM (11.0.11+9-b1504.13) for windows-amd64 JRE (11.0.11+9-b1504.13), built on Jul 18 2021 03:17:44 by "" with MS VC++ 14.0 (VS2015)

END.
