#
# There is insufficient memory for the Java Runtime Environment to continue.
# Native memory allocation (malloc) failed to allocate 336656 bytes for Chunk::new
# Possible reasons:
#   The system is out of physical RAM or swap space
#   The process is running with CompressedOops enabled, and the Java Heap may be blocking the growth of the native heap
# Possible solutions:
#   Reduce memory load on the system
#   Increase physical memory or swap space
#   Check if swap backing store is full
#   Decrease Java heap size (-Xmx/-Xms)
#   Decrease number of Java threads
#   Decrease Java thread stack sizes (-Xss)
#   Set larger code cache with -XX:ReservedCodeCacheSize=
#   JVM is running with Zero Based Compressed Oops mode in which the Java heap is
#     placed in the first 32GB address space. The Java Heap base address is the
#     maximum limit for the native heap growth. Please use -XX:HeapBaseMinAddress
#     to set the Java Heap base and to place the Java Heap above 32GB virtual address.
# This output file may be truncated or incomplete.
#
#  Out of Memory Error (arena.cpp:195), pid=23540, tid=14244
#
# JRE version: Java(TM) SE Runtime Environment (16.0.1+9) (build 16.0.1+9-24)
# Java VM: Java HotSpot(TM) 64-Bit Server VM (16.0.1+9-24, mixed mode, sharing, tiered, compressed oops, compressed class ptrs, g1 gc, windows-amd64)
# No core dump will be written. Minidumps are not enabled by default on client versions of Windows
#

---------------  S U M M A R Y ------------

Command Line: -Dmaven.multiModuleProjectDirectory=C:\Users\Russell\IdeaProjects\FinalProject -Dmaven.home=C:\Program Files\JetBrains\IntelliJ IDEA 2021.1.2\plugins\maven\lib\maven3 -Dclassworlds.conf=C:\Program Files\JetBrains\IntelliJ IDEA 2021.1.2\plugins\maven\lib\maven3\bin\m2.conf -Dmaven.ext.class.path=C:\Program Files\JetBrains\IntelliJ IDEA 2021.1.2\plugins\maven\lib\maven-event-listener.jar -javaagent:C:\Program Files\JetBrains\IntelliJ IDEA 2021.1.2\lib\idea_rt.jar=61381:C:\Program Files\JetBrains\IntelliJ IDEA 2021.1.2\bin -Dfile.encoding=UTF-8 org.codehaus.classworlds.Launcher -Didea.version=2021.2 clean install

Host: AMD Ryzen 5 4500U with Radeon Graphics         , 6 cores, 15G,  Windows 10 , 64 bit Build 19041 (10.0.19041.1320)
Time: Tue Dec  7 16:53:13 2021  Windows 10 , 64 bit Build 19041 (10.0.19041.1320) elapsed time: 9.832700 seconds (0d 0h 0m 9s)

---------------  T H R E A D  ---------------

Current thread (0x000001d450413f30):  JavaThread "C2 CompilerThread0" daemon [_thread_in_native, id=14244, stack(0x000000b914000000,0x000000b914100000)]


Current CompileTask:
C2:   9832 8552   !   4       java.io.BufferedReader::readLine (327 bytes)

Stack: [0x000000b914000000,0x000000b914100000]
Native frames: (J=compiled Java code, j=interpreted, Vv=VM code, C=native code)
V  [jvm.dll+0x6687ca]
V  [jvm.dll+0x7ca3c9]
V  [jvm.dll+0x7cbb53]
V  [jvm.dll+0x7cc1b3]
V  [jvm.dll+0x242ea5]
V  [jvm.dll+0xadeca]
V  [jvm.dll+0xae5ac]
V  [jvm.dll+0x2a52cf]
V  [jvm.dll+0x574359]
V  [jvm.dll+0x21eb55]
V  [jvm.dll+0x217e51]
V  [jvm.dll+0x21524c]
V  [jvm.dll+0x1a1d9b]
V  [jvm.dll+0x2253a8]
V  [jvm.dll+0x2233ec]
V  [jvm.dll+0x780002]
V  [jvm.dll+0x779b4a]
V  [jvm.dll+0x667666]
C  [ucrtbase.dll+0x21bb2]
C  [KERNEL32.DLL+0x17034]
C  [ntdll.dll+0x52651]


---------------  P R O C E S S  ---------------

Threads class SMR info:
_java_thread_list=0x000001d453d74930, length=20, elements={
0x000001d42c183330, 0x000001d4503f7e40, 0x000001d4503f8710, 0x000001d45040e300,
0x000001d45040e910, 0x000001d450412f30, 0x000001d450413540, 0x000001d450413f30,
0x000001d4504213d0, 0x000001d45042ae40, 0x000001d4503db4c0, 0x000001d451187ab0,
0x000001d451187fd0, 0x000001d45575eb30, 0x000001d455760070, 0x000001d45575f080,
0x000001d45575f5d0, 0x000001d45575fb20, 0x000001d4557605c0, 0x000001d4557615b0
}

Java Threads: ( => current thread )
  0x000001d42c183330 JavaThread "main" [_thread_in_native, id=17576, stack(0x000000b913300000,0x000000b913400000)]
  0x000001d4503f7e40 JavaThread "Reference Handler" daemon [_thread_blocked, id=27116, stack(0x000000b913a00000,0x000000b913b00000)]
  0x000001d4503f8710 JavaThread "Finalizer" daemon [_thread_blocked, id=24900, stack(0x000000b913b00000,0x000000b913c00000)]
  0x000001d45040e300 JavaThread "Signal Dispatcher" daemon [_thread_blocked, id=24288, stack(0x000000b913c00000,0x000000b913d00000)]
  0x000001d45040e910 JavaThread "Attach Listener" daemon [_thread_blocked, id=16532, stack(0x000000b913d00000,0x000000b913e00000)]
  0x000001d450412f30 JavaThread "Service Thread" daemon [_thread_blocked, id=26328, stack(0x000000b913e00000,0x000000b913f00000)]
  0x000001d450413540 JavaThread "Monitor Deflation Thread" daemon [_thread_blocked, id=3824, stack(0x000000b913f00000,0x000000b914000000)]
=>0x000001d450413f30 JavaThread "C2 CompilerThread0" daemon [_thread_in_native, id=14244, stack(0x000000b914000000,0x000000b914100000)]
  0x000001d4504213d0 JavaThread "C1 CompilerThread0" daemon [_thread_blocked, id=25016, stack(0x000000b914100000,0x000000b914200000)]
  0x000001d45042ae40 JavaThread "Sweeper thread" daemon [_thread_blocked, id=24284, stack(0x000000b914200000,0x000000b914300000)]
  0x000001d4503db4c0 JavaThread "Common-Cleaner" daemon [_thread_blocked, id=25840, stack(0x000000b914300000,0x000000b914400000)]
  0x000001d451187ab0 JavaThread "Monitor Ctrl-Break" daemon [_thread_in_native, id=22804, stack(0x000000b914400000,0x000000b914500000)]
  0x000001d451187fd0 JavaThread "Notification Thread" daemon [_thread_blocked, id=19392, stack(0x000000b914500000,0x000000b914600000)]
  0x000001d45575eb30 JavaThread "resolver-1" daemon [_thread_blocked, id=23040, stack(0x000000b915000000,0x000000b915100000)]
  0x000001d455760070 JavaThread "resolver-2" daemon [_thread_blocked, id=23372, stack(0x000000b915100000,0x000000b915200000)]
  0x000001d45575f080 JavaThread "resolver-3" daemon [_thread_blocked, id=9776, stack(0x000000b915200000,0x000000b915300000)]
  0x000001d45575f5d0 JavaThread "resolver-4" daemon [_thread_blocked, id=10560, stack(0x000000b915300000,0x000000b915400000)]
  0x000001d45575fb20 JavaThread "ThreadedStreamConsumer" [_thread_blocked, id=20832, stack(0x000000b915400000,0x000000b915500000)]
  0x000001d4557605c0 JavaThread "Thread-1" [_thread_in_native, id=17768, stack(0x000000b915500000,0x000000b915600000)]
  0x000001d4557615b0 JavaThread "Thread-2" [_thread_in_native, id=25500, stack(0x000000b915600000,0x000000b915700000)]

Other Threads:
  0x000001d4503f2ef0 VMThread "VM Thread" [stack: 0x000000b913900000,0x000000b913a00000] [id=17004]
  0x000001d45114d870 WatcherThread [stack: 0x000000b914600000,0x000000b914700000] [id=10368]
  0x000001d42c1d25c0 GCTaskThread "GC Thread#0" [stack: 0x000000b913400000,0x000000b913500000] [id=22352]
  0x000001d4519032a0 GCTaskThread "GC Thread#1" [stack: 0x000000b914800000,0x000000b914900000] [id=15660]
  0x000001d451fe1990 GCTaskThread "GC Thread#2" [stack: 0x000000b914900000,0x000000b914a00000] [id=17076]
  0x000001d451fe1ca0 GCTaskThread "GC Thread#3" [stack: 0x000000b914a00000,0x000000b914b00000] [id=26816]
  0x000001d451fe1fb0 GCTaskThread "GC Thread#4" [stack: 0x000000b914b00000,0x000000b914c00000] [id=14292]
  0x000001d4519e32d0 GCTaskThread "GC Thread#5" [stack: 0x000000b914c00000,0x000000b914d00000] [id=21064]
  0x000001d42c1e2bd0 ConcurrentGCThread "G1 Main Marker" [stack: 0x000000b913500000,0x000000b913600000] [id=10432]
  0x000001d42c1e7640 ConcurrentGCThread "G1 Conc#0" [stack: 0x000000b913600000,0x000000b913700000] [id=2728]
  0x000001d453a14040 ConcurrentGCThread "G1 Conc#1" [stack: 0x000000b914d00000,0x000000b914e00000] [id=7820]
  0x000001d42c254760 ConcurrentGCThread "G1 Refine#0" [stack: 0x000000b913700000,0x000000b913800000] [id=12732]
  0x000001d4554ce310 ConcurrentGCThread "G1 Refine#1" [stack: 0x000000b914e00000,0x000000b914f00000] [id=13388]
  0x000001d455dabea0 ConcurrentGCThread "G1 Refine#2" [stack: 0x000000b914f00000,0x000000b915000000] [id=25656]
  0x000001d42c254cf0 ConcurrentGCThread "G1 Service" [stack: 0x000000b913800000,0x000000b913900000] [id=24668]

Threads with active compile tasks:
C2 CompilerThread0     9848 8552   !   4       java.io.BufferedReader::readLine (327 bytes)

VM state: not at safepoint (normal execution)

VM Mutex/Monitor currently owned by a thread: None

Heap address: 0x000000070a200000, size: 3934 MB, Compressed Oops mode: Zero based, Oop shift amount: 3

CDS archive(s) mapped at: [0x0000000800000000-0x0000000800bb0000-0x0000000800bb0000), size 12255232, SharedBaseAddress: 0x0000000800000000, ArchiveRelocationMode: 0.
Compressed class space mapped at: 0x0000000800c00000-0x0000000840c00000, reserved size: 1073741824
Narrow klass base: 0x0000000800000000, Narrow klass shift: 3, Narrow klass range: 0x100000000

GC Precious Log:
 CPUs: 6 total, 6 available
 Memory: 15733M
 Large Page Support: Disabled
 NUMA Support: Disabled
 Compressed Oops: Enabled (Zero based)
 Heap Region Size: 2M
 Heap Min Capacity: 8M
 Heap Initial Capacity: 246M
 Heap Max Capacity: 3934M
 Pre-touch: Disabled
 Parallel Workers: 6
 Concurrent Workers: 2
 Concurrent Refinement Workers: 6
 Periodic GC: Disabled

Heap:
 garbage-first heap   total 184320K, used 83986K [0x000000070a200000, 0x0000000800000000)
  region size 2048K, 15 young (30720K), 3 survivors (6144K)
 Metaspace       used 32693K, committed 33088K, reserved 1081344K
  class space    used 3429K, committed 3584K, reserved 1048576K

Heap Regions: E=young(eden), S=young(survivor), O=old, HS=humongous(starts), HC=humongous(continues), CS=collection set, F=free, OA=open archive, CA=closed archive, TAMS=top-at-mark-start (previous, next)
|   0|0x000000070a200000, 0x000000070a400000, 0x000000070a400000|100%| O|  |TAMS 0x000000070a400000, 0x000000070a200000| Untracked 
|   1|0x000000070a400000, 0x000000070a58de00, 0x000000070a600000| 77%| O|  |TAMS 0x000000070a58de00, 0x000000070a400000| Untracked 
|   2|0x000000070a600000, 0x000000070a800000, 0x000000070a800000|100%| O|  |TAMS 0x000000070a800000, 0x000000070a600000| Untracked 
|   3|0x000000070a800000, 0x000000070aa00000, 0x000000070aa00000|100%| O|  |TAMS 0x000000070aa00000, 0x000000070a800000| Untracked 
|   4|0x000000070aa00000, 0x000000070ac00000, 0x000000070ac00000|100%| O|  |TAMS 0x000000070ac00000, 0x000000070aa00000| Untracked 
|   5|0x000000070ac00000, 0x000000070ae00000, 0x000000070ae00000|100%| O|  |TAMS 0x000000070ae00000, 0x000000070ac00000| Untracked 
|   6|0x000000070ae00000, 0x000000070b000000, 0x000000070b000000|100%| O|  |TAMS 0x000000070b000000, 0x000000070ae00000| Untracked 
|   7|0x000000070b000000, 0x000000070b200000, 0x000000070b200000|100%| O|  |TAMS 0x000000070b200000, 0x000000070b000000| Untracked 
|   8|0x000000070b200000, 0x000000070b400000, 0x000000070b400000|100%| O|  |TAMS 0x000000070b400000, 0x000000070b200000| Untracked 
|   9|0x000000070b400000, 0x000000070b600000, 0x000000070b600000|100%| O|  |TAMS 0x000000070b600000, 0x000000070b400000| Untracked 
|  10|0x000000070b600000, 0x000000070b800000, 0x000000070b800000|100%| O|  |TAMS 0x000000070b7fec00, 0x000000070b600000| Untracked 
|  11|0x000000070b800000, 0x000000070ba00000, 0x000000070ba00000|100%| O|  |TAMS 0x000000070ba00000, 0x000000070b800000| Untracked 
|  12|0x000000070ba00000, 0x000000070bc00000, 0x000000070bc00000|100%| O|  |TAMS 0x000000070bc00000, 0x000000070ba00000| Untracked 
|  13|0x000000070bc00000, 0x000000070be00000, 0x000000070be00000|100%| O|  |TAMS 0x000000070bc00000, 0x000000070bc00000| Untracked 
|  14|0x000000070be00000, 0x000000070c000000, 0x000000070c000000|100%| O|  |TAMS 0x000000070be00000, 0x000000070be00000| Untracked 
|  15|0x000000070c000000, 0x000000070c200000, 0x000000070c200000|100%| O|  |TAMS 0x000000070c000000, 0x000000070c000000| Untracked 
|  16|0x000000070c200000, 0x000000070c400000, 0x000000070c400000|100%| O|  |TAMS 0x000000070c200000, 0x000000070c200000| Untracked 
|  17|0x000000070c400000, 0x000000070c600000, 0x000000070c600000|100%| O|  |TAMS 0x000000070c400000, 0x000000070c400000| Untracked 
|  18|0x000000070c600000, 0x000000070c800000, 0x000000070c800000|100%| O|  |TAMS 0x000000070c600000, 0x000000070c600000| Untracked 
|  19|0x000000070c800000, 0x000000070ca00000, 0x000000070ca00000|100%|HS|  |TAMS 0x000000070c800000, 0x000000070c800000| Complete 
|  20|0x000000070ca00000, 0x000000070cc00000, 0x000000070cc00000|100%| O|  |TAMS 0x000000070ca00000, 0x000000070ca00000| Untracked 
|  21|0x000000070cc00000, 0x000000070ce00000, 0x000000070ce00000|100%| O|  |TAMS 0x000000070cc00000, 0x000000070cc00000| Untracked 
|  22|0x000000070ce00000, 0x000000070d000000, 0x000000070d000000|100%| O|  |TAMS 0x000000070ce00000, 0x000000070ce00000| Untracked 
|  23|0x000000070d000000, 0x000000070d200000, 0x000000070d200000|100%| O|  |TAMS 0x000000070d000000, 0x000000070d000000| Untracked 
|  24|0x000000070d200000, 0x000000070d400000, 0x000000070d400000|100%| O|  |TAMS 0x000000070d200000, 0x000000070d200000| Untracked 
|  25|0x000000070d400000, 0x000000070d600000, 0x000000070d600000|100%| O|  |TAMS 0x000000070d400000, 0x000000070d400000| Untracked 
|  26|0x000000070d600000, 0x000000070d800000, 0x000000070d800000|100%| O|  |TAMS 0x000000070d600000, 0x000000070d600000| Untracked 
|  27|0x000000070d800000, 0x000000070d951a00, 0x000000070da00000| 65%| O|  |TAMS 0x000000070d800000, 0x000000070d800000| Untracked 
|  28|0x000000070da00000, 0x000000070da00000, 0x000000070dc00000|  0%| F|  |TAMS 0x000000070da00000, 0x000000070da00000| Untracked 
|  29|0x000000070dc00000, 0x000000070dc00000, 0x000000070de00000|  0%| F|  |TAMS 0x000000070dc00000, 0x000000070dc00000| Untracked 
|  30|0x000000070de00000, 0x000000070de00000, 0x000000070e000000|  0%| F|  |TAMS 0x000000070de00000, 0x000000070de00000| Untracked 
|  31|0x000000070e000000, 0x000000070e000000, 0x000000070e200000|  0%| F|  |TAMS 0x000000070e000000, 0x000000070e000000| Untracked 
|  32|0x000000070e200000, 0x000000070e200000, 0x000000070e400000|  0%| F|  |TAMS 0x000000070e200000, 0x000000070e200000| Untracked 
|  33|0x000000070e400000, 0x000000070e400000, 0x000000070e600000|  0%| F|  |TAMS 0x000000070e400000, 0x000000070e400000| Untracked 
|  34|0x000000070e600000, 0x000000070e600000, 0x000000070e800000|  0%| F|  |TAMS 0x000000070e600000, 0x000000070e600000| Untracked 
|  35|0x000000070e800000, 0x000000070e800000, 0x000000070ea00000|  0%| F|  |TAMS 0x000000070e800000, 0x000000070e800000| Untracked 
|  36|0x000000070ea00000, 0x000000070ea00000, 0x000000070ec00000|  0%| F|  |TAMS 0x000000070ea00000, 0x000000070ea00000| Untracked 
|  37|0x000000070ec00000, 0x000000070ec00000, 0x000000070ee00000|  0%| F|  |TAMS 0x000000070ec00000, 0x000000070ec00000| Untracked 
|  38|0x000000070ee00000, 0x000000070ee00000, 0x000000070f000000|  0%| F|  |TAMS 0x000000070ee00000, 0x000000070ee00000| Untracked 
|  39|0x000000070f000000, 0x000000070f000000, 0x000000070f200000|  0%| F|  |TAMS 0x000000070f000000, 0x000000070f000000| Untracked 
|  40|0x000000070f200000, 0x000000070f200000, 0x000000070f400000|  0%| F|  |TAMS 0x000000070f200000, 0x000000070f200000| Untracked 
|  41|0x000000070f400000, 0x000000070f400000, 0x000000070f600000|  0%| F|  |TAMS 0x000000070f400000, 0x000000070f400000| Untracked 
|  42|0x000000070f600000, 0x000000070f600000, 0x000000070f800000|  0%| F|  |TAMS 0x000000070f600000, 0x000000070f600000| Untracked 
|  43|0x000000070f800000, 0x000000070f800000, 0x000000070fa00000|  0%| F|  |TAMS 0x000000070f800000, 0x000000070f800000| Untracked 
|  44|0x000000070fa00000, 0x000000070fb25040, 0x000000070fc00000| 57%| S|CS|TAMS 0x000000070fa00000, 0x000000070fa00000| Complete 
|  45|0x000000070fc00000, 0x000000070fe00000, 0x000000070fe00000|100%| S|CS|TAMS 0x000000070fc00000, 0x000000070fc00000| Complete 
|  46|0x000000070fe00000, 0x000000070fe00000, 0x0000000710000000|  0%| F|  |TAMS 0x000000070fe00000, 0x000000070fe00000| Untracked 
|  47|0x0000000710000000, 0x0000000710000000, 0x0000000710200000|  0%| F|  |TAMS 0x0000000710000000, 0x0000000710000000| Untracked 
|  48|0x0000000710200000, 0x0000000710200000, 0x0000000710400000|  0%| F|  |TAMS 0x0000000710200000, 0x0000000710200000| Untracked 
|  49|0x0000000710400000, 0x0000000710600000, 0x0000000710600000|100%| S|CS|TAMS 0x0000000710400000, 0x0000000710400000| Complete 
|  50|0x0000000710600000, 0x0000000710600000, 0x0000000710800000|  0%| F|  |TAMS 0x0000000710600000, 0x0000000710600000| Untracked 
|  51|0x0000000710800000, 0x0000000710800000, 0x0000000710a00000|  0%| F|  |TAMS 0x0000000710800000, 0x0000000710800000| Untracked 
|  52|0x0000000710a00000, 0x0000000710a00000, 0x0000000710c00000|  0%| F|  |TAMS 0x0000000710a00000, 0x0000000710a00000| Untracked 
|  53|0x0000000710c00000, 0x0000000710c00000, 0x0000000710e00000|  0%| F|  |TAMS 0x0000000710c00000, 0x0000000710c00000| Untracked 
|  54|0x0000000710e00000, 0x0000000710e00000, 0x0000000711000000|  0%| F|  |TAMS 0x0000000710e00000, 0x0000000710e00000| Untracked 
|  55|0x0000000711000000, 0x0000000711000000, 0x0000000711200000|  0%| F|  |TAMS 0x0000000711000000, 0x0000000711000000| Untracked 
|  56|0x0000000711200000, 0x0000000711200000, 0x0000000711400000|  0%| F|  |TAMS 0x0000000711200000, 0x0000000711200000| Untracked 
|  57|0x0000000711400000, 0x0000000711400000, 0x0000000711600000|  0%| F|  |TAMS 0x0000000711400000, 0x0000000711400000| Untracked 
|  58|0x0000000711600000, 0x0000000711600000, 0x0000000711800000|  0%| F|  |TAMS 0x0000000711600000, 0x0000000711600000| Untracked 
|  59|0x0000000711800000, 0x0000000711800000, 0x0000000711a00000|  0%| F|  |TAMS 0x0000000711800000, 0x0000000711800000| Untracked 
|  60|0x0000000711a00000, 0x0000000711a00000, 0x0000000711c00000|  0%| F|  |TAMS 0x0000000711a00000, 0x0000000711a00000| Untracked 
|  61|0x0000000711c00000, 0x0000000711c00000, 0x0000000711e00000|  0%| F|  |TAMS 0x0000000711c00000, 0x0000000711c00000| Untracked 
|  62|0x0000000711e00000, 0x0000000711e00000, 0x0000000712000000|  0%| F|  |TAMS 0x0000000711e00000, 0x0000000711e00000| Untracked 
|  63|0x0000000712000000, 0x0000000712000000, 0x0000000712200000|  0%| F|  |TAMS 0x0000000712000000, 0x0000000712000000| Untracked 
|  64|0x0000000712200000, 0x0000000712200000, 0x0000000712400000|  0%| F|  |TAMS 0x0000000712200000, 0x0000000712200000| Untracked 
|  65|0x0000000712400000, 0x0000000712400000, 0x0000000712600000|  0%| F|  |TAMS 0x0000000712400000, 0x0000000712400000| Untracked 
|  66|0x0000000712600000, 0x0000000712600000, 0x0000000712800000|  0%| F|  |TAMS 0x0000000712600000, 0x0000000712600000| Untracked 
|  67|0x0000000712800000, 0x0000000712800000, 0x0000000712a00000|  0%| F|  |TAMS 0x0000000712800000, 0x0000000712800000| Untracked 
|  68|0x0000000712a00000, 0x0000000712a00000, 0x0000000712c00000|  0%| F|  |TAMS 0x0000000712a00000, 0x0000000712a00000| Untracked 
|  69|0x0000000712c00000, 0x0000000712c00000, 0x0000000712e00000|  0%| F|  |TAMS 0x0000000712c00000, 0x0000000712c00000| Untracked 
|  70|0x0000000712e00000, 0x0000000712e00000, 0x0000000713000000|  0%| F|  |TAMS 0x0000000712e00000, 0x0000000712e00000| Untracked 
|  71|0x0000000713000000, 0x0000000713000000, 0x0000000713200000|  0%| F|  |TAMS 0x0000000713000000, 0x0000000713000000| Untracked 
|  72|0x0000000713200000, 0x0000000713200000, 0x0000000713400000|  0%| F|  |TAMS 0x0000000713200000, 0x0000000713200000| Untracked 
|  73|0x0000000713400000, 0x0000000713400000, 0x0000000713600000|  0%| F|  |TAMS 0x0000000713400000, 0x0000000713400000| Untracked 
|  74|0x0000000713600000, 0x0000000713600000, 0x0000000713800000|  0%| F|  |TAMS 0x0000000713600000, 0x0000000713600000| Untracked 
|  75|0x0000000713800000, 0x0000000713800000, 0x0000000713a00000|  0%| F|  |TAMS 0x0000000713800000, 0x0000000713800000| Untracked 
|  76|0x0000000713a00000, 0x0000000713a00000, 0x0000000713c00000|  0%| F|  |TAMS 0x0000000713a00000, 0x0000000713a00000| Untracked 
|  77|0x0000000713c00000, 0x0000000713c00000, 0x0000000713e00000|  0%| F|  |TAMS 0x0000000713c00000, 0x0000000713c00000| Untracked 
|  78|0x0000000713e00000, 0x0000000713ec8318, 0x0000000714000000| 39%| E|  |TAMS 0x0000000713e00000, 0x0000000713e00000| Complete 
|  79|0x0000000714000000, 0x0000000714200000, 0x0000000714200000|100%| E|CS|TAMS 0x0000000714000000, 0x0000000714000000| Complete 
|  80|0x0000000714200000, 0x0000000714400000, 0x0000000714400000|100%| E|CS|TAMS 0x0000000714200000, 0x0000000714200000| Complete 
|  81|0x0000000714400000, 0x0000000714600000, 0x0000000714600000|100%| E|CS|TAMS 0x0000000714400000, 0x0000000714400000| Complete 
|  82|0x0000000714600000, 0x0000000714800000, 0x0000000714800000|100%| E|CS|TAMS 0x0000000714600000, 0x0000000714600000| Complete 
|  83|0x0000000714800000, 0x0000000714a00000, 0x0000000714a00000|100%| E|CS|TAMS 0x0000000714800000, 0x0000000714800000| Complete 
| 102|0x0000000716e00000, 0x0000000717000000, 0x0000000717000000|100%| E|CS|TAMS 0x0000000716e00000, 0x0000000716e00000| Complete 
| 103|0x0000000717000000, 0x0000000717200000, 0x0000000717200000|100%| E|CS|TAMS 0x0000000717000000, 0x0000000717000000| Complete 
| 104|0x0000000717200000, 0x0000000717400000, 0x0000000717400000|100%| E|CS|TAMS 0x0000000717200000, 0x0000000717200000| Complete 
| 105|0x0000000717400000, 0x0000000717600000, 0x0000000717600000|100%| E|CS|TAMS 0x0000000717400000, 0x0000000717400000| Complete 
| 106|0x0000000717600000, 0x0000000717800000, 0x0000000717800000|100%| E|CS|TAMS 0x0000000717600000, 0x0000000717600000| Complete 
| 122|0x0000000719600000, 0x0000000719800000, 0x0000000719800000|100%| E|CS|TAMS 0x0000000719600000, 0x0000000719600000| Complete 

Card table byte_map: [0x000001d445100000,0x000001d4458b0000] _byte_map_base: 0x000001d4418af000

Marking Bits (Prev, Next): (CMBitMap*) 0x000001d42c1d2c30, (CMBitMap*) 0x000001d42c1d2c70
 Prev Bits: [0x000001d446060000, 0x000001d449dd8000)
 Next Bits: [0x000001d449de0000, 0x000001d44db58000)

Polling page: 0x000001d42c260000

Metaspace:

Usage:
  Non-class:     28.58 MB used.
      Class:      3.35 MB used.
       Both:     31.93 MB used.

Virtual space:
  Non-class space:       32.00 MB reserved,      28.81 MB ( 90%) committed,  4 nodes.
      Class space:        1.00 GB reserved,       3.50 MB ( <1%) committed,  1 nodes.
              Both:        1.03 GB reserved,      32.31 MB (  3%) committed. 

Chunk freelists:
   Non-Class:  2.43 MB
       Class:  394.00 KB
        Both:  2.81 MB

MaxMetaspaceSize: 17179869184.00 GB
CompressedClassSpaceSize: 1.00 GB
 - commit_granule_bytes: 65536.
 - commit_granule_words: 8192.
 - virtual_space_node_default_size: 1048576.
 - enlarge_chunks_in_place: 1.
 - new_chunks_are_fully_committed: 0.
 - uncommit_free_chunks: 1.
 - use_allocation_guard: 0.
 - handle_deallocations: 1.


Internal statistics:

num_allocs_failed_limit: 3.
num_arena_births: 216.
num_arena_deaths: 0.
num_vsnodes_births: 5.
num_vsnodes_deaths: 0.
num_space_committed: 517.
num_space_uncommitted: 0.
num_chunks_returned_to_freelist: 3.
num_chunks_taken_from_freelist: 1390.
num_chunk_merges: 3.
num_chunk_splits: 997.
num_chunks_enlarged: 782.
num_purges: 0.

CodeHeap 'non-profiled nmethods': size=120000Kb used=4448Kb max_used=4448Kb free=115552Kb
 bounds [0x000001d43cbe0000, 0x000001d43d040000, 0x000001d444110000]
CodeHeap 'profiled nmethods': size=120000Kb used=16605Kb max_used=16605Kb free=103394Kb
 bounds [0x000001d4356b0000, 0x000001d4366f0000, 0x000001d43cbe0000]
CodeHeap 'non-nmethods': size=5760Kb used=1255Kb max_used=1311Kb free=4504Kb
 bounds [0x000001d435110000, 0x000001d435380000, 0x000001d4356b0000]
 total_blobs=8179 nmethods=7618 adapters=473
 compilation: enabled
              stopped_count=0, restarted_count=0
 full_count=0

Compilation events (20 events):
Event: 9.476 Thread 0x000001d4504213d0 nmethod 8544 0x000001d43d028890 code [0x000001d43d028a20, 0x000001d43d028af8]
Event: 9.477 Thread 0x000001d4512405b0 nmethod 8487 0x000001d43d028e90 code [0x000001d43d029040, 0x000001d43d0292e8]
Event: 9.477 Thread 0x000001d4512405b0 8495       4       java.lang.ref.Reference::<init> (25 bytes)
Event: 9.479 Thread 0x000001d4512405b0 nmethod 8495 0x000001d43d029990 code [0x000001d43d029b20, 0x000001d43d029d58]
Event: 9.479 Thread 0x000001d4512405b0 8524  s    4       java.lang.StringBuffer::append (13 bytes)
Event: 9.484 Thread 0x000001d4512405b0 nmethod 8524 0x000001d43d02a110 code [0x000001d43d02a2c0, 0x000001d43d02abb8]
Event: 9.484 Thread 0x000001d4512405b0 8489       4       java.lang.CharacterDataLatin1::toTitleCase (6 bytes)
Event: 9.485 Thread 0x000001d4512405b0 nmethod 8489 0x000001d43d02b090 code [0x000001d43d02b220, 0x000001d43d02b318]
Event: 9.485 Thread 0x000001d4512405b0 8508   !   4       org.apache.maven.model.Developer::clone (51 bytes)
Event: 9.497 Thread 0x000001d4512405b0 nmethod 8508 0x000001d43d02b410 code [0x000001d43d02b640, 0x000001d43d02cb30]
Event: 9.562 Thread 0x000001d450413f30 nmethod 8486 0x000001d43d02d210 code [0x000001d43d02d780, 0x000001d43d034a50]
Event: 9.821 Thread 0x000001d4504213d0 8548       1       java.util.concurrent.atomic.AtomicInteger::get (5 bytes)
Event: 9.821 Thread 0x000001d4504213d0 nmethod 8548 0x000001d43d037d10 code [0x000001d43d037ea0, 0x000001d43d037f78]
Event: 9.821 Thread 0x000001d4504213d0 8549       3       java.io.StringWriter::write (11 bytes)
Event: 9.821 Thread 0x000001d4504213d0 nmethod 8549 0x000001d4366e7d10 code [0x000001d4366e7ec0, 0x000001d4366e8188]
Event: 9.821 Thread 0x000001d4504213d0 8550       3       java.util.concurrent.locks.AbstractQueuedSynchronizer::signalNext (34 bytes)
Event: 9.822 Thread 0x000001d4504213d0 nmethod 8550 0x000001d4366e8290 code [0x000001d4366e8460, 0x000001d4366e8738]
Event: 9.822 Thread 0x000001d4504213d0 8551       3       java.util.concurrent.locks.ReentrantLock$Sync::isHeldExclusively (16 bytes)
Event: 9.822 Thread 0x000001d4504213d0 nmethod 8551 0x000001d4366e8890 code [0x000001d4366e8a40, 0x000001d4366e8bd8]
Event: 9.823 Thread 0x000001d450413f30 8552   !   4       java.io.BufferedReader::readLine (327 bytes)

GC Heap History (20 events):
Event: 5.110 GC heap before
{Heap before GC invocations=5 (full 0):
 garbage-first heap   total 55296K, used 36225K [0x000000070a200000, 0x0000000800000000)
  region size 2048K, 16 young (32768K), 5 survivors (10240K)
 Metaspace       used 23419K, committed 23680K, reserved 1073152K
  class space    used 2556K, committed 2688K, reserved 1048576K
}
Event: 5.125 GC heap after
{Heap after GC invocations=6 (full 0):
 garbage-first heap   total 55296K, used 20823K [0x000000070a200000, 0x0000000800000000)
  region size 2048K, 2 young (4096K), 2 survivors (4096K)
 Metaspace       used 23419K, committed 23680K, reserved 1073152K
  class space    used 2556K, committed 2688K, reserved 1048576K
}
Event: 5.260 GC heap before
{Heap before GC invocations=6 (full 0):
 garbage-first heap   total 55296K, used 35159K [0x000000070a200000, 0x0000000800000000)
  region size 2048K, 10 young (20480K), 2 survivors (4096K)
 Metaspace       used 23462K, committed 23744K, reserved 1073152K
  class space    used 2559K, committed 2688K, reserved 1048576K
}
Event: 5.266 GC heap after
{Heap after GC invocations=7 (full 0):
 garbage-first heap   total 55296K, used 25689K [0x000000070a200000, 0x0000000800000000)
  region size 2048K, 2 young (4096K), 2 survivors (4096K)
 Metaspace       used 23462K, committed 23744K, reserved 1073152K
  class space    used 2559K, committed 2688K, reserved 1048576K
}
Event: 5.335 GC heap before
{Heap before GC invocations=7 (full 0):
 garbage-first heap   total 55296K, used 35929K [0x000000070a200000, 0x0000000800000000)
  region size 2048K, 8 young (16384K), 2 survivors (4096K)
 Metaspace       used 23493K, committed 23744K, reserved 1073152K
  class space    used 2559K, committed 2688K, reserved 1048576K
}
Event: 5.339 GC heap after
{Heap after GC invocations=8 (full 0):
 garbage-first heap   total 55296K, used 28210K [0x000000070a200000, 0x0000000800000000)
  region size 2048K, 1 young (2048K), 1 survivors (2048K)
 Metaspace       used 23493K, committed 23744K, reserved 1073152K
  class space    used 2559K, committed 2688K, reserved 1048576K
}
Event: 5.342 GC heap before
{Heap before GC invocations=8 (full 0):
 garbage-first heap   total 55296K, used 38450K [0x000000070a200000, 0x0000000800000000)
  region size 2048K, 7 young (14336K), 1 survivors (2048K)
 Metaspace       used 23493K, committed 23744K, reserved 1073152K
  class space    used 2559K, committed 2688K, reserved 1048576K
}
Event: 5.344 GC heap after
{Heap after GC invocations=9 (full 0):
 garbage-first heap   total 153600K, used 28780K [0x000000070a200000, 0x0000000800000000)
  region size 2048K, 1 young (2048K), 1 survivors (2048K)
 Metaspace       used 23493K, committed 23744K, reserved 1073152K
  class space    used 2559K, committed 2688K, reserved 1048576K
}
Event: 6.145 GC heap before
{Heap before GC invocations=10 (full 0):
 garbage-first heap   total 153600K, used 96364K [0x000000070a200000, 0x0000000800000000)
  region size 2048K, 35 young (71680K), 1 survivors (2048K)
 Metaspace       used 25479K, committed 25728K, reserved 1073152K
  class space    used 2748K, committed 2880K, reserved 1048576K
}
Event: 6.155 GC heap after
{Heap after GC invocations=11 (full 0):
 garbage-first heap   total 153600K, used 36907K [0x000000070a200000, 0x0000000800000000)
  region size 2048K, 4 young (8192K), 4 survivors (8192K)
 Metaspace       used 25479K, committed 25728K, reserved 1073152K
  class space    used 2748K, committed 2880K, reserved 1048576K
}
Event: 6.859 GC heap before
{Heap before GC invocations=11 (full 0):
 garbage-first heap   total 153600K, used 102443K [0x000000070a200000, 0x0000000800000000)
  region size 2048K, 36 young (73728K), 4 survivors (8192K)
 Metaspace       used 26928K, committed 27200K, reserved 1073152K
  class space    used 2870K, committed 3008K, reserved 1048576K
}
Event: 6.868 GC heap after
{Heap after GC invocations=12 (full 0):
 garbage-first heap   total 153600K, used 38017K [0x000000070a200000, 0x0000000800000000)
  region size 2048K, 1 young (2048K), 1 survivors (2048K)
 Metaspace       used 26928K, committed 27200K, reserved 1073152K
  class space    used 2870K, committed 3008K, reserved 1048576K
}
Event: 8.048 GC heap before
{Heap before GC invocations=12 (full 0):
 garbage-first heap   total 153600K, used 109697K [0x000000070a200000, 0x0000000800000000)
  region size 2048K, 35 young (71680K), 1 survivors (2048K)
 Metaspace       used 29491K, committed 29888K, reserved 1081344K
  class space    used 3122K, committed 3328K, reserved 1048576K
}
Event: 8.054 GC heap after
{Heap after GC invocations=13 (full 0):
 garbage-first heap   total 153600K, used 43006K [0x000000070a200000, 0x0000000800000000)
  region size 2048K, 3 young (6144K), 3 survivors (6144K)
 Metaspace       used 29491K, committed 29888K, reserved 1081344K
  class space    used 3122K, committed 3328K, reserved 1048576K
}
Event: 8.316 GC heap before
{Heap before GC invocations=13 (full 0):
 garbage-first heap   total 153600K, used 108542K [0x000000070a200000, 0x0000000800000000)
  region size 2048K, 36 young (73728K), 3 survivors (6144K)
 Metaspace       used 29541K, committed 29952K, reserved 1081344K
  class space    used 3123K, committed 3328K, reserved 1048576K
}
Event: 8.325 GC heap after
{Heap after GC invocations=14 (full 0):
 garbage-first heap   total 153600K, used 55865K [0x000000070a200000, 0x0000000800000000)
  region size 2048K, 5 young (10240K), 5 survivors (10240K)
 Metaspace       used 29541K, committed 29952K, reserved 1081344K
  class space    used 3123K, committed 3328K, reserved 1048576K
}
Event: 8.559 GC heap before
{Heap before GC invocations=14 (full 0):
 garbage-first heap   total 153600K, used 107065K [0x000000070a200000, 0x0000000800000000)
  region size 2048K, 31 young (63488K), 5 survivors (10240K)
 Metaspace       used 29761K, committed 30144K, reserved 1081344K
  class space    used 3141K, committed 3328K, reserved 1048576K
}
Event: 8.568 GC heap after
{Heap after GC invocations=15 (full 0):
 garbage-first heap   total 153600K, used 60684K [0x000000070a200000, 0x0000000800000000)
  region size 2048K, 3 young (6144K), 3 survivors (6144K)
 Metaspace       used 29761K, committed 30144K, reserved 1081344K
  class space    used 3141K, committed 3328K, reserved 1048576K
}
Event: 9.247 GC heap before
{Heap before GC invocations=15 (full 0):
 garbage-first heap   total 153600K, used 109836K [0x000000070a200000, 0x0000000800000000)
  region size 2048K, 28 young (57344K), 3 survivors (6144K)
 Metaspace       used 31699K, committed 32064K, reserved 1081344K
  class space    used 3333K, committed 3520K, reserved 1048576K
}
Event: 9.251 GC heap after
{Heap after GC invocations=16 (full 0):
 garbage-first heap   total 184320K, used 61458K [0x000000070a200000, 0x0000000800000000)
  region size 2048K, 3 young (6144K), 3 survivors (6144K)
 Metaspace       used 31699K, committed 32064K, reserved 1081344K
  class space    used 3333K, committed 3520K, reserved 1048576K
}

Deoptimization events (20 events):
Event: 9.409 Thread 0x000001d42c183330 DEOPT PACKING pc=0x000001d43d004374 sp=0x000000b9133fd810
Event: 9.409 Thread 0x000001d42c183330 DEOPT UNPACKING pc=0x000001d43515d72e sp=0x000000b9133fd570 mode 2
Event: 9.409 Thread 0x000001d42c183330 Uncommon trap: trap_request=0xffffffde fr.pc=0x000001d43d004374 relative=0x0000000000000794
Event: 9.409 Thread 0x000001d42c183330 Uncommon trap: reason=class_check action=maybe_recompile pc=0x000001d43d004374 method=java.nio.charset.CharsetEncoder.encode(Ljava/nio/CharBuffer;Ljava/nio/ByteBuffer;Z)Ljava/nio/charset/CoderResult; @ 57 c2
Event: 9.409 Thread 0x000001d42c183330 DEOPT PACKING pc=0x000001d43d004374 sp=0x000000b9133fd8c0
Event: 9.409 Thread 0x000001d42c183330 DEOPT UNPACKING pc=0x000001d43515d72e sp=0x000000b9133fd620 mode 2
Event: 9.410 Thread 0x000001d42c183330 Uncommon trap: trap_request=0xffffff76 fr.pc=0x000001d43cff7c48 relative=0x0000000000000308
Event: 9.410 Thread 0x000001d42c183330 Uncommon trap: reason=predicate action=maybe_recompile pc=0x000001d43cff7c48 method=java.nio.charset.CharsetEncoder.encode(Ljava/nio/CharBuffer;Ljava/nio/ByteBuffer;Z)Ljava/nio/charset/CoderResult; @ 54 c2
Event: 9.410 Thread 0x000001d42c183330 DEOPT PACKING pc=0x000001d43cff7c48 sp=0x000000b9133fd670
Event: 9.410 Thread 0x000001d42c183330 DEOPT UNPACKING pc=0x000001d43515d72e sp=0x000000b9133fd630 mode 2
Event: 9.411 Thread 0x000001d42c183330 Uncommon trap: trap_request=0xffffffde fr.pc=0x000001d43d004374 relative=0x0000000000000794
Event: 9.411 Thread 0x000001d42c183330 Uncommon trap: reason=class_check action=maybe_recompile pc=0x000001d43d004374 method=java.nio.charset.CharsetEncoder.encode(Ljava/nio/CharBuffer;Ljava/nio/ByteBuffer;Z)Ljava/nio/charset/CoderResult; @ 57 c2
Event: 9.411 Thread 0x000001d42c183330 DEOPT PACKING pc=0x000001d43d004374 sp=0x000000b9133fd980
Event: 9.411 Thread 0x000001d42c183330 DEOPT UNPACKING pc=0x000001d43515d72e sp=0x000000b9133fd6e0 mode 2
Event: 9.452 Thread 0x000001d42c183330 Uncommon trap: trap_request=0xffffff45 fr.pc=0x000001d43ce5e108 relative=0x0000000000000168
Event: 9.452 Thread 0x000001d42c183330 Uncommon trap: reason=unstable_if action=reinterpret pc=0x000001d43ce5e108 method=java.time.LocalTime.create(IIII)Ljava/time/LocalTime; @ 5 c2
Event: 9.452 Thread 0x000001d42c183330 DEOPT PACKING pc=0x000001d43ce5e108 sp=0x000000b9133fd770
Event: 9.452 Thread 0x000001d42c183330 DEOPT UNPACKING pc=0x000001d43515d72e sp=0x000000b9133fd690 mode 2
Event: 9.533 Thread 0x000001d45575fb20 DEOPT PACKING pc=0x000001d4359c49b9 sp=0x000000b9154ff230
Event: 9.533 Thread 0x000001d45575fb20 DEOPT UNPACKING pc=0x000001d43515dece sp=0x000000b9154fe688 mode 3

Classes unloaded (0 events):
No events

Classes redefined (0 events):
No events

Internal exceptions (20 events):
Event: 9.080 Thread 0x000001d42c183330 Exception <a 'sun/nio/fs/WindowsException'{0x000000071102db18}> (0x000000071102db18) 
thrown [t:\workspace\open\src\hotspot\share\prims\jni.cpp, line 579]
Event: 9.086 Thread 0x000001d42c183330 Exception <a 'sun/nio/fs/WindowsException'{0x00000007110624e8}> (0x00000007110624e8) 
thrown [t:\workspace\open\src\hotspot\share\prims\jni.cpp, line 579]
Event: 9.086 Thread 0x000001d42c183330 Exception <a 'sun/nio/fs/WindowsException'{0x0000000711062bc0}> (0x0000000711062bc0) 
thrown [t:\workspace\open\src\hotspot\share\prims\jni.cpp, line 579]
Event: 9.086 Thread 0x000001d42c183330 Exception <a 'sun/nio/fs/WindowsException'{0x0000000711063500}> (0x0000000711063500) 
thrown [t:\workspace\open\src\hotspot\share\prims\jni.cpp, line 579]
Event: 9.143 Thread 0x000001d42c183330 Exception <a 'sun/nio/fs/WindowsException'{0x0000000710ccb6b0}> (0x0000000710ccb6b0) 
thrown [t:\workspace\open\src\hotspot\share\prims\jni.cpp, line 579]
Event: 9.143 Thread 0x000001d42c183330 Exception <a 'sun/nio/fs/WindowsException'{0x0000000710ccbd88}> (0x0000000710ccbd88) 
thrown [t:\workspace\open\src\hotspot\share\prims\jni.cpp, line 579]
Event: 9.143 Thread 0x000001d42c183330 Exception <a 'sun/nio/fs/WindowsException'{0x0000000710ccc6c8}> (0x0000000710ccc6c8) 
thrown [t:\workspace\open\src\hotspot\share\prims\jni.cpp, line 579]
Event: 9.145 Thread 0x000001d42c183330 Exception <a 'sun/nio/fs/WindowsException'{0x0000000710cec290}> (0x0000000710cec290) 
thrown [t:\workspace\open\src\hotspot\share\prims\jni.cpp, line 579]
Event: 9.145 Thread 0x000001d42c183330 Exception <a 'sun/nio/fs/WindowsException'{0x0000000710cec980}> (0x0000000710cec980) 
thrown [t:\workspace\open\src\hotspot\share\prims\jni.cpp, line 579]
Event: 9.146 Thread 0x000001d42c183330 Exception <a 'sun/nio/fs/WindowsException'{0x0000000710ced320}> (0x0000000710ced320) 
thrown [t:\workspace\open\src\hotspot\share\prims\jni.cpp, line 579]
Event: 9.146 Thread 0x000001d42c183330 Exception <a 'sun/nio/fs/WindowsException'{0x0000000710ceda88}> (0x0000000710ceda88) 
thrown [t:\workspace\open\src\hotspot\share\prims\jni.cpp, line 579]
Event: 9.148 Thread 0x000001d42c183330 Exception <a 'sun/nio/fs/WindowsException'{0x0000000710d071c0}> (0x0000000710d071c0) 
thrown [t:\workspace\open\src\hotspot\share\prims\jni.cpp, line 579]
Event: 9.148 Thread 0x000001d42c183330 Exception <a 'sun/nio/fs/WindowsException'{0x0000000710d078a8}> (0x0000000710d078a8) 
thrown [t:\workspace\open\src\hotspot\share\prims\jni.cpp, line 579]
Event: 9.148 Thread 0x000001d42c183330 Exception <a 'sun/nio/fs/WindowsException'{0x0000000710d08240}> (0x0000000710d08240) 
thrown [t:\workspace\open\src\hotspot\share\prims\jni.cpp, line 579]
Event: 9.161 Thread 0x000001d42c183330 Implicit null exception at 0x000001d43cdfcf26 to 0x000001d43ce029a4
Event: 9.476 Thread 0x000001d42c183330 Exception <a 'java/lang/NoSuchMethodError'{0x00000007143ccdc8}: 'void java.lang.invoke.DirectMethodHandle$Holder.invokeStatic(java.lang.Object, long)'> (0x00000007143ccdc8) 
thrown [t:\workspace\open\src\hotspot\share\interpreter\linkResolver.cpp, line 790]
Event: 9.477 Thread 0x000001d42c183330 Exception <a 'java/lang/NoSuchMethodError'{0x00000007143d2648}: 'java.lang.Object java.lang.invoke.DirectMethodHandle$Holder.newInvokeSpecial(java.lang.Object, long)'> (0x00000007143d2648) 
thrown [t:\workspace\open\src\hotspot\share\interpreter\linkResolver.cpp, line 790]
Event: 9.478 Thread 0x000001d42c183330 Exception <a 'java/lang/NoSuchMethodError'{0x00000007143dd170}: 'java.lang.Object java.lang.invoke.DirectMethodHandle$Holder.invokeStaticInit(java.lang.Object, java.lang.Object, long, java.lang.Object)'> (0x00000007143dd170) 
thrown [t:\workspace\open\src\hotspot\share\interpreter\linkResolver.cpp, line 790]
Event: 9.479 Thread 0x000001d42c183330 Exception <a 'java/lang/NoSuchMethodError'{0x00000007143e3b08}: 'java.lang.Object java.lang.invoke.DirectMethodHandle$Holder.newInvokeSpecial(java.lang.Object, java.lang.Object, long)'> (0x00000007143e3b08) 
thrown [t:\workspace\open\src\hotspot\share\interpreter\linkResolver.cpp, line 790]
Event: 9.479 Thread 0x000001d42c183330 Exception <a 'java/lang/NoSuchMethodError'{0x00000007143e7878}: 'java.lang.Object java.lang.invoke.Invokers$Holder.linkToTargetMethod(java.lang.Object, long, java.lang.Object)'> (0x00000007143e7878) 
thrown [t:\workspace\open\src\hotspot\share\interpreter\linkResolver.cpp, line 790]

Events (20 events):
Event: 9.480 loading class java/util/concurrent/SynchronousQueue$TransferStack done
Event: 9.480 loading class java/util/concurrent/SynchronousQueue$TransferStack$SNode
Event: 9.480 loading class java/util/concurrent/SynchronousQueue$TransferStack$SNode done
Event: 9.480 loading class java/lang/ProcessImpl$2
Event: 9.480 loading class java/lang/ProcessImpl$2 done
Event: 9.480 loading class java/lang/Process$PipeInputStream
Event: 9.480 loading class java/lang/Process$PipeInputStream done
Event: 9.481 Executing  VM operation: HandshakeAllThreads
Event: 9.481 Executing  VM operation: HandshakeAllThreads done
Event: 9.481 loading class jdk/internal/event/ProcessStartEvent
Event: 9.481 loading class jdk/internal/event/Event
Event: 9.481 loading class jdk/internal/event/Event done
Event: 9.482 loading class jdk/internal/event/ProcessStartEvent done
Event: 9.483 Thread 0x000001d4557605c0 Thread added: 0x000001d4557605c0
Event: 9.483 Thread 0x000001d4557615b0 Thread added: 0x000001d4557615b0
Event: 9.483 loading class java/security/AccessControlException
Event: 9.483 loading class java/security/AccessControlException done
Event: 9.484 Executing  VM operation: HandshakeAllThreads
Event: 9.484 Executing  VM operation: HandshakeAllThreads done
Event: 9.821 Thread 0x000001d4512405b0 Thread exited: 0x000001d4512405b0


Dynamic libraries:
0x00007ff676160000 - 0x00007ff676170000 	C:\Program Files\Java\jdk-16.0.1\bin\java.exe
0x00007ffa26d90000 - 0x00007ffa26f85000 	C:\Windows\SYSTEM32\ntdll.dll
0x00007ff9f0dd0000 - 0x00007ff9f0de6000 	C:\Program Files\Avast Software\Avast\aswhook.dll
0x00007ffa26c30000 - 0x00007ffa26cee000 	C:\Windows\System32\KERNEL32.DLL
0x00007ffa24510000 - 0x00007ffa247d8000 	C:\Windows\System32\KERNELBASE.dll
0x00007ffa24890000 - 0x00007ffa24990000 	C:\Windows\System32\ucrtbase.dll
0x00007ffa1fd00000 - 0x00007ffa1fd18000 	C:\Program Files\Java\jdk-16.0.1\bin\jli.dll
0x00007ffa0a300000 - 0x00007ffa0a319000 	C:\Program Files\Java\jdk-16.0.1\bin\VCRUNTIME140.dll
0x00007ffa25a30000 - 0x00007ffa25adc000 	C:\Windows\System32\ADVAPI32.dll
0x00007ffa26560000 - 0x00007ffa265fe000 	C:\Windows\System32\msvcrt.dll
0x00007ffa264b0000 - 0x00007ffa2654b000 	C:\Windows\System32\sechost.dll
0x00007ffa26010000 - 0x00007ffa2613a000 	C:\Windows\System32\RPCRT4.dll
0x00007ffa25730000 - 0x00007ffa258d1000 	C:\Windows\System32\USER32.dll
0x00007ffa244b0000 - 0x00007ffa244d2000 	C:\Windows\System32\win32u.dll
0x00007ffa263b0000 - 0x00007ffa263db000 	C:\Windows\System32\GDI32.dll
0x00007ffa24cd0000 - 0x00007ffa24ddb000 	C:\Windows\System32\gdi32full.dll
0x00007ffa08aa0000 - 0x00007ffa08d3a000 	C:\Windows\WinSxS\amd64_microsoft.windows.common-controls_6595b64144ccf1df_6.0.19041.1110_none_60b5254171f9507e\COMCTL32.dll
0x00007ffa24990000 - 0x00007ffa24a2d000 	C:\Windows\System32\msvcp_win.dll
0x00007ffa232f0000 - 0x00007ffa232fa000 	C:\Windows\SYSTEM32\VERSION.dll
0x00007ffa258e0000 - 0x00007ffa25910000 	C:\Windows\System32\IMM32.DLL
0x00007ffa21180000 - 0x00007ffa2118c000 	C:\Program Files\Java\jdk-16.0.1\bin\vcruntime140_1.dll
0x00007ffa02780000 - 0x00007ffa02811000 	C:\Program Files\Java\jdk-16.0.1\bin\msvcp140.dll
0x00007ff9b4f20000 - 0x00007ff9b5acb000 	C:\Program Files\Java\jdk-16.0.1\bin\server\jvm.dll
0x00007ffa25520000 - 0x00007ffa25528000 	C:\Windows\System32\PSAPI.DLL
0x00007ffa19b30000 - 0x00007ffa19b57000 	C:\Windows\SYSTEM32\WINMM.dll
0x00007ffa0f0d0000 - 0x00007ffa0f0d9000 	C:\Windows\SYSTEM32\WSOCK32.dll
0x00007ffa26440000 - 0x00007ffa264ab000 	C:\Windows\System32\WS2_32.dll
0x00007ffa232b0000 - 0x00007ffa232c2000 	C:\Windows\SYSTEM32\kernel.appcore.dll
0x00007ffa1c890000 - 0x00007ffa1c89a000 	C:\Program Files\Java\jdk-16.0.1\bin\jimage.dll
0x00007ffa11450000 - 0x00007ffa11634000 	C:\Windows\SYSTEM32\DBGHELP.DLL
0x00007ffa11420000 - 0x00007ffa1144c000 	C:\Windows\SYSTEM32\dbgcore.DLL
0x00007ffa24a90000 - 0x00007ffa24b13000 	C:\Windows\System32\bcryptPrimitives.dll
0x00007ffa0a000000 - 0x00007ffa0a00e000 	C:\Program Files\Java\jdk-16.0.1\bin\instrument.dll
0x00007ffa0a010000 - 0x00007ffa0a035000 	C:\Program Files\Java\jdk-16.0.1\bin\java.dll
0x00007ffa24de0000 - 0x00007ffa2551f000 	C:\Windows\System32\SHELL32.dll
0x00007ffa22b20000 - 0x00007ffa232b0000 	C:\Windows\SYSTEM32\windows.storage.dll
0x00007ffa266d0000 - 0x00007ffa26a25000 	C:\Windows\System32\combase.dll
0x00007ffa23f00000 - 0x00007ffa23f2e000 	C:\Windows\SYSTEM32\Wldp.dll
0x00007ffa26620000 - 0x00007ffa266cd000 	C:\Windows\System32\SHCORE.dll
0x00007ffa263e0000 - 0x00007ffa26435000 	C:\Windows\System32\shlwapi.dll
0x00007ffa243f0000 - 0x00007ffa2440f000 	C:\Windows\SYSTEM32\profapi.dll
0x00007ffa08dd0000 - 0x00007ffa08de8000 	C:\Program Files\Java\jdk-16.0.1\bin\zip.dll
0x00007ffa09280000 - 0x00007ffa09299000 	C:\Program Files\Java\jdk-16.0.1\bin\net.dll
0x00007ffa1e2a0000 - 0x00007ffa1e3ac000 	C:\Windows\SYSTEM32\WINHTTP.dll
0x00007ffa23bf0000 - 0x00007ffa23c5a000 	C:\Windows\system32\mswsock.dll
0x00007ffa09260000 - 0x00007ffa09273000 	C:\Program Files\Java\jdk-16.0.1\bin\nio.dll
0x00007ffa06ce0000 - 0x00007ffa06cfa000 	C:\Program Files\JetBrains\IntelliJ IDEA 2021.1.2\bin\breakgen64.dll
0x00007ffa1c250000 - 0x00007ffa1c260000 	C:\Program Files\Java\jdk-16.0.1\bin\verify.dll
0x00007ffa23e00000 - 0x00007ffa23e18000 	C:\Windows\SYSTEM32\CRYPTSP.dll
0x00007ffa23560000 - 0x00007ffa23594000 	C:\Windows\system32\rsaenh.dll
0x00007ffa244e0000 - 0x00007ffa24507000 	C:\Windows\System32\bcrypt.dll
0x00007ffa24370000 - 0x00007ffa2439e000 	C:\Windows\SYSTEM32\USERENV.dll
0x00007ffa23e20000 - 0x00007ffa23e2c000 	C:\Windows\SYSTEM32\CRYPTBASE.dll
0x00007ffa238e0000 - 0x00007ffa2391b000 	C:\Windows\SYSTEM32\IPHLPAPI.DLL
0x00007ffa26550000 - 0x00007ffa26558000 	C:\Windows\System32\NSI.dll
0x00007ffa1b960000 - 0x00007ffa1b977000 	C:\Windows\SYSTEM32\dhcpcsvc6.DLL
0x00007ffa1b740000 - 0x00007ffa1b75d000 	C:\Windows\SYSTEM32\dhcpcsvc.DLL
0x00007ffa23920000 - 0x00007ffa239eb000 	C:\Windows\SYSTEM32\DNSAPI.dll
0x00007ffa09650000 - 0x00007ffa0965a000 	C:\Users\Russell\AppData\Local\Temp\jansi-1.17.1-1911746364040575221.dll
0x00007ffa08da0000 - 0x00007ffa08daa000 	C:\Users\Russell\AppData\Local\Temp\jansi-1.17.1-16393776566931479275.dll

dbghelp: loaded successfully - version: 4.0.5 - missing functions: none
symbol engine: initialized successfully - sym options: 0x614 - pdb path: .;C:\Program Files\Java\jdk-16.0.1\bin;C:\Windows\SYSTEM32;C:\Program Files\Avast Software\Avast;C:\Windows\WinSxS\amd64_microsoft.windows.common-controls_6595b64144ccf1df_6.0.19041.1110_none_60b5254171f9507e;C:\Program Files\Java\jdk-16.0.1\bin\server;C:\Program Files\JetBrains\IntelliJ IDEA 2021.1.2\bin;C:\Users\Russell\AppData\Local\Temp

VM Arguments:
jvm_args: -Dmaven.multiModuleProjectDirectory=C:\Users\Russell\IdeaProjects\FinalProject -Dmaven.home=C:\Program Files\JetBrains\IntelliJ IDEA 2021.1.2\plugins\maven\lib\maven3 -Dclassworlds.conf=C:\Program Files\JetBrains\IntelliJ IDEA 2021.1.2\plugins\maven\lib\maven3\bin\m2.conf -Dmaven.ext.class.path=C:\Program Files\JetBrains\IntelliJ IDEA 2021.1.2\plugins\maven\lib\maven-event-listener.jar -javaagent:C:\Program Files\JetBrains\IntelliJ IDEA 2021.1.2\lib\idea_rt.jar=61381:C:\Program Files\JetBrains\IntelliJ IDEA 2021.1.2\bin -Dfile.encoding=UTF-8 
java_command: org.codehaus.classworlds.Launcher -Didea.version=2021.2 clean install
java_class_path (initial): C:\Program Files\JetBrains\IntelliJ IDEA 2021.1.2\plugins\maven\lib\maven3\boot\plexus-classworlds-2.6.0.jar;C:\Program Files\JetBrains\IntelliJ IDEA 2021.1.2\plugins\maven\lib\maven3\boot\plexus-classworlds.license
Launcher Type: SUN_STANDARD

[Global flags]
     intx CICompilerCount                          = 3                                         {product} {ergonomic}
     uint ConcGCThreads                            = 2                                         {product} {ergonomic}
     uint G1ConcRefinementThreads                  = 6                                         {product} {ergonomic}
   size_t G1HeapRegionSize                         = 2097152                                   {product} {ergonomic}
    uintx GCDrainStackTargetSize                   = 64                                        {product} {ergonomic}
   size_t InitialHeapSize                          = 257949696                                 {product} {ergonomic}
   size_t MarkStackSize                            = 4194304                                   {product} {ergonomic}
   size_t MaxHeapSize                              = 4125097984                                {product} {ergonomic}
   size_t MaxNewSize                               = 2474639360                                {product} {ergonomic}
   size_t MinHeapDeltaBytes                        = 2097152                                   {product} {ergonomic}
   size_t MinHeapSize                              = 8388608                                   {product} {ergonomic}
    uintx NonNMethodCodeHeapSize                   = 5832780                                {pd product} {ergonomic}
    uintx NonProfiledCodeHeapSize                  = 122912730                              {pd product} {ergonomic}
    uintx ProfiledCodeHeapSize                     = 122912730                              {pd product} {ergonomic}
    uintx ReservedCodeCacheSize                    = 251658240                              {pd product} {ergonomic}
     bool SegmentedCodeCache                       = true                                      {product} {ergonomic}
   size_t SoftMaxHeapSize                          = 4125097984                             {manageable} {ergonomic}
     bool UseCompressedClassPointers               = true                           {product lp64_product} {ergonomic}
     bool UseCompressedOops                        = true                           {product lp64_product} {ergonomic}
     bool UseG1GC                                  = true                                      {product} {ergonomic}
     bool UseLargePagesIndividualAllocation        = false                                  {pd product} {ergonomic}

Logging:
Log output configuration:
 #0: stdout all=warning uptime,level,tags
 #1: stderr all=off uptime,level,tags

Environment Variables:
PATH=C:\Program Files\Common Files\Oracle\Java\javapath;C:\Program Files (x86)\Common Files\Oracle\Java\javapath;C:\Windows\system32;C:\Windows;C:\Windows\System32\Wbem;C:\Windows\System32\WindowsPowerShell\v1.0\;C:\Windows\System32\OpenSSH\;C:\Program Files\Git\cmd;C:\Program Files\MySQL\MySQL Shell 8.0\bin\;C:\Users\Russell\AppData\Local\Microsoft\WindowsApps;
USERNAME=Russell
OS=Windows_NT
PROCESSOR_IDENTIFIER=AMD64 Family 23 Model 96 Stepping 1, AuthenticAMD



---------------  S Y S T E M  ---------------

OS:
 Windows 10 , 64 bit Build 19041 (10.0.19041.1320)
OS uptime: 5 days 8:06 hours

CPU: total 6 (initial active 6) (6 cores per cpu, 1 threads per core) family 23 model 96 stepping 1 microcode 0x0, cx8, cmov, fxsr, mmx, 3dnowpref, sse, sse2, sse3, ssse3, sse4a, sse4.1, sse4.2, popcnt, lzcnt, tsc, tscinvbit, avx, avx2, aes, clmul, bmi1, bmi2, adx, sha, fma, vzeroupper, clflush, clflushopt

Memory: 4k page, system-wide physical 15733M (5024M free)
TotalPageFile size 17781M (AvailPageFile size 3M)
current process WorkingSet (physical memory assigned to process): 307M, peak: 318M
current process commit charge ("private bytes"): 374M, peak: 388M

vm_info: Java HotSpot(TM) 64-Bit Server VM (16.0.1+9-24) for windows-amd64 JRE (16.0.1+9-24), built on Mar 26 2021 19:31:42 by "mach5one" with MS VC++ 16.7 (VS2019)

END.
