#
# There is insufficient memory for the Java Runtime Environment to continue.
# Native memory allocation (malloc) failed to allocate 1304528 bytes for Chunk::new
# Possible reasons:
#   The system is out of physical RAM or swap space
#   The process is running with CompressedOops enabled, and the Java Heap may be blocking the growth of the native heap
# Possible solutions:
#   Reduce memory load on the system
#   Increase physical memory or swap space
#   Check if swap backing store is full
#   Decrease Java heap size (-Xmx/-Xms)
#   Decrease number of Java threads
#   Decrease Java thread stack sizes (-Xss)
#   Set larger code cache with -XX:ReservedCodeCacheSize=
#   JVM is running with Zero Based Compressed Oops mode in which the Java heap is
#     placed in the first 32GB address space. The Java Heap base address is the
#     maximum limit for the native heap growth. Please use -XX:HeapBaseMinAddress
#     to set the Java Heap base and to place the Java Heap above 32GB virtual address.
# This output file may be truncated or incomplete.
#
#  Out of Memory Error (arena.cpp:195), pid=13016, tid=8572
#
# JRE version: Java(TM) SE Runtime Environment (16.0.1+9) (build 16.0.1+9-24)
# Java VM: Java HotSpot(TM) 64-Bit Server VM (16.0.1+9-24, mixed mode, sharing, tiered, compressed oops, compressed class ptrs, g1 gc, windows-amd64)
# No core dump will be written. Minidumps are not enabled by default on client versions of Windows
#

---------------  S U M M A R Y ------------

Command Line: -Dmaven.multiModuleProjectDirectory=C:\Users\Russell\IdeaProjects\FinalProject -Dmaven.home=C:\Program Files\JetBrains\IntelliJ IDEA 2021.1.2\plugins\maven\lib\maven3 -Dclassworlds.conf=C:\Program Files\JetBrains\IntelliJ IDEA 2021.1.2\plugins\maven\lib\maven3\bin\m2.conf -Dmaven.ext.class.path=C:\Program Files\JetBrains\IntelliJ IDEA 2021.1.2\plugins\maven\lib\maven-event-listener.jar -javaagent:C:\Program Files\JetBrains\IntelliJ IDEA 2021.1.2\lib\idea_rt.jar=61162:C:\Program Files\JetBrains\IntelliJ IDEA 2021.1.2\bin -Dfile.encoding=UTF-8 org.codehaus.classworlds.Launcher -Didea.version=2021.2 clean install

Host: AMD Ryzen 5 4500U with Radeon Graphics         , 6 cores, 15G,  Windows 10 , 64 bit Build 19041 (10.0.19041.1348)
Time: Mon Dec 20 00:26:51 2021  Windows 10 , 64 bit Build 19041 (10.0.19041.1348) elapsed time: 2.892601 seconds (0d 0h 0m 2s)

---------------  T H R E A D  ---------------

Current thread (0x000002297e8a58d0):  JavaThread "C2 CompilerThread0" daemon [_thread_in_native, id=8572, stack(0x00000056c0b00000,0x00000056c0c00000)]


Current CompileTask:
C2:   2892 4075       4       org.eclipse.aether.util.graph.transformer.ConflictResolver$State::push (447 bytes)

Stack: [0x00000056c0b00000,0x00000056c0c00000]
Native frames: (J=compiled Java code, j=interpreted, Vv=VM code, C=native code)
V  [jvm.dll+0x6687ca]
V  [jvm.dll+0x7ca3c9]
V  [jvm.dll+0x7cbb53]
V  [jvm.dll+0x7cc1b3]
V  [jvm.dll+0x242ea5]
V  [jvm.dll+0xadeca]
V  [jvm.dll+0xae5ac]
V  [jvm.dll+0x35af27]
V  [jvm.dll+0x3253d1]
V  [jvm.dll+0x32487a]
V  [jvm.dll+0x215f3c]
V  [jvm.dll+0x215350]
V  [jvm.dll+0x1a1d9b]
V  [jvm.dll+0x2253a8]
V  [jvm.dll+0x2233ec]
V  [jvm.dll+0x780002]
V  [jvm.dll+0x779b4a]
V  [jvm.dll+0x667666]
C  [ucrtbase.dll+0x21bb2]
C  [KERNEL32.DLL+0x17034]
C  [ntdll.dll+0x52651]


---------------  P R O C E S S  ---------------

Threads class SMR info:
_java_thread_list=0x000002297f62bb90, length=14, elements={
0x00000229750e17c0, 0x000002297e887720, 0x000002297e888b40, 0x000002297e89ee70,
0x000002297e89f780, 0x000002297e8a2190, 0x000002297e8a4ba0, 0x000002297e8a58d0,
0x000002297e8a6310, 0x000002297e8b6590, 0x000002297e86a4d0, 0x000002297f5da1c0,
0x000002297f5bdb80, 0x000002297f6589a0
}

Java Threads: ( => current thread )
  0x00000229750e17c0 JavaThread "main" [_thread_in_vm, id=18556, stack(0x00000056bfe00000,0x00000056bff00000)]
  0x000002297e887720 JavaThread "Reference Handler" daemon [_thread_blocked, id=20840, stack(0x00000056c0500000,0x00000056c0600000)]
  0x000002297e888b40 JavaThread "Finalizer" daemon [_thread_blocked, id=8660, stack(0x00000056c0600000,0x00000056c0700000)]
  0x000002297e89ee70 JavaThread "Signal Dispatcher" daemon [_thread_blocked, id=20772, stack(0x00000056c0700000,0x00000056c0800000)]
  0x000002297e89f780 JavaThread "Attach Listener" daemon [_thread_blocked, id=1644, stack(0x00000056c0800000,0x00000056c0900000)]
  0x000002297e8a2190 JavaThread "Service Thread" daemon [_thread_blocked, id=15292, stack(0x00000056c0900000,0x00000056c0a00000)]
  0x000002297e8a4ba0 JavaThread "Monitor Deflation Thread" daemon [_thread_blocked, id=18100, stack(0x00000056c0a00000,0x00000056c0b00000)]
=>0x000002297e8a58d0 JavaThread "C2 CompilerThread0" daemon [_thread_in_native, id=8572, stack(0x00000056c0b00000,0x00000056c0c00000)]
  0x000002297e8a6310 JavaThread "C1 CompilerThread0" daemon [_thread_in_native, id=6856, stack(0x00000056c0c00000,0x00000056c0d00000)]
  0x000002297e8b6590 JavaThread "Sweeper thread" daemon [_thread_blocked, id=23416, stack(0x00000056c0d00000,0x00000056c0e00000)]
  0x000002297e86a4d0 JavaThread "Common-Cleaner" daemon [_thread_blocked, id=22676, stack(0x00000056c0e00000,0x00000056c0f00000)]
  0x000002297f5da1c0 JavaThread "Monitor Ctrl-Break" daemon [_thread_in_native, id=22864, stack(0x00000056c0f00000,0x00000056c1000000)]
  0x000002297f5bdb80 JavaThread "Notification Thread" daemon [_thread_blocked, id=12932, stack(0x00000056c1000000,0x00000056c1100000)]
  0x000002297f6589a0 JavaThread "C2 CompilerThread1" daemon [_thread_in_native, id=12572, stack(0x00000056c1200000,0x00000056c1300000)]

Other Threads:
  0x000002297e881af0 VMThread "VM Thread" [stack: 0x00000056c0400000,0x00000056c0500000] [id=7828]
  0x000002297f5524a0 WatcherThread [stack: 0x00000056c1100000,0x00000056c1200000] [id=19840]
  0x0000022975130030 GCTaskThread "GC Thread#0" [stack: 0x00000056bff00000,0x00000056c0000000] [id=2196]
  0x0000022918f67820 GCTaskThread "GC Thread#1" [stack: 0x00000056c1300000,0x00000056c1400000] [id=16364]
  0x0000022918f67b30 GCTaskThread "GC Thread#2" [stack: 0x00000056c1400000,0x00000056c1500000] [id=17300]
  0x000002297fedbb00 GCTaskThread "GC Thread#3" [stack: 0x00000056c1500000,0x00000056c1600000] [id=22304]
  0x000002297fedc210 GCTaskThread "GC Thread#4" [stack: 0x00000056c1600000,0x00000056c1700000] [id=12832]
  0x0000022918ef6aa0 GCTaskThread "GC Thread#5" [stack: 0x00000056c1700000,0x00000056c1800000] [id=23260]
  0x0000022975141a50 ConcurrentGCThread "G1 Main Marker" [stack: 0x00000056c0000000,0x00000056c0100000] [id=7236]
  0x00000229751424c0 ConcurrentGCThread "G1 Conc#0" [stack: 0x00000056c0100000,0x00000056c0200000] [id=16596]
  0x000002297e7420c0 ConcurrentGCThread "G1 Refine#0" [stack: 0x00000056c0200000,0x00000056c0300000] [id=22328]
  0x000002297e7438f0 ConcurrentGCThread "G1 Service" [stack: 0x00000056c0300000,0x00000056c0400000] [id=14720]

Threads with active compile tasks:
C2 CompilerThread0     2911 4075       4       org.eclipse.aether.util.graph.transformer.ConflictResolver$State::push (447 bytes)
C1 CompilerThread0     2911 4112       3       java.net.URL::isValidProtocol (78 bytes)
C2 CompilerThread1     2911 4051       4       org.apache.maven.model.inheritance.DefaultInheritanceAssembler$InheritanceModelMerger::mergePlugin (71 bytes)

VM state: not at safepoint (normal execution)

VM Mutex/Monitor currently owned by a thread: None

Heap address: 0x000000070a200000, size: 3934 MB, Compressed Oops mode: Zero based, Oop shift amount: 3

CDS archive(s) mapped at: [0x0000000800000000-0x0000000800bb0000-0x0000000800bb0000), size 12255232, SharedBaseAddress: 0x0000000800000000, ArchiveRelocationMode: 0.
Compressed class space mapped at: 0x0000000800c00000-0x0000000840c00000, reserved size: 1073741824
Narrow klass base: 0x0000000800000000, Narrow klass shift: 3, Narrow klass range: 0x100000000

GC Precious Log:
 CPUs: 6 total, 6 available
 Memory: 15733M
 Large Page Support: Disabled
 NUMA Support: Disabled
 Compressed Oops: Enabled (Zero based)
 Heap Region Size: 2M
 Heap Min Capacity: 8M
 Heap Initial Capacity: 246M
 Heap Max Capacity: 3934M
 Pre-touch: Disabled
 Parallel Workers: 6
 Concurrent Workers: 2
 Concurrent Refinement Workers: 6
 Periodic GC: Disabled

Heap:
 garbage-first heap   total 251904K, used 133886K [0x000000070a200000, 0x0000000800000000)
  region size 2048K, 65 young (133120K), 1 survivors (2048K)
 Metaspace       used 15375K, committed 15616K, reserved 1064960K
  class space    used 1630K, committed 1728K, reserved 1048576K

Heap Regions: E=young(eden), S=young(survivor), O=old, HS=humongous(starts), HC=humongous(continues), CS=collection set, F=free, OA=open archive, CA=closed archive, TAMS=top-at-mark-start (previous, next)
|   0|0x000000070a200000, 0x000000070a400000, 0x000000070a400000|100%| O|  |TAMS 0x000000070a200000, 0x000000070a200000| Untracked 
|   1|0x000000070a400000, 0x000000070a58c200, 0x000000070a600000| 77%| O|  |TAMS 0x000000070a400000, 0x000000070a400000| Untracked 
|   2|0x000000070a600000, 0x000000070a600000, 0x000000070a800000|  0%| F|  |TAMS 0x000000070a600000, 0x000000070a600000| Untracked 
|   3|0x000000070a800000, 0x000000070a800000, 0x000000070aa00000|  0%| F|  |TAMS 0x000000070a800000, 0x000000070a800000| Untracked 
|   4|0x000000070aa00000, 0x000000070aa00000, 0x000000070ac00000|  0%| F|  |TAMS 0x000000070aa00000, 0x000000070aa00000| Untracked 
|   5|0x000000070ac00000, 0x000000070ac00000, 0x000000070ae00000|  0%| F|  |TAMS 0x000000070ac00000, 0x000000070ac00000| Untracked 
|   6|0x000000070ae00000, 0x000000070ae00000, 0x000000070b000000|  0%| F|  |TAMS 0x000000070ae00000, 0x000000070ae00000| Untracked 
|   7|0x000000070b000000, 0x000000070b000000, 0x000000070b200000|  0%| F|  |TAMS 0x000000070b000000, 0x000000070b000000| Untracked 
|   8|0x000000070b200000, 0x000000070b200000, 0x000000070b400000|  0%| F|  |TAMS 0x000000070b200000, 0x000000070b200000| Untracked 
|   9|0x000000070b400000, 0x000000070b400000, 0x000000070b600000|  0%| F|  |TAMS 0x000000070b400000, 0x000000070b400000| Untracked 
|  10|0x000000070b600000, 0x000000070b600000, 0x000000070b800000|  0%| F|  |TAMS 0x000000070b600000, 0x000000070b600000| Untracked 
|  11|0x000000070b800000, 0x000000070b800000, 0x000000070ba00000|  0%| F|  |TAMS 0x000000070b800000, 0x000000070b800000| Untracked 
|  12|0x000000070ba00000, 0x000000070ba00000, 0x000000070bc00000|  0%| F|  |TAMS 0x000000070ba00000, 0x000000070ba00000| Untracked 
|  13|0x000000070bc00000, 0x000000070bc00000, 0x000000070be00000|  0%| F|  |TAMS 0x000000070bc00000, 0x000000070bc00000| Untracked 
|  14|0x000000070be00000, 0x000000070be00000, 0x000000070c000000|  0%| F|  |TAMS 0x000000070be00000, 0x000000070be00000| Untracked 
|  15|0x000000070c000000, 0x000000070c000000, 0x000000070c200000|  0%| F|  |TAMS 0x000000070c000000, 0x000000070c000000| Untracked 
|  16|0x000000070c200000, 0x000000070c200000, 0x000000070c400000|  0%| F|  |TAMS 0x000000070c200000, 0x000000070c200000| Untracked 
|  17|0x000000070c400000, 0x000000070c400000, 0x000000070c600000|  0%| F|  |TAMS 0x000000070c400000, 0x000000070c400000| Untracked 
|  18|0x000000070c600000, 0x000000070c600000, 0x000000070c800000|  0%| F|  |TAMS 0x000000070c600000, 0x000000070c600000| Untracked 
|  19|0x000000070c800000, 0x000000070c800000, 0x000000070ca00000|  0%| F|  |TAMS 0x000000070c800000, 0x000000070c800000| Untracked 
|  20|0x000000070ca00000, 0x000000070ca00000, 0x000000070cc00000|  0%| F|  |TAMS 0x000000070ca00000, 0x000000070ca00000| Untracked 
|  21|0x000000070cc00000, 0x000000070cc00000, 0x000000070ce00000|  0%| F|  |TAMS 0x000000070cc00000, 0x000000070cc00000| Untracked 
|  22|0x000000070ce00000, 0x000000070ce00000, 0x000000070d000000|  0%| F|  |TAMS 0x000000070ce00000, 0x000000070ce00000| Untracked 
|  23|0x000000070d000000, 0x000000070d000000, 0x000000070d200000|  0%| F|  |TAMS 0x000000070d000000, 0x000000070d000000| Untracked 
|  24|0x000000070d200000, 0x000000070d200000, 0x000000070d400000|  0%| F|  |TAMS 0x000000070d200000, 0x000000070d200000| Untracked 
|  25|0x000000070d400000, 0x000000070d400000, 0x000000070d600000|  0%| F|  |TAMS 0x000000070d400000, 0x000000070d400000| Untracked 
|  26|0x000000070d600000, 0x000000070d600000, 0x000000070d800000|  0%| F|  |TAMS 0x000000070d600000, 0x000000070d600000| Untracked 
|  27|0x000000070d800000, 0x000000070d800000, 0x000000070da00000|  0%| F|  |TAMS 0x000000070d800000, 0x000000070d800000| Untracked 
|  28|0x000000070da00000, 0x000000070da00000, 0x000000070dc00000|  0%| F|  |TAMS 0x000000070da00000, 0x000000070da00000| Untracked 
|  29|0x000000070dc00000, 0x000000070dc00000, 0x000000070de00000|  0%| F|  |TAMS 0x000000070dc00000, 0x000000070dc00000| Untracked 
|  30|0x000000070de00000, 0x000000070de00000, 0x000000070e000000|  0%| F|  |TAMS 0x000000070de00000, 0x000000070de00000| Untracked 
|  31|0x000000070e000000, 0x000000070e000000, 0x000000070e200000|  0%| F|  |TAMS 0x000000070e000000, 0x000000070e000000| Untracked 
|  32|0x000000070e200000, 0x000000070e200000, 0x000000070e400000|  0%| F|  |TAMS 0x000000070e200000, 0x000000070e200000| Untracked 
|  33|0x000000070e400000, 0x000000070e400000, 0x000000070e600000|  0%| F|  |TAMS 0x000000070e400000, 0x000000070e400000| Untracked 
|  34|0x000000070e600000, 0x000000070e600000, 0x000000070e800000|  0%| F|  |TAMS 0x000000070e600000, 0x000000070e600000| Untracked 
|  35|0x000000070e800000, 0x000000070e800000, 0x000000070ea00000|  0%| F|  |TAMS 0x000000070e800000, 0x000000070e800000| Untracked 
|  36|0x000000070ea00000, 0x000000070ea00000, 0x000000070ec00000|  0%| F|  |TAMS 0x000000070ea00000, 0x000000070ea00000| Untracked 
|  37|0x000000070ec00000, 0x000000070ec00000, 0x000000070ee00000|  0%| F|  |TAMS 0x000000070ec00000, 0x000000070ec00000| Untracked 
|  38|0x000000070ee00000, 0x000000070ee00000, 0x000000070f000000|  0%| F|  |TAMS 0x000000070ee00000, 0x000000070ee00000| Untracked 
|  39|0x000000070f000000, 0x000000070f000000, 0x000000070f200000|  0%| F|  |TAMS 0x000000070f000000, 0x000000070f000000| Untracked 
|  40|0x000000070f200000, 0x000000070f200000, 0x000000070f400000|  0%| F|  |TAMS 0x000000070f200000, 0x000000070f200000| Untracked 
|  41|0x000000070f400000, 0x000000070f400000, 0x000000070f600000|  0%| F|  |TAMS 0x000000070f400000, 0x000000070f400000| Untracked 
|  42|0x000000070f600000, 0x000000070f600000, 0x000000070f800000|  0%| F|  |TAMS 0x000000070f600000, 0x000000070f600000| Untracked 
|  43|0x000000070f800000, 0x000000070f800000, 0x000000070fa00000|  0%| F|  |TAMS 0x000000070f800000, 0x000000070f800000| Untracked 
|  44|0x000000070fa00000, 0x000000070fa00000, 0x000000070fc00000|  0%| F|  |TAMS 0x000000070fa00000, 0x000000070fa00000| Untracked 
|  45|0x000000070fc00000, 0x000000070fc00000, 0x000000070fe00000|  0%| F|  |TAMS 0x000000070fc00000, 0x000000070fc00000| Untracked 
|  46|0x000000070fe00000, 0x000000070fe00000, 0x0000000710000000|  0%| F|  |TAMS 0x000000070fe00000, 0x000000070fe00000| Untracked 
|  47|0x0000000710000000, 0x0000000710000000, 0x0000000710200000|  0%| F|  |TAMS 0x0000000710000000, 0x0000000710000000| Untracked 
|  48|0x0000000710200000, 0x0000000710200000, 0x0000000710400000|  0%| F|  |TAMS 0x0000000710200000, 0x0000000710200000| Untracked 
|  49|0x0000000710400000, 0x0000000710400000, 0x0000000710600000|  0%| F|  |TAMS 0x0000000710400000, 0x0000000710400000| Untracked 
|  50|0x0000000710600000, 0x0000000710600000, 0x0000000710800000|  0%| F|  |TAMS 0x0000000710600000, 0x0000000710600000| Untracked 
|  51|0x0000000710800000, 0x0000000710800000, 0x0000000710a00000|  0%| F|  |TAMS 0x0000000710800000, 0x0000000710800000| Untracked 
|  52|0x0000000710a00000, 0x0000000710a00000, 0x0000000710c00000|  0%| F|  |TAMS 0x0000000710a00000, 0x0000000710a00000| Untracked 
|  53|0x0000000710c00000, 0x0000000710c00000, 0x0000000710e00000|  0%| F|  |TAMS 0x0000000710c00000, 0x0000000710c00000| Untracked 
|  54|0x0000000710e00000, 0x0000000710e00000, 0x0000000711000000|  0%| F|  |TAMS 0x0000000710e00000, 0x0000000710e00000| Untracked 
|  55|0x0000000711000000, 0x0000000711000000, 0x0000000711200000|  0%| F|  |TAMS 0x0000000711000000, 0x0000000711000000| Untracked 
|  56|0x0000000711200000, 0x0000000711200000, 0x0000000711400000|  0%| F|  |TAMS 0x0000000711200000, 0x0000000711200000| Untracked 
|  57|0x0000000711400000, 0x0000000711400000, 0x0000000711600000|  0%| F|  |TAMS 0x0000000711400000, 0x0000000711400000| Untracked 
|  58|0x0000000711600000, 0x0000000711700800, 0x0000000711800000| 50%| E|  |TAMS 0x0000000711600000, 0x0000000711600000| Complete 
|  59|0x0000000711800000, 0x0000000711a00000, 0x0000000711a00000|100%| E|CS|TAMS 0x0000000711800000, 0x0000000711800000| Complete 
|  60|0x0000000711a00000, 0x0000000711c00000, 0x0000000711c00000|100%| E|CS|TAMS 0x0000000711a00000, 0x0000000711a00000| Complete 
|  61|0x0000000711c00000, 0x0000000711e00000, 0x0000000711e00000|100%| E|CS|TAMS 0x0000000711c00000, 0x0000000711c00000| Complete 
|  62|0x0000000711e00000, 0x0000000712000000, 0x0000000712000000|100%| E|CS|TAMS 0x0000000711e00000, 0x0000000711e00000| Complete 
|  63|0x0000000712000000, 0x0000000712200000, 0x0000000712200000|100%| E|CS|TAMS 0x0000000712000000, 0x0000000712000000| Complete 
|  64|0x0000000712200000, 0x0000000712400000, 0x0000000712400000|100%| E|CS|TAMS 0x0000000712200000, 0x0000000712200000| Complete 
|  65|0x0000000712400000, 0x0000000712600000, 0x0000000712600000|100%| E|CS|TAMS 0x0000000712400000, 0x0000000712400000| Complete 
|  66|0x0000000712600000, 0x0000000712800000, 0x0000000712800000|100%| E|CS|TAMS 0x0000000712600000, 0x0000000712600000| Complete 
|  67|0x0000000712800000, 0x0000000712a00000, 0x0000000712a00000|100%| E|CS|TAMS 0x0000000712800000, 0x0000000712800000| Complete 
|  68|0x0000000712a00000, 0x0000000712c00000, 0x0000000712c00000|100%| E|CS|TAMS 0x0000000712a00000, 0x0000000712a00000| Complete 
|  69|0x0000000712c00000, 0x0000000712e00000, 0x0000000712e00000|100%| E|CS|TAMS 0x0000000712c00000, 0x0000000712c00000| Complete 
|  70|0x0000000712e00000, 0x0000000713000000, 0x0000000713000000|100%| E|CS|TAMS 0x0000000712e00000, 0x0000000712e00000| Complete 
|  71|0x0000000713000000, 0x0000000713200000, 0x0000000713200000|100%| E|CS|TAMS 0x0000000713000000, 0x0000000713000000| Complete 
|  72|0x0000000713200000, 0x0000000713400000, 0x0000000713400000|100%| E|CS|TAMS 0x0000000713200000, 0x0000000713200000| Complete 
|  73|0x0000000713400000, 0x0000000713600000, 0x0000000713600000|100%| E|CS|TAMS 0x0000000713400000, 0x0000000713400000| Complete 
|  74|0x0000000713600000, 0x0000000713800000, 0x0000000713800000|100%| E|CS|TAMS 0x0000000713600000, 0x0000000713600000| Complete 
|  75|0x0000000713800000, 0x0000000713a00000, 0x0000000713a00000|100%| E|CS|TAMS 0x0000000713800000, 0x0000000713800000| Complete 
|  76|0x0000000713a00000, 0x0000000713c00000, 0x0000000713c00000|100%| E|CS|TAMS 0x0000000713a00000, 0x0000000713a00000| Complete 
|  77|0x0000000713c00000, 0x0000000713e00000, 0x0000000713e00000|100%| E|CS|TAMS 0x0000000713c00000, 0x0000000713c00000| Complete 
|  78|0x0000000713e00000, 0x0000000714000000, 0x0000000714000000|100%| E|CS|TAMS 0x0000000713e00000, 0x0000000713e00000| Complete 
|  79|0x0000000714000000, 0x0000000714200000, 0x0000000714200000|100%| E|CS|TAMS 0x0000000714000000, 0x0000000714000000| Complete 
|  80|0x0000000714200000, 0x0000000714400000, 0x0000000714400000|100%| E|CS|TAMS 0x0000000714200000, 0x0000000714200000| Complete 
|  81|0x0000000714400000, 0x0000000714600000, 0x0000000714600000|100%| E|CS|TAMS 0x0000000714400000, 0x0000000714400000| Complete 
|  82|0x0000000714600000, 0x0000000714800000, 0x0000000714800000|100%| E|CS|TAMS 0x0000000714600000, 0x0000000714600000| Complete 
|  83|0x0000000714800000, 0x0000000714a00000, 0x0000000714a00000|100%| E|CS|TAMS 0x0000000714800000, 0x0000000714800000| Complete 
|  84|0x0000000714a00000, 0x0000000714c00000, 0x0000000714c00000|100%| E|CS|TAMS 0x0000000714a00000, 0x0000000714a00000| Complete 
|  85|0x0000000714c00000, 0x0000000714e00000, 0x0000000714e00000|100%| E|CS|TAMS 0x0000000714c00000, 0x0000000714c00000| Complete 
|  86|0x0000000714e00000, 0x0000000715000000, 0x0000000715000000|100%| E|CS|TAMS 0x0000000714e00000, 0x0000000714e00000| Complete 
|  87|0x0000000715000000, 0x0000000715200000, 0x0000000715200000|100%| E|CS|TAMS 0x0000000715000000, 0x0000000715000000| Complete 
|  88|0x0000000715200000, 0x0000000715400000, 0x0000000715400000|100%| E|CS|TAMS 0x0000000715200000, 0x0000000715200000| Complete 
|  89|0x0000000715400000, 0x0000000715600000, 0x0000000715600000|100%| E|CS|TAMS 0x0000000715400000, 0x0000000715400000| Complete 
|  90|0x0000000715600000, 0x0000000715800000, 0x0000000715800000|100%| E|CS|TAMS 0x0000000715600000, 0x0000000715600000| Complete 
|  91|0x0000000715800000, 0x0000000715a00000, 0x0000000715a00000|100%| E|CS|TAMS 0x0000000715800000, 0x0000000715800000| Complete 
|  92|0x0000000715a00000, 0x0000000715c00000, 0x0000000715c00000|100%| E|CS|TAMS 0x0000000715a00000, 0x0000000715a00000| Complete 
|  93|0x0000000715c00000, 0x0000000715e00000, 0x0000000715e00000|100%| E|CS|TAMS 0x0000000715c00000, 0x0000000715c00000| Complete 
|  94|0x0000000715e00000, 0x0000000716000000, 0x0000000716000000|100%| E|CS|TAMS 0x0000000715e00000, 0x0000000715e00000| Complete 
|  95|0x0000000716000000, 0x0000000716200000, 0x0000000716200000|100%| E|CS|TAMS 0x0000000716000000, 0x0000000716000000| Complete 
|  96|0x0000000716200000, 0x0000000716400000, 0x0000000716400000|100%| E|CS|TAMS 0x0000000716200000, 0x0000000716200000| Complete 
|  97|0x0000000716400000, 0x0000000716600000, 0x0000000716600000|100%| E|CS|TAMS 0x0000000716400000, 0x0000000716400000| Complete 
|  98|0x0000000716600000, 0x0000000716800000, 0x0000000716800000|100%| E|CS|TAMS 0x0000000716600000, 0x0000000716600000| Complete 
|  99|0x0000000716800000, 0x0000000716a00000, 0x0000000716a00000|100%| E|CS|TAMS 0x0000000716800000, 0x0000000716800000| Complete 
| 100|0x0000000716a00000, 0x0000000716c00000, 0x0000000716c00000|100%| E|CS|TAMS 0x0000000716a00000, 0x0000000716a00000| Complete 
| 101|0x0000000716c00000, 0x0000000716e00000, 0x0000000716e00000|100%| E|CS|TAMS 0x0000000716c00000, 0x0000000716c00000| Complete 
| 102|0x0000000716e00000, 0x0000000717000000, 0x0000000717000000|100%| E|CS|TAMS 0x0000000716e00000, 0x0000000716e00000| Complete 
| 103|0x0000000717000000, 0x0000000717200000, 0x0000000717200000|100%| E|CS|TAMS 0x0000000717000000, 0x0000000717000000| Complete 
| 104|0x0000000717200000, 0x0000000717400000, 0x0000000717400000|100%| E|CS|TAMS 0x0000000717200000, 0x0000000717200000| Complete 
| 105|0x0000000717400000, 0x0000000717600000, 0x0000000717600000|100%| E|CS|TAMS 0x0000000717400000, 0x0000000717400000| Complete 
| 106|0x0000000717600000, 0x0000000717800000, 0x0000000717800000|100%| E|CS|TAMS 0x0000000717600000, 0x0000000717600000| Complete 
| 107|0x0000000717800000, 0x0000000717933860, 0x0000000717a00000| 60%| S|CS|TAMS 0x0000000717800000, 0x0000000717800000| Complete 
| 108|0x0000000717a00000, 0x0000000717c00000, 0x0000000717c00000|100%| E|CS|TAMS 0x0000000717a00000, 0x0000000717a00000| Complete 
| 109|0x0000000717c00000, 0x0000000717e00000, 0x0000000717e00000|100%| E|CS|TAMS 0x0000000717c00000, 0x0000000717c00000| Complete 
| 110|0x0000000717e00000, 0x0000000718000000, 0x0000000718000000|100%| E|CS|TAMS 0x0000000717e00000, 0x0000000717e00000| Complete 
| 111|0x0000000718000000, 0x0000000718200000, 0x0000000718200000|100%| E|CS|TAMS 0x0000000718000000, 0x0000000718000000| Complete 
| 112|0x0000000718200000, 0x0000000718400000, 0x0000000718400000|100%| E|CS|TAMS 0x0000000718200000, 0x0000000718200000| Complete 
| 113|0x0000000718400000, 0x0000000718600000, 0x0000000718600000|100%| E|CS|TAMS 0x0000000718400000, 0x0000000718400000| Complete 
| 114|0x0000000718600000, 0x0000000718800000, 0x0000000718800000|100%| E|CS|TAMS 0x0000000718600000, 0x0000000718600000| Complete 
| 115|0x0000000718800000, 0x0000000718a00000, 0x0000000718a00000|100%| E|CS|TAMS 0x0000000718800000, 0x0000000718800000| Complete 
| 116|0x0000000718a00000, 0x0000000718c00000, 0x0000000718c00000|100%| E|CS|TAMS 0x0000000718a00000, 0x0000000718a00000| Complete 
| 117|0x0000000718c00000, 0x0000000718e00000, 0x0000000718e00000|100%| E|CS|TAMS 0x0000000718c00000, 0x0000000718c00000| Complete 
| 118|0x0000000718e00000, 0x0000000719000000, 0x0000000719000000|100%| E|CS|TAMS 0x0000000718e00000, 0x0000000718e00000| Complete 
| 119|0x0000000719000000, 0x0000000719200000, 0x0000000719200000|100%| E|CS|TAMS 0x0000000719000000, 0x0000000719000000| Complete 
| 120|0x0000000719200000, 0x0000000719400000, 0x0000000719400000|100%| E|CS|TAMS 0x0000000719200000, 0x0000000719200000| Complete 
| 121|0x0000000719400000, 0x0000000719600000, 0x0000000719600000|100%| E|CS|TAMS 0x0000000719400000, 0x0000000719400000| Complete 
| 122|0x0000000719600000, 0x0000000719800000, 0x0000000719800000|100%| E|CS|TAMS 0x0000000719600000, 0x0000000719600000| Complete 

Card table byte_map: [0x000002297d120000,0x000002297d8d0000] _byte_map_base: 0x00000229798cf000

Marking Bits (Prev, Next): (CMBitMap*) 0x0000022975131ab0, (CMBitMap*) 0x0000022975131af0
 Prev Bits: [0x000002290f000000, 0x0000022912d78000)
 Next Bits: [0x0000022912d80000, 0x0000022916af8000)

Polling page: 0x00000229748c0000

Metaspace:

Usage:
  Non-class:     13.45 MB used.
      Class:      1.60 MB used.
       Both:     15.05 MB used.

Virtual space:
  Non-class space:       16.00 MB reserved,      13.56 MB ( 85%) committed,  2 nodes.
      Class space:        1.00 GB reserved,       1.69 MB ( <1%) committed,  1 nodes.
              Both:        1.02 GB reserved,      15.25 MB (  1%) committed. 

Chunk freelists:
   Non-Class:  2.25 MB
       Class:  2.15 MB
        Both:  4.40 MB

MaxMetaspaceSize: 17179869184.00 GB
CompressedClassSpaceSize: 1.00 GB
 - commit_granule_bytes: 65536.
 - commit_granule_words: 8192.
 - virtual_space_node_default_size: 1048576.
 - enlarge_chunks_in_place: 1.
 - new_chunks_are_fully_committed: 0.
 - uncommit_free_chunks: 1.
 - use_allocation_guard: 0.
 - handle_deallocations: 1.


Internal statistics:

num_allocs_failed_limit: 0.
num_arena_births: 90.
num_arena_deaths: 0.
num_vsnodes_births: 3.
num_vsnodes_deaths: 0.
num_space_committed: 244.
num_space_uncommitted: 0.
num_chunks_returned_to_freelist: 0.
num_chunks_taken_from_freelist: 619.
num_chunk_merges: 0.
num_chunk_splits: 422.
num_chunks_enlarged: 326.
num_purges: 0.

CodeHeap 'non-profiled nmethods': size=120000Kb used=2210Kb max_used=2210Kb free=117789Kb
 bounds [0x0000022907ad0000, 0x0000022907d40000, 0x000002290f000000]
CodeHeap 'profiled nmethods': size=120000Kb used=8686Kb max_used=8686Kb free=111313Kb
 bounds [0x00000229005a0000, 0x0000022900e20000, 0x0000022907ad0000]
CodeHeap 'non-nmethods': size=5760Kb used=1212Kb max_used=1263Kb free=4547Kb
 bounds [0x0000022900000000, 0x0000022900270000, 0x00000229005a0000]
 total_blobs=4613 nmethods=4106 adapters=419
 compilation: enabled
              stopped_count=0, restarted_count=0
 full_count=0

Compilation events (20 events):
Event: 2.840 Thread 0x000002297e8a6310 4071       3       java.util.Collections$SingletonSet::contains (9 bytes)
Event: 2.840 Thread 0x000002297e8a6310 nmethod 4071 0x0000022900e08010 code [0x0000022900e081c0, 0x0000022900e084c8]
Event: 2.840 Thread 0x000002297e8a6310 4076       1       org.eclipse.aether.util.graph.transformer.ConflictResolver$ConflictItem::getOptionalities (5 bytes)
Event: 2.840 Thread 0x000002297e8a6310 nmethod 4076 0x0000022907cf3110 code [0x0000022907cf32a0, 0x0000022907cf3378]
Event: 2.840 Thread 0x000002297e8a6310 4077       1       org.eclipse.aether.util.graph.transformer.ConflictResolver$ConflictContext::setWinner (6 bytes)
Event: 2.840 Thread 0x000002297e8a6310 nmethod 4077 0x0000022907cf3410 code [0x0000022907cf35a0, 0x0000022907cf36b8]
Event: 2.840 Thread 0x000002297e8a6310 4078       1       org.eclipse.aether.util.graph.transformer.ConflictResolver$ConflictContext::getWinner (5 bytes)
Event: 2.840 Thread 0x000002297e8a6310 nmethod 4078 0x0000022907cf3710 code [0x0000022907cf38a0, 0x0000022907cf3978]
Event: 2.840 Thread 0x000002297e8a6310 4079       1       org.eclipse.aether.util.graph.transformer.ConflictResolver$ConflictContext::setScope (6 bytes)
Event: 2.840 Thread 0x000002297e8a6310 nmethod 4079 0x0000022907cf3a10 code [0x0000022907cf3ba0, 0x0000022907cf3cb8]
Event: 2.840 Thread 0x000002297e8a6310 4080       1       org.eclipse.aether.util.graph.transformer.ConflictResolver$ConflictContext::setOptional (6 bytes)
Event: 2.840 Thread 0x000002297e8a6310 nmethod 4080 0x0000022907cf3d10 code [0x0000022907cf3ea0, 0x0000022907cf3fb8]
Event: 2.840 Thread 0x000002297e8a6310 4082       3       org.eclipse.aether.util.graph.visitor.Stack::pop (32 bytes)
Event: 2.841 Thread 0x000002297e8a6310 nmethod 4082 0x0000022900e08590 code [0x0000022900e08740, 0x0000022900e089a8]
Event: 2.841 Thread 0x000002297e8a6310 4081       1       org.eclipse.aether.graph.DefaultDependencyNode::getRepositories (5 bytes)
Event: 2.841 Thread 0x000002297e8a6310 nmethod 4081 0x0000022907cf4010 code [0x0000022907cf41a0, 0x0000022907cf4278]
Event: 2.841 Thread 0x000002297e8a6310 4083       1       org.eclipse.aether.internal.impl.ArtifactRequestBuilder::visitLeave (2 bytes)
Event: 2.841 Thread 0x000002297e8a6310 nmethod 4083 0x0000022907cf4310 code [0x0000022907cf44a0, 0x0000022907cf4578]
Event: 2.843 Thread 0x000002297e8a58d0 nmethod 4038 0x0000022907cf4610 code [0x0000022907cf4860, 0x0000022907cf6570]
Event: 2.843 Thread 0x000002297e8a58d0 4075       4       org.eclipse.aether.util.graph.transformer.ConflictResolver$State::push (447 bytes)

GC Heap History (4 events):
Event: 0.573 GC heap before
{Heap before GC invocations=0 (full 0):
 garbage-first heap   total 251904K, used 20480K [0x000000070a200000, 0x0000000800000000)
  region size 2048K, 10 young (20480K), 0 survivors (0K)
 Metaspace       used 5670K, committed 5888K, reserved 1056768K
  class space    used 623K, committed 704K, reserved 1048576K
}
Event: 0.580 GC heap after
{Heap after GC invocations=1 (full 0):
 garbage-first heap   total 251904K, used 3722K [0x000000070a200000, 0x0000000800000000)
  region size 2048K, 2 young (4096K), 2 survivors (4096K)
 Metaspace       used 5670K, committed 5888K, reserved 1056768K
  class space    used 623K, committed 704K, reserved 1048576K
}
Event: 0.946 GC heap before
{Heap before GC invocations=1 (full 0):
 garbage-first heap   total 251904K, used 30346K [0x000000070a200000, 0x0000000800000000)
  region size 2048K, 15 young (30720K), 2 survivors (4096K)
 Metaspace       used 8777K, committed 8960K, reserved 1064960K
  class space    used 1018K, committed 1088K, reserved 1048576K
}
Event: 0.950 GC heap after
{Heap after GC invocations=2 (full 0):
 garbage-first heap   total 251904K, used 4862K [0x000000070a200000, 0x0000000800000000)
  region size 2048K, 1 young (2048K), 1 survivors (2048K)
 Metaspace       used 8777K, committed 8960K, reserved 1064960K
  class space    used 1018K, committed 1088K, reserved 1048576K
}

Deoptimization events (20 events):
Event: 2.681 Thread 0x00000229750e17c0 DEOPT PACKING pc=0x0000022907cd2e48 sp=0x00000056bfefc990
Event: 2.681 Thread 0x00000229750e17c0 DEOPT UNPACKING pc=0x000002290004d72e sp=0x00000056bfefc920 mode 2
Event: 2.695 Thread 0x00000229750e17c0 Uncommon trap: trap_request=0xffffffde fr.pc=0x0000022907c53064 relative=0x0000000000000504
Event: 2.695 Thread 0x00000229750e17c0 Uncommon trap: reason=class_check action=maybe_recompile pc=0x0000022907c53064 method=java.util.regex.Pattern$Start.match(Ljava/util/regex/Matcher;ILjava/lang/CharSequence;)Z @ 44 c2
Event: 2.695 Thread 0x00000229750e17c0 DEOPT PACKING pc=0x0000022907c53064 sp=0x00000056bfefc8f0
Event: 2.695 Thread 0x00000229750e17c0 DEOPT UNPACKING pc=0x000002290004d72e sp=0x00000056bfefc840 mode 2
Event: 2.695 Thread 0x00000229750e17c0 Uncommon trap: trap_request=0xffffffde fr.pc=0x0000022907c53064 relative=0x0000000000000504
Event: 2.695 Thread 0x00000229750e17c0 Uncommon trap: reason=class_check action=maybe_recompile pc=0x0000022907c53064 method=java.util.regex.Pattern$Start.match(Ljava/util/regex/Matcher;ILjava/lang/CharSequence;)Z @ 44 c2
Event: 2.695 Thread 0x00000229750e17c0 DEOPT PACKING pc=0x0000022907c53064 sp=0x00000056bfefc8f0
Event: 2.695 Thread 0x00000229750e17c0 DEOPT UNPACKING pc=0x000002290004d72e sp=0x00000056bfefc840 mode 2
Event: 2.728 Thread 0x00000229750e17c0 DEOPT PACKING pc=0x0000022900c9ec04 sp=0x00000056bfefc110
Event: 2.728 Thread 0x00000229750e17c0 DEOPT UNPACKING pc=0x000002290004dece sp=0x00000056bfefb5a8 mode 0
Event: 2.800 Thread 0x00000229750e17c0 Uncommon trap: trap_request=0xffffffc6 fr.pc=0x0000022907bf91c4 relative=0x0000000000001c04
Event: 2.800 Thread 0x00000229750e17c0 Uncommon trap: reason=bimorphic_or_optimized_type_check action=maybe_recompile pc=0x0000022907bf91c4 method=java.util.HashMap.putVal(ILjava/lang/Object;Ljava/lang/Object;ZZ)Ljava/lang/Object; @ 203 c2
Event: 2.800 Thread 0x00000229750e17c0 DEOPT PACKING pc=0x0000022907bf91c4 sp=0x00000056bfefd000
Event: 2.800 Thread 0x00000229750e17c0 DEOPT UNPACKING pc=0x000002290004d72e sp=0x00000056bfefcfb0 mode 2
Event: 2.802 Thread 0x00000229750e17c0 DEOPT PACKING pc=0x0000022900c9ec04 sp=0x00000056bfefc9f0
Event: 2.802 Thread 0x00000229750e17c0 DEOPT UNPACKING pc=0x000002290004dece sp=0x00000056bfefbe88 mode 0
Event: 2.867 Thread 0x00000229750e17c0 DEOPT PACKING pc=0x0000022900c9ec04 sp=0x00000056bfefd130
Event: 2.867 Thread 0x00000229750e17c0 DEOPT UNPACKING pc=0x000002290004dece sp=0x00000056bfefc5c8 mode 0

Classes unloaded (0 events):
No events

Classes redefined (0 events):
No events

Internal exceptions (11 events):
Event: 0.075 Thread 0x000002297f5da1c0 Exception <a 'java/lang/NoSuchMethodError'{0x0000000719470c50}: 'java.lang.Object java.lang.invoke.DirectMethodHandle$Holder.invokeStatic(java.lang.Object)'> (0x0000000719470c50) 
thrown [t:\workspace\open\src\hotspot\share\interpreter\linkResolver.cpp, line 790]
Event: 0.075 Thread 0x000002297f5da1c0 Exception <a 'java/lang/NoSuchMethodError'{0x0000000719474560}: 'java.lang.Object java.lang.invoke.DirectMethodHandle$Holder.invokeStaticInit(java.lang.Object)'> (0x0000000719474560) 
thrown [t:\workspace\open\src\hotspot\share\interpreter\linkResolver.cpp, line 790]
Event: 0.080 Thread 0x000002297f5da1c0 Exception <a 'java/lang/NoSuchMethodError'{0x0000000719482258}: 'void java.lang.invoke.DirectMethodHandle$Holder.invokeStatic(java.lang.Object, java.lang.Object)'> (0x0000000719482258) 
thrown [t:\workspace\open\src\hotspot\share\interpreter\linkResolver.cpp, line 790]
Event: 0.160 Thread 0x00000229750e17c0 Exception <a 'java/lang/NoSuchMethodError'{0x000000071936fce8}: 'java.lang.Object java.lang.invoke.DirectMethodHandle$Holder.invokeStaticInit(java.lang.Object, int, int, int, int)'> (0x000000071936fce8) 
thrown [t:\workspace\open\src\hotspot\share\interpreter\linkResolver.cpp, line 790]
Event: 0.207 Thread 0x00000229750e17c0 Exception <a 'java/lang/NoSuchMethodError'{0x0000000719027218}: 'java.lang.Object java.lang.invoke.DirectMethodHandle$Holder.invokeStaticInit(java.lang.Object, java.lang.Object, int, int, int, int)'> (0x0000000719027218) 
thrown [t:\workspace\open\src\hotspot\share\interpreter\linkResolver.cpp, line 790]
Event: 0.411 Thread 0x00000229750e17c0 Exception <a 'java/lang/NoSuchMethodError'{0x0000000718a06a80}: 'void java.lang.invoke.DirectMethodHandle$Holder.invokeSpecial(java.lang.Object, java.lang.Object, java.lang.Object)'> (0x0000000718a06a80) 
thrown [t:\workspace\open\src\hotspot\share\interpreter\linkResolver.cpp, line 790]
Event: 0.511 Thread 0x00000229750e17c0 Exception <a 'java/lang/NoSuchMethodError'{0x000000071873b610}: 'java.lang.Object java.lang.invoke.DirectMethodHandle$Holder.newInvokeSpecial(java.lang.Object, java.lang.Object, java.lang.Object, java.lang.Object, java.lang.Object)'> (0x000000071873b610) 
thrown [t:\workspace\open\src\hotspot\share\interpreter\linkResolver.cpp, line 790]
Event: 1.138 Thread 0x00000229750e17c0 Exception <a 'java/lang/NoClassDefFoundError'{0x0000000718d93aa8}: com/google/inject/servlet/ServletModuleTargetVisitor> (0x0000000718d93aa8) 
thrown [t:\workspace\open\src\hotspot\share\classfile\systemDictionary.cpp, line 245]
Event: 1.138 Thread 0x00000229750e17c0 Exception <a 'java/lang/NoClassDefFoundError'{0x0000000718d955d0}: javax/annotation/Priority> (0x0000000718d955d0) 
thrown [t:\workspace\open\src\hotspot\share\classfile\systemDictionary.cpp, line 245]
Event: 1.870 Thread 0x00000229750e17c0 Implicit null exception at 0x0000022907bc2f7e to 0x0000022907bc43a4
Event: 2.110 Thread 0x00000229750e17c0 Implicit null exception at 0x0000022907bf556d to 0x0000022907bf5738

Events (20 events):
Event: 2.340 Executing  VM operation: ICBufferFull
Event: 2.340 Executing  VM operation: ICBufferFull done
Event: 2.360 Executing  VM operation: ICBufferFull
Event: 2.360 Executing  VM operation: ICBufferFull done
Event: 2.375 Executing  VM operation: ICBufferFull
Event: 2.375 Executing  VM operation: ICBufferFull done
Event: 2.395 Executing  VM operation: ICBufferFull
Event: 2.395 Executing  VM operation: ICBufferFull done
Event: 2.417 Executing  VM operation: ICBufferFull
Event: 2.417 Executing  VM operation: ICBufferFull done
Event: 2.437 Executing  VM operation: ICBufferFull
Event: 2.437 Executing  VM operation: ICBufferFull done
Event: 2.520 Executing  VM operation: ICBufferFull
Event: 2.520 Executing  VM operation: ICBufferFull done
Event: 2.545 loading class java/io/PrintWriter
Event: 2.545 loading class java/io/PrintWriter done
Event: 2.573 loading class java/io/FileWriter
Event: 2.574 loading class java/io/FileWriter done
Event: 2.574 Executing  VM operation: HandshakeAllThreads
Event: 2.574 Executing  VM operation: HandshakeAllThreads done


Dynamic libraries:
0x00007ff610b60000 - 0x00007ff610b70000 	C:\Program Files\Java\jdk-16.0.1\bin\java.exe
0x00007ff9211d0000 - 0x00007ff9213c5000 	C:\Windows\SYSTEM32\ntdll.dll
0x00007ff8ec080000 - 0x00007ff8ec096000 	C:\Program Files\Avast Software\Avast\aswhook.dll
0x00007ff91f280000 - 0x00007ff91f33e000 	C:\Windows\System32\KERNEL32.DLL
0x00007ff91eae0000 - 0x00007ff91eda8000 	C:\Windows\System32\KERNELBASE.dll
0x00007ff91ede0000 - 0x00007ff91eee0000 	C:\Windows\System32\ucrtbase.dll
0x00007ff902de0000 - 0x00007ff902df9000 	C:\Program Files\Java\jdk-16.0.1\bin\VCRUNTIME140.dll
0x00007ff9002f0000 - 0x00007ff900308000 	C:\Program Files\Java\jdk-16.0.1\bin\jli.dll
0x00007ff91f340000 - 0x00007ff91f3ec000 	C:\Windows\System32\ADVAPI32.dll
0x00007ff91fee0000 - 0x00007ff91ff7e000 	C:\Windows\System32\msvcrt.dll
0x00007ff91f3f0000 - 0x00007ff91f48b000 	C:\Windows\System32\sechost.dll
0x00007ff91f4a0000 - 0x00007ff91f5ca000 	C:\Windows\System32\RPCRT4.dll
0x00007ff920640000 - 0x00007ff9207e1000 	C:\Windows\System32\USER32.dll
0x00007ff901fa0000 - 0x00007ff90223a000 	C:\Windows\WinSxS\amd64_microsoft.windows.common-controls_6595b64144ccf1df_6.0.19041.1110_none_60b5254171f9507e\COMCTL32.dll
0x00007ff91edb0000 - 0x00007ff91edd2000 	C:\Windows\System32\win32u.dll
0x00007ff920970000 - 0x00007ff92099b000 	C:\Windows\System32\GDI32.dll
0x00007ff91ef80000 - 0x00007ff91f08b000 	C:\Windows\System32\gdi32full.dll
0x00007ff91eee0000 - 0x00007ff91ef7d000 	C:\Windows\System32\msvcp_win.dll
0x00007ff91d690000 - 0x00007ff91d69a000 	C:\Windows\SYSTEM32\VERSION.dll
0x00007ff91feb0000 - 0x00007ff91fee0000 	C:\Windows\System32\IMM32.DLL
0x00007ff91be90000 - 0x00007ff91be9c000 	C:\Program Files\Java\jdk-16.0.1\bin\vcruntime140_1.dll
0x00007ff8f4a30000 - 0x00007ff8f4ac1000 	C:\Program Files\Java\jdk-16.0.1\bin\msvcp140.dll
0x00007ff8a9b50000 - 0x00007ff8aa6fb000 	C:\Program Files\Java\jdk-16.0.1\bin\server\jvm.dll
0x00007ff91f490000 - 0x00007ff91f498000 	C:\Windows\System32\PSAPI.DLL
0x00007ff909d50000 - 0x00007ff909d59000 	C:\Windows\SYSTEM32\WSOCK32.dll
0x00007ff914a50000 - 0x00007ff914a77000 	C:\Windows\SYSTEM32\WINMM.dll
0x00007ff91f980000 - 0x00007ff91f9eb000 	C:\Windows\System32\WS2_32.dll
0x00007ff91d650000 - 0x00007ff91d662000 	C:\Windows\SYSTEM32\kernel.appcore.dll
0x00007ff9194b0000 - 0x00007ff9194ba000 	C:\Program Files\Java\jdk-16.0.1\bin\jimage.dll
0x00007ff90b910000 - 0x00007ff90baf4000 	C:\Windows\SYSTEM32\DBGHELP.DLL
0x00007ff90b8e0000 - 0x00007ff90b90c000 	C:\Windows\SYSTEM32\dbgcore.DLL
0x00007ff91e8f0000 - 0x00007ff91e973000 	C:\Windows\System32\bcryptPrimitives.dll
0x00007ff919480000 - 0x00007ff91948e000 	C:\Program Files\Java\jdk-16.0.1\bin\instrument.dll
0x00007ff8fff90000 - 0x00007ff8fffb5000 	C:\Program Files\Java\jdk-16.0.1\bin\java.dll
0x00007ff9209a0000 - 0x00007ff9210df000 	C:\Windows\System32\SHELL32.dll
0x00007ff91cec0000 - 0x00007ff91d650000 	C:\Windows\SYSTEM32\windows.storage.dll
0x00007ff91fb50000 - 0x00007ff91fea5000 	C:\Windows\System32\combase.dll
0x00007ff91e190000 - 0x00007ff91e1be000 	C:\Windows\SYSTEM32\Wldp.dll
0x00007ff9210e0000 - 0x00007ff92118d000 	C:\Windows\System32\SHCORE.dll
0x00007ff91f6c0000 - 0x00007ff91f715000 	C:\Windows\System32\shlwapi.dll
0x00007ff91e830000 - 0x00007ff91e84f000 	C:\Windows\SYSTEM32\profapi.dll
0x00007ff8ff320000 - 0x00007ff8ff338000 	C:\Program Files\Java\jdk-16.0.1\bin\zip.dll
0x00007ff8fef80000 - 0x00007ff8fef99000 	C:\Program Files\Java\jdk-16.0.1\bin\net.dll
0x00007ff919090000 - 0x00007ff91919c000 	C:\Windows\SYSTEM32\WINHTTP.dll
0x00007ff91df70000 - 0x00007ff91dfda000 	C:\Windows\system32\mswsock.dll
0x00007ff8fce10000 - 0x00007ff8fce23000 	C:\Program Files\Java\jdk-16.0.1\bin\nio.dll
0x00007ff8fb150000 - 0x00007ff8fb16a000 	C:\Program Files\JetBrains\IntelliJ IDEA 2021.1.2\bin\breakgen64.dll
0x00007ff9193b0000 - 0x00007ff9193c0000 	C:\Program Files\Java\jdk-16.0.1\bin\verify.dll
0x00007ff91e1d0000 - 0x00007ff91e1e8000 	C:\Windows\SYSTEM32\CRYPTSP.dll
0x00007ff91d910000 - 0x00007ff91d944000 	C:\Windows\system32\rsaenh.dll
0x00007ff91f1f0000 - 0x00007ff91f217000 	C:\Windows\System32\bcrypt.dll
0x00007ff91e7f0000 - 0x00007ff91e81e000 	C:\Windows\SYSTEM32\USERENV.dll
0x00007ff91e100000 - 0x00007ff91e10c000 	C:\Windows\SYSTEM32\CRYPTBASE.dll
0x00007ff91dc80000 - 0x00007ff91dcbb000 	C:\Windows\SYSTEM32\IPHLPAPI.DLL
0x00007ff91fa10000 - 0x00007ff91fa18000 	C:\Windows\System32\NSI.dll
0x00007ff916570000 - 0x00007ff916587000 	C:\Windows\SYSTEM32\dhcpcsvc6.DLL
0x00007ff916550000 - 0x00007ff91656d000 	C:\Windows\SYSTEM32\dhcpcsvc.DLL
0x00007ff91dcc0000 - 0x00007ff91dd8b000 	C:\Windows\SYSTEM32\DNSAPI.dll
0x00007ff909f90000 - 0x00007ff909f9a000 	C:\Users\Russell\AppData\Local\Temp\jansi-1.17.1-17440104663237162887.dll
0x00007ff909210000 - 0x00007ff90921a000 	C:\Users\Russell\AppData\Local\Temp\jansi-1.17.1-3225086887729108832.dll

dbghelp: loaded successfully - version: 4.0.5 - missing functions: none
symbol engine: initialized successfully - sym options: 0x614 - pdb path: .;C:\Program Files\Java\jdk-16.0.1\bin;C:\Windows\SYSTEM32;C:\Program Files\Avast Software\Avast;C:\Windows\WinSxS\amd64_microsoft.windows.common-controls_6595b64144ccf1df_6.0.19041.1110_none_60b5254171f9507e;C:\Program Files\Java\jdk-16.0.1\bin\server;C:\Program Files\JetBrains\IntelliJ IDEA 2021.1.2\bin;C:\Users\Russell\AppData\Local\Temp

VM Arguments:
jvm_args: -Dmaven.multiModuleProjectDirectory=C:\Users\Russell\IdeaProjects\FinalProject -Dmaven.home=C:\Program Files\JetBrains\IntelliJ IDEA 2021.1.2\plugins\maven\lib\maven3 -Dclassworlds.conf=C:\Program Files\JetBrains\IntelliJ IDEA 2021.1.2\plugins\maven\lib\maven3\bin\m2.conf -Dmaven.ext.class.path=C:\Program Files\JetBrains\IntelliJ IDEA 2021.1.2\plugins\maven\lib\maven-event-listener.jar -javaagent:C:\Program Files\JetBrains\IntelliJ IDEA 2021.1.2\lib\idea_rt.jar=61162:C:\Program Files\JetBrains\IntelliJ IDEA 2021.1.2\bin -Dfile.encoding=UTF-8 
java_command: org.codehaus.classworlds.Launcher -Didea.version=2021.2 clean install
java_class_path (initial): C:\Program Files\JetBrains\IntelliJ IDEA 2021.1.2\plugins\maven\lib\maven3\boot\plexus-classworlds-2.6.0.jar;C:\Program Files\JetBrains\IntelliJ IDEA 2021.1.2\plugins\maven\lib\maven3\boot\plexus-classworlds.license
Launcher Type: SUN_STANDARD

[Global flags]
     intx CICompilerCount                          = 3                                         {product} {ergonomic}
     uint ConcGCThreads                            = 2                                         {product} {ergonomic}
     uint G1ConcRefinementThreads                  = 6                                         {product} {ergonomic}
   size_t G1HeapRegionSize                         = 2097152                                   {product} {ergonomic}
    uintx GCDrainStackTargetSize                   = 64                                        {product} {ergonomic}
   size_t InitialHeapSize                          = 257949696                                 {product} {ergonomic}
   size_t MarkStackSize                            = 4194304                                   {product} {ergonomic}
   size_t MaxHeapSize                              = 4125097984                                {product} {ergonomic}
   size_t MaxNewSize                               = 2474639360                                {product} {ergonomic}
   size_t MinHeapDeltaBytes                        = 2097152                                   {product} {ergonomic}
   size_t MinHeapSize                              = 8388608                                   {product} {ergonomic}
    uintx NonNMethodCodeHeapSize                   = 5832780                                {pd product} {ergonomic}
    uintx NonProfiledCodeHeapSize                  = 122912730                              {pd product} {ergonomic}
    uintx ProfiledCodeHeapSize                     = 122912730                              {pd product} {ergonomic}
    uintx ReservedCodeCacheSize                    = 251658240                              {pd product} {ergonomic}
     bool SegmentedCodeCache                       = true                                      {product} {ergonomic}
   size_t SoftMaxHeapSize                          = 4125097984                             {manageable} {ergonomic}
     bool UseCompressedClassPointers               = true                           {product lp64_product} {ergonomic}
     bool UseCompressedOops                        = true                           {product lp64_product} {ergonomic}
     bool UseG1GC                                  = true                                      {product} {ergonomic}
     bool UseLargePagesIndividualAllocation        = false                                  {pd product} {ergonomic}

Logging:
Log output configuration:
 #0: stdout all=warning uptime,level,tags
 #1: stderr all=off uptime,level,tags

Environment Variables:
PATH=C:\Program Files\Common Files\Oracle\Java\javapath;C:\Program Files (x86)\Common Files\Oracle\Java\javapath;C:\Windows\system32;C:\Windows;C:\Windows\System32\Wbem;C:\Windows\System32\WindowsPowerShell\v1.0\;C:\Windows\System32\OpenSSH\;C:\Program Files\Git\cmd;C:\Program Files\Docker\Docker\resources\bin;C:\ProgramData\DockerDesktop\version-bin;C:\Program Files\MySQL\MySQL Shell 8.0\bin\;C:\Users\Russell\AppData\Local\Microsoft\WindowsApps;
USERNAME=Russell
OS=Windows_NT
PROCESSOR_IDENTIFIER=AMD64 Family 23 Model 96 Stepping 1, AuthenticAMD



---------------  S Y S T E M  ---------------

OS:
 Windows 10 , 64 bit Build 19041 (10.0.19041.1348)
OS uptime: 4 days 6:21 hours
Hyper-V role detected

CPU: total 6 (initial active 6) (6 cores per cpu, 1 threads per core) family 23 model 96 stepping 1 microcode 0x0, cx8, cmov, fxsr, mmx, 3dnowpref, sse, sse2, sse3, ssse3, sse4a, sse4.1, sse4.2, popcnt, lzcnt, tsc, tscinvbit, avx, avx2, aes, clmul, bmi1, bmi2, adx, sha, fma, vzeroupper, clflush, clflushopt, hv

Memory: 4k page, system-wide physical 15733M (4334M free)
TotalPageFile size 17781M (AvailPageFile size 13M)
current process WorkingSet (physical memory assigned to process): 225M, peak: 225M
current process commit charge ("private bytes"): 384M, peak: 385M

vm_info: Java HotSpot(TM) 64-Bit Server VM (16.0.1+9-24) for windows-amd64 JRE (16.0.1+9-24), built on Mar 26 2021 19:31:42 by "mach5one" with MS VC++ 16.7 (VS2019)

END.
