#
# There is insufficient memory for the Java Runtime Environment to continue.
# Native memory allocation (malloc) failed to allocate 949216 bytes for Chunk::new
# Possible reasons:
#   The system is out of physical RAM or swap space
#   The process is running with CompressedOops enabled, and the Java Heap may be blocking the growth of the native heap
# Possible solutions:
#   Reduce memory load on the system
#   Increase physical memory or swap space
#   Check if swap backing store is full
#   Decrease Java heap size (-Xmx/-Xms)
#   Decrease number of Java threads
#   Decrease Java thread stack sizes (-Xss)
#   Set larger code cache with -XX:ReservedCodeCacheSize=
#   JVM is running with Zero Based Compressed Oops mode in which the Java heap is
#     placed in the first 32GB address space. The Java Heap base address is the
#     maximum limit for the native heap growth. Please use -XX:HeapBaseMinAddress
#     to set the Java Heap base and to place the Java Heap above 32GB virtual address.
# This output file may be truncated or incomplete.
#
#  Out of Memory Error (arena.cpp:195), pid=21020, tid=23680
#
# JRE version: Java(TM) SE Runtime Environment (16.0.1+9) (build 16.0.1+9-24)
# Java VM: Java HotSpot(TM) 64-Bit Server VM (16.0.1+9-24, mixed mode, sharing, tiered, compressed oops, compressed class ptrs, g1 gc, windows-amd64)
# No core dump will be written. Minidumps are not enabled by default on client versions of Windows
#

---------------  S U M M A R Y ------------

Command Line: -Dmaven.multiModuleProjectDirectory=C:\Users\Russell\IdeaProjects\FinalProject -Dmaven.home=C:\Program Files\JetBrains\IntelliJ IDEA 2021.1.2\plugins\maven\lib\maven3 -Dclassworlds.conf=C:\Program Files\JetBrains\IntelliJ IDEA 2021.1.2\plugins\maven\lib\maven3\bin\m2.conf -Dmaven.ext.class.path=C:\Program Files\JetBrains\IntelliJ IDEA 2021.1.2\plugins\maven\lib\maven-event-listener.jar -javaagent:C:\Program Files\JetBrains\IntelliJ IDEA 2021.1.2\lib\idea_rt.jar=61284:C:\Program Files\JetBrains\IntelliJ IDEA 2021.1.2\bin -Dfile.encoding=UTF-8 org.codehaus.classworlds.Launcher -Didea.version=2021.2 clean install

Host: AMD Ryzen 5 4500U with Radeon Graphics         , 6 cores, 15G,  Windows 10 , 64 bit Build 19041 (10.0.19041.1348)
Time: Mon Dec 20 00:37:07 2021  Windows 10 , 64 bit Build 19041 (10.0.19041.1348) elapsed time: 1.252111 seconds (0d 0h 0m 1s)

---------------  T H R E A D  ---------------

Current thread (0x000002960a35e9f0):  JavaThread "C2 CompilerThread0" daemon [_thread_in_native, id=23680, stack(0x000000c76c200000,0x000000c76c300000)]


Current CompileTask:
C2:   1252 1945   !   4       java.net.URL::<init> (543 bytes)

Stack: [0x000000c76c200000,0x000000c76c300000]
Native frames: (J=compiled Java code, j=interpreted, Vv=VM code, C=native code)
V  [jvm.dll+0x6687ca]
V  [jvm.dll+0x7ca3c9]
V  [jvm.dll+0x7cbb53]
V  [jvm.dll+0x7cc1b3]
V  [jvm.dll+0x242ea5]
V  [jvm.dll+0xadeca]
V  [jvm.dll+0xae5ac]
V  [jvm.dll+0x2a52cf]
V  [jvm.dll+0x574359]
V  [jvm.dll+0x21eb55]
V  [jvm.dll+0x217e51]
V  [jvm.dll+0x21524c]
V  [jvm.dll+0x1a1d9b]
V  [jvm.dll+0x2253a8]
V  [jvm.dll+0x2233ec]
V  [jvm.dll+0x780002]
V  [jvm.dll+0x779b4a]
V  [jvm.dll+0x667666]
C  [ucrtbase.dll+0x21bb2]
C  [KERNEL32.DLL+0x17034]
C  [ntdll.dll+0x52651]


---------------  P R O C E S S  ---------------

Threads class SMR info:
_java_thread_list=0x000002960ae331c0, length=14, elements={
0x00000296680221a0, 0x000002960a3438e0, 0x000002960a3445a0, 0x000002960a359e00,
0x000002960a35a800, 0x000002960a35d210, 0x000002960a35dc10, 0x000002960a35e9f0,
0x000002960ad23040, 0x000002960ad37270, 0x000002960ae2dd20, 0x000002960aed94d0,
0x000002960af6bc10, 0x000002960af42d10
}

Java Threads: ( => current thread )
  0x00000296680221a0 JavaThread "main" [_thread_in_native, id=23428, stack(0x000000c76b500000,0x000000c76b600000)]
  0x000002960a3438e0 JavaThread "Reference Handler" daemon [_thread_blocked, id=21408, stack(0x000000c76bc00000,0x000000c76bd00000)]
  0x000002960a3445a0 JavaThread "Finalizer" daemon [_thread_blocked, id=17568, stack(0x000000c76bd00000,0x000000c76be00000)]
  0x000002960a359e00 JavaThread "Signal Dispatcher" daemon [_thread_blocked, id=23836, stack(0x000000c76be00000,0x000000c76bf00000)]
  0x000002960a35a800 JavaThread "Attach Listener" daemon [_thread_blocked, id=5616, stack(0x000000c76bf00000,0x000000c76c000000)]
  0x000002960a35d210 JavaThread "Service Thread" daemon [_thread_blocked, id=9328, stack(0x000000c76c000000,0x000000c76c100000)]
  0x000002960a35dc10 JavaThread "Monitor Deflation Thread" daemon [_thread_blocked, id=4832, stack(0x000000c76c100000,0x000000c76c200000)]
=>0x000002960a35e9f0 JavaThread "C2 CompilerThread0" daemon [_thread_in_native, id=23680, stack(0x000000c76c200000,0x000000c76c300000)]
  0x000002960ad23040 JavaThread "C1 CompilerThread0" daemon [_thread_blocked, id=10956, stack(0x000000c76c300000,0x000000c76c400000)]
  0x000002960ad37270 JavaThread "Sweeper thread" daemon [_thread_blocked, id=12644, stack(0x000000c76c400000,0x000000c76c500000)]
  0x000002960ae2dd20 JavaThread "Common-Cleaner" daemon [_thread_blocked, id=9348, stack(0x000000c76c500000,0x000000c76c600000)]
  0x000002960aed94d0 JavaThread "Monitor Ctrl-Break" daemon [_thread_in_native, id=2884, stack(0x000000c76c600000,0x000000c76c700000)]
  0x000002960af6bc10 JavaThread "Notification Thread" daemon [_thread_blocked, id=23872, stack(0x000000c76c700000,0x000000c76c800000)]
  0x000002960af42d10 JavaThread "C2 CompilerThread1" daemon [_thread_blocked, id=19032, stack(0x000000c76c900000,0x000000c76ca00000)]

Other Threads:
  0x000002960a33ed90 VMThread "VM Thread" [stack: 0x000000c76bb00000,0x000000c76bc00000] [id=10592]
  0x000002960aed99f0 WatcherThread [stack: 0x000000c76c800000,0x000000c76c900000] [id=22464]
  0x000002966806f0d0 GCTaskThread "GC Thread#0" [stack: 0x000000c76b600000,0x000000c76b700000] [id=23008]
  0x000002960b0f2810 GCTaskThread "GC Thread#1" [stack: 0x000000c76ca00000,0x000000c76cb00000] [id=10368]
  0x000002960b0f1bd0 GCTaskThread "GC Thread#2" [stack: 0x000000c76cb00000,0x000000c76cc00000] [id=13800]
  0x000002960b0f1ee0 GCTaskThread "GC Thread#3" [stack: 0x000000c76cc00000,0x000000c76cd00000] [id=3972]
  0x000002960b0f2b20 GCTaskThread "GC Thread#4" [stack: 0x000000c76cd00000,0x000000c76ce00000] [id=6096]
  0x000002960b0f12a0 GCTaskThread "GC Thread#5" [stack: 0x000000c76ce00000,0x000000c76cf00000] [id=21044]
  0x000002966807f7b0 ConcurrentGCThread "G1 Main Marker" [stack: 0x000000c76b700000,0x000000c76b800000] [id=21628]
  0x0000029668084560 ConcurrentGCThread "G1 Conc#0" [stack: 0x000000c76b800000,0x000000c76b900000] [id=21564]
  0x00000296680fd160 ConcurrentGCThread "G1 Refine#0" [stack: 0x000000c76b900000,0x000000c76ba00000] [id=20380]
  0x00000296680fdae0 ConcurrentGCThread "G1 Service" [stack: 0x000000c76ba00000,0x000000c76bb00000] [id=1672]

Threads with active compile tasks:
C2 CompilerThread0     1268 1945   !   4       java.net.URL::<init> (543 bytes)

VM state: not at safepoint (normal execution)

VM Mutex/Monitor currently owned by a thread: None

Heap address: 0x000000070a200000, size: 3934 MB, Compressed Oops mode: Zero based, Oop shift amount: 3

CDS archive(s) mapped at: [0x0000000800000000-0x0000000800bb0000-0x0000000800bb0000), size 12255232, SharedBaseAddress: 0x0000000800000000, ArchiveRelocationMode: 0.
Compressed class space mapped at: 0x0000000800c00000-0x0000000840c00000, reserved size: 1073741824
Narrow klass base: 0x0000000800000000, Narrow klass shift: 3, Narrow klass range: 0x100000000

GC Precious Log:
 CPUs: 6 total, 6 available
 Memory: 15733M
 Large Page Support: Disabled
 NUMA Support: Disabled
 Compressed Oops: Enabled (Zero based)
 Heap Region Size: 2M
 Heap Min Capacity: 8M
 Heap Initial Capacity: 246M
 Heap Max Capacity: 3934M
 Pre-touch: Disabled
 Parallel Workers: 6
 Concurrent Workers: 2
 Concurrent Refinement Workers: 6
 Periodic GC: Disabled

Heap:
 garbage-first heap   total 251904K, used 21254K [0x000000070a200000, 0x0000000800000000)
  region size 2048K, 10 young (20480K), 1 survivors (2048K)
 Metaspace       used 11707K, committed 11904K, reserved 1064960K
  class space    used 1375K, committed 1472K, reserved 1048576K

Heap Regions: E=young(eden), S=young(survivor), O=old, HS=humongous(starts), HC=humongous(continues), CS=collection set, F=free, OA=open archive, CA=closed archive, TAMS=top-at-mark-start (previous, next)
|   0|0x000000070a200000, 0x000000070a400000, 0x000000070a400000|100%| O|  |TAMS 0x000000070a200000, 0x000000070a200000| Untracked 
|   1|0x000000070a400000, 0x000000070a58c400, 0x000000070a600000| 77%| O|  |TAMS 0x000000070a400000, 0x000000070a400000| Untracked 
|   2|0x000000070a600000, 0x000000070a600000, 0x000000070a800000|  0%| F|  |TAMS 0x000000070a600000, 0x000000070a600000| Untracked 
|   3|0x000000070a800000, 0x000000070a800000, 0x000000070aa00000|  0%| F|  |TAMS 0x000000070a800000, 0x000000070a800000| Untracked 
|   4|0x000000070aa00000, 0x000000070aa00000, 0x000000070ac00000|  0%| F|  |TAMS 0x000000070aa00000, 0x000000070aa00000| Untracked 
|   5|0x000000070ac00000, 0x000000070ac00000, 0x000000070ae00000|  0%| F|  |TAMS 0x000000070ac00000, 0x000000070ac00000| Untracked 
|   6|0x000000070ae00000, 0x000000070ae00000, 0x000000070b000000|  0%| F|  |TAMS 0x000000070ae00000, 0x000000070ae00000| Untracked 
|   7|0x000000070b000000, 0x000000070b000000, 0x000000070b200000|  0%| F|  |TAMS 0x000000070b000000, 0x000000070b000000| Untracked 
|   8|0x000000070b200000, 0x000000070b200000, 0x000000070b400000|  0%| F|  |TAMS 0x000000070b200000, 0x000000070b200000| Untracked 
|   9|0x000000070b400000, 0x000000070b400000, 0x000000070b600000|  0%| F|  |TAMS 0x000000070b400000, 0x000000070b400000| Untracked 
|  10|0x000000070b600000, 0x000000070b600000, 0x000000070b800000|  0%| F|  |TAMS 0x000000070b600000, 0x000000070b600000| Untracked 
|  11|0x000000070b800000, 0x000000070b800000, 0x000000070ba00000|  0%| F|  |TAMS 0x000000070b800000, 0x000000070b800000| Untracked 
|  12|0x000000070ba00000, 0x000000070ba00000, 0x000000070bc00000|  0%| F|  |TAMS 0x000000070ba00000, 0x000000070ba00000| Untracked 
|  13|0x000000070bc00000, 0x000000070bc00000, 0x000000070be00000|  0%| F|  |TAMS 0x000000070bc00000, 0x000000070bc00000| Untracked 
|  14|0x000000070be00000, 0x000000070be00000, 0x000000070c000000|  0%| F|  |TAMS 0x000000070be00000, 0x000000070be00000| Untracked 
|  15|0x000000070c000000, 0x000000070c000000, 0x000000070c200000|  0%| F|  |TAMS 0x000000070c000000, 0x000000070c000000| Untracked 
|  16|0x000000070c200000, 0x000000070c200000, 0x000000070c400000|  0%| F|  |TAMS 0x000000070c200000, 0x000000070c200000| Untracked 
|  17|0x000000070c400000, 0x000000070c400000, 0x000000070c600000|  0%| F|  |TAMS 0x000000070c400000, 0x000000070c400000| Untracked 
|  18|0x000000070c600000, 0x000000070c600000, 0x000000070c800000|  0%| F|  |TAMS 0x000000070c600000, 0x000000070c600000| Untracked 
|  19|0x000000070c800000, 0x000000070c800000, 0x000000070ca00000|  0%| F|  |TAMS 0x000000070c800000, 0x000000070c800000| Untracked 
|  20|0x000000070ca00000, 0x000000070ca00000, 0x000000070cc00000|  0%| F|  |TAMS 0x000000070ca00000, 0x000000070ca00000| Untracked 
|  21|0x000000070cc00000, 0x000000070cc00000, 0x000000070ce00000|  0%| F|  |TAMS 0x000000070cc00000, 0x000000070cc00000| Untracked 
|  22|0x000000070ce00000, 0x000000070ce00000, 0x000000070d000000|  0%| F|  |TAMS 0x000000070ce00000, 0x000000070ce00000| Untracked 
|  23|0x000000070d000000, 0x000000070d000000, 0x000000070d200000|  0%| F|  |TAMS 0x000000070d000000, 0x000000070d000000| Untracked 
|  24|0x000000070d200000, 0x000000070d200000, 0x000000070d400000|  0%| F|  |TAMS 0x000000070d200000, 0x000000070d200000| Untracked 
|  25|0x000000070d400000, 0x000000070d400000, 0x000000070d600000|  0%| F|  |TAMS 0x000000070d400000, 0x000000070d400000| Untracked 
|  26|0x000000070d600000, 0x000000070d600000, 0x000000070d800000|  0%| F|  |TAMS 0x000000070d600000, 0x000000070d600000| Untracked 
|  27|0x000000070d800000, 0x000000070d800000, 0x000000070da00000|  0%| F|  |TAMS 0x000000070d800000, 0x000000070d800000| Untracked 
|  28|0x000000070da00000, 0x000000070da00000, 0x000000070dc00000|  0%| F|  |TAMS 0x000000070da00000, 0x000000070da00000| Untracked 
|  29|0x000000070dc00000, 0x000000070dc00000, 0x000000070de00000|  0%| F|  |TAMS 0x000000070dc00000, 0x000000070dc00000| Untracked 
|  30|0x000000070de00000, 0x000000070de00000, 0x000000070e000000|  0%| F|  |TAMS 0x000000070de00000, 0x000000070de00000| Untracked 
|  31|0x000000070e000000, 0x000000070e000000, 0x000000070e200000|  0%| F|  |TAMS 0x000000070e000000, 0x000000070e000000| Untracked 
|  32|0x000000070e200000, 0x000000070e200000, 0x000000070e400000|  0%| F|  |TAMS 0x000000070e200000, 0x000000070e200000| Untracked 
|  33|0x000000070e400000, 0x000000070e400000, 0x000000070e600000|  0%| F|  |TAMS 0x000000070e400000, 0x000000070e400000| Untracked 
|  34|0x000000070e600000, 0x000000070e600000, 0x000000070e800000|  0%| F|  |TAMS 0x000000070e600000, 0x000000070e600000| Untracked 
|  35|0x000000070e800000, 0x000000070e800000, 0x000000070ea00000|  0%| F|  |TAMS 0x000000070e800000, 0x000000070e800000| Untracked 
|  36|0x000000070ea00000, 0x000000070ea00000, 0x000000070ec00000|  0%| F|  |TAMS 0x000000070ea00000, 0x000000070ea00000| Untracked 
|  37|0x000000070ec00000, 0x000000070ec00000, 0x000000070ee00000|  0%| F|  |TAMS 0x000000070ec00000, 0x000000070ec00000| Untracked 
|  38|0x000000070ee00000, 0x000000070ee00000, 0x000000070f000000|  0%| F|  |TAMS 0x000000070ee00000, 0x000000070ee00000| Untracked 
|  39|0x000000070f000000, 0x000000070f000000, 0x000000070f200000|  0%| F|  |TAMS 0x000000070f000000, 0x000000070f000000| Untracked 
|  40|0x000000070f200000, 0x000000070f200000, 0x000000070f400000|  0%| F|  |TAMS 0x000000070f200000, 0x000000070f200000| Untracked 
|  41|0x000000070f400000, 0x000000070f400000, 0x000000070f600000|  0%| F|  |TAMS 0x000000070f400000, 0x000000070f400000| Untracked 
|  42|0x000000070f600000, 0x000000070f600000, 0x000000070f800000|  0%| F|  |TAMS 0x000000070f600000, 0x000000070f600000| Untracked 
|  43|0x000000070f800000, 0x000000070f800000, 0x000000070fa00000|  0%| F|  |TAMS 0x000000070f800000, 0x000000070f800000| Untracked 
|  44|0x000000070fa00000, 0x000000070fa00000, 0x000000070fc00000|  0%| F|  |TAMS 0x000000070fa00000, 0x000000070fa00000| Untracked 
|  45|0x000000070fc00000, 0x000000070fc00000, 0x000000070fe00000|  0%| F|  |TAMS 0x000000070fc00000, 0x000000070fc00000| Untracked 
|  46|0x000000070fe00000, 0x000000070fe00000, 0x0000000710000000|  0%| F|  |TAMS 0x000000070fe00000, 0x000000070fe00000| Untracked 
|  47|0x0000000710000000, 0x0000000710000000, 0x0000000710200000|  0%| F|  |TAMS 0x0000000710000000, 0x0000000710000000| Untracked 
|  48|0x0000000710200000, 0x0000000710200000, 0x0000000710400000|  0%| F|  |TAMS 0x0000000710200000, 0x0000000710200000| Untracked 
|  49|0x0000000710400000, 0x0000000710400000, 0x0000000710600000|  0%| F|  |TAMS 0x0000000710400000, 0x0000000710400000| Untracked 
|  50|0x0000000710600000, 0x0000000710600000, 0x0000000710800000|  0%| F|  |TAMS 0x0000000710600000, 0x0000000710600000| Untracked 
|  51|0x0000000710800000, 0x0000000710800000, 0x0000000710a00000|  0%| F|  |TAMS 0x0000000710800000, 0x0000000710800000| Untracked 
|  52|0x0000000710a00000, 0x0000000710a00000, 0x0000000710c00000|  0%| F|  |TAMS 0x0000000710a00000, 0x0000000710a00000| Untracked 
|  53|0x0000000710c00000, 0x0000000710c00000, 0x0000000710e00000|  0%| F|  |TAMS 0x0000000710c00000, 0x0000000710c00000| Untracked 
|  54|0x0000000710e00000, 0x0000000710e00000, 0x0000000711000000|  0%| F|  |TAMS 0x0000000710e00000, 0x0000000710e00000| Untracked 
|  55|0x0000000711000000, 0x0000000711000000, 0x0000000711200000|  0%| F|  |TAMS 0x0000000711000000, 0x0000000711000000| Untracked 
|  56|0x0000000711200000, 0x0000000711200000, 0x0000000711400000|  0%| F|  |TAMS 0x0000000711200000, 0x0000000711200000| Untracked 
|  57|0x0000000711400000, 0x0000000711400000, 0x0000000711600000|  0%| F|  |TAMS 0x0000000711400000, 0x0000000711400000| Untracked 
|  58|0x0000000711600000, 0x0000000711600000, 0x0000000711800000|  0%| F|  |TAMS 0x0000000711600000, 0x0000000711600000| Untracked 
|  59|0x0000000711800000, 0x0000000711800000, 0x0000000711a00000|  0%| F|  |TAMS 0x0000000711800000, 0x0000000711800000| Untracked 
|  60|0x0000000711a00000, 0x0000000711a00000, 0x0000000711c00000|  0%| F|  |TAMS 0x0000000711a00000, 0x0000000711a00000| Untracked 
|  61|0x0000000711c00000, 0x0000000711c00000, 0x0000000711e00000|  0%| F|  |TAMS 0x0000000711c00000, 0x0000000711c00000| Untracked 
|  62|0x0000000711e00000, 0x0000000711e00000, 0x0000000712000000|  0%| F|  |TAMS 0x0000000711e00000, 0x0000000711e00000| Untracked 
|  63|0x0000000712000000, 0x0000000712000000, 0x0000000712200000|  0%| F|  |TAMS 0x0000000712000000, 0x0000000712000000| Untracked 
|  64|0x0000000712200000, 0x0000000712200000, 0x0000000712400000|  0%| F|  |TAMS 0x0000000712200000, 0x0000000712200000| Untracked 
|  65|0x0000000712400000, 0x0000000712400000, 0x0000000712600000|  0%| F|  |TAMS 0x0000000712400000, 0x0000000712400000| Untracked 
|  66|0x0000000712600000, 0x0000000712600000, 0x0000000712800000|  0%| F|  |TAMS 0x0000000712600000, 0x0000000712600000| Untracked 
|  67|0x0000000712800000, 0x0000000712800000, 0x0000000712a00000|  0%| F|  |TAMS 0x0000000712800000, 0x0000000712800000| Untracked 
|  68|0x0000000712a00000, 0x0000000712a00000, 0x0000000712c00000|  0%| F|  |TAMS 0x0000000712a00000, 0x0000000712a00000| Untracked 
|  69|0x0000000712c00000, 0x0000000712c00000, 0x0000000712e00000|  0%| F|  |TAMS 0x0000000712c00000, 0x0000000712c00000| Untracked 
|  70|0x0000000712e00000, 0x0000000712e00000, 0x0000000713000000|  0%| F|  |TAMS 0x0000000712e00000, 0x0000000712e00000| Untracked 
|  71|0x0000000713000000, 0x0000000713000000, 0x0000000713200000|  0%| F|  |TAMS 0x0000000713000000, 0x0000000713000000| Untracked 
|  72|0x0000000713200000, 0x0000000713200000, 0x0000000713400000|  0%| F|  |TAMS 0x0000000713200000, 0x0000000713200000| Untracked 
|  73|0x0000000713400000, 0x0000000713400000, 0x0000000713600000|  0%| F|  |TAMS 0x0000000713400000, 0x0000000713400000| Untracked 
|  74|0x0000000713600000, 0x0000000713600000, 0x0000000713800000|  0%| F|  |TAMS 0x0000000713600000, 0x0000000713600000| Untracked 
|  75|0x0000000713800000, 0x0000000713800000, 0x0000000713a00000|  0%| F|  |TAMS 0x0000000713800000, 0x0000000713800000| Untracked 
|  76|0x0000000713a00000, 0x0000000713a00000, 0x0000000713c00000|  0%| F|  |TAMS 0x0000000713a00000, 0x0000000713a00000| Untracked 
|  77|0x0000000713c00000, 0x0000000713c00000, 0x0000000713e00000|  0%| F|  |TAMS 0x0000000713c00000, 0x0000000713c00000| Untracked 
|  78|0x0000000713e00000, 0x0000000713e00000, 0x0000000714000000|  0%| F|  |TAMS 0x0000000713e00000, 0x0000000713e00000| Untracked 
|  79|0x0000000714000000, 0x0000000714000000, 0x0000000714200000|  0%| F|  |TAMS 0x0000000714000000, 0x0000000714000000| Untracked 
|  80|0x0000000714200000, 0x0000000714200000, 0x0000000714400000|  0%| F|  |TAMS 0x0000000714200000, 0x0000000714200000| Untracked 
|  81|0x0000000714400000, 0x0000000714400000, 0x0000000714600000|  0%| F|  |TAMS 0x0000000714400000, 0x0000000714400000| Untracked 
|  82|0x0000000714600000, 0x0000000714600000, 0x0000000714800000|  0%| F|  |TAMS 0x0000000714600000, 0x0000000714600000| Untracked 
|  83|0x0000000714800000, 0x0000000714800000, 0x0000000714a00000|  0%| F|  |TAMS 0x0000000714800000, 0x0000000714800000| Untracked 
|  84|0x0000000714a00000, 0x0000000714a00000, 0x0000000714c00000|  0%| F|  |TAMS 0x0000000714a00000, 0x0000000714a00000| Untracked 
|  85|0x0000000714c00000, 0x0000000714c00000, 0x0000000714e00000|  0%| F|  |TAMS 0x0000000714c00000, 0x0000000714c00000| Untracked 
|  86|0x0000000714e00000, 0x0000000714e00000, 0x0000000715000000|  0%| F|  |TAMS 0x0000000714e00000, 0x0000000714e00000| Untracked 
|  87|0x0000000715000000, 0x0000000715000000, 0x0000000715200000|  0%| F|  |TAMS 0x0000000715000000, 0x0000000715000000| Untracked 
|  88|0x0000000715200000, 0x0000000715200000, 0x0000000715400000|  0%| F|  |TAMS 0x0000000715200000, 0x0000000715200000| Untracked 
|  89|0x0000000715400000, 0x0000000715400000, 0x0000000715600000|  0%| F|  |TAMS 0x0000000715400000, 0x0000000715400000| Untracked 
|  90|0x0000000715600000, 0x0000000715600000, 0x0000000715800000|  0%| F|  |TAMS 0x0000000715600000, 0x0000000715600000| Untracked 
|  91|0x0000000715800000, 0x0000000715800000, 0x0000000715a00000|  0%| F|  |TAMS 0x0000000715800000, 0x0000000715800000| Untracked 
|  92|0x0000000715a00000, 0x0000000715a00000, 0x0000000715c00000|  0%| F|  |TAMS 0x0000000715a00000, 0x0000000715a00000| Untracked 
|  93|0x0000000715c00000, 0x0000000715c00000, 0x0000000715e00000|  0%| F|  |TAMS 0x0000000715c00000, 0x0000000715c00000| Untracked 
|  94|0x0000000715e00000, 0x0000000715e00000, 0x0000000716000000|  0%| F|  |TAMS 0x0000000715e00000, 0x0000000715e00000| Untracked 
|  95|0x0000000716000000, 0x0000000716000000, 0x0000000716200000|  0%| F|  |TAMS 0x0000000716000000, 0x0000000716000000| Untracked 
|  96|0x0000000716200000, 0x0000000716200000, 0x0000000716400000|  0%| F|  |TAMS 0x0000000716200000, 0x0000000716200000| Untracked 
|  97|0x0000000716400000, 0x0000000716400000, 0x0000000716600000|  0%| F|  |TAMS 0x0000000716400000, 0x0000000716400000| Untracked 
|  98|0x0000000716600000, 0x0000000716600000, 0x0000000716800000|  0%| F|  |TAMS 0x0000000716600000, 0x0000000716600000| Untracked 
|  99|0x0000000716800000, 0x0000000716800000, 0x0000000716a00000|  0%| F|  |TAMS 0x0000000716800000, 0x0000000716800000| Untracked 
| 100|0x0000000716a00000, 0x0000000716a00000, 0x0000000716c00000|  0%| F|  |TAMS 0x0000000716a00000, 0x0000000716a00000| Untracked 
| 101|0x0000000716c00000, 0x0000000716c00000, 0x0000000716e00000|  0%| F|  |TAMS 0x0000000716c00000, 0x0000000716c00000| Untracked 
| 102|0x0000000716e00000, 0x0000000716e00000, 0x0000000717000000|  0%| F|  |TAMS 0x0000000716e00000, 0x0000000716e00000| Untracked 
| 103|0x0000000717000000, 0x0000000717000000, 0x0000000717200000|  0%| F|  |TAMS 0x0000000717000000, 0x0000000717000000| Untracked 
| 104|0x0000000717200000, 0x0000000717200000, 0x0000000717400000|  0%| F|  |TAMS 0x0000000717200000, 0x0000000717200000| Untracked 
| 105|0x0000000717400000, 0x0000000717400000, 0x0000000717600000|  0%| F|  |TAMS 0x0000000717400000, 0x0000000717400000| Untracked 
| 106|0x0000000717600000, 0x0000000717600000, 0x0000000717800000|  0%| F|  |TAMS 0x0000000717600000, 0x0000000717600000| Untracked 
| 107|0x0000000717800000, 0x0000000717935670, 0x0000000717a00000| 60%| S|CS|TAMS 0x0000000717800000, 0x0000000717800000| Complete 
| 108|0x0000000717a00000, 0x0000000717a00000, 0x0000000717c00000|  0%| F|  |TAMS 0x0000000717a00000, 0x0000000717a00000| Untracked 
| 109|0x0000000717c00000, 0x0000000717c00000, 0x0000000717e00000|  0%| F|  |TAMS 0x0000000717c00000, 0x0000000717c00000| Untracked 
| 110|0x0000000717e00000, 0x0000000717e00000, 0x0000000718000000|  0%| F|  |TAMS 0x0000000717e00000, 0x0000000717e00000| Untracked 
| 111|0x0000000718000000, 0x0000000718000000, 0x0000000718200000|  0%| F|  |TAMS 0x0000000718000000, 0x0000000718000000| Untracked 
| 112|0x0000000718200000, 0x0000000718200000, 0x0000000718400000|  0%| F|  |TAMS 0x0000000718200000, 0x0000000718200000| Untracked 
| 113|0x0000000718400000, 0x0000000718400000, 0x0000000718600000|  0%| F|  |TAMS 0x0000000718400000, 0x0000000718400000| Untracked 
| 114|0x0000000718600000, 0x0000000718800000, 0x0000000718800000|100%| E|  |TAMS 0x0000000718600000, 0x0000000718600000| Complete 
| 115|0x0000000718800000, 0x0000000718a00000, 0x0000000718a00000|100%| E|CS|TAMS 0x0000000718800000, 0x0000000718800000| Complete 
| 116|0x0000000718a00000, 0x0000000718c00000, 0x0000000718c00000|100%| E|CS|TAMS 0x0000000718a00000, 0x0000000718a00000| Complete 
| 117|0x0000000718c00000, 0x0000000718e00000, 0x0000000718e00000|100%| E|CS|TAMS 0x0000000718c00000, 0x0000000718c00000| Complete 
| 118|0x0000000718e00000, 0x0000000719000000, 0x0000000719000000|100%| E|CS|TAMS 0x0000000718e00000, 0x0000000718e00000| Complete 
| 119|0x0000000719000000, 0x0000000719200000, 0x0000000719200000|100%| E|CS|TAMS 0x0000000719000000, 0x0000000719000000| Complete 
| 120|0x0000000719200000, 0x0000000719400000, 0x0000000719400000|100%| E|CS|TAMS 0x0000000719200000, 0x0000000719200000| Complete 
| 121|0x0000000719400000, 0x0000000719600000, 0x0000000719600000|100%| E|CS|TAMS 0x0000000719400000, 0x0000000719400000| Complete 
| 122|0x0000000719600000, 0x0000000719800000, 0x0000000719800000|100%| E|CS|TAMS 0x0000000719600000, 0x0000000719600000| Complete 

Card table byte_map: [0x000002967f060000,0x000002967f810000] _byte_map_base: 0x000002967b80f000

Marking Bits (Prev, Next): (CMBitMap*) 0x000002966806f740, (CMBitMap*) 0x000002966806f780
 Prev Bits: [0x0000029600000000, 0x0000029603d78000)
 Next Bits: [0x0000029603d80000, 0x0000029607af8000)

Polling page: 0x0000029665f70000

Metaspace:

Usage:
  Non-class:     10.14 MB used.
      Class:      1.35 MB used.
       Both:     11.49 MB used.

Virtual space:
  Non-class space:       16.00 MB reserved,      10.25 MB ( 64%) committed,  2 nodes.
      Class space:        1.00 GB reserved,       1.44 MB ( <1%) committed,  1 nodes.
              Both:        1.02 GB reserved,      11.69 MB (  1%) committed. 

Chunk freelists:
   Non-Class:  992.00 KB
       Class:  2.39 MB
        Both:  3.36 MB

MaxMetaspaceSize: 17179869184.00 GB
CompressedClassSpaceSize: 1.00 GB
 - commit_granule_bytes: 65536.
 - commit_granule_words: 8192.
 - virtual_space_node_default_size: 1048576.
 - enlarge_chunks_in_place: 1.
 - new_chunks_are_fully_committed: 0.
 - uncommit_free_chunks: 1.
 - use_allocation_guard: 0.
 - handle_deallocations: 1.


Internal statistics:

num_allocs_failed_limit: 0.
num_arena_births: 66.
num_arena_deaths: 0.
num_vsnodes_births: 3.
num_vsnodes_deaths: 0.
num_space_committed: 187.
num_space_uncommitted: 0.
num_chunks_returned_to_freelist: 0.
num_chunks_taken_from_freelist: 449.
num_chunk_merges: 0.
num_chunk_splits: 308.
num_chunks_enlarged: 240.
num_purges: 0.

CodeHeap 'non-profiled nmethods': size=120000Kb used=823Kb max_used=823Kb free=119176Kb
 bounds [0x0000029677270000, 0x00000296774e0000, 0x000002967e7a0000]
CodeHeap 'profiled nmethods': size=120000Kb used=4232Kb max_used=4232Kb free=115767Kb
 bounds [0x000002966fd40000, 0x0000029670170000, 0x0000029677270000]
CodeHeap 'non-nmethods': size=5760Kb used=1186Kb max_used=1203Kb free=4573Kb
 bounds [0x000002966f7a0000, 0x000002966fa10000, 0x000002966fd40000]
 total_blobs=2654 nmethods=2181 adapters=385
 compilation: enabled
              stopped_count=0, restarted_count=0
 full_count=0

Compilation events (20 events):
Event: 1.237 Thread 0x000002960ad23040 2136       3       java.util.regex.Pattern::isSupplementary (21 bytes)
Event: 1.237 Thread 0x000002960ad23040 nmethod 2136 0x0000029670153110 code [0x00000296701532c0, 0x0000029670153538]
Event: 1.237 Thread 0x000002960ad23040 2139       3       java.util.Locale::equals (75 bytes)
Event: 1.237 Thread 0x000002960ad23040 nmethod 2139 0x0000029670153610 code [0x0000029670153820, 0x0000029670153fd8]
Event: 1.237 Thread 0x000002960ad23040 2140       3       java.security.CodeSource::getCertificates (98 bytes)
Event: 1.238 Thread 0x000002960ad23040 nmethod 2140 0x0000029670154190 code [0x0000029670154400, 0x0000029670155158]
Event: 1.238 Thread 0x000002960ad23040 2141       3       jdk.internal.reflect.ConstructorAccessorImpl::<init> (5 bytes)
Event: 1.238 Thread 0x000002960ad23040 nmethod 2141 0x0000029670155410 code [0x00000296701555c0, 0x0000029670155778]
Event: 1.239 Thread 0x000002960ad23040 2142       3       java.nio.ByteBuffer::array (35 bytes)
Event: 1.239 Thread 0x000002960ad23040 nmethod 2142 0x0000029670155890 code [0x0000029670155a60, 0x0000029670155d38]
Event: 1.239 Thread 0x000002960af42d10 2143       4       java.nio.CharBuffer::hasArray (20 bytes)
Event: 1.240 Thread 0x000002960ad23040 2146       3       java.nio.CharBuffer::array (35 bytes)
Event: 1.240 Thread 0x000002960ad23040 nmethod 2146 0x0000029670155e90 code [0x0000029670156060, 0x0000029670156338]
Event: 1.240 Thread 0x000002960ad23040 2147       3       sun.nio.cs.UTF_8::updatePositions (23 bytes)
Event: 1.240 Thread 0x000002960ad23040 nmethod 2147 0x0000029670156490 code [0x0000029670156660, 0x0000029670156a98]
Event: 1.240 Thread 0x000002960ad23040 2145       3       java.io.BufferedWriter::ensureOpen (18 bytes)
Event: 1.240 Thread 0x000002960af42d10 nmethod 2143 0x000002967733a490 code [0x000002967733a620, 0x000002967733a6d8]
Event: 1.240 Thread 0x000002960af42d10 2144       4       java.nio.ByteBuffer::hasArray (20 bytes)
Event: 1.241 Thread 0x000002960ad23040 nmethod 2145 0x0000029670156c10 code [0x0000029670156dc0, 0x0000029670156fe8]
Event: 1.241 Thread 0x000002960af42d10 nmethod 2144 0x000002967733a790 code [0x000002967733a920, 0x000002967733a9d8]

GC Heap History (4 events):
Event: 0.585 GC heap before
{Heap before GC invocations=0 (full 0):
 garbage-first heap   total 251904K, used 20480K [0x000000070a200000, 0x0000000800000000)
  region size 2048K, 10 young (20480K), 0 survivors (0K)
 Metaspace       used 5675K, committed 5888K, reserved 1056768K
  class space    used 623K, committed 704K, reserved 1048576K
}
Event: 0.589 GC heap after
{Heap after GC invocations=1 (full 0):
 garbage-first heap   total 251904K, used 3727K [0x000000070a200000, 0x0000000800000000)
  region size 2048K, 2 young (4096K), 2 survivors (4096K)
 Metaspace       used 5675K, committed 5888K, reserved 1056768K
  class space    used 623K, committed 704K, reserved 1048576K
}
Event: 0.951 GC heap before
{Heap before GC invocations=1 (full 0):
 garbage-first heap   total 251904K, used 30351K [0x000000070a200000, 0x0000000800000000)
  region size 2048K, 15 young (30720K), 2 survivors (4096K)
 Metaspace       used 8807K, committed 8960K, reserved 1064960K
  class space    used 1022K, committed 1088K, reserved 1048576K
}
Event: 0.955 GC heap after
{Heap after GC invocations=2 (full 0):
 garbage-first heap   total 251904K, used 4870K [0x000000070a200000, 0x0000000800000000)
  region size 2048K, 1 young (2048K), 1 survivors (2048K)
 Metaspace       used 8807K, committed 8960K, reserved 1064960K
  class space    used 1022K, committed 1088K, reserved 1048576K
}

Deoptimization events (20 events):
Event: 1.232 Thread 0x00000296680221a0 Uncommon trap: trap_request=0xffffff45 fr.pc=0x000002967733743c relative=0x000000000000033c
Event: 1.232 Thread 0x00000296680221a0 Uncommon trap: reason=unstable_if action=reinterpret pc=0x000002967733743c method=org.eclipse.sisu.inject.InjectorBindings.isAssignableFrom(Lcom/google/inject/TypeLiteral;Lcom/google/inject/Binding;)Z @ 14 c2
Event: 1.232 Thread 0x00000296680221a0 DEOPT PACKING pc=0x000002967733743c sp=0x000000c76b5fd2f0
Event: 1.232 Thread 0x00000296680221a0 DEOPT UNPACKING pc=0x000002966f7ed72e sp=0x000000c76b5fd2b0 mode 2
Event: 1.237 Thread 0x00000296680221a0 Uncommon trap: trap_request=0xffffffbe fr.pc=0x00000296772ffecc relative=0x0000000000001fcc
Event: 1.237 Thread 0x00000296680221a0 Uncommon trap: reason=profile_predicate action=maybe_recompile pc=0x00000296772ffecc method=jdk.internal.jimage.ImageStringsReader.charsFromByteBuffer([CLjava/nio/ByteBuffer;)V @ 6 c2
Event: 1.237 Thread 0x00000296680221a0 DEOPT PACKING pc=0x00000296772ffecc sp=0x000000c76b5fd340
Event: 1.237 Thread 0x00000296680221a0 DEOPT UNPACKING pc=0x000002966f7ed72e sp=0x000000c76b5fd0d0 mode 2
Event: 1.237 Thread 0x00000296680221a0 Uncommon trap: trap_request=0xffffffbe fr.pc=0x00000296772ffecc relative=0x0000000000001fcc
Event: 1.238 Thread 0x00000296680221a0 Uncommon trap: reason=profile_predicate action=maybe_recompile pc=0x00000296772ffecc method=jdk.internal.jimage.ImageStringsReader.charsFromByteBuffer([CLjava/nio/ByteBuffer;)V @ 6 c2
Event: 1.238 Thread 0x00000296680221a0 DEOPT PACKING pc=0x00000296772ffecc sp=0x000000c76b5fd430
Event: 1.238 Thread 0x00000296680221a0 DEOPT UNPACKING pc=0x000002966f7ed72e sp=0x000000c76b5fd1c0 mode 2
Event: 1.238 Thread 0x00000296680221a0 Uncommon trap: trap_request=0xffffff45 fr.pc=0x00000296772f857c relative=0x00000000000005bc
Event: 1.238 Thread 0x00000296680221a0 Uncommon trap: reason=unstable_if action=reinterpret pc=0x00000296772f857c method=java.nio.Buffer.limit(I)Ljava/nio/Buffer; @ 42 c2
Event: 1.238 Thread 0x00000296680221a0 DEOPT PACKING pc=0x00000296772f857c sp=0x000000c76b5fd330
Event: 1.238 Thread 0x00000296680221a0 DEOPT UNPACKING pc=0x000002966f7ed72e sp=0x000000c76b5fd188 mode 2
Event: 1.238 Thread 0x00000296680221a0 Uncommon trap: trap_request=0xffffffbe fr.pc=0x00000296772ffecc relative=0x0000000000001fcc
Event: 1.238 Thread 0x00000296680221a0 Uncommon trap: reason=profile_predicate action=maybe_recompile pc=0x00000296772ffecc method=jdk.internal.jimage.ImageStringsReader.charsFromByteBuffer([CLjava/nio/ByteBuffer;)V @ 6 c2
Event: 1.238 Thread 0x00000296680221a0 DEOPT PACKING pc=0x00000296772ffecc sp=0x000000c76b5fd4f0
Event: 1.238 Thread 0x00000296680221a0 DEOPT UNPACKING pc=0x000002966f7ed72e sp=0x000000c76b5fd280 mode 2

Classes unloaded (0 events):
No events

Classes redefined (0 events):
No events

Internal exceptions (9 events):
Event: 0.076 Thread 0x000002960aed94d0 Exception <a 'java/lang/NoSuchMethodError'{0x0000000719470c50}: 'java.lang.Object java.lang.invoke.DirectMethodHandle$Holder.invokeStatic(java.lang.Object)'> (0x0000000719470c50) 
thrown [t:\workspace\open\src\hotspot\share\interpreter\linkResolver.cpp, line 790]
Event: 0.077 Thread 0x000002960aed94d0 Exception <a 'java/lang/NoSuchMethodError'{0x0000000719474560}: 'java.lang.Object java.lang.invoke.DirectMethodHandle$Holder.invokeStaticInit(java.lang.Object)'> (0x0000000719474560) 
thrown [t:\workspace\open\src\hotspot\share\interpreter\linkResolver.cpp, line 790]
Event: 0.082 Thread 0x000002960aed94d0 Exception <a 'java/lang/NoSuchMethodError'{0x0000000719482258}: 'void java.lang.invoke.DirectMethodHandle$Holder.invokeStatic(java.lang.Object, java.lang.Object)'> (0x0000000719482258) 
thrown [t:\workspace\open\src\hotspot\share\interpreter\linkResolver.cpp, line 790]
Event: 0.161 Thread 0x00000296680221a0 Exception <a 'java/lang/NoSuchMethodError'{0x000000071936fd78}: 'java.lang.Object java.lang.invoke.DirectMethodHandle$Holder.invokeStaticInit(java.lang.Object, int, int, int, int)'> (0x000000071936fd78) 
thrown [t:\workspace\open\src\hotspot\share\interpreter\linkResolver.cpp, line 790]
Event: 0.216 Thread 0x00000296680221a0 Exception <a 'java/lang/NoSuchMethodError'{0x000000071902b158}: 'java.lang.Object java.lang.invoke.DirectMethodHandle$Holder.invokeStaticInit(java.lang.Object, java.lang.Object, int, int, int, int)'> (0x000000071902b158) 
thrown [t:\workspace\open\src\hotspot\share\interpreter\linkResolver.cpp, line 790]
Event: 0.432 Thread 0x00000296680221a0 Exception <a 'java/lang/NoSuchMethodError'{0x0000000718a07a90}: 'void java.lang.invoke.DirectMethodHandle$Holder.invokeSpecial(java.lang.Object, java.lang.Object, java.lang.Object)'> (0x0000000718a07a90) 
thrown [t:\workspace\open\src\hotspot\share\interpreter\linkResolver.cpp, line 790]
Event: 0.529 Thread 0x00000296680221a0 Exception <a 'java/lang/NoSuchMethodError'{0x000000071873aee0}: 'java.lang.Object java.lang.invoke.DirectMethodHandle$Holder.newInvokeSpecial(java.lang.Object, java.lang.Object, java.lang.Object, java.lang.Object, java.lang.Object)'> (0x000000071873aee0) 
thrown [t:\workspace\open\src\hotspot\share\interpreter\linkResolver.cpp, line 790]
Event: 1.160 Thread 0x00000296680221a0 Exception <a 'java/lang/NoClassDefFoundError'{0x0000000718a5eff8}: com/google/inject/servlet/ServletModuleTargetVisitor> (0x0000000718a5eff8) 
thrown [t:\workspace\open\src\hotspot\share\classfile\systemDictionary.cpp, line 245]
Event: 1.160 Thread 0x00000296680221a0 Exception <a 'java/lang/NoClassDefFoundError'{0x0000000718a60b20}: javax/annotation/Priority> (0x0000000718a60b20) 
thrown [t:\workspace\open\src\hotspot\share\classfile\systemDictionary.cpp, line 245]

Events (20 events):
Event: 1.183 loading class java/util/concurrent/RejectedExecutionHandler done
Event: 1.183 loading class java/util/concurrent/ThreadPoolExecutor$AbortPolicy done
Event: 1.194 Executing  VM operation: ICBufferFull
Event: 1.194 Executing  VM operation: ICBufferFull done
Event: 1.201 loading class java/security/Key
Event: 1.202 loading class java/security/Key done
Event: 1.202 loading class java/security/spec/AlgorithmParameterSpec
Event: 1.202 loading class java/security/spec/AlgorithmParameterSpec done
Event: 1.214 Executing  VM operation: HandshakeAllThreads
Event: 1.214 Executing  VM operation: HandshakeAllThreads done
Event: 1.237 loading class sun/util/resources/LocaleData$CommonResourceBundleProvider
Event: 1.237 loading class sun/util/resources/LocaleData$LocaleDataResourceBundleProvider
Event: 1.237 loading class java/util/spi/ResourceBundleProvider
Event: 1.237 loading class java/util/spi/ResourceBundleProvider done
Event: 1.237 loading class sun/util/resources/LocaleData$LocaleDataResourceBundleProvider done
Event: 1.237 loading class sun/util/resources/LocaleData$CommonResourceBundleProvider done
Event: 1.237 loading class sun/util/resources/Bundles$2
Event: 1.237 loading class sun/util/resources/Bundles$2 done
Event: 1.239 loading class java/util/Formatter$FixedString
Event: 1.239 loading class java/util/Formatter$FixedString done


Dynamic libraries:
0x00007ff610b60000 - 0x00007ff610b70000 	C:\Program Files\Java\jdk-16.0.1\bin\java.exe
0x00007ff9211d0000 - 0x00007ff9213c5000 	C:\Windows\SYSTEM32\ntdll.dll
0x00007ff8ec080000 - 0x00007ff8ec096000 	C:\Program Files\Avast Software\Avast\aswhook.dll
0x00007ff91f280000 - 0x00007ff91f33e000 	C:\Windows\System32\KERNEL32.DLL
0x00007ff91eae0000 - 0x00007ff91eda8000 	C:\Windows\System32\KERNELBASE.dll
0x00007ff91ede0000 - 0x00007ff91eee0000 	C:\Windows\System32\ucrtbase.dll
0x00007ff902de0000 - 0x00007ff902df9000 	C:\Program Files\Java\jdk-16.0.1\bin\VCRUNTIME140.dll
0x00007ff9002f0000 - 0x00007ff900308000 	C:\Program Files\Java\jdk-16.0.1\bin\jli.dll
0x00007ff91f340000 - 0x00007ff91f3ec000 	C:\Windows\System32\ADVAPI32.dll
0x00007ff91fee0000 - 0x00007ff91ff7e000 	C:\Windows\System32\msvcrt.dll
0x00007ff91f3f0000 - 0x00007ff91f48b000 	C:\Windows\System32\sechost.dll
0x00007ff91f4a0000 - 0x00007ff91f5ca000 	C:\Windows\System32\RPCRT4.dll
0x00007ff920640000 - 0x00007ff9207e1000 	C:\Windows\System32\USER32.dll
0x00007ff91edb0000 - 0x00007ff91edd2000 	C:\Windows\System32\win32u.dll
0x00007ff901fa0000 - 0x00007ff90223a000 	C:\Windows\WinSxS\amd64_microsoft.windows.common-controls_6595b64144ccf1df_6.0.19041.1110_none_60b5254171f9507e\COMCTL32.dll
0x00007ff920970000 - 0x00007ff92099b000 	C:\Windows\System32\GDI32.dll
0x00007ff91ef80000 - 0x00007ff91f08b000 	C:\Windows\System32\gdi32full.dll
0x00007ff91eee0000 - 0x00007ff91ef7d000 	C:\Windows\System32\msvcp_win.dll
0x00007ff91d690000 - 0x00007ff91d69a000 	C:\Windows\SYSTEM32\VERSION.dll
0x00007ff91feb0000 - 0x00007ff91fee0000 	C:\Windows\System32\IMM32.DLL
0x00007ff91be90000 - 0x00007ff91be9c000 	C:\Program Files\Java\jdk-16.0.1\bin\vcruntime140_1.dll
0x00007ff8f49f0000 - 0x00007ff8f4a81000 	C:\Program Files\Java\jdk-16.0.1\bin\msvcp140.dll
0x00007ff8a9b50000 - 0x00007ff8aa6fb000 	C:\Program Files\Java\jdk-16.0.1\bin\server\jvm.dll
0x00007ff91f490000 - 0x00007ff91f498000 	C:\Windows\System32\PSAPI.DLL
0x00007ff909d50000 - 0x00007ff909d59000 	C:\Windows\SYSTEM32\WSOCK32.dll
0x00007ff91f980000 - 0x00007ff91f9eb000 	C:\Windows\System32\WS2_32.dll
0x00007ff914a50000 - 0x00007ff914a77000 	C:\Windows\SYSTEM32\WINMM.dll
0x00007ff91d650000 - 0x00007ff91d662000 	C:\Windows\SYSTEM32\kernel.appcore.dll
0x00007ff9194b0000 - 0x00007ff9194ba000 	C:\Program Files\Java\jdk-16.0.1\bin\jimage.dll
0x00007ff90b910000 - 0x00007ff90baf4000 	C:\Windows\SYSTEM32\DBGHELP.DLL
0x00007ff90b8e0000 - 0x00007ff90b90c000 	C:\Windows\SYSTEM32\dbgcore.DLL
0x00007ff91e8f0000 - 0x00007ff91e973000 	C:\Windows\System32\bcryptPrimitives.dll
0x00007ff919480000 - 0x00007ff91948e000 	C:\Program Files\Java\jdk-16.0.1\bin\instrument.dll
0x00007ff8fff90000 - 0x00007ff8fffb5000 	C:\Program Files\Java\jdk-16.0.1\bin\java.dll
0x00007ff9209a0000 - 0x00007ff9210df000 	C:\Windows\System32\SHELL32.dll
0x00007ff91cec0000 - 0x00007ff91d650000 	C:\Windows\SYSTEM32\windows.storage.dll
0x00007ff91fb50000 - 0x00007ff91fea5000 	C:\Windows\System32\combase.dll
0x00007ff91e190000 - 0x00007ff91e1be000 	C:\Windows\SYSTEM32\Wldp.dll
0x00007ff9210e0000 - 0x00007ff92118d000 	C:\Windows\System32\SHCORE.dll
0x00007ff91f6c0000 - 0x00007ff91f715000 	C:\Windows\System32\shlwapi.dll
0x00007ff91e830000 - 0x00007ff91e84f000 	C:\Windows\SYSTEM32\profapi.dll
0x00007ff8ff320000 - 0x00007ff8ff338000 	C:\Program Files\Java\jdk-16.0.1\bin\zip.dll
0x00007ff8fefe0000 - 0x00007ff8feff9000 	C:\Program Files\Java\jdk-16.0.1\bin\net.dll
0x00007ff919090000 - 0x00007ff91919c000 	C:\Windows\SYSTEM32\WINHTTP.dll
0x00007ff91df70000 - 0x00007ff91dfda000 	C:\Windows\system32\mswsock.dll
0x00007ff8fefc0000 - 0x00007ff8fefd3000 	C:\Program Files\Java\jdk-16.0.1\bin\nio.dll
0x00007ff8fefa0000 - 0x00007ff8fefba000 	C:\Program Files\JetBrains\IntelliJ IDEA 2021.1.2\bin\breakgen64.dll
0x00007ff9193b0000 - 0x00007ff9193c0000 	C:\Program Files\Java\jdk-16.0.1\bin\verify.dll
0x00007ff91e1d0000 - 0x00007ff91e1e8000 	C:\Windows\SYSTEM32\CRYPTSP.dll
0x00007ff91d910000 - 0x00007ff91d944000 	C:\Windows\system32\rsaenh.dll
0x00007ff91f1f0000 - 0x00007ff91f217000 	C:\Windows\System32\bcrypt.dll
0x00007ff91e7f0000 - 0x00007ff91e81e000 	C:\Windows\SYSTEM32\USERENV.dll
0x00007ff91e100000 - 0x00007ff91e10c000 	C:\Windows\SYSTEM32\CRYPTBASE.dll
0x00007ff91dc80000 - 0x00007ff91dcbb000 	C:\Windows\SYSTEM32\IPHLPAPI.DLL
0x00007ff91fa10000 - 0x00007ff91fa18000 	C:\Windows\System32\NSI.dll
0x00007ff916570000 - 0x00007ff916587000 	C:\Windows\SYSTEM32\dhcpcsvc6.DLL
0x00007ff916550000 - 0x00007ff91656d000 	C:\Windows\SYSTEM32\dhcpcsvc.DLL
0x00007ff91dcc0000 - 0x00007ff91dd8b000 	C:\Windows\SYSTEM32\DNSAPI.dll
0x00007ff909f90000 - 0x00007ff909f9a000 	C:\Users\Russell\AppData\Local\Temp\jansi-1.17.1-4055579846160147184.dll
0x00007ff909210000 - 0x00007ff90921a000 	C:\Users\Russell\AppData\Local\Temp\jansi-1.17.1-1340807187833405885.dll

dbghelp: loaded successfully - version: 4.0.5 - missing functions: none
symbol engine: initialized successfully - sym options: 0x614 - pdb path: .;C:\Program Files\Java\jdk-16.0.1\bin;C:\Windows\SYSTEM32;C:\Program Files\Avast Software\Avast;C:\Windows\WinSxS\amd64_microsoft.windows.common-controls_6595b64144ccf1df_6.0.19041.1110_none_60b5254171f9507e;C:\Program Files\Java\jdk-16.0.1\bin\server;C:\Program Files\JetBrains\IntelliJ IDEA 2021.1.2\bin;C:\Users\Russell\AppData\Local\Temp

VM Arguments:
jvm_args: -Dmaven.multiModuleProjectDirectory=C:\Users\Russell\IdeaProjects\FinalProject -Dmaven.home=C:\Program Files\JetBrains\IntelliJ IDEA 2021.1.2\plugins\maven\lib\maven3 -Dclassworlds.conf=C:\Program Files\JetBrains\IntelliJ IDEA 2021.1.2\plugins\maven\lib\maven3\bin\m2.conf -Dmaven.ext.class.path=C:\Program Files\JetBrains\IntelliJ IDEA 2021.1.2\plugins\maven\lib\maven-event-listener.jar -javaagent:C:\Program Files\JetBrains\IntelliJ IDEA 2021.1.2\lib\idea_rt.jar=61284:C:\Program Files\JetBrains\IntelliJ IDEA 2021.1.2\bin -Dfile.encoding=UTF-8 
java_command: org.codehaus.classworlds.Launcher -Didea.version=2021.2 clean install
java_class_path (initial): C:\Program Files\JetBrains\IntelliJ IDEA 2021.1.2\plugins\maven\lib\maven3\boot\plexus-classworlds-2.6.0.jar;C:\Program Files\JetBrains\IntelliJ IDEA 2021.1.2\plugins\maven\lib\maven3\boot\plexus-classworlds.license
Launcher Type: SUN_STANDARD

[Global flags]
     intx CICompilerCount                          = 3                                         {product} {ergonomic}
     uint ConcGCThreads                            = 2                                         {product} {ergonomic}
     uint G1ConcRefinementThreads                  = 6                                         {product} {ergonomic}
   size_t G1HeapRegionSize                         = 2097152                                   {product} {ergonomic}
    uintx GCDrainStackTargetSize                   = 64                                        {product} {ergonomic}
   size_t InitialHeapSize                          = 257949696                                 {product} {ergonomic}
   size_t MarkStackSize                            = 4194304                                   {product} {ergonomic}
   size_t MaxHeapSize                              = 4125097984                                {product} {ergonomic}
   size_t MaxNewSize                               = 2474639360                                {product} {ergonomic}
   size_t MinHeapDeltaBytes                        = 2097152                                   {product} {ergonomic}
   size_t MinHeapSize                              = 8388608                                   {product} {ergonomic}
    uintx NonNMethodCodeHeapSize                   = 5832780                                {pd product} {ergonomic}
    uintx NonProfiledCodeHeapSize                  = 122912730                              {pd product} {ergonomic}
    uintx ProfiledCodeHeapSize                     = 122912730                              {pd product} {ergonomic}
    uintx ReservedCodeCacheSize                    = 251658240                              {pd product} {ergonomic}
     bool SegmentedCodeCache                       = true                                      {product} {ergonomic}
   size_t SoftMaxHeapSize                          = 4125097984                             {manageable} {ergonomic}
     bool UseCompressedClassPointers               = true                           {product lp64_product} {ergonomic}
     bool UseCompressedOops                        = true                           {product lp64_product} {ergonomic}
     bool UseG1GC                                  = true                                      {product} {ergonomic}
     bool UseLargePagesIndividualAllocation        = false                                  {pd product} {ergonomic}

Logging:
Log output configuration:
 #0: stdout all=warning uptime,level,tags
 #1: stderr all=off uptime,level,tags

Environment Variables:
PATH=C:\Program Files\Common Files\Oracle\Java\javapath;C:\Program Files (x86)\Common Files\Oracle\Java\javapath;C:\Windows\system32;C:\Windows;C:\Windows\System32\Wbem;C:\Windows\System32\WindowsPowerShell\v1.0\;C:\Windows\System32\OpenSSH\;C:\Program Files\Git\cmd;C:\Program Files\Docker\Docker\resources\bin;C:\ProgramData\DockerDesktop\version-bin;C:\Program Files\MySQL\MySQL Shell 8.0\bin\;C:\Users\Russell\AppData\Local\Microsoft\WindowsApps;
USERNAME=Russell
OS=Windows_NT
PROCESSOR_IDENTIFIER=AMD64 Family 23 Model 96 Stepping 1, AuthenticAMD



---------------  S Y S T E M  ---------------

OS:
 Windows 10 , 64 bit Build 19041 (10.0.19041.1348)
OS uptime: 4 days 6:31 hours
Hyper-V role detected

CPU: total 6 (initial active 6) (6 cores per cpu, 1 threads per core) family 23 model 96 stepping 1 microcode 0x0, cx8, cmov, fxsr, mmx, 3dnowpref, sse, sse2, sse3, ssse3, sse4a, sse4.1, sse4.2, popcnt, lzcnt, tsc, tscinvbit, avx, avx2, aes, clmul, bmi1, bmi2, adx, sha, fma, vzeroupper, clflush, clflushopt, hv

Memory: 4k page, system-wide physical 15733M (4351M free)
TotalPageFile size 17781M (AvailPageFile size 5M)
current process WorkingSet (physical memory assigned to process): 104M, peak: 104M
current process commit charge ("private bytes"): 360M, peak: 360M

vm_info: Java HotSpot(TM) 64-Bit Server VM (16.0.1+9-24) for windows-amd64 JRE (16.0.1+9-24), built on Mar 26 2021 19:31:42 by "mach5one" with MS VC++ 16.7 (VS2019)

END.
