#
# There is insufficient memory for the Java Runtime Environment to continue.
# Native memory allocation (malloc) failed to allocate 1075056 bytes for Chunk::new
# Possible reasons:
#   The system is out of physical RAM or swap space
#   The process is running with CompressedOops enabled, and the Java Heap may be blocking the growth of the native heap
# Possible solutions:
#   Reduce memory load on the system
#   Increase physical memory or swap space
#   Check if swap backing store is full
#   Decrease Java heap size (-Xmx/-Xms)
#   Decrease number of Java threads
#   Decrease Java thread stack sizes (-Xss)
#   Set larger code cache with -XX:ReservedCodeCacheSize=
#   JVM is running with Zero Based Compressed Oops mode in which the Java heap is
#     placed in the first 32GB address space. The Java Heap base address is the
#     maximum limit for the native heap growth. Please use -XX:HeapBaseMinAddress
#     to set the Java Heap base and to place the Java Heap above 32GB virtual address.
# This output file may be truncated or incomplete.
#
#  Out of Memory Error (arena.cpp:195), pid=24092, tid=12516
#
# JRE version: Java(TM) SE Runtime Environment (16.0.1+9) (build 16.0.1+9-24)
# Java VM: Java HotSpot(TM) 64-Bit Server VM (16.0.1+9-24, mixed mode, sharing, tiered, compressed oops, compressed class ptrs, g1 gc, windows-amd64)
# No core dump will be written. Minidumps are not enabled by default on client versions of Windows
#

---------------  S U M M A R Y ------------

Command Line: -Dmaven.multiModuleProjectDirectory=C:\Users\Russell\IdeaProjects\FinalProject -Dmaven.home=C:\Program Files\JetBrains\IntelliJ IDEA 2021.1.2\plugins\maven\lib\maven3 -Dclassworlds.conf=C:\Program Files\JetBrains\IntelliJ IDEA 2021.1.2\plugins\maven\lib\maven3\bin\m2.conf -Dmaven.ext.class.path=C:\Program Files\JetBrains\IntelliJ IDEA 2021.1.2\plugins\maven\lib\maven-event-listener.jar -javaagent:C:\Program Files\JetBrains\IntelliJ IDEA 2021.1.2\lib\idea_rt.jar=64644:C:\Program Files\JetBrains\IntelliJ IDEA 2021.1.2\bin -Dfile.encoding=UTF-8 org.codehaus.classworlds.Launcher -Didea.version=2021.2 clean install

Host: AMD Ryzen 5 4500U with Radeon Graphics         , 6 cores, 15G,  Windows 10 , 64 bit Build 19041 (10.0.19041.1348)
Time: Mon Dec 20 04:05:56 2021  Windows 10 , 64 bit Build 19041 (10.0.19041.1348) elapsed time: 8.535560 seconds (0d 0h 0m 8s)

---------------  T H R E A D  ---------------

Current thread (0x000001ecc4e70a50):  JavaThread "C2 CompilerThread0" daemon [_thread_in_native, id=12516, stack(0x000000e0b5300000,0x000000e0b5400000)]


Current CompileTask:
C2:   8535 8858       4       org.apache.maven.model.inheritance.DefaultInheritanceAssembler$InheritanceModelMerger::mergePlugin (71 bytes)

Stack: [0x000000e0b5300000,0x000000e0b5400000]
Native frames: (J=compiled Java code, j=interpreted, Vv=VM code, C=native code)
V  [jvm.dll+0x6687ca]
V  [jvm.dll+0x7ca3c9]
V  [jvm.dll+0x7cbb53]
V  [jvm.dll+0x7cc1b3]
V  [jvm.dll+0x242ea5]
V  [jvm.dll+0xadeca]
V  [jvm.dll+0xae5ac]
V  [jvm.dll+0x35aed2]
V  [jvm.dll+0x1b9f31]
V  [jvm.dll+0x216066]
V  [jvm.dll+0x215350]
V  [jvm.dll+0x1a1d9b]
V  [jvm.dll+0x2253a8]
V  [jvm.dll+0x2233ec]
V  [jvm.dll+0x780002]
V  [jvm.dll+0x779b4a]
V  [jvm.dll+0x667666]
C  [ucrtbase.dll+0x21bb2]
C  [KERNEL32.DLL+0x17034]
C  [ntdll.dll+0x52651]


---------------  P R O C E S S  ---------------

Threads class SMR info:
_java_thread_list=0x000001ecc9e1e570, length=18, elements={
0x000001eca2ba27d0, 0x000001ecc4e54ac0, 0x000001ecc4e55780, 0x000001ecc4e6be60,
0x000001ecc4e6c860, 0x000001ecc4e6d260, 0x000001ecc4e6fc70, 0x000001ecc4e70a50,
0x000001ecc4e73cf0, 0x000001ecc4e76a60, 0x000001ecc58d4f80, 0x000001ecc58d7a00,
0x000001ecc58d54d0, 0x000001ecc7355a80, 0x000001ecc58d6a10, 0x000001ecc58d7f50,
0x000001ecc58d6f60, 0x000001ecc8e74b80
}

Java Threads: ( => current thread )
  0x000001eca2ba27d0 JavaThread "main" [_thread_in_native, id=4036, stack(0x000000e0b4600000,0x000000e0b4700000)]
  0x000001ecc4e54ac0 JavaThread "Reference Handler" daemon [_thread_blocked, id=20644, stack(0x000000e0b4d00000,0x000000e0b4e00000)]
  0x000001ecc4e55780 JavaThread "Finalizer" daemon [_thread_blocked, id=16768, stack(0x000000e0b4e00000,0x000000e0b4f00000)]
  0x000001ecc4e6be60 JavaThread "Signal Dispatcher" daemon [_thread_blocked, id=7560, stack(0x000000e0b4f00000,0x000000e0b5000000)]
  0x000001ecc4e6c860 JavaThread "Attach Listener" daemon [_thread_blocked, id=9308, stack(0x000000e0b5000000,0x000000e0b5100000)]
  0x000001ecc4e6d260 JavaThread "Service Thread" daemon [_thread_blocked, id=15092, stack(0x000000e0b5100000,0x000000e0b5200000)]
  0x000001ecc4e6fc70 JavaThread "Monitor Deflation Thread" daemon [_thread_blocked, id=23880, stack(0x000000e0b5200000,0x000000e0b5300000)]
=>0x000001ecc4e70a50 JavaThread "C2 CompilerThread0" daemon [_thread_in_native, id=12516, stack(0x000000e0b5300000,0x000000e0b5400000)]
  0x000001ecc4e73cf0 JavaThread "C1 CompilerThread0" daemon [_thread_blocked, id=20780, stack(0x000000e0b5400000,0x000000e0b5500000)]
  0x000001ecc4e76a60 JavaThread "Sweeper thread" daemon [_thread_blocked, id=21656, stack(0x000000e0b5500000,0x000000e0b5600000)]
  0x000001ecc58d4f80 JavaThread "Common-Cleaner" daemon [_thread_blocked, id=21232, stack(0x000000e0b5600000,0x000000e0b5700000)]
  0x000001ecc58d7a00 JavaThread "Monitor Ctrl-Break" daemon [_thread_in_native, id=8532, stack(0x000000e0b5700000,0x000000e0b5800000)]
  0x000001ecc58d54d0 JavaThread "Notification Thread" daemon [_thread_blocked, id=20976, stack(0x000000e0b5800000,0x000000e0b5900000)]
  0x000001ecc7355a80 JavaThread "C2 CompilerThread1" daemon [_thread_blocked, id=3372, stack(0x000000e0b5a00000,0x000000e0b5b00000)]
  0x000001ecc58d6a10 JavaThread "resolver-1" daemon [_thread_blocked, id=3972, stack(0x000000e0b6200000,0x000000e0b6300000)]
  0x000001ecc58d7f50 JavaThread "resolver-2" daemon [_thread_blocked, id=20596, stack(0x000000e0b6300000,0x000000e0b6400000)]
  0x000001ecc58d6f60 JavaThread "resolver-3" daemon [_thread_blocked, id=21940, stack(0x000000e0b6400000,0x000000e0b6500000)]
  0x000001ecc8e74b80 JavaThread "resolver-4" daemon [_thread_blocked, id=4468, stack(0x000000e0b6500000,0x000000e0b6600000)]

Other Threads:
  0x000001ecc4e517e0 VMThread "VM Thread" [stack: 0x000000e0b4c00000,0x000000e0b4d00000] [id=11284]
  0x000001ecc597b310 WatcherThread [stack: 0x000000e0b5900000,0x000000e0b5a00000] [id=23916]
  0x000001eca2befe50 GCTaskThread "GC Thread#0" [stack: 0x000000e0b4700000,0x000000e0b4800000] [id=20624]
  0x000001ecc644ab70 GCTaskThread "GC Thread#1" [stack: 0x000000e0b5b00000,0x000000e0b5c00000] [id=23884]
  0x000001ecc64cb090 GCTaskThread "GC Thread#2" [stack: 0x000000e0b5c00000,0x000000e0b5d00000] [id=22552]
  0x000001ecc64cb3a0 GCTaskThread "GC Thread#3" [stack: 0x000000e0b5d00000,0x000000e0b5e00000] [id=20832]
  0x000001ecc64cb6b0 GCTaskThread "GC Thread#4" [stack: 0x000000e0b5e00000,0x000000e0b5f00000] [id=11696]
  0x000001ecc64ed6c0 GCTaskThread "GC Thread#5" [stack: 0x000000e0b5f00000,0x000000e0b6000000] [id=4952]
  0x000001eca2c00460 ConcurrentGCThread "G1 Main Marker" [stack: 0x000000e0b4800000,0x000000e0b4900000] [id=21628]
  0x000001eca2c023b0 ConcurrentGCThread "G1 Conc#0" [stack: 0x000000e0b4900000,0x000000e0b4a00000] [id=23780]
  0x000001ecc887ac90 ConcurrentGCThread "G1 Conc#1" [stack: 0x000000e0b6000000,0x000000e0b6100000] [id=11012]
  0x000001eca2c72f70 ConcurrentGCThread "G1 Refine#0" [stack: 0x000000e0b4a00000,0x000000e0b4b00000] [id=5004]
  0x000001ecc6defba0 ConcurrentGCThread "G1 Refine#1" [stack: 0x000000e0b6100000,0x000000e0b6200000] [id=3900]
  0x000001eca2c738f0 ConcurrentGCThread "G1 Service" [stack: 0x000000e0b4b00000,0x000000e0b4c00000] [id=7044]

Threads with active compile tasks:
C2 CompilerThread0     8555 8858       4       org.apache.maven.model.inheritance.DefaultInheritanceAssembler$InheritanceModelMerger::mergePlugin (71 bytes)

VM state: not at safepoint (normal execution)

VM Mutex/Monitor currently owned by a thread: None

Heap address: 0x000000070a200000, size: 3934 MB, Compressed Oops mode: Zero based, Oop shift amount: 3

CDS archive(s) mapped at: [0x0000000800000000-0x0000000800bb0000-0x0000000800bb0000), size 12255232, SharedBaseAddress: 0x0000000800000000, ArchiveRelocationMode: 0.
Compressed class space mapped at: 0x0000000800c00000-0x0000000840c00000, reserved size: 1073741824
Narrow klass base: 0x0000000800000000, Narrow klass shift: 3, Narrow klass range: 0x100000000

GC Precious Log:
 CPUs: 6 total, 6 available
 Memory: 15733M
 Large Page Support: Disabled
 NUMA Support: Disabled
 Compressed Oops: Enabled (Zero based)
 Heap Region Size: 2M
 Heap Min Capacity: 8M
 Heap Initial Capacity: 246M
 Heap Max Capacity: 3934M
 Pre-touch: Disabled
 Parallel Workers: 6
 Concurrent Workers: 2
 Concurrent Refinement Workers: 6
 Periodic GC: Disabled

Heap:
 garbage-first heap   total 208896K, used 120355K [0x000000070a200000, 0x0000000800000000)
  region size 2048K, 29 young (59392K), 4 survivors (8192K)
 Metaspace       used 33276K, committed 33664K, reserved 1081344K
  class space    used 3482K, committed 3648K, reserved 1048576K

Heap Regions: E=young(eden), S=young(survivor), O=old, HS=humongous(starts), HC=humongous(continues), CS=collection set, F=free, OA=open archive, CA=closed archive, TAMS=top-at-mark-start (previous, next)
|   0|0x000000070a200000, 0x000000070a400000, 0x000000070a400000|100%| O|  |TAMS 0x000000070a400000, 0x000000070a200000| Untracked 
|   1|0x000000070a400000, 0x000000070a58c600, 0x000000070a600000| 77%| O|  |TAMS 0x000000070a58c600, 0x000000070a400000| Untracked 
|   2|0x000000070a600000, 0x000000070a800000, 0x000000070a800000|100%| O|  |TAMS 0x000000070a800000, 0x000000070a600000| Untracked 
|   3|0x000000070a800000, 0x000000070aa00000, 0x000000070aa00000|100%| O|  |TAMS 0x000000070aa00000, 0x000000070a800000| Untracked 
|   4|0x000000070aa00000, 0x000000070ac00000, 0x000000070ac00000|100%| O|  |TAMS 0x000000070ac00000, 0x000000070aa00000| Untracked 
|   5|0x000000070ac00000, 0x000000070ae00000, 0x000000070ae00000|100%| O|  |TAMS 0x000000070ae00000, 0x000000070ac00000| Untracked 
|   6|0x000000070ae00000, 0x000000070b000000, 0x000000070b000000|100%| O|  |TAMS 0x000000070b000000, 0x000000070ae00000| Untracked 
|   7|0x000000070b000000, 0x000000070b200000, 0x000000070b200000|100%| O|  |TAMS 0x000000070b200000, 0x000000070b000000| Untracked 
|   8|0x000000070b200000, 0x000000070b400000, 0x000000070b400000|100%| O|  |TAMS 0x000000070b400000, 0x000000070b200000| Untracked 
|   9|0x000000070b400000, 0x000000070b600000, 0x000000070b600000|100%| O|  |TAMS 0x000000070b600000, 0x000000070b400000| Untracked 
|  10|0x000000070b600000, 0x000000070b800000, 0x000000070b800000|100%| O|  |TAMS 0x000000070b7ede00, 0x000000070b600000| Untracked 
|  11|0x000000070b800000, 0x000000070ba00000, 0x000000070ba00000|100%| O|  |TAMS 0x000000070ba00000, 0x000000070b800000| Untracked 
|  12|0x000000070ba00000, 0x000000070bc00000, 0x000000070bc00000|100%| O|  |TAMS 0x000000070bc00000, 0x000000070ba00000| Untracked 
|  13|0x000000070bc00000, 0x000000070be00000, 0x000000070be00000|100%| O|  |TAMS 0x000000070be00000, 0x000000070bc00000| Untracked 
|  14|0x000000070be00000, 0x000000070c000000, 0x000000070c000000|100%| O|  |TAMS 0x000000070be00000, 0x000000070be00000| Untracked 
|  15|0x000000070c000000, 0x000000070c200000, 0x000000070c200000|100%| O|  |TAMS 0x000000070c000000, 0x000000070c000000| Untracked 
|  16|0x000000070c200000, 0x000000070c400000, 0x000000070c400000|100%| O|  |TAMS 0x000000070c200000, 0x000000070c200000| Untracked 
|  17|0x000000070c400000, 0x000000070c600000, 0x000000070c600000|100%| O|  |TAMS 0x000000070c400000, 0x000000070c400000| Untracked 
|  18|0x000000070c600000, 0x000000070c800000, 0x000000070c800000|100%| O|  |TAMS 0x000000070c600000, 0x000000070c600000| Untracked 
|  19|0x000000070c800000, 0x000000070ca00000, 0x000000070ca00000|100%| O|  |TAMS 0x000000070c800000, 0x000000070c800000| Untracked 
|  20|0x000000070ca00000, 0x000000070cc00000, 0x000000070cc00000|100%| O|  |TAMS 0x000000070ca00000, 0x000000070ca00000| Untracked 
|  21|0x000000070cc00000, 0x000000070ce00000, 0x000000070ce00000|100%|HS|  |TAMS 0x000000070cc00000, 0x000000070cc00000| Complete 
|  22|0x000000070ce00000, 0x000000070d000000, 0x000000070d000000|100%| O|  |TAMS 0x000000070ce00000, 0x000000070ce00000| Untracked 
|  23|0x000000070d000000, 0x000000070d200000, 0x000000070d200000|100%| O|  |TAMS 0x000000070d000000, 0x000000070d000000| Untracked 
|  24|0x000000070d200000, 0x000000070d400000, 0x000000070d400000|100%| O|  |TAMS 0x000000070d200000, 0x000000070d200000| Untracked 
|  25|0x000000070d400000, 0x000000070d600000, 0x000000070d600000|100%| O|  |TAMS 0x000000070d400000, 0x000000070d400000| Untracked 
|  26|0x000000070d600000, 0x000000070d800000, 0x000000070d800000|100%| O|  |TAMS 0x000000070d600000, 0x000000070d600000| Untracked 
|  27|0x000000070d800000, 0x000000070da00000, 0x000000070da00000|100%| O|  |TAMS 0x000000070d800000, 0x000000070d800000| Untracked 
|  28|0x000000070da00000, 0x000000070dc00000, 0x000000070dc00000|100%| O|  |TAMS 0x000000070da00000, 0x000000070da00000| Untracked 
|  29|0x000000070dc00000, 0x000000070de00000, 0x000000070de00000|100%| O|  |TAMS 0x000000070dc00000, 0x000000070dc00000| Untracked 
|  30|0x000000070de00000, 0x000000070e000000, 0x000000070e000000|100%| O|  |TAMS 0x000000070de00000, 0x000000070de00000| Untracked 
|  31|0x000000070e000000, 0x000000070e1a0400, 0x000000070e200000| 81%| O|  |TAMS 0x000000070e000000, 0x000000070e000000| Untracked 
|  32|0x000000070e200000, 0x000000070e200000, 0x000000070e400000|  0%| F|  |TAMS 0x000000070e200000, 0x000000070e200000| Untracked 
|  33|0x000000070e400000, 0x000000070e400000, 0x000000070e600000|  0%| F|  |TAMS 0x000000070e400000, 0x000000070e400000| Untracked 
|  34|0x000000070e600000, 0x000000070e600000, 0x000000070e800000|  0%| F|  |TAMS 0x000000070e600000, 0x000000070e600000| Untracked 
|  35|0x000000070e800000, 0x000000070e800000, 0x000000070ea00000|  0%| F|  |TAMS 0x000000070e800000, 0x000000070e800000| Untracked 
|  36|0x000000070ea00000, 0x000000070ea00000, 0x000000070ec00000|  0%| F|  |TAMS 0x000000070ea00000, 0x000000070ea00000| Untracked 
|  37|0x000000070ec00000, 0x000000070ec00000, 0x000000070ee00000|  0%| F|  |TAMS 0x000000070ec00000, 0x000000070ec00000| Untracked 
|  38|0x000000070ee00000, 0x000000070ee00000, 0x000000070f000000|  0%| F|  |TAMS 0x000000070ee00000, 0x000000070ee00000| Untracked 
|  39|0x000000070f000000, 0x000000070f000000, 0x000000070f200000|  0%| F|  |TAMS 0x000000070f000000, 0x000000070f000000| Untracked 
|  40|0x000000070f200000, 0x000000070f200000, 0x000000070f400000|  0%| F|  |TAMS 0x000000070f200000, 0x000000070f200000| Untracked 
|  41|0x000000070f400000, 0x000000070f400000, 0x000000070f600000|  0%| F|  |TAMS 0x000000070f400000, 0x000000070f400000| Untracked 
|  42|0x000000070f600000, 0x000000070f600000, 0x000000070f800000|  0%| F|  |TAMS 0x000000070f600000, 0x000000070f600000| Untracked 
|  43|0x000000070f800000, 0x000000070f800000, 0x000000070fa00000|  0%| F|  |TAMS 0x000000070f800000, 0x000000070f800000| Untracked 
|  44|0x000000070fa00000, 0x000000070fa00000, 0x000000070fc00000|  0%| F|  |TAMS 0x000000070fa00000, 0x000000070fa00000| Untracked 
|  45|0x000000070fc00000, 0x000000070fc00000, 0x000000070fe00000|  0%| F|  |TAMS 0x000000070fc00000, 0x000000070fc00000| Untracked 
|  46|0x000000070fe00000, 0x000000070fe00000, 0x0000000710000000|  0%| F|  |TAMS 0x000000070fe00000, 0x000000070fe00000| Untracked 
|  47|0x0000000710000000, 0x000000071005c278, 0x0000000710200000| 17%| S|CS|TAMS 0x0000000710000000, 0x0000000710000000| Complete 
|  48|0x0000000710200000, 0x0000000710400000, 0x0000000710400000|100%| S|CS|TAMS 0x0000000710200000, 0x0000000710200000| Complete 
|  49|0x0000000710400000, 0x0000000710600000, 0x0000000710600000|100%| S|CS|TAMS 0x0000000710400000, 0x0000000710400000| Complete 
|  50|0x0000000710600000, 0x0000000710800000, 0x0000000710800000|100%| S|CS|TAMS 0x0000000710600000, 0x0000000710600000| Complete 
|  51|0x0000000710800000, 0x0000000710800000, 0x0000000710a00000|  0%| F|  |TAMS 0x0000000710800000, 0x0000000710800000| Untracked 
|  52|0x0000000710a00000, 0x0000000710a00000, 0x0000000710c00000|  0%| F|  |TAMS 0x0000000710a00000, 0x0000000710a00000| Untracked 
|  53|0x0000000710c00000, 0x0000000710c00000, 0x0000000710e00000|  0%| F|  |TAMS 0x0000000710c00000, 0x0000000710c00000| Untracked 
|  54|0x0000000710e00000, 0x0000000710e00000, 0x0000000711000000|  0%| F|  |TAMS 0x0000000710e00000, 0x0000000710e00000| Untracked 
|  55|0x0000000711000000, 0x0000000711000000, 0x0000000711200000|  0%| F|  |TAMS 0x0000000711000000, 0x0000000711000000| Untracked 
|  56|0x0000000711200000, 0x0000000711200000, 0x0000000711400000|  0%| F|  |TAMS 0x0000000711200000, 0x0000000711200000| Untracked 
|  57|0x0000000711400000, 0x0000000711400000, 0x0000000711600000|  0%| F|  |TAMS 0x0000000711400000, 0x0000000711400000| Untracked 
|  58|0x0000000711600000, 0x0000000711600000, 0x0000000711800000|  0%| F|  |TAMS 0x0000000711600000, 0x0000000711600000| Untracked 
|  59|0x0000000711800000, 0x0000000711800000, 0x0000000711a00000|  0%| F|  |TAMS 0x0000000711800000, 0x0000000711800000| Untracked 
|  60|0x0000000711a00000, 0x0000000711a00000, 0x0000000711c00000|  0%| F|  |TAMS 0x0000000711a00000, 0x0000000711a00000| Untracked 
|  61|0x0000000711c00000, 0x0000000711c00000, 0x0000000711e00000|  0%| F|  |TAMS 0x0000000711c00000, 0x0000000711c00000| Untracked 
|  62|0x0000000711e00000, 0x0000000711e00000, 0x0000000712000000|  0%| F|  |TAMS 0x0000000711e00000, 0x0000000711e00000| Untracked 
|  63|0x0000000712000000, 0x0000000712000000, 0x0000000712200000|  0%| F|  |TAMS 0x0000000712000000, 0x0000000712000000| Untracked 
|  64|0x0000000712200000, 0x0000000712200000, 0x0000000712400000|  0%| F|  |TAMS 0x0000000712200000, 0x0000000712200000| Untracked 
|  65|0x0000000712400000, 0x0000000712400000, 0x0000000712600000|  0%| F|  |TAMS 0x0000000712400000, 0x0000000712400000| Untracked 
|  66|0x0000000712600000, 0x0000000712600000, 0x0000000712800000|  0%| F|  |TAMS 0x0000000712600000, 0x0000000712600000| Untracked 
|  67|0x0000000712800000, 0x0000000712800000, 0x0000000712a00000|  0%| F|  |TAMS 0x0000000712800000, 0x0000000712800000| Untracked 
|  68|0x0000000712a00000, 0x0000000712a00000, 0x0000000712c00000|  0%| F|  |TAMS 0x0000000712a00000, 0x0000000712a00000| Untracked 
|  69|0x0000000712c00000, 0x0000000712c00000, 0x0000000712e00000|  0%| F|  |TAMS 0x0000000712c00000, 0x0000000712c00000| Untracked 
|  70|0x0000000712e00000, 0x0000000712e00000, 0x0000000713000000|  0%| F|  |TAMS 0x0000000712e00000, 0x0000000712e00000| Untracked 
|  71|0x0000000713000000, 0x0000000713000000, 0x0000000713200000|  0%| F|  |TAMS 0x0000000713000000, 0x0000000713000000| Untracked 
|  72|0x0000000713200000, 0x0000000713200000, 0x0000000713400000|  0%| F|  |TAMS 0x0000000713200000, 0x0000000713200000| Untracked 
|  73|0x0000000713400000, 0x0000000713400000, 0x0000000713600000|  0%| F|  |TAMS 0x0000000713400000, 0x0000000713400000| Untracked 
|  74|0x0000000713600000, 0x0000000713600000, 0x0000000713800000|  0%| F|  |TAMS 0x0000000713600000, 0x0000000713600000| Untracked 
|  75|0x0000000713800000, 0x0000000713800000, 0x0000000713a00000|  0%| F|  |TAMS 0x0000000713800000, 0x0000000713800000| Untracked 
|  76|0x0000000713a00000, 0x0000000713a00000, 0x0000000713c00000|  0%| F|  |TAMS 0x0000000713a00000, 0x0000000713a00000| Untracked 
|  77|0x0000000713c00000, 0x0000000713cbdf40, 0x0000000713e00000| 37%| E|  |TAMS 0x0000000713c00000, 0x0000000713c00000| Complete 
|  78|0x0000000713e00000, 0x0000000714000000, 0x0000000714000000|100%| E|CS|TAMS 0x0000000713e00000, 0x0000000713e00000| Complete 
|  79|0x0000000714000000, 0x0000000714200000, 0x0000000714200000|100%| E|CS|TAMS 0x0000000714000000, 0x0000000714000000| Complete 
|  80|0x0000000714200000, 0x0000000714400000, 0x0000000714400000|100%| E|CS|TAMS 0x0000000714200000, 0x0000000714200000| Complete 
|  81|0x0000000714400000, 0x0000000714600000, 0x0000000714600000|100%| E|CS|TAMS 0x0000000714400000, 0x0000000714400000| Complete 
|  82|0x0000000714600000, 0x0000000714800000, 0x0000000714800000|100%| E|CS|TAMS 0x0000000714600000, 0x0000000714600000| Complete 
|  83|0x0000000714800000, 0x0000000714a00000, 0x0000000714a00000|100%| E|CS|TAMS 0x0000000714800000, 0x0000000714800000| Complete 
|  84|0x0000000714a00000, 0x0000000714c00000, 0x0000000714c00000|100%| E|CS|TAMS 0x0000000714a00000, 0x0000000714a00000| Complete 
|  85|0x0000000714c00000, 0x0000000714e00000, 0x0000000714e00000|100%| E|CS|TAMS 0x0000000714c00000, 0x0000000714c00000| Complete 
|  86|0x0000000714e00000, 0x0000000715000000, 0x0000000715000000|100%| E|CS|TAMS 0x0000000714e00000, 0x0000000714e00000| Complete 
|  87|0x0000000715000000, 0x0000000715200000, 0x0000000715200000|100%| E|CS|TAMS 0x0000000715000000, 0x0000000715000000| Complete 
|  88|0x0000000715200000, 0x0000000715400000, 0x0000000715400000|100%| E|CS|TAMS 0x0000000715200000, 0x0000000715200000| Complete 
|  89|0x0000000715400000, 0x0000000715600000, 0x0000000715600000|100%| E|CS|TAMS 0x0000000715400000, 0x0000000715400000| Complete 
|  90|0x0000000715600000, 0x0000000715800000, 0x0000000715800000|100%| E|CS|TAMS 0x0000000715600000, 0x0000000715600000| Complete 
|  91|0x0000000715800000, 0x0000000715a00000, 0x0000000715a00000|100%| E|CS|TAMS 0x0000000715800000, 0x0000000715800000| Complete 
|  92|0x0000000715a00000, 0x0000000715c00000, 0x0000000715c00000|100%| E|CS|TAMS 0x0000000715a00000, 0x0000000715a00000| Complete 
|  93|0x0000000715c00000, 0x0000000715e00000, 0x0000000715e00000|100%| E|CS|TAMS 0x0000000715c00000, 0x0000000715c00000| Complete 
|  94|0x0000000715e00000, 0x0000000716000000, 0x0000000716000000|100%| E|CS|TAMS 0x0000000715e00000, 0x0000000715e00000| Complete 
|  95|0x0000000716000000, 0x0000000716200000, 0x0000000716200000|100%| E|CS|TAMS 0x0000000716000000, 0x0000000716000000| Complete 
|  99|0x0000000716800000, 0x0000000716a00000, 0x0000000716a00000|100%| E|CS|TAMS 0x0000000716800000, 0x0000000716800000| Complete 
| 100|0x0000000716a00000, 0x0000000716c00000, 0x0000000716c00000|100%| E|CS|TAMS 0x0000000716a00000, 0x0000000716a00000| Complete 
| 101|0x0000000716c00000, 0x0000000716e00000, 0x0000000716e00000|100%| E|CS|TAMS 0x0000000716c00000, 0x0000000716c00000| Complete 
| 102|0x0000000716e00000, 0x0000000717000000, 0x0000000717000000|100%| E|CS|TAMS 0x0000000716e00000, 0x0000000716e00000| Complete 
| 103|0x0000000717000000, 0x0000000717200000, 0x0000000717200000|100%| E|CS|TAMS 0x0000000717000000, 0x0000000717000000| Complete 
| 122|0x0000000719600000, 0x0000000719800000, 0x0000000719800000|100%| E|CS|TAMS 0x0000000719600000, 0x0000000719600000| Complete 

Card table byte_map: [0x000001ecb9be0000,0x000001ecba390000] _byte_map_base: 0x000001ecb638f000

Marking Bits (Prev, Next): (CMBitMap*) 0x000001eca2bf04c0, (CMBitMap*) 0x000001eca2bf0500
 Prev Bits: [0x000001ecbab40000, 0x000001ecbe8b8000)
 Next Bits: [0x000001ecbe8c0000, 0x000001ecc2638000)

Polling page: 0x000001eca0b40000

Metaspace:

Usage:
  Non-class:     29.11 MB used.
      Class:      3.40 MB used.
       Both:     32.51 MB used.

Virtual space:
  Non-class space:       32.00 MB reserved,      29.31 MB ( 92%) committed,  4 nodes.
      Class space:        1.00 GB reserved,       3.56 MB ( <1%) committed,  1 nodes.
              Both:        1.03 GB reserved,      32.88 MB (  3%) committed. 

Chunk freelists:
   Non-Class:  1.97 MB
       Class:  450.00 KB
        Both:  2.41 MB

MaxMetaspaceSize: 17179869184.00 GB
CompressedClassSpaceSize: 1.00 GB
 - commit_granule_bytes: 65536.
 - commit_granule_words: 8192.
 - virtual_space_node_default_size: 1048576.
 - enlarge_chunks_in_place: 1.
 - new_chunks_are_fully_committed: 0.
 - uncommit_free_chunks: 1.
 - use_allocation_guard: 0.
 - handle_deallocations: 1.


Internal statistics:

num_allocs_failed_limit: 3.
num_arena_births: 266.
num_arena_deaths: 0.
num_vsnodes_births: 5.
num_vsnodes_deaths: 0.
num_space_committed: 526.
num_space_uncommitted: 0.
num_chunks_returned_to_freelist: 3.
num_chunks_taken_from_freelist: 1490.
num_chunk_merges: 3.
num_chunk_splits: 1025.
num_chunks_enlarged: 783.
num_purges: 0.

CodeHeap 'non-profiled nmethods': size=120000Kb used=4583Kb max_used=4583Kb free=115416Kb
 bounds [0x000001ecb1df0000, 0x000001ecb2270000, 0x000001ecb9320000]
CodeHeap 'profiled nmethods': size=120000Kb used=16807Kb max_used=16807Kb free=103192Kb
 bounds [0x000001ecaa8c0000, 0x000001ecab930000, 0x000001ecb1df0000]
CodeHeap 'non-nmethods': size=5760Kb used=1255Kb max_used=1313Kb free=4504Kb
 bounds [0x000001ecaa320000, 0x000001ecaa590000, 0x000001ecaa8c0000]
 total_blobs=8537 nmethods=7976 adapters=473
 compilation: enabled
              stopped_count=0, restarted_count=0
 full_count=0

Compilation events (20 events):
Event: 8.409 Thread 0x000001ecc4e73cf0 nmethod 8935 0x000001ecab926510 code [0x000001ecab9266c0, 0x000001ecab9267e8]
Event: 8.409 Thread 0x000001ecc4e73cf0 8936       3       java.util.Arrays::binarySearch0 (72 bytes)
Event: 8.409 Thread 0x000001ecc4e73cf0 nmethod 8936 0x000001ecab926890 code [0x000001ecab926a40, 0x000001ecab926cd8]
Event: 8.409 Thread 0x000001ecc4e73cf0 8937       3       java.lang.ProcessEnvironment$CheckedEntry::getKey (5 bytes)
Event: 8.409 Thread 0x000001ecc4e73cf0 nmethod 8937 0x000001ecab926e10 code [0x000001ecab926fc0, 0x000001ecab927308]
Event: 8.409 Thread 0x000001ecc4e73cf0 8939       3       java.lang.ProcessEnvironment$NameComparator::compare (90 bytes)
Event: 8.410 Thread 0x000001ecc4e73cf0 nmethod 8939 0x000001ecab927410 code [0x000001ecab927720, 0x000001ecab928a38]
Event: 8.410 Thread 0x000001ecc4e73cf0 8938       3       java.lang.ProcessEnvironment$CheckedEntry::getKey (13 bytes)
Event: 8.410 Thread 0x000001ecc4e73cf0 nmethod 8938 0x000001ecab929310 code [0x000001ecab9294c0, 0x000001ecab9297a8]
Event: 8.417 Thread 0x000001ecc4e73cf0 8941       1       java.lang.invoke.LambdaForm$NamedFunction::intrinsicName (5 bytes)
Event: 8.417 Thread 0x000001ecc4e73cf0 nmethod 8941 0x000001ecb2262290 code [0x000001ecb2262420, 0x000001ecb22624f8]
Event: 8.418 Thread 0x000001ecc4e73cf0 8942       3       jdk.internal.org.objectweb.asm.MethodVisitor::visitInsn (16 bytes)
Event: 8.418 Thread 0x000001ecc4e73cf0 nmethod 8942 0x000001ecab929890 code [0x000001ecab929a40, 0x000001ecab929c48]
Event: 8.433 Thread 0x000001ecc7355a80 nmethod 8869 0x000001ecb2262e90 code [0x000001ecb22631c0, 0x000001ecb2266a90]
Event: 8.433 Thread 0x000001ecc7355a80 8922       4       java.util.BitSet::checkInvariants (111 bytes)
Event: 8.434 Thread 0x000001ecc7355a80 nmethod 8922 0x000001ecb2268690 code [0x000001ecb2268800, 0x000001ecb2268878]
Event: 8.434 Thread 0x000001ecc7355a80 8923       4       java.util.BitSet::get (69 bytes)
Event: 8.434 Thread 0x000001ecc7355a80 nmethod 8923 0x000001ecb2268990 code [0x000001ecb2268b20, 0x000001ecb2268c58]
Event: 8.434 Thread 0x000001ecc7355a80 8917       4       java.io.Writer::write (11 bytes)
Event: 8.440 Thread 0x000001ecc7355a80 nmethod 8917 0x000001ecb2268d90 code [0x000001ecb2268f60, 0x000001ecb22697d8]

GC Heap History (20 events):
Event: 4.387 GC heap before
{Heap before GC invocations=6 (full 0):
 garbage-first heap   total 55296K, used 37922K [0x000000070a200000, 0x0000000800000000)
  region size 2048K, 10 young (20480K), 2 survivors (4096K)
 Metaspace       used 23526K, committed 23808K, reserved 1073152K
  class space    used 2561K, committed 2688K, reserved 1048576K
}
Event: 4.392 GC heap after
{Heap after GC invocations=7 (full 0):
 garbage-first heap   total 55296K, used 26925K [0x000000070a200000, 0x0000000800000000)
  region size 2048K, 2 young (4096K), 2 survivors (4096K)
 Metaspace       used 23526K, committed 23808K, reserved 1073152K
  class space    used 2561K, committed 2688K, reserved 1048576K
}
Event: 4.453 GC heap before
{Heap before GC invocations=7 (full 0):
 garbage-first heap   total 55296K, used 37165K [0x000000070a200000, 0x0000000800000000)
  region size 2048K, 8 young (16384K), 2 survivors (4096K)
 Metaspace       used 23561K, committed 23872K, reserved 1073152K
  class space    used 2561K, committed 2688K, reserved 1048576K
}
Event: 4.457 GC heap after
{Heap after GC invocations=8 (full 0):
 garbage-first heap   total 55296K, used 30185K [0x000000070a200000, 0x0000000800000000)
  region size 2048K, 1 young (2048K), 1 survivors (2048K)
 Metaspace       used 23561K, committed 23872K, reserved 1073152K
  class space    used 2561K, committed 2688K, reserved 1048576K
}
Event: 4.459 GC heap before
{Heap before GC invocations=8 (full 0):
 garbage-first heap   total 55296K, used 38377K [0x000000070a200000, 0x0000000800000000)
  region size 2048K, 6 young (12288K), 1 survivors (2048K)
 Metaspace       used 23561K, committed 23872K, reserved 1073152K
  class space    used 2561K, committed 2688K, reserved 1048576K
}
Event: 4.461 GC heap after
{Heap after GC invocations=9 (full 0):
 garbage-first heap   total 153600K, used 30298K [0x000000070a200000, 0x0000000800000000)
  region size 2048K, 1 young (2048K), 1 survivors (2048K)
 Metaspace       used 23561K, committed 23872K, reserved 1073152K
  class space    used 2561K, committed 2688K, reserved 1048576K
}
Event: 4.944 GC heap before
{Heap before GC invocations=10 (full 0):
 garbage-first heap   total 153600K, used 97882K [0x000000070a200000, 0x0000000800000000)
  region size 2048K, 35 young (71680K), 1 survivors (2048K)
 Metaspace       used 24674K, committed 24896K, reserved 1073152K
  class space    used 2644K, committed 2752K, reserved 1048576K
}
Event: 4.955 GC heap after
{Heap after GC invocations=11 (full 0):
 garbage-first heap   total 153600K, used 41759K [0x000000070a200000, 0x0000000800000000)
  region size 2048K, 5 young (10240K), 5 survivors (10240K)
 Metaspace       used 24674K, committed 24896K, reserved 1073152K
  class space    used 2644K, committed 2752K, reserved 1048576K
}
Event: 5.773 GC heap before
{Heap before GC invocations=11 (full 0):
 garbage-first heap   total 153600K, used 103199K [0x000000070a200000, 0x0000000800000000)
  region size 2048K, 35 young (71680K), 5 survivors (10240K)
 Metaspace       used 27119K, committed 27392K, reserved 1081344K
  class space    used 2903K, committed 3008K, reserved 1048576K
}
Event: 5.781 GC heap after
{Heap after GC invocations=12 (full 0):
 garbage-first heap   total 153600K, used 43332K [0x000000070a200000, 0x0000000800000000)
  region size 2048K, 1 young (2048K), 1 survivors (2048K)
 Metaspace       used 27119K, committed 27392K, reserved 1081344K
  class space    used 2903K, committed 3008K, reserved 1048576K
}
Event: 6.062 GC heap before
{Heap before GC invocations=12 (full 0):
 garbage-first heap   total 153600K, used 108868K [0x000000070a200000, 0x0000000800000000)
  region size 2048K, 33 young (67584K), 1 survivors (2048K)
 Metaspace       used 27472K, committed 27840K, reserved 1081344K
  class space    used 2914K, committed 3072K, reserved 1048576K
}
Event: 6.065 GC heap after
{Heap after GC invocations=13 (full 0):
 garbage-first heap   total 153600K, used 44098K [0x000000070a200000, 0x0000000800000000)
  region size 2048K, 2 young (4096K), 2 survivors (4096K)
 Metaspace       used 27472K, committed 27840K, reserved 1081344K
  class space    used 2914K, committed 3072K, reserved 1048576K
}
Event: 6.939 GC heap before
{Heap before GC invocations=13 (full 0):
 garbage-first heap   total 153600K, used 113730K [0x000000070a200000, 0x0000000800000000)
  region size 2048K, 35 young (71680K), 2 survivors (4096K)
 Metaspace       used 30049K, committed 30464K, reserved 1081344K
  class space    used 3166K, committed 3392K, reserved 1048576K
}
Event: 6.946 GC heap after
{Heap after GC invocations=14 (full 0):
 garbage-first heap   total 153600K, used 48883K [0x000000070a200000, 0x0000000800000000)
  region size 2048K, 3 young (6144K), 3 survivors (6144K)
 Metaspace       used 30049K, committed 30464K, reserved 1081344K
  class space    used 3166K, committed 3392K, reserved 1048576K
}
Event: 7.098 GC heap before
{Heap before GC invocations=14 (full 0):
 garbage-first heap   total 153600K, used 112371K [0x000000070a200000, 0x0000000800000000)
  region size 2048K, 35 young (71680K), 3 survivors (6144K)
 Metaspace       used 30095K, committed 30528K, reserved 1081344K
  class space    used 3168K, committed 3392K, reserved 1048576K
}
Event: 7.107 GC heap after
{Heap after GC invocations=15 (full 0):
 garbage-first heap   total 153600K, used 57824K [0x000000070a200000, 0x0000000800000000)
  region size 2048K, 5 young (10240K), 5 survivors (10240K)
 Metaspace       used 30095K, committed 30528K, reserved 1081344K
  class space    used 3168K, committed 3392K, reserved 1048576K
}
Event: 7.255 GC heap before
{Heap before GC invocations=15 (full 0):
 garbage-first heap   total 153600K, used 113120K [0x000000070a200000, 0x0000000800000000)
  region size 2048K, 33 young (67584K), 5 survivors (10240K)
 Metaspace       used 30118K, committed 30528K, reserved 1081344K
  class space    used 3168K, committed 3392K, reserved 1048576K
}
Event: 7.265 GC heap after
{Heap after GC invocations=16 (full 0):
 garbage-first heap   total 153600K, used 64510K [0x000000070a200000, 0x0000000800000000)
  region size 2048K, 4 young (8192K), 4 survivors (8192K)
 Metaspace       used 30118K, committed 30528K, reserved 1081344K
  class space    used 3168K, committed 3392K, reserved 1048576K
}
Event: 7.837 GC heap before
{Heap before GC invocations=16 (full 0):
 garbage-first heap   total 153600K, used 111614K [0x000000070a200000, 0x0000000800000000)
  region size 2048K, 28 young (57344K), 4 survivors (8192K)
 Metaspace       used 31499K, committed 31872K, reserved 1081344K
  class space    used 3323K, committed 3520K, reserved 1048576K
}
Event: 7.844 GC heap after
{Heap after GC invocations=17 (full 0):
 garbage-first heap   total 208896K, used 71203K [0x000000070a200000, 0x0000000800000000)
  region size 2048K, 4 young (8192K), 4 survivors (8192K)
 Metaspace       used 31499K, committed 31872K, reserved 1081344K
  class space    used 3323K, committed 3520K, reserved 1048576K
}

Deoptimization events (20 events):
Event: 8.370 Thread 0x000001eca2ba27d0 Uncommon trap: trap_request=0xffffffde fr.pc=0x000001ecb2243864 relative=0x0000000000000784
Event: 8.370 Thread 0x000001eca2ba27d0 Uncommon trap: reason=class_check action=maybe_recompile pc=0x000001ecb2243864 method=java.nio.charset.CharsetEncoder.encode(Ljava/nio/CharBuffer;Ljava/nio/ByteBuffer;Z)Ljava/nio/charset/CoderResult; @ 57 c2
Event: 8.370 Thread 0x000001eca2ba27d0 DEOPT PACKING pc=0x000001ecb2243864 sp=0x000000e0b46fdbd0
Event: 8.370 Thread 0x000001eca2ba27d0 DEOPT UNPACKING pc=0x000001ecaa36d72e sp=0x000000e0b46fd930 mode 2
Event: 8.371 Thread 0x000001eca2ba27d0 Uncommon trap: trap_request=0xffffff76 fr.pc=0x000001ecb2188008 relative=0x0000000000000348
Event: 8.371 Thread 0x000001eca2ba27d0 Uncommon trap: reason=predicate action=maybe_recompile pc=0x000001ecb2188008 method=java.nio.charset.CharsetEncoder.encode(Ljava/nio/CharBuffer;Ljava/nio/ByteBuffer;Z)Ljava/nio/charset/CoderResult; @ 54 c2
Event: 8.371 Thread 0x000001eca2ba27d0 DEOPT PACKING pc=0x000001ecb2188008 sp=0x000000e0b46fd980
Event: 8.371 Thread 0x000001eca2ba27d0 DEOPT UNPACKING pc=0x000001ecaa36d72e sp=0x000000e0b46fd940 mode 2
Event: 8.373 Thread 0x000001eca2ba27d0 Uncommon trap: trap_request=0xffffffde fr.pc=0x000001ecb2243864 relative=0x0000000000000784
Event: 8.373 Thread 0x000001eca2ba27d0 Uncommon trap: reason=class_check action=maybe_recompile pc=0x000001ecb2243864 method=java.nio.charset.CharsetEncoder.encode(Ljava/nio/CharBuffer;Ljava/nio/ByteBuffer;Z)Ljava/nio/charset/CoderResult; @ 57 c2
Event: 8.373 Thread 0x000001eca2ba27d0 DEOPT PACKING pc=0x000001ecb2243864 sp=0x000000e0b46fdc90
Event: 8.373 Thread 0x000001eca2ba27d0 DEOPT UNPACKING pc=0x000001ecaa36d72e sp=0x000000e0b46fd9f0 mode 2
Event: 8.391 Thread 0x000001eca2ba27d0 Uncommon trap: trap_request=0xffffff45 fr.pc=0x000001ecb208d688 relative=0x0000000000000168
Event: 8.391 Thread 0x000001eca2ba27d0 Uncommon trap: reason=unstable_if action=reinterpret pc=0x000001ecb208d688 method=java.time.LocalTime.create(IIII)Ljava/time/LocalTime; @ 5 c2
Event: 8.391 Thread 0x000001eca2ba27d0 DEOPT PACKING pc=0x000001ecb208d688 sp=0x000000e0b46fda80
Event: 8.391 Thread 0x000001eca2ba27d0 DEOPT UNPACKING pc=0x000001ecaa36d72e sp=0x000000e0b46fd9a0 mode 2
Event: 8.398 Thread 0x000001eca2ba27d0 DEOPT PACKING pc=0x000001ecaa965982 sp=0x000000e0b46fdc30
Event: 8.398 Thread 0x000001eca2ba27d0 DEOPT UNPACKING pc=0x000001ecaa36dece sp=0x000000e0b46fd070 mode 0
Event: 8.489 Thread 0x000001ecc8e72100 DEOPT PACKING pc=0x000001ecaabdee39 sp=0x000000e0b66ff200
Event: 8.489 Thread 0x000001ecc8e72100 DEOPT UNPACKING pc=0x000001ecaa36dece sp=0x000000e0b66fe658 mode 3

Classes unloaded (0 events):
No events

Classes redefined (0 events):
No events

Internal exceptions (20 events):
Event: 7.996 Thread 0x000001eca2ba27d0 Exception <a 'sun/nio/fs/WindowsException'{0x0000000715f0a130}> (0x0000000715f0a130) 
thrown [t:\workspace\open\src\hotspot\share\prims\jni.cpp, line 579]
Event: 7.996 Thread 0x000001eca2ba27d0 Exception <a 'sun/nio/fs/WindowsException'{0x0000000715f0a808}> (0x0000000715f0a808) 
thrown [t:\workspace\open\src\hotspot\share\prims\jni.cpp, line 579]
Event: 7.996 Thread 0x000001eca2ba27d0 Exception <a 'sun/nio/fs/WindowsException'{0x0000000715f0b148}> (0x0000000715f0b148) 
thrown [t:\workspace\open\src\hotspot\share\prims\jni.cpp, line 579]
Event: 8.069 Thread 0x000001eca2ba27d0 Exception <a 'sun/nio/fs/WindowsException'{0x0000000715b4eb68}> (0x0000000715b4eb68) 
thrown [t:\workspace\open\src\hotspot\share\prims\jni.cpp, line 579]
Event: 8.069 Thread 0x000001eca2ba27d0 Exception <a 'sun/nio/fs/WindowsException'{0x0000000715b4f240}> (0x0000000715b4f240) 
thrown [t:\workspace\open\src\hotspot\share\prims\jni.cpp, line 579]
Event: 8.069 Thread 0x000001eca2ba27d0 Exception <a 'sun/nio/fs/WindowsException'{0x0000000715b4fb80}> (0x0000000715b4fb80) 
thrown [t:\workspace\open\src\hotspot\share\prims\jni.cpp, line 579]
Event: 8.072 Thread 0x000001eca2ba27d0 Exception <a 'sun/nio/fs/WindowsException'{0x0000000715b902d0}> (0x0000000715b902d0) 
thrown [t:\workspace\open\src\hotspot\share\prims\jni.cpp, line 579]
Event: 8.072 Thread 0x000001eca2ba27d0 Exception <a 'sun/nio/fs/WindowsException'{0x0000000715b909c0}> (0x0000000715b909c0) 
thrown [t:\workspace\open\src\hotspot\share\prims\jni.cpp, line 579]
Event: 8.072 Thread 0x000001eca2ba27d0 Exception <a 'sun/nio/fs/WindowsException'{0x0000000715b91360}> (0x0000000715b91360) 
thrown [t:\workspace\open\src\hotspot\share\prims\jni.cpp, line 579]
Event: 8.072 Thread 0x000001eca2ba27d0 Exception <a 'sun/nio/fs/WindowsException'{0x0000000715b91ac8}> (0x0000000715b91ac8) 
thrown [t:\workspace\open\src\hotspot\share\prims\jni.cpp, line 579]
Event: 8.075 Thread 0x000001eca2ba27d0 Exception <a 'sun/nio/fs/WindowsException'{0x0000000715bac340}> (0x0000000715bac340) 
thrown [t:\workspace\open\src\hotspot\share\prims\jni.cpp, line 579]
Event: 8.075 Thread 0x000001eca2ba27d0 Exception <a 'sun/nio/fs/WindowsException'{0x0000000715baca28}> (0x0000000715baca28) 
thrown [t:\workspace\open\src\hotspot\share\prims\jni.cpp, line 579]
Event: 8.075 Thread 0x000001eca2ba27d0 Exception <a 'sun/nio/fs/WindowsException'{0x0000000715bad3c0}> (0x0000000715bad3c0) 
thrown [t:\workspace\open\src\hotspot\share\prims\jni.cpp, line 579]
Event: 8.089 Thread 0x000001eca2ba27d0 Implicit null exception at 0x000001ecb2019dbc to 0x000001ecb201f924
Event: 8.089 Thread 0x000001eca2ba27d0 Implicit null exception at 0x000001ecb20062a8 to 0x000001ecb200a074
Event: 8.417 Thread 0x000001eca2ba27d0 Exception <a 'java/lang/NoSuchMethodError'{0x00000007141cf078}: 'void java.lang.invoke.DirectMethodHandle$Holder.invokeStatic(java.lang.Object, long)'> (0x00000007141cf078) 
thrown [t:\workspace\open\src\hotspot\share\interpreter\linkResolver.cpp, line 790]
Event: 8.418 Thread 0x000001eca2ba27d0 Exception <a 'java/lang/NoSuchMethodError'{0x00000007141d48f8}: 'java.lang.Object java.lang.invoke.DirectMethodHandle$Holder.newInvokeSpecial(java.lang.Object, long)'> (0x00000007141d48f8) 
thrown [t:\workspace\open\src\hotspot\share\interpreter\linkResolver.cpp, line 790]
Event: 8.420 Thread 0x000001eca2ba27d0 Exception <a 'java/lang/NoSuchMethodError'{0x00000007141df420}: 'java.lang.Object java.lang.invoke.DirectMethodHandle$Holder.invokeStaticInit(java.lang.Object, java.lang.Object, long, java.lang.Object)'> (0x00000007141df420) 
thrown [t:\workspace\open\src\hotspot\share\interpreter\linkResolver.cpp, line 790]
Event: 8.420 Thread 0x000001eca2ba27d0 Exception <a 'java/lang/NoSuchMethodError'{0x00000007141e5db8}: 'java.lang.Object java.lang.invoke.DirectMethodHandle$Holder.newInvokeSpecial(java.lang.Object, java.lang.Object, long)'> (0x00000007141e5db8) 
thrown [t:\workspace\open\src\hotspot\share\interpreter\linkResolver.cpp, line 790]
Event: 8.421 Thread 0x000001eca2ba27d0 Exception <a 'java/lang/NoSuchMethodError'{0x00000007141e9b28}: 'java.lang.Object java.lang.invoke.Invokers$Holder.linkToTargetMethod(java.lang.Object, long, java.lang.Object)'> (0x00000007141e9b28) 
thrown [t:\workspace\open\src\hotspot\share\interpreter\linkResolver.cpp, line 790]

Events (20 events):
Event: 8.421 loading class java/util/concurrent/SynchronousQueue$Transferer done
Event: 8.421 loading class java/util/concurrent/SynchronousQueue$TransferStack done
Event: 8.421 loading class java/util/concurrent/SynchronousQueue$TransferStack$SNode
Event: 8.422 loading class java/util/concurrent/SynchronousQueue$TransferStack$SNode done
Event: 8.422 loading class java/lang/ProcessImpl$2
Event: 8.422 loading class java/lang/ProcessImpl$2 done
Event: 8.422 loading class java/lang/Process$PipeInputStream
Event: 8.422 loading class java/lang/Process$PipeInputStream done
Event: 8.423 Executing  VM operation: HandshakeAllThreads
Event: 8.423 Executing  VM operation: HandshakeAllThreads done
Event: 8.423 loading class jdk/internal/event/ProcessStartEvent
Event: 8.423 loading class jdk/internal/event/Event
Event: 8.424 loading class jdk/internal/event/Event done
Event: 8.424 loading class jdk/internal/event/ProcessStartEvent done
Event: 8.425 Thread 0x000001ecc8e76b60 Thread added: 0x000001ecc8e76b60
Event: 8.425 Thread 0x000001ecc8e71bb0 Thread added: 0x000001ecc8e71bb0
Event: 8.426 loading class java/security/AccessControlException
Event: 8.426 loading class java/security/AccessControlException done
Event: 8.427 Executing  VM operation: HandshakeAllThreads
Event: 8.427 Executing  VM operation: HandshakeAllThreads done


Dynamic libraries:
0x00007ff610b60000 - 0x00007ff610b70000 	C:\Program Files\Java\jdk-16.0.1\bin\java.exe
0x00007ff9211d0000 - 0x00007ff9213c5000 	C:\Windows\SYSTEM32\ntdll.dll
0x00007ff8ec080000 - 0x00007ff8ec096000 	C:\Program Files\Avast Software\Avast\aswhook.dll
0x00007ff91f280000 - 0x00007ff91f33e000 	C:\Windows\System32\KERNEL32.DLL
0x00007ff91eae0000 - 0x00007ff91eda8000 	C:\Windows\System32\KERNELBASE.dll
0x00007ff91ede0000 - 0x00007ff91eee0000 	C:\Windows\System32\ucrtbase.dll
0x00007ff908360000 - 0x00007ff908379000 	C:\Program Files\Java\jdk-16.0.1\bin\VCRUNTIME140.dll
0x00007ff908340000 - 0x00007ff908358000 	C:\Program Files\Java\jdk-16.0.1\bin\jli.dll
0x00007ff91f340000 - 0x00007ff91f3ec000 	C:\Windows\System32\ADVAPI32.dll
0x00007ff91fee0000 - 0x00007ff91ff7e000 	C:\Windows\System32\msvcrt.dll
0x00007ff91f3f0000 - 0x00007ff91f48b000 	C:\Windows\System32\sechost.dll
0x00007ff91f4a0000 - 0x00007ff91f5ca000 	C:\Windows\System32\RPCRT4.dll
0x00007ff920640000 - 0x00007ff9207e1000 	C:\Windows\System32\USER32.dll
0x00007ff91edb0000 - 0x00007ff91edd2000 	C:\Windows\System32\win32u.dll
0x00007ff920970000 - 0x00007ff92099b000 	C:\Windows\System32\GDI32.dll
0x00007ff901fa0000 - 0x00007ff90223a000 	C:\Windows\WinSxS\amd64_microsoft.windows.common-controls_6595b64144ccf1df_6.0.19041.1110_none_60b5254171f9507e\COMCTL32.dll
0x00007ff91ef80000 - 0x00007ff91f08b000 	C:\Windows\System32\gdi32full.dll
0x00007ff91eee0000 - 0x00007ff91ef7d000 	C:\Windows\System32\msvcp_win.dll
0x00007ff91d690000 - 0x00007ff91d69a000 	C:\Windows\SYSTEM32\VERSION.dll
0x00007ff91feb0000 - 0x00007ff91fee0000 	C:\Windows\System32\IMM32.DLL
0x00007ff91be30000 - 0x00007ff91be3c000 	C:\Program Files\Java\jdk-16.0.1\bin\vcruntime140_1.dll
0x00007ff8fb9c0000 - 0x00007ff8fba51000 	C:\Program Files\Java\jdk-16.0.1\bin\msvcp140.dll
0x00007ff8a8f20000 - 0x00007ff8a9acb000 	C:\Program Files\Java\jdk-16.0.1\bin\server\jvm.dll
0x00007ff91f490000 - 0x00007ff91f498000 	C:\Windows\System32\PSAPI.DLL
0x00007ff909d50000 - 0x00007ff909d59000 	C:\Windows\SYSTEM32\WSOCK32.dll
0x00007ff91f980000 - 0x00007ff91f9eb000 	C:\Windows\System32\WS2_32.dll
0x00007ff914a50000 - 0x00007ff914a77000 	C:\Windows\SYSTEM32\WINMM.dll
0x00007ff91d650000 - 0x00007ff91d662000 	C:\Windows\SYSTEM32\kernel.appcore.dll
0x00007ff909f90000 - 0x00007ff909f9a000 	C:\Program Files\Java\jdk-16.0.1\bin\jimage.dll
0x00007ff90b910000 - 0x00007ff90baf4000 	C:\Windows\SYSTEM32\DBGHELP.DLL
0x00007ff90b8e0000 - 0x00007ff90b90c000 	C:\Windows\SYSTEM32\dbgcore.DLL
0x00007ff91e8f0000 - 0x00007ff91e973000 	C:\Windows\System32\bcryptPrimitives.dll
0x00007ff909210000 - 0x00007ff90921e000 	C:\Program Files\Java\jdk-16.0.1\bin\instrument.dll
0x00007ff9033d0000 - 0x00007ff9033f5000 	C:\Program Files\Java\jdk-16.0.1\bin\java.dll
0x00007ff9209a0000 - 0x00007ff9210df000 	C:\Windows\System32\SHELL32.dll
0x00007ff91cec0000 - 0x00007ff91d650000 	C:\Windows\SYSTEM32\windows.storage.dll
0x00007ff91fb50000 - 0x00007ff91fea5000 	C:\Windows\System32\combase.dll
0x00007ff91e190000 - 0x00007ff91e1be000 	C:\Windows\SYSTEM32\Wldp.dll
0x00007ff9210e0000 - 0x00007ff92118d000 	C:\Windows\System32\SHCORE.dll
0x00007ff91f6c0000 - 0x00007ff91f715000 	C:\Windows\System32\shlwapi.dll
0x00007ff91e830000 - 0x00007ff91e84f000 	C:\Windows\SYSTEM32\profapi.dll
0x00007ff9077e0000 - 0x00007ff9077f8000 	C:\Program Files\Java\jdk-16.0.1\bin\zip.dll
0x00007ff903790000 - 0x00007ff9037a9000 	C:\Program Files\Java\jdk-16.0.1\bin\net.dll
0x00007ff919090000 - 0x00007ff91919c000 	C:\Windows\SYSTEM32\WINHTTP.dll
0x00007ff91df70000 - 0x00007ff91dfda000 	C:\Windows\system32\mswsock.dll
0x00007ff902de0000 - 0x00007ff902df3000 	C:\Program Files\Java\jdk-16.0.1\bin\nio.dll
0x00007ff902d10000 - 0x00007ff902d2a000 	C:\Program Files\JetBrains\IntelliJ IDEA 2021.1.2\bin\breakgen64.dll
0x00007ff908590000 - 0x00007ff9085a0000 	C:\Program Files\Java\jdk-16.0.1\bin\verify.dll
0x00007ff91e1d0000 - 0x00007ff91e1e8000 	C:\Windows\SYSTEM32\CRYPTSP.dll
0x00007ff91d910000 - 0x00007ff91d944000 	C:\Windows\system32\rsaenh.dll
0x00007ff91f1f0000 - 0x00007ff91f217000 	C:\Windows\System32\bcrypt.dll
0x00007ff91e7f0000 - 0x00007ff91e81e000 	C:\Windows\SYSTEM32\USERENV.dll
0x00007ff91e100000 - 0x00007ff91e10c000 	C:\Windows\SYSTEM32\CRYPTBASE.dll
0x00007ff91dc80000 - 0x00007ff91dcbb000 	C:\Windows\SYSTEM32\IPHLPAPI.DLL
0x00007ff91fa10000 - 0x00007ff91fa18000 	C:\Windows\System32\NSI.dll
0x00007ff916570000 - 0x00007ff916587000 	C:\Windows\SYSTEM32\dhcpcsvc6.DLL
0x00007ff916550000 - 0x00007ff91656d000 	C:\Windows\SYSTEM32\dhcpcsvc.DLL
0x00007ff91dcc0000 - 0x00007ff91dd8b000 	C:\Windows\SYSTEM32\DNSAPI.dll
0x00007ff908480000 - 0x00007ff90848a000 	C:\Users\Russell\AppData\Local\Temp\jansi-1.17.1-13273942580452552700.dll
0x00007ff907890000 - 0x00007ff90789a000 	C:\Users\Russell\AppData\Local\Temp\jansi-1.17.1-3289948971986049782.dll

dbghelp: loaded successfully - version: 4.0.5 - missing functions: none
symbol engine: initialized successfully - sym options: 0x614 - pdb path: .;C:\Program Files\Java\jdk-16.0.1\bin;C:\Windows\SYSTEM32;C:\Program Files\Avast Software\Avast;C:\Windows\WinSxS\amd64_microsoft.windows.common-controls_6595b64144ccf1df_6.0.19041.1110_none_60b5254171f9507e;C:\Program Files\Java\jdk-16.0.1\bin\server;C:\Program Files\JetBrains\IntelliJ IDEA 2021.1.2\bin;C:\Users\Russell\AppData\Local\Temp

VM Arguments:
jvm_args: -Dmaven.multiModuleProjectDirectory=C:\Users\Russell\IdeaProjects\FinalProject -Dmaven.home=C:\Program Files\JetBrains\IntelliJ IDEA 2021.1.2\plugins\maven\lib\maven3 -Dclassworlds.conf=C:\Program Files\JetBrains\IntelliJ IDEA 2021.1.2\plugins\maven\lib\maven3\bin\m2.conf -Dmaven.ext.class.path=C:\Program Files\JetBrains\IntelliJ IDEA 2021.1.2\plugins\maven\lib\maven-event-listener.jar -javaagent:C:\Program Files\JetBrains\IntelliJ IDEA 2021.1.2\lib\idea_rt.jar=64644:C:\Program Files\JetBrains\IntelliJ IDEA 2021.1.2\bin -Dfile.encoding=UTF-8 
java_command: org.codehaus.classworlds.Launcher -Didea.version=2021.2 clean install
java_class_path (initial): C:\Program Files\JetBrains\IntelliJ IDEA 2021.1.2\plugins\maven\lib\maven3\boot\plexus-classworlds-2.6.0.jar;C:\Program Files\JetBrains\IntelliJ IDEA 2021.1.2\plugins\maven\lib\maven3\boot\plexus-classworlds.license
Launcher Type: SUN_STANDARD

[Global flags]
     intx CICompilerCount                          = 3                                         {product} {ergonomic}
     uint ConcGCThreads                            = 2                                         {product} {ergonomic}
     uint G1ConcRefinementThreads                  = 6                                         {product} {ergonomic}
   size_t G1HeapRegionSize                         = 2097152                                   {product} {ergonomic}
    uintx GCDrainStackTargetSize                   = 64                                        {product} {ergonomic}
   size_t InitialHeapSize                          = 257949696                                 {product} {ergonomic}
   size_t MarkStackSize                            = 4194304                                   {product} {ergonomic}
   size_t MaxHeapSize                              = 4125097984                                {product} {ergonomic}
   size_t MaxNewSize                               = 2474639360                                {product} {ergonomic}
   size_t MinHeapDeltaBytes                        = 2097152                                   {product} {ergonomic}
   size_t MinHeapSize                              = 8388608                                   {product} {ergonomic}
    uintx NonNMethodCodeHeapSize                   = 5832780                                {pd product} {ergonomic}
    uintx NonProfiledCodeHeapSize                  = 122912730                              {pd product} {ergonomic}
    uintx ProfiledCodeHeapSize                     = 122912730                              {pd product} {ergonomic}
    uintx ReservedCodeCacheSize                    = 251658240                              {pd product} {ergonomic}
     bool SegmentedCodeCache                       = true                                      {product} {ergonomic}
   size_t SoftMaxHeapSize                          = 4125097984                             {manageable} {ergonomic}
     bool UseCompressedClassPointers               = true                           {product lp64_product} {ergonomic}
     bool UseCompressedOops                        = true                           {product lp64_product} {ergonomic}
     bool UseG1GC                                  = true                                      {product} {ergonomic}
     bool UseLargePagesIndividualAllocation        = false                                  {pd product} {ergonomic}

Logging:
Log output configuration:
 #0: stdout all=warning uptime,level,tags
 #1: stderr all=off uptime,level,tags

Environment Variables:
PATH=C:\Program Files\Common Files\Oracle\Java\javapath;C:\Program Files (x86)\Common Files\Oracle\Java\javapath;C:\Windows\system32;C:\Windows;C:\Windows\System32\Wbem;C:\Windows\System32\WindowsPowerShell\v1.0\;C:\Windows\System32\OpenSSH\;C:\Program Files\Git\cmd;C:\Program Files\Docker\Docker\resources\bin;C:\ProgramData\DockerDesktop\version-bin;C:\Program Files\MySQL\MySQL Shell 8.0\bin\;C:\Users\Russell\AppData\Local\Microsoft\WindowsApps;
USERNAME=Russell
OS=Windows_NT
PROCESSOR_IDENTIFIER=AMD64 Family 23 Model 96 Stepping 1, AuthenticAMD



---------------  S Y S T E M  ---------------

OS:
 Windows 10 , 64 bit Build 19041 (10.0.19041.1348)
OS uptime: 4 days 10:00 hours
Hyper-V role detected

CPU: total 6 (initial active 6) (6 cores per cpu, 1 threads per core) family 23 model 96 stepping 1 microcode 0x0, cx8, cmov, fxsr, mmx, 3dnowpref, sse, sse2, sse3, ssse3, sse4a, sse4.1, sse4.2, popcnt, lzcnt, tsc, tscinvbit, avx, avx2, aes, clmul, bmi1, bmi2, adx, sha, fma, vzeroupper, clflush, clflushopt, hv

Memory: 4k page, system-wide physical 15733M (2818M free)
TotalPageFile size 17781M (AvailPageFile size 330M)
current process WorkingSet (physical memory assigned to process): 347M, peak: 350M
current process commit charge ("private bytes"): 408M, peak: 412M

vm_info: Java HotSpot(TM) 64-Bit Server VM (16.0.1+9-24) for windows-amd64 JRE (16.0.1+9-24), built on Mar 26 2021 19:31:42 by "mach5one" with MS VC++ 16.7 (VS2019)

END.
