#
# There is insufficient memory for the Java Runtime Environment to continue.
# Native memory allocation (malloc) failed to allocate 1048576 bytes for AllocateHeap
# Possible reasons:
#   The system is out of physical RAM or swap space
#   The process is running with CompressedOops enabled, and the Java Heap may be blocking the growth of the native heap
# Possible solutions:
#   Reduce memory load on the system
#   Increase physical memory or swap space
#   Check if swap backing store is full
#   Decrease Java heap size (-Xmx/-Xms)
#   Decrease number of Java threads
#   Decrease Java thread stack sizes (-Xss)
#   Set larger code cache with -XX:ReservedCodeCacheSize=
#   JVM is running with Zero Based Compressed Oops mode in which the Java heap is
#     placed in the first 32GB address space. The Java Heap base address is the
#     maximum limit for the native heap growth. Please use -XX:HeapBaseMinAddress
#     to set the Java Heap base and to place the Java Heap above 32GB virtual address.
# This output file may be truncated or incomplete.
#
#  Out of Memory Error (./src/hotspot/share/memory/allocation.cpp:46), pid=20948, tid=21180
#
# JRE version: OpenJDK Runtime Environment JBR-11.0.11.9-1504.13-jcef (11.0.11+9) (build 11.0.11+9-b1504.13)
# Java VM: OpenJDK 64-Bit Server VM JBR-11.0.11.9-1504.13-jcef (11.0.11+9-b1504.13, mixed mode, tiered, compressed oops, g1 gc, windows-amd64)
# No core dump will be written. Minidumps are not enabled by default on client versions of Windows
#

---------------  S U M M A R Y ------------

Command Line: git4idea.http.GitAskPassApp Username for 'https://git.epam.com': 

Host: AMD Ryzen 5 4500U with Radeon Graphics         , 6 cores, 15G,  Windows 10 , 64 bit Build 19041 (10.0.19041.1320)
Time: Thu Nov 18 19:25:52 2021 Фінляндія (зима) elapsed time: 0.377513 seconds (0d 0h 0m 0s)

---------------  T H R E A D  ---------------

Current thread (0x000002aa511d7800):  VMThread "VM Thread" [stack: 0x000000d94c600000,0x000000d94c700000] [id=21180]

Stack: [0x000000d94c600000,0x000000d94c700000]
[error occurred during error reporting (printing stack bounds), id 0xc0000005, EXCEPTION_ACCESS_VIOLATION (0xc0000005) at pc=0x000002aa355c0f2d]

Native frames: (J=compiled Java code, j=interpreted, Vv=VM code, C=native code)
V  [jvm.dll+0x5f5d5a]
V  [jvm.dll+0x7798b5]
V  [jvm.dll+0x77aecd]
V  [jvm.dll+0x77b4e5]
V  [jvm.dll+0x77b49b]
V  [jvm.dll+0x5f50f0]
V  [jvm.dll+0x5f5888]
C  [ntdll.dll+0xa20cf]
C  [ntdll.dll+0x51454]
C  [ntdll.dll+0xa0bfe]
C  0x000002aa355c0f2d

VM_Operation (0x000000d94c0fc260): CollectForMetadataAllocation, mode: safepoint, requested by thread 0x000002aa30180000


---------------  P R O C E S S  ---------------

Threads class SMR info:
_java_thread_list=0x000002aa513fe0d0, length=11, elements={
0x000002aa30180000, 0x000002aa511fa000, 0x000002aa511fb800, 0x000002aa5125c000,
0x000002aa5125d000, 0x000002aa5125e800, 0x000002aa51262000, 0x000002aa5126a000,
0x000002aa51270000, 0x000002aa513d9800, 0x000002aa51470000
}

Java Threads: ( => current thread )
  0x000002aa30180000 JavaThread "main" [_thread_blocked, id=10848, stack(0x000000d94c000000,0x000000d94c100000)]
  0x000002aa511fa000 JavaThread "Reference Handler" daemon [_thread_blocked, id=732, stack(0x000000d94c700000,0x000000d94c800000)]
  0x000002aa511fb800 JavaThread "Finalizer" daemon [_thread_blocked, id=12248, stack(0x000000d94c800000,0x000000d94c900000)]
  0x000002aa5125c000 JavaThread "Signal Dispatcher" daemon [_thread_blocked, id=21052, stack(0x000000d94c900000,0x000000d94ca00000)]
  0x000002aa5125d000 JavaThread "Attach Listener" daemon [_thread_blocked, id=16724, stack(0x000000d94ca00000,0x000000d94cb00000)]
  0x000002aa5125e800 JavaThread "Service Thread" daemon [_thread_blocked, id=17480, stack(0x000000d94cb00000,0x000000d94cc00000)]
  0x000002aa51262000 JavaThread "C2 CompilerThread0" daemon [_thread_blocked, id=16832, stack(0x000000d94cc00000,0x000000d94cd00000)]
  0x000002aa5126a000 JavaThread "C1 CompilerThread0" daemon [_thread_blocked, id=7052, stack(0x000000d94cd00000,0x000000d94ce00000)]
  0x000002aa51270000 JavaThread "Sweeper thread" daemon [_thread_blocked, id=21012, stack(0x000000d94ce00000,0x000000d94cf00000)]
  0x000002aa513d9800 JavaThread "Common-Cleaner" daemon [_thread_blocked, id=20680, stack(0x000000d94d000000,0x000000d94d100000)]
  0x000002aa51470000 JavaThread "C2 CompilerThread1" daemon [_thread_blocked, id=9548, stack(0x000000d94d100000,0x000000d94d200000)]

Other Threads:
=>0x000002aa511d7800 VMThread "VM Thread" [stack: 0x000000d94c600000,0x000000d94c700000] [id=21180]
  0x000002aa513d4800 WatcherThread [stack: 0x000000d94cf00000,0x000000d94d000000] [id=13296]
  0x000002aa30199000 GCTaskThread "GC Thread#0" [stack: 0x000000d94c100000,0x000000d94c200000] [id=19048]
  0x000002aa513d8000 GCTaskThread "GC Thread#1" [stack: 0x000000d94d200000,0x000000d94d300000] [id=9876]
  0x000002aa51580800 GCTaskThread "GC Thread#2" [stack: 0x000000d94d300000,0x000000d94d400000] [id=15748]
  0x000002aa51581800 GCTaskThread "GC Thread#3" [stack: 0x000000d94d400000,0x000000d94d500000] [id=9116]
  0x000002aa51582000 GCTaskThread "GC Thread#4" [stack: 0x000000d94d500000,0x000000d94d600000] [id=5732]
  0x000002aa301f6000 ConcurrentGCThread "G1 Main Marker" [stack: 0x000000d94c200000,0x000000d94c300000] [id=19144]
  0x000002aa301f8800 ConcurrentGCThread "G1 Conc#0" [stack: 0x000000d94c300000,0x000000d94c400000] [id=17508]
  0x000002aa5157d800 ConcurrentGCThread "G1 Conc#1" [stack: 0x000000d94d600000,0x000000d94d700000] [id=9004]
  0x000002aa5083e000 ConcurrentGCThread "G1 Refine#0" [stack: 0x000000d94c400000,0x000000d94c500000] [id=7632]
  0x000002aa50840000 ConcurrentGCThread "G1 Young RemSet Sampling" [stack: 0x000000d94c500000,0x000000d94c600000] [id=20324]

Threads with active compile tasks:

VM state:at safepoint (normal execution)

VM Mutex/Monitor currently owned by a thread:  ([mutex/lock_event])
[0x000002aa3017d540] Threads_lock - owner thread: 0x000002aa511d7800
[0x000002aa3017c220] Heap_lock - owner thread: 0x000002aa30180000

Heap address: 0x000000070a200000, size: 3934 MB, Compressed Oops mode: Zero based, Oop shift amount: 3
Narrow klass base: 0x0000000800000000, Narrow klass shift: 0
Compressed class space size: 1073741824 Address: 0x0000000800000000

Heap:
 garbage-first heap   total 251904K, used 5295K [0x000000070a200000, 0x0000000800000000)
  region size 1024K, 2 young (2048K), 2 survivors (2048K)
 Metaspace       used 4996K, capacity 5032K, committed 5120K, reserved 1064960K
  class space    used 427K, capacity 460K, committed 512K, reserved 1048576K
Heap Regions: E=young(eden), S=young(survivor), O=old, HS=humongous(starts), HC=humongous(continues), CS=collection set, F=free, A=archive, TAMS=top-at-mark-start (previous, next)
|   0|0x000000070a200000, 0x000000070a300000, 0x000000070a300000|100%|HS|  |TAMS 0x000000070a200000, 0x000000070a300000| Complete 
|   1|0x000000070a300000, 0x000000070a400000, 0x000000070a400000|100%|HC|  |TAMS 0x000000070a300000, 0x000000070a400000| Complete 
|   2|0x000000070a400000, 0x000000070a500000, 0x000000070a500000|100%|HC|  |TAMS 0x000000070a400000, 0x000000070a500000| Complete 
|   3|0x000000070a500000, 0x000000070a600000, 0x000000070a600000|100%|HC|  |TAMS 0x000000070a500000, 0x000000070a600000| Complete 
|   4|0x000000070a600000, 0x000000070a600000, 0x000000070a700000|  0%| F|  |TAMS 0x000000070a600000, 0x000000070a600000| Untracked 
|   5|0x000000070a700000, 0x000000070a700000, 0x000000070a800000|  0%| F|  |TAMS 0x000000070a700000, 0x000000070a700000| Untracked 
|   6|0x000000070a800000, 0x000000070a800000, 0x000000070a900000|  0%| F|  |TAMS 0x000000070a800000, 0x000000070a800000| Untracked 
|   7|0x000000070a900000, 0x000000070a900000, 0x000000070aa00000|  0%| F|  |TAMS 0x000000070a900000, 0x000000070a900000| Untracked 
|   8|0x000000070aa00000, 0x000000070aa00000, 0x000000070ab00000|  0%| F|  |TAMS 0x000000070aa00000, 0x000000070aa00000| Untracked 
|   9|0x000000070ab00000, 0x000000070ab00000, 0x000000070ac00000|  0%| F|  |TAMS 0x000000070ab00000, 0x000000070ab00000| Untracked 
|  10|0x000000070ac00000, 0x000000070ac00000, 0x000000070ad00000|  0%| F|  |TAMS 0x000000070ac00000, 0x000000070ac00000| Untracked 
|  11|0x000000070ad00000, 0x000000070ad00000, 0x000000070ae00000|  0%| F|  |TAMS 0x000000070ad00000, 0x000000070ad00000| Untracked 
|  12|0x000000070ae00000, 0x000000070ae00000, 0x000000070af00000|  0%| F|  |TAMS 0x000000070ae00000, 0x000000070ae00000| Untracked 
|  13|0x000000070af00000, 0x000000070af00000, 0x000000070b000000|  0%| F|  |TAMS 0x000000070af00000, 0x000000070af00000| Untracked 
|  14|0x000000070b000000, 0x000000070b000000, 0x000000070b100000|  0%| F|  |TAMS 0x000000070b000000, 0x000000070b000000| Untracked 
|  15|0x000000070b100000, 0x000000070b100000, 0x000000070b200000|  0%| F|  |TAMS 0x000000070b100000, 0x000000070b100000| Untracked 
|  16|0x000000070b200000, 0x000000070b200000, 0x000000070b300000|  0%| F|  |TAMS 0x000000070b200000, 0x000000070b200000| Untracked 
|  17|0x000000070b300000, 0x000000070b300000, 0x000000070b400000|  0%| F|  |TAMS 0x000000070b300000, 0x000000070b300000| Untracked 
|  18|0x000000070b400000, 0x000000070b400000, 0x000000070b500000|  0%| F|  |TAMS 0x000000070b400000, 0x000000070b400000| Untracked 
|  19|0x000000070b500000, 0x000000070b500000, 0x000000070b600000|  0%| F|  |TAMS 0x000000070b500000, 0x000000070b500000| Untracked 
|  20|0x000000070b600000, 0x000000070b600000, 0x000000070b700000|  0%| F|  |TAMS 0x000000070b600000, 0x000000070b600000| Untracked 
|  21|0x000000070b700000, 0x000000070b700000, 0x000000070b800000|  0%| F|  |TAMS 0x000000070b700000, 0x000000070b700000| Untracked 
|  22|0x000000070b800000, 0x000000070b800000, 0x000000070b900000|  0%| F|  |TAMS 0x000000070b800000, 0x000000070b800000| Untracked 
|  23|0x000000070b900000, 0x000000070b900000, 0x000000070ba00000|  0%| F|  |TAMS 0x000000070b900000, 0x000000070b900000| Untracked 
|  24|0x000000070ba00000, 0x000000070ba00000, 0x000000070bb00000|  0%| F|  |TAMS 0x000000070ba00000, 0x000000070ba00000| Untracked 
|  25|0x000000070bb00000, 0x000000070bb00000, 0x000000070bc00000|  0%| F|  |TAMS 0x000000070bb00000, 0x000000070bb00000| Untracked 
|  26|0x000000070bc00000, 0x000000070bc00000, 0x000000070bd00000|  0%| F|  |TAMS 0x000000070bc00000, 0x000000070bc00000| Untracked 
|  27|0x000000070bd00000, 0x000000070bd00000, 0x000000070be00000|  0%| F|  |TAMS 0x000000070bd00000, 0x000000070bd00000| Untracked 
|  28|0x000000070be00000, 0x000000070be00000, 0x000000070bf00000|  0%| F|  |TAMS 0x000000070be00000, 0x000000070be00000| Untracked 
|  29|0x000000070bf00000, 0x000000070bf00000, 0x000000070c000000|  0%| F|  |TAMS 0x000000070bf00000, 0x000000070bf00000| Untracked 
|  30|0x000000070c000000, 0x000000070c000000, 0x000000070c100000|  0%| F|  |TAMS 0x000000070c000000, 0x000000070c000000| Untracked 
|  31|0x000000070c100000, 0x000000070c100000, 0x000000070c200000|  0%| F|  |TAMS 0x000000070c100000, 0x000000070c100000| Untracked 
|  32|0x000000070c200000, 0x000000070c200000, 0x000000070c300000|  0%| F|  |TAMS 0x000000070c200000, 0x000000070c200000| Untracked 
|  33|0x000000070c300000, 0x000000070c300000, 0x000000070c400000|  0%| F|  |TAMS 0x000000070c300000, 0x000000070c300000| Untracked 
|  34|0x000000070c400000, 0x000000070c400000, 0x000000070c500000|  0%| F|  |TAMS 0x000000070c400000, 0x000000070c400000| Untracked 
|  35|0x000000070c500000, 0x000000070c500000, 0x000000070c600000|  0%| F|  |TAMS 0x000000070c500000, 0x000000070c500000| Untracked 
|  36|0x000000070c600000, 0x000000070c600000, 0x000000070c700000|  0%| F|  |TAMS 0x000000070c600000, 0x000000070c600000| Untracked 
|  37|0x000000070c700000, 0x000000070c700000, 0x000000070c800000|  0%| F|  |TAMS 0x000000070c700000, 0x000000070c700000| Untracked 
|  38|0x000000070c800000, 0x000000070c800000, 0x000000070c900000|  0%| F|  |TAMS 0x000000070c800000, 0x000000070c800000| Untracked 
|  39|0x000000070c900000, 0x000000070c900000, 0x000000070ca00000|  0%| F|  |TAMS 0x000000070c900000, 0x000000070c900000| Untracked 
|  40|0x000000070ca00000, 0x000000070ca00000, 0x000000070cb00000|  0%| F|  |TAMS 0x000000070ca00000, 0x000000070ca00000| Untracked 
|  41|0x000000070cb00000, 0x000000070cb00000, 0x000000070cc00000|  0%| F|  |TAMS 0x000000070cb00000, 0x000000070cb00000| Untracked 
|  42|0x000000070cc00000, 0x000000070cc00000, 0x000000070cd00000|  0%| F|  |TAMS 0x000000070cc00000, 0x000000070cc00000| Untracked 
|  43|0x000000070cd00000, 0x000000070cd00000, 0x000000070ce00000|  0%| F|  |TAMS 0x000000070cd00000, 0x000000070cd00000| Untracked 
|  44|0x000000070ce00000, 0x000000070ce00000, 0x000000070cf00000|  0%| F|  |TAMS 0x000000070ce00000, 0x000000070ce00000| Untracked 
|  45|0x000000070cf00000, 0x000000070cf00000, 0x000000070d000000|  0%| F|  |TAMS 0x000000070cf00000, 0x000000070cf00000| Untracked 
|  46|0x000000070d000000, 0x000000070d000000, 0x000000070d100000|  0%| F|  |TAMS 0x000000070d000000, 0x000000070d000000| Untracked 
|  47|0x000000070d100000, 0x000000070d100000, 0x000000070d200000|  0%| F|  |TAMS 0x000000070d100000, 0x000000070d100000| Untracked 
|  48|0x000000070d200000, 0x000000070d200000, 0x000000070d300000|  0%| F|  |TAMS 0x000000070d200000, 0x000000070d200000| Untracked 
|  49|0x000000070d300000, 0x000000070d300000, 0x000000070d400000|  0%| F|  |TAMS 0x000000070d300000, 0x000000070d300000| Untracked 
|  50|0x000000070d400000, 0x000000070d400000, 0x000000070d500000|  0%| F|  |TAMS 0x000000070d400000, 0x000000070d400000| Untracked 
|  51|0x000000070d500000, 0x000000070d500000, 0x000000070d600000|  0%| F|  |TAMS 0x000000070d500000, 0x000000070d500000| Untracked 
|  52|0x000000070d600000, 0x000000070d600000, 0x000000070d700000|  0%| F|  |TAMS 0x000000070d600000, 0x000000070d600000| Untracked 
|  53|0x000000070d700000, 0x000000070d700000, 0x000000070d800000|  0%| F|  |TAMS 0x000000070d700000, 0x000000070d700000| Untracked 
|  54|0x000000070d800000, 0x000000070d800000, 0x000000070d900000|  0%| F|  |TAMS 0x000000070d800000, 0x000000070d800000| Untracked 
|  55|0x000000070d900000, 0x000000070d900000, 0x000000070da00000|  0%| F|  |TAMS 0x000000070d900000, 0x000000070d900000| Untracked 
|  56|0x000000070da00000, 0x000000070da00000, 0x000000070db00000|  0%| F|  |TAMS 0x000000070da00000, 0x000000070da00000| Untracked 
|  57|0x000000070db00000, 0x000000070db00000, 0x000000070dc00000|  0%| F|  |TAMS 0x000000070db00000, 0x000000070db00000| Untracked 
|  58|0x000000070dc00000, 0x000000070dc00000, 0x000000070dd00000|  0%| F|  |TAMS 0x000000070dc00000, 0x000000070dc00000| Untracked 
|  59|0x000000070dd00000, 0x000000070dd00000, 0x000000070de00000|  0%| F|  |TAMS 0x000000070dd00000, 0x000000070dd00000| Untracked 
|  60|0x000000070de00000, 0x000000070de00000, 0x000000070df00000|  0%| F|  |TAMS 0x000000070de00000, 0x000000070de00000| Untracked 
|  61|0x000000070df00000, 0x000000070df00000, 0x000000070e000000|  0%| F|  |TAMS 0x000000070df00000, 0x000000070df00000| Untracked 
|  62|0x000000070e000000, 0x000000070e000000, 0x000000070e100000|  0%| F|  |TAMS 0x000000070e000000, 0x000000070e000000| Untracked 
|  63|0x000000070e100000, 0x000000070e100000, 0x000000070e200000|  0%| F|  |TAMS 0x000000070e100000, 0x000000070e100000| Untracked 
|  64|0x000000070e200000, 0x000000070e200000, 0x000000070e300000|  0%| F|  |TAMS 0x000000070e200000, 0x000000070e200000| Untracked 
|  65|0x000000070e300000, 0x000000070e300000, 0x000000070e400000|  0%| F|  |TAMS 0x000000070e300000, 0x000000070e300000| Untracked 
|  66|0x000000070e400000, 0x000000070e400000, 0x000000070e500000|  0%| F|  |TAMS 0x000000070e400000, 0x000000070e400000| Untracked 
|  67|0x000000070e500000, 0x000000070e500000, 0x000000070e600000|  0%| F|  |TAMS 0x000000070e500000, 0x000000070e500000| Untracked 
|  68|0x000000070e600000, 0x000000070e600000, 0x000000070e700000|  0%| F|  |TAMS 0x000000070e600000, 0x000000070e600000| Untracked 
|  69|0x000000070e700000, 0x000000070e700000, 0x000000070e800000|  0%| F|  |TAMS 0x000000070e700000, 0x000000070e700000| Untracked 
|  70|0x000000070e800000, 0x000000070e800000, 0x000000070e900000|  0%| F|  |TAMS 0x000000070e800000, 0x000000070e800000| Untracked 
|  71|0x000000070e900000, 0x000000070e900000, 0x000000070ea00000|  0%| F|  |TAMS 0x000000070e900000, 0x000000070e900000| Untracked 
|  72|0x000000070ea00000, 0x000000070ea00000, 0x000000070eb00000|  0%| F|  |TAMS 0x000000070ea00000, 0x000000070ea00000| Untracked 
|  73|0x000000070eb00000, 0x000000070eb00000, 0x000000070ec00000|  0%| F|  |TAMS 0x000000070eb00000, 0x000000070eb00000| Untracked 
|  74|0x000000070ec00000, 0x000000070ec00000, 0x000000070ed00000|  0%| F|  |TAMS 0x000000070ec00000, 0x000000070ec00000| Untracked 
|  75|0x000000070ed00000, 0x000000070ed00000, 0x000000070ee00000|  0%| F|  |TAMS 0x000000070ed00000, 0x000000070ed00000| Untracked 
|  76|0x000000070ee00000, 0x000000070ee00000, 0x000000070ef00000|  0%| F|  |TAMS 0x000000070ee00000, 0x000000070ee00000| Untracked 
|  77|0x000000070ef00000, 0x000000070ef00000, 0x000000070f000000|  0%| F|  |TAMS 0x000000070ef00000, 0x000000070ef00000| Untracked 
|  78|0x000000070f000000, 0x000000070f000000, 0x000000070f100000|  0%| F|  |TAMS 0x000000070f000000, 0x000000070f000000| Untracked 
|  79|0x000000070f100000, 0x000000070f100000, 0x000000070f200000|  0%| F|  |TAMS 0x000000070f100000, 0x000000070f100000| Untracked 
|  80|0x000000070f200000, 0x000000070f200000, 0x000000070f300000|  0%| F|  |TAMS 0x000000070f200000, 0x000000070f200000| Untracked 
|  81|0x000000070f300000, 0x000000070f300000, 0x000000070f400000|  0%| F|  |TAMS 0x000000070f300000, 0x000000070f300000| Untracked 
|  82|0x000000070f400000, 0x000000070f400000, 0x000000070f500000|  0%| F|  |TAMS 0x000000070f400000, 0x000000070f400000| Untracked 
|  83|0x000000070f500000, 0x000000070f500000, 0x000000070f600000|  0%| F|  |TAMS 0x000000070f500000, 0x000000070f500000| Untracked 
|  84|0x000000070f600000, 0x000000070f600000, 0x000000070f700000|  0%| F|  |TAMS 0x000000070f600000, 0x000000070f600000| Untracked 
|  85|0x000000070f700000, 0x000000070f700000, 0x000000070f800000|  0%| F|  |TAMS 0x000000070f700000, 0x000000070f700000| Untracked 
|  86|0x000000070f800000, 0x000000070f800000, 0x000000070f900000|  0%| F|  |TAMS 0x000000070f800000, 0x000000070f800000| Untracked 
|  87|0x000000070f900000, 0x000000070f900000, 0x000000070fa00000|  0%| F|  |TAMS 0x000000070f900000, 0x000000070f900000| Untracked 
|  88|0x000000070fa00000, 0x000000070fa00000, 0x000000070fb00000|  0%| F|  |TAMS 0x000000070fa00000, 0x000000070fa00000| Untracked 
|  89|0x000000070fb00000, 0x000000070fb00000, 0x000000070fc00000|  0%| F|  |TAMS 0x000000070fb00000, 0x000000070fb00000| Untracked 
|  90|0x000000070fc00000, 0x000000070fc00000, 0x000000070fd00000|  0%| F|  |TAMS 0x000000070fc00000, 0x000000070fc00000| Untracked 
|  91|0x000000070fd00000, 0x000000070fd00000, 0x000000070fe00000|  0%| F|  |TAMS 0x000000070fd00000, 0x000000070fd00000| Untracked 
|  92|0x000000070fe00000, 0x000000070fe00000, 0x000000070ff00000|  0%| F|  |TAMS 0x000000070fe00000, 0x000000070fe00000| Untracked 
|  93|0x000000070ff00000, 0x000000070ff00000, 0x0000000710000000|  0%| F|  |TAMS 0x000000070ff00000, 0x000000070ff00000| Untracked 
|  94|0x0000000710000000, 0x0000000710000000, 0x0000000710100000|  0%| F|  |TAMS 0x0000000710000000, 0x0000000710000000| Untracked 
|  95|0x0000000710100000, 0x0000000710100000, 0x0000000710200000|  0%| F|  |TAMS 0x0000000710100000, 0x0000000710100000| Untracked 
|  96|0x0000000710200000, 0x0000000710200000, 0x0000000710300000|  0%| F|  |TAMS 0x0000000710200000, 0x0000000710200000| Untracked 
|  97|0x0000000710300000, 0x0000000710300000, 0x0000000710400000|  0%| F|  |TAMS 0x0000000710300000, 0x0000000710300000| Untracked 
|  98|0x0000000710400000, 0x0000000710400000, 0x0000000710500000|  0%| F|  |TAMS 0x0000000710400000, 0x0000000710400000| Untracked 
|  99|0x0000000710500000, 0x0000000710500000, 0x0000000710600000|  0%| F|  |TAMS 0x0000000710500000, 0x0000000710500000| Untracked 
| 100|0x0000000710600000, 0x0000000710600000, 0x0000000710700000|  0%| F|  |TAMS 0x0000000710600000, 0x0000000710600000| Untracked 
| 101|0x0000000710700000, 0x0000000710700000, 0x0000000710800000|  0%| F|  |TAMS 0x0000000710700000, 0x0000000710700000| Untracked 
| 102|0x0000000710800000, 0x0000000710800000, 0x0000000710900000|  0%| F|  |TAMS 0x0000000710800000, 0x0000000710800000| Untracked 
| 103|0x0000000710900000, 0x0000000710900000, 0x0000000710a00000|  0%| F|  |TAMS 0x0000000710900000, 0x0000000710900000| Untracked 
| 104|0x0000000710a00000, 0x0000000710a00000, 0x0000000710b00000|  0%| F|  |TAMS 0x0000000710a00000, 0x0000000710a00000| Untracked 
| 105|0x0000000710b00000, 0x0000000710b00000, 0x0000000710c00000|  0%| F|  |TAMS 0x0000000710b00000, 0x0000000710b00000| Untracked 
| 106|0x0000000710c00000, 0x0000000710c00000, 0x0000000710d00000|  0%| F|  |TAMS 0x0000000710c00000, 0x0000000710c00000| Untracked 
| 107|0x0000000710d00000, 0x0000000710d00000, 0x0000000710e00000|  0%| F|  |TAMS 0x0000000710d00000, 0x0000000710d00000| Untracked 
| 108|0x0000000710e00000, 0x0000000710e00000, 0x0000000710f00000|  0%| F|  |TAMS 0x0000000710e00000, 0x0000000710e00000| Untracked 
| 109|0x0000000710f00000, 0x0000000710f00000, 0x0000000711000000|  0%| F|  |TAMS 0x0000000710f00000, 0x0000000710f00000| Untracked 
| 110|0x0000000711000000, 0x0000000711000000, 0x0000000711100000|  0%| F|  |TAMS 0x0000000711000000, 0x0000000711000000| Untracked 
| 111|0x0000000711100000, 0x0000000711100000, 0x0000000711200000|  0%| F|  |TAMS 0x0000000711100000, 0x0000000711100000| Untracked 
| 112|0x0000000711200000, 0x0000000711200000, 0x0000000711300000|  0%| F|  |TAMS 0x0000000711200000, 0x0000000711200000| Untracked 
| 113|0x0000000711300000, 0x0000000711300000, 0x0000000711400000|  0%| F|  |TAMS 0x0000000711300000, 0x0000000711300000| Untracked 
| 114|0x0000000711400000, 0x0000000711400000, 0x0000000711500000|  0%| F|  |TAMS 0x0000000711400000, 0x0000000711400000| Untracked 
| 115|0x0000000711500000, 0x0000000711500000, 0x0000000711600000|  0%| F|  |TAMS 0x0000000711500000, 0x0000000711500000| Untracked 
| 116|0x0000000711600000, 0x0000000711600000, 0x0000000711700000|  0%| F|  |TAMS 0x0000000711600000, 0x0000000711600000| Untracked 
| 117|0x0000000711700000, 0x0000000711700000, 0x0000000711800000|  0%| F|  |TAMS 0x0000000711700000, 0x0000000711700000| Untracked 
| 118|0x0000000711800000, 0x0000000711800000, 0x0000000711900000|  0%| F|  |TAMS 0x0000000711800000, 0x0000000711800000| Untracked 
| 119|0x0000000711900000, 0x0000000711900000, 0x0000000711a00000|  0%| F|  |TAMS 0x0000000711900000, 0x0000000711900000| Untracked 
| 120|0x0000000711a00000, 0x0000000711a00000, 0x0000000711b00000|  0%| F|  |TAMS 0x0000000711a00000, 0x0000000711a00000| Untracked 
| 121|0x0000000711b00000, 0x0000000711b00000, 0x0000000711c00000|  0%| F|  |TAMS 0x0000000711b00000, 0x0000000711b00000| Untracked 
| 122|0x0000000711c00000, 0x0000000711c00000, 0x0000000711d00000|  0%| F|  |TAMS 0x0000000711c00000, 0x0000000711c00000| Untracked 
| 123|0x0000000711d00000, 0x0000000711d00000, 0x0000000711e00000|  0%| F|  |TAMS 0x0000000711d00000, 0x0000000711d00000| Untracked 
| 124|0x0000000711e00000, 0x0000000711e00000, 0x0000000711f00000|  0%| F|  |TAMS 0x0000000711e00000, 0x0000000711e00000| Untracked 
| 125|0x0000000711f00000, 0x0000000711f00000, 0x0000000712000000|  0%| F|  |TAMS 0x0000000711f00000, 0x0000000711f00000| Untracked 
| 126|0x0000000712000000, 0x0000000712000000, 0x0000000712100000|  0%| F|  |TAMS 0x0000000712000000, 0x0000000712000000| Untracked 
| 127|0x0000000712100000, 0x0000000712100000, 0x0000000712200000|  0%| F|  |TAMS 0x0000000712100000, 0x0000000712100000| Untracked 
| 128|0x0000000712200000, 0x0000000712200000, 0x0000000712300000|  0%| F|  |TAMS 0x0000000712200000, 0x0000000712200000| Untracked 
| 129|0x0000000712300000, 0x0000000712300000, 0x0000000712400000|  0%| F|  |TAMS 0x0000000712300000, 0x0000000712300000| Untracked 
| 130|0x0000000712400000, 0x0000000712400000, 0x0000000712500000|  0%| F|  |TAMS 0x0000000712400000, 0x0000000712400000| Untracked 
| 131|0x0000000712500000, 0x0000000712500000, 0x0000000712600000|  0%| F|  |TAMS 0x0000000712500000, 0x0000000712500000| Untracked 
| 132|0x0000000712600000, 0x0000000712600000, 0x0000000712700000|  0%| F|  |TAMS 0x0000000712600000, 0x0000000712600000| Untracked 
| 133|0x0000000712700000, 0x0000000712700000, 0x0000000712800000|  0%| F|  |TAMS 0x0000000712700000, 0x0000000712700000| Untracked 
| 134|0x0000000712800000, 0x0000000712800000, 0x0000000712900000|  0%| F|  |TAMS 0x0000000712800000, 0x0000000712800000| Untracked 
| 135|0x0000000712900000, 0x0000000712900000, 0x0000000712a00000|  0%| F|  |TAMS 0x0000000712900000, 0x0000000712900000| Untracked 
| 136|0x0000000712a00000, 0x0000000712a00000, 0x0000000712b00000|  0%| F|  |TAMS 0x0000000712a00000, 0x0000000712a00000| Untracked 
| 137|0x0000000712b00000, 0x0000000712b00000, 0x0000000712c00000|  0%| F|  |TAMS 0x0000000712b00000, 0x0000000712b00000| Untracked 
| 138|0x0000000712c00000, 0x0000000712c00000, 0x0000000712d00000|  0%| F|  |TAMS 0x0000000712c00000, 0x0000000712c00000| Untracked 
| 139|0x0000000712d00000, 0x0000000712d00000, 0x0000000712e00000|  0%| F|  |TAMS 0x0000000712d00000, 0x0000000712d00000| Untracked 
| 140|0x0000000712e00000, 0x0000000712e00000, 0x0000000712f00000|  0%| F|  |TAMS 0x0000000712e00000, 0x0000000712e00000| Untracked 
| 141|0x0000000712f00000, 0x0000000712f00000, 0x0000000713000000|  0%| F|  |TAMS 0x0000000712f00000, 0x0000000712f00000| Untracked 
| 142|0x0000000713000000, 0x0000000713000000, 0x0000000713100000|  0%| F|  |TAMS 0x0000000713000000, 0x0000000713000000| Untracked 
| 143|0x0000000713100000, 0x0000000713100000, 0x0000000713200000|  0%| F|  |TAMS 0x0000000713100000, 0x0000000713100000| Untracked 
| 144|0x0000000713200000, 0x0000000713200000, 0x0000000713300000|  0%| F|  |TAMS 0x0000000713200000, 0x0000000713200000| Untracked 
| 145|0x0000000713300000, 0x0000000713300000, 0x0000000713400000|  0%| F|  |TAMS 0x0000000713300000, 0x0000000713300000| Untracked 
| 146|0x0000000713400000, 0x0000000713400000, 0x0000000713500000|  0%| F|  |TAMS 0x0000000713400000, 0x0000000713400000| Untracked 
| 147|0x0000000713500000, 0x0000000713500000, 0x0000000713600000|  0%| F|  |TAMS 0x0000000713500000, 0x0000000713500000| Untracked 
| 148|0x0000000713600000, 0x0000000713600000, 0x0000000713700000|  0%| F|  |TAMS 0x0000000713600000, 0x0000000713600000| Untracked 
| 149|0x0000000713700000, 0x0000000713700000, 0x0000000713800000|  0%| F|  |TAMS 0x0000000713700000, 0x0000000713700000| Untracked 
| 150|0x0000000713800000, 0x0000000713800000, 0x0000000713900000|  0%| F|  |TAMS 0x0000000713800000, 0x0000000713800000| Untracked 
| 151|0x0000000713900000, 0x0000000713900000, 0x0000000713a00000|  0%| F|  |TAMS 0x0000000713900000, 0x0000000713900000| Untracked 
| 152|0x0000000713a00000, 0x0000000713a00000, 0x0000000713b00000|  0%| F|  |TAMS 0x0000000713a00000, 0x0000000713a00000| Untracked 
| 153|0x0000000713b00000, 0x0000000713b00000, 0x0000000713c00000|  0%| F|  |TAMS 0x0000000713b00000, 0x0000000713b00000| Untracked 
| 154|0x0000000713c00000, 0x0000000713c00000, 0x0000000713d00000|  0%| F|  |TAMS 0x0000000713c00000, 0x0000000713c00000| Untracked 
| 155|0x0000000713d00000, 0x0000000713d00000, 0x0000000713e00000|  0%| F|  |TAMS 0x0000000713d00000, 0x0000000713d00000| Untracked 
| 156|0x0000000713e00000, 0x0000000713e00000, 0x0000000713f00000|  0%| F|  |TAMS 0x0000000713e00000, 0x0000000713e00000| Untracked 
| 157|0x0000000713f00000, 0x0000000713f00000, 0x0000000714000000|  0%| F|  |TAMS 0x0000000713f00000, 0x0000000713f00000| Untracked 
| 158|0x0000000714000000, 0x0000000714000000, 0x0000000714100000|  0%| F|  |TAMS 0x0000000714000000, 0x0000000714000000| Untracked 
| 159|0x0000000714100000, 0x0000000714100000, 0x0000000714200000|  0%| F|  |TAMS 0x0000000714100000, 0x0000000714100000| Untracked 
| 160|0x0000000714200000, 0x0000000714200000, 0x0000000714300000|  0%| F|  |TAMS 0x0000000714200000, 0x0000000714200000| Untracked 
| 161|0x0000000714300000, 0x0000000714300000, 0x0000000714400000|  0%| F|  |TAMS 0x0000000714300000, 0x0000000714300000| Untracked 
| 162|0x0000000714400000, 0x0000000714400000, 0x0000000714500000|  0%| F|  |TAMS 0x0000000714400000, 0x0000000714400000| Untracked 
| 163|0x0000000714500000, 0x0000000714500000, 0x0000000714600000|  0%| F|  |TAMS 0x0000000714500000, 0x0000000714500000| Untracked 
| 164|0x0000000714600000, 0x0000000714600000, 0x0000000714700000|  0%| F|  |TAMS 0x0000000714600000, 0x0000000714600000| Untracked 
| 165|0x0000000714700000, 0x0000000714700000, 0x0000000714800000|  0%| F|  |TAMS 0x0000000714700000, 0x0000000714700000| Untracked 
| 166|0x0000000714800000, 0x0000000714800000, 0x0000000714900000|  0%| F|  |TAMS 0x0000000714800000, 0x0000000714800000| Untracked 
| 167|0x0000000714900000, 0x0000000714900000, 0x0000000714a00000|  0%| F|  |TAMS 0x0000000714900000, 0x0000000714900000| Untracked 
| 168|0x0000000714a00000, 0x0000000714a00000, 0x0000000714b00000|  0%| F|  |TAMS 0x0000000714a00000, 0x0000000714a00000| Untracked 
| 169|0x0000000714b00000, 0x0000000714b00000, 0x0000000714c00000|  0%| F|  |TAMS 0x0000000714b00000, 0x0000000714b00000| Untracked 
| 170|0x0000000714c00000, 0x0000000714c00000, 0x0000000714d00000|  0%| F|  |TAMS 0x0000000714c00000, 0x0000000714c00000| Untracked 
| 171|0x0000000714d00000, 0x0000000714d00000, 0x0000000714e00000|  0%| F|  |TAMS 0x0000000714d00000, 0x0000000714d00000| Untracked 
| 172|0x0000000714e00000, 0x0000000714e00000, 0x0000000714f00000|  0%| F|  |TAMS 0x0000000714e00000, 0x0000000714e00000| Untracked 
| 173|0x0000000714f00000, 0x0000000714f00000, 0x0000000715000000|  0%| F|  |TAMS 0x0000000714f00000, 0x0000000714f00000| Untracked 
| 174|0x0000000715000000, 0x0000000715000000, 0x0000000715100000|  0%| F|  |TAMS 0x0000000715000000, 0x0000000715000000| Untracked 
| 175|0x0000000715100000, 0x0000000715100000, 0x0000000715200000|  0%| F|  |TAMS 0x0000000715100000, 0x0000000715100000| Untracked 
| 176|0x0000000715200000, 0x0000000715200000, 0x0000000715300000|  0%| F|  |TAMS 0x0000000715200000, 0x0000000715200000| Untracked 
| 177|0x0000000715300000, 0x0000000715300000, 0x0000000715400000|  0%| F|  |TAMS 0x0000000715300000, 0x0000000715300000| Untracked 
| 178|0x0000000715400000, 0x0000000715400000, 0x0000000715500000|  0%| F|  |TAMS 0x0000000715400000, 0x0000000715400000| Untracked 
| 179|0x0000000715500000, 0x0000000715500000, 0x0000000715600000|  0%| F|  |TAMS 0x0000000715500000, 0x0000000715500000| Untracked 
| 180|0x0000000715600000, 0x0000000715600000, 0x0000000715700000|  0%| F|  |TAMS 0x0000000715600000, 0x0000000715600000| Untracked 
| 181|0x0000000715700000, 0x0000000715700000, 0x0000000715800000|  0%| F|  |TAMS 0x0000000715700000, 0x0000000715700000| Untracked 
| 182|0x0000000715800000, 0x0000000715800000, 0x0000000715900000|  0%| F|  |TAMS 0x0000000715800000, 0x0000000715800000| Untracked 
| 183|0x0000000715900000, 0x0000000715900000, 0x0000000715a00000|  0%| F|  |TAMS 0x0000000715900000, 0x0000000715900000| Untracked 
| 184|0x0000000715a00000, 0x0000000715a00000, 0x0000000715b00000|  0%| F|  |TAMS 0x0000000715a00000, 0x0000000715a00000| Untracked 
| 185|0x0000000715b00000, 0x0000000715b00000, 0x0000000715c00000|  0%| F|  |TAMS 0x0000000715b00000, 0x0000000715b00000| Untracked 
| 186|0x0000000715c00000, 0x0000000715c00000, 0x0000000715d00000|  0%| F|  |TAMS 0x0000000715c00000, 0x0000000715c00000| Untracked 
| 187|0x0000000715d00000, 0x0000000715d00000, 0x0000000715e00000|  0%| F|  |TAMS 0x0000000715d00000, 0x0000000715d00000| Untracked 
| 188|0x0000000715e00000, 0x0000000715e00000, 0x0000000715f00000|  0%| F|  |TAMS 0x0000000715e00000, 0x0000000715e00000| Untracked 
| 189|0x0000000715f00000, 0x0000000715f00000, 0x0000000716000000|  0%| F|  |TAMS 0x0000000715f00000, 0x0000000715f00000| Untracked 
| 190|0x0000000716000000, 0x0000000716000000, 0x0000000716100000|  0%| F|  |TAMS 0x0000000716000000, 0x0000000716000000| Untracked 
| 191|0x0000000716100000, 0x0000000716100000, 0x0000000716200000|  0%| F|  |TAMS 0x0000000716100000, 0x0000000716100000| Untracked 
| 192|0x0000000716200000, 0x0000000716200000, 0x0000000716300000|  0%| F|  |TAMS 0x0000000716200000, 0x0000000716200000| Untracked 
| 193|0x0000000716300000, 0x0000000716300000, 0x0000000716400000|  0%| F|  |TAMS 0x0000000716300000, 0x0000000716300000| Untracked 
| 194|0x0000000716400000, 0x0000000716400000, 0x0000000716500000|  0%| F|  |TAMS 0x0000000716400000, 0x0000000716400000| Untracked 
| 195|0x0000000716500000, 0x0000000716500000, 0x0000000716600000|  0%| F|  |TAMS 0x0000000716500000, 0x0000000716500000| Untracked 
| 196|0x0000000716600000, 0x0000000716600000, 0x0000000716700000|  0%| F|  |TAMS 0x0000000716600000, 0x0000000716600000| Untracked 
| 197|0x0000000716700000, 0x0000000716700000, 0x0000000716800000|  0%| F|  |TAMS 0x0000000716700000, 0x0000000716700000| Untracked 
| 198|0x0000000716800000, 0x0000000716800000, 0x0000000716900000|  0%| F|  |TAMS 0x0000000716800000, 0x0000000716800000| Untracked 
| 199|0x0000000716900000, 0x0000000716900000, 0x0000000716a00000|  0%| F|  |TAMS 0x0000000716900000, 0x0000000716900000| Untracked 
| 200|0x0000000716a00000, 0x0000000716a00000, 0x0000000716b00000|  0%| F|  |TAMS 0x0000000716a00000, 0x0000000716a00000| Untracked 
| 201|0x0000000716b00000, 0x0000000716b00000, 0x0000000716c00000|  0%| F|  |TAMS 0x0000000716b00000, 0x0000000716b00000| Untracked 
| 202|0x0000000716c00000, 0x0000000716c00000, 0x0000000716d00000|  0%| F|  |TAMS 0x0000000716c00000, 0x0000000716c00000| Untracked 
| 203|0x0000000716d00000, 0x0000000716d00000, 0x0000000716e00000|  0%| F|  |TAMS 0x0000000716d00000, 0x0000000716d00000| Untracked 
| 204|0x0000000716e00000, 0x0000000716e00000, 0x0000000716f00000|  0%| F|  |TAMS 0x0000000716e00000, 0x0000000716e00000| Untracked 
| 205|0x0000000716f00000, 0x0000000716f00000, 0x0000000717000000|  0%| F|  |TAMS 0x0000000716f00000, 0x0000000716f00000| Untracked 
| 206|0x0000000717000000, 0x0000000717000000, 0x0000000717100000|  0%| F|  |TAMS 0x0000000717000000, 0x0000000717000000| Untracked 
| 207|0x0000000717100000, 0x0000000717100000, 0x0000000717200000|  0%| F|  |TAMS 0x0000000717100000, 0x0000000717100000| Untracked 
| 208|0x0000000717200000, 0x0000000717200000, 0x0000000717300000|  0%| F|  |TAMS 0x0000000717200000, 0x0000000717200000| Untracked 
| 209|0x0000000717300000, 0x0000000717300000, 0x0000000717400000|  0%| F|  |TAMS 0x0000000717300000, 0x0000000717300000| Untracked 
| 210|0x0000000717400000, 0x0000000717400000, 0x0000000717500000|  0%| F|  |TAMS 0x0000000717400000, 0x0000000717400000| Untracked 
| 211|0x0000000717500000, 0x0000000717500000, 0x0000000717600000|  0%| F|  |TAMS 0x0000000717500000, 0x0000000717500000| Untracked 
| 212|0x0000000717600000, 0x0000000717600000, 0x0000000717700000|  0%| F|  |TAMS 0x0000000717600000, 0x0000000717600000| Untracked 
| 213|0x0000000717700000, 0x0000000717700000, 0x0000000717800000|  0%| F|  |TAMS 0x0000000717700000, 0x0000000717700000| Untracked 
| 214|0x0000000717800000, 0x0000000717800000, 0x0000000717900000|  0%| F|  |TAMS 0x0000000717800000, 0x0000000717800000| Untracked 
| 215|0x0000000717900000, 0x0000000717900000, 0x0000000717a00000|  0%| F|  |TAMS 0x0000000717900000, 0x0000000717900000| Untracked 
| 216|0x0000000717a00000, 0x0000000717a00000, 0x0000000717b00000|  0%| F|  |TAMS 0x0000000717a00000, 0x0000000717a00000| Untracked 
| 217|0x0000000717b00000, 0x0000000717b00000, 0x0000000717c00000|  0%| F|  |TAMS 0x0000000717b00000, 0x0000000717b00000| Untracked 
| 218|0x0000000717c00000, 0x0000000717c00000, 0x0000000717d00000|  0%| F|  |TAMS 0x0000000717c00000, 0x0000000717c00000| Untracked 
| 219|0x0000000717d00000, 0x0000000717d00000, 0x0000000717e00000|  0%| F|  |TAMS 0x0000000717d00000, 0x0000000717d00000| Untracked 
| 220|0x0000000717e00000, 0x0000000717e00000, 0x0000000717f00000|  0%| F|  |TAMS 0x0000000717e00000, 0x0000000717e00000| Untracked 
| 221|0x0000000717f00000, 0x0000000717f00000, 0x0000000718000000|  0%| F|  |TAMS 0x0000000717f00000, 0x0000000717f00000| Untracked 
| 222|0x0000000718000000, 0x0000000718000000, 0x0000000718100000|  0%| F|  |TAMS 0x0000000718000000, 0x0000000718000000| Untracked 
| 223|0x0000000718100000, 0x0000000718100000, 0x0000000718200000|  0%| F|  |TAMS 0x0000000718100000, 0x0000000718100000| Untracked 
| 224|0x0000000718200000, 0x0000000718200000, 0x0000000718300000|  0%| F|  |TAMS 0x0000000718200000, 0x0000000718200000| Untracked 
| 225|0x0000000718300000, 0x0000000718300000, 0x0000000718400000|  0%| F|  |TAMS 0x0000000718300000, 0x0000000718300000| Untracked 
| 226|0x0000000718400000, 0x0000000718400000, 0x0000000718500000|  0%| F|  |TAMS 0x0000000718400000, 0x0000000718400000| Untracked 
| 227|0x0000000718500000, 0x0000000718500000, 0x0000000718600000|  0%| F|  |TAMS 0x0000000718500000, 0x0000000718500000| Untracked 
| 228|0x0000000718600000, 0x0000000718600000, 0x0000000718700000|  0%| F|  |TAMS 0x0000000718600000, 0x0000000718600000| Untracked 
| 229|0x0000000718700000, 0x0000000718700000, 0x0000000718800000|  0%| F|  |TAMS 0x0000000718700000, 0x0000000718700000| Untracked 
| 230|0x0000000718800000, 0x0000000718800000, 0x0000000718900000|  0%| F|  |TAMS 0x0000000718800000, 0x0000000718800000| Untracked 
| 231|0x0000000718900000, 0x0000000718900000, 0x0000000718a00000|  0%| F|  |TAMS 0x0000000718900000, 0x0000000718900000| Untracked 
| 232|0x0000000718a00000, 0x0000000718a00000, 0x0000000718b00000|  0%| F|  |TAMS 0x0000000718a00000, 0x0000000718a00000| Untracked 
| 233|0x0000000718b00000, 0x0000000718b00000, 0x0000000718c00000|  0%| F|  |TAMS 0x0000000718b00000, 0x0000000718b00000| Untracked 
| 234|0x0000000718c00000, 0x0000000718c00000, 0x0000000718d00000|  0%| F|  |TAMS 0x0000000718c00000, 0x0000000718c00000| Untracked 
| 235|0x0000000718d00000, 0x0000000718d00000, 0x0000000718e00000|  0%| F|  |TAMS 0x0000000718d00000, 0x0000000718d00000| Untracked 
| 236|0x0000000718e00000, 0x0000000718e00000, 0x0000000718f00000|  0%| F|  |TAMS 0x0000000718e00000, 0x0000000718e00000| Untracked 
| 237|0x0000000718f00000, 0x0000000718f00000, 0x0000000719000000|  0%| F|  |TAMS 0x0000000718f00000, 0x0000000718f00000| Untracked 
| 238|0x0000000719000000, 0x0000000719000000, 0x0000000719100000|  0%| F|  |TAMS 0x0000000719000000, 0x0000000719000000| Untracked 
| 239|0x0000000719100000, 0x0000000719100000, 0x0000000719200000|  0%| F|  |TAMS 0x0000000719100000, 0x0000000719100000| Untracked 
| 240|0x0000000719200000, 0x0000000719200000, 0x0000000719300000|  0%| F|  |TAMS 0x0000000719200000, 0x0000000719200000| Untracked 
| 241|0x0000000719300000, 0x000000071932be10, 0x0000000719400000| 17%| S|CS|TAMS 0x0000000719300000, 0x0000000719300000| Complete 
| 242|0x0000000719400000, 0x0000000719500000, 0x0000000719500000|100%| S|CS|TAMS 0x0000000719400000, 0x0000000719400000| Complete 
| 243|0x0000000719500000, 0x0000000719500000, 0x0000000719600000|  0%| F|  |TAMS 0x0000000719500000, 0x0000000719500000| Untracked 
| 244|0x0000000719600000, 0x0000000719600000, 0x0000000719700000|  0%| F|  |TAMS 0x0000000719600000, 0x0000000719600000| Untracked 
| 245|0x0000000719700000, 0x0000000719700000, 0x0000000719800000|  0%| F|  |TAMS 0x0000000719700000, 0x0000000719700000| Untracked 

Card table byte_map: [0x000002aa455d0000,0x000002aa45d80000] _byte_map_base: 0x000002aa41d7f000

Marking Bits (Prev, Next): (CMBitMap*) 0x000002aa301e5cf8, (CMBitMap*) 0x000002aa301e5d30
 Prev Bits: [0x000002aa46530000, 0x000002aa4a2a8000)
 Next Bits: [0x000002aa4a2b0000, 0x000002aa4e028000)

Polling page: 0x000002aa30260000

Metaspace:

Usage:
  Non-class:      4.46 MB capacity,     4.46 MB (>99%) used,     1.92 KB ( <1%) free+waste,   960 bytes ( <1%) overhead. 
      Class:    460.00 KB capacity,   427.78 KB ( 93%) used,    31.66 KB (  7%) free+waste,   576 bytes ( <1%) overhead. 
       Both:      4.91 MB capacity,     4.88 MB (>99%) used,    33.58 KB ( <1%) free+waste,     1.50 KB ( <1%) overhead. 

Virtual space:
  Non-class space:       16.00 MB reserved,       4.50 MB ( 28%) committed 
      Class space:        1.00 GB reserved,     512.00 KB ( <1%) committed 
             Both:        1.02 GB reserved,       5.00 MB ( <1%) committed 

Chunk freelists:
   Non-Class:  36.00 KB
       Class:  20.00 KB
        Both:  56.00 KB

MaxMetaspaceSize: 17179869184.00 GB
CompressedClassSpaceSize: 1.00 GB

CodeHeap 'non-profiled nmethods': size=120064Kb used=44Kb max_used=44Kb free=120019Kb
 bounds [0x000002aa3d080000, 0x000002aa3d2f0000, 0x000002aa445c0000]
CodeHeap 'profiled nmethods': size=120000Kb used=218Kb max_used=218Kb free=119781Kb
 bounds [0x000002aa35b50000, 0x000002aa35dc0000, 0x000002aa3d080000]
CodeHeap 'non-nmethods': size=5696Kb used=1040Kb max_used=1046Kb free=4656Kb
 bounds [0x000002aa355c0000, 0x000002aa35830000, 0x000002aa35b50000]
 total_blobs=478 nmethods=165 adapters=225
 compilation: enabled
              stopped_count=0, restarted_count=0
 full_count=0

Compilation events (20 events):
Event: 0.316 Thread 0x000002aa5126a000  156       3       java.lang.String::endsWith (15 bytes)
Event: 0.317 Thread 0x000002aa5126a000 nmethod 156 0x000002aa35b84a90 code [0x000002aa35b84c80, 0x000002aa35b84fa8]
Event: 0.318 Thread 0x000002aa51470000 nmethod 154 0x000002aa3d089b90 code [0x000002aa3d089d20, 0x000002aa3d089ed8]
Event: 0.318 Thread 0x000002aa51470000  157       4       java.lang.String::coder (15 bytes)
Event: 0.319 Thread 0x000002aa51470000 nmethod 157 0x000002aa3d08a010 code [0x000002aa3d08a1a0, 0x000002aa3d08a1f8]
Event: 0.319 Thread 0x000002aa51470000  158       4       java.lang.String::isLatin1 (19 bytes)
Event: 0.319 Thread 0x000002aa51470000 nmethod 158 0x000002aa3d08a290 code [0x000002aa3d08a420, 0x000002aa3d08a498]
Event: 0.326 Thread 0x000002aa51470000  159       4       java.lang.String::length (11 bytes)
Event: 0.327 Thread 0x000002aa51470000 nmethod 159 0x000002aa3d08a510 code [0x000002aa3d08a6a0, 0x000002aa3d08a718]
Event: 0.327 Thread 0x000002aa5126a000  160       3       java.lang.StringLatin1::newString (17 bytes)
Event: 0.328 Thread 0x000002aa5126a000 nmethod 160 0x000002aa35b85190 code [0x000002aa35b85360, 0x000002aa35b85608]
Event: 0.330 Thread 0x000002aa5126a000  161       3       java.lang.Character::toUpperCase (6 bytes)
Event: 0.330 Thread 0x000002aa5126a000 nmethod 161 0x000002aa35b85710 code [0x000002aa35b858e0, 0x000002aa35b85b38]
Event: 0.330 Thread 0x000002aa5126a000  162       3       java.lang.Character::toUpperCase (9 bytes)
Event: 0.331 Thread 0x000002aa5126a000 nmethod 162 0x000002aa35b85c10 code [0x000002aa35b85de0, 0x000002aa35b85fb8]
Event: 0.331 Thread 0x000002aa5126a000  163       3       java.lang.CharacterDataLatin1::toUpperCase (53 bytes)
Event: 0.331 Thread 0x000002aa51262000 nmethod 153% 0x000002aa3d08a790 code [0x000002aa3d08a940, 0x000002aa3d08aeb8]
Event: 0.331 Thread 0x000002aa5126a000 nmethod 163 0x000002aa35b86090 code [0x000002aa35b86260, 0x000002aa35b864d8]
Event: 0.331 Thread 0x000002aa5126a000  164       3       java.util.TreeMap::parentOf (13 bytes)
Event: 0.331 Thread 0x000002aa5126a000 nmethod 164 0x000002aa35b86610 code [0x000002aa35b867c0, 0x000002aa35b86918]

GC Heap History (2 events):
Event: 0.337 GC heap before
{Heap before GC invocations=0 (full 0):
 garbage-first heap   total 251904K, used 6144K [0x000000070a200000, 0x0000000800000000)
  region size 1024K, 3 young (3072K), 0 survivors (0K)
 Metaspace       used 4996K, capacity 5032K, committed 5120K, reserved 1062912K
  class space    used 427K, capacity 460K, committed 512K, reserved 1048576K
}
Event: 0.340 GC heap after
{Heap after GC invocations=1 (full 0):
 garbage-first heap   total 251904K, used 5295K [0x000000070a200000, 0x0000000800000000)
  region size 1024K, 2 young (2048K), 2 survivors (2048K)
 Metaspace       used 4996K, capacity 5032K, committed 5120K, reserved 1062912K
  class space    used 427K, capacity 460K, committed 512K, reserved 1048576K
}

Deoptimization events (20 events):
Event: 0.269 Thread 0x000002aa30180000 DEOPT PACKING pc=0x000002aa3d087670 sp=0x000000d94c0f98f0
Event: 0.269 Thread 0x000002aa30180000 DEOPT UNPACKING pc=0x000002aa355e68af sp=0x000000d94c0f9898 mode 2
Event: 0.297 Thread 0x000002aa30180000 Uncommon trap: trap_request=0xffffff4d fr.pc=0x000002aa3d087ae8 relative=0x0000000000000148
Event: 0.298 Thread 0x000002aa30180000 Uncommon trap: reason=unstable_if action=reinterpret pc=0x000002aa3d087ae8 method=java.util.zip.ZipFile$Source.isMetaName([BII)Z @ 15 c2
Event: 0.298 Thread 0x000002aa30180000 DEOPT PACKING pc=0x000002aa3d087ae8 sp=0x000000d94c0f98f0
Event: 0.298 Thread 0x000002aa30180000 DEOPT UNPACKING pc=0x000002aa355e68af sp=0x000000d94c0f9898 mode 2
Event: 0.312 Thread 0x000002aa30180000 DEOPT PACKING pc=0x000002aa35b77a50 sp=0x000000d94c0fcd10
Event: 0.313 Thread 0x000002aa30180000 DEOPT UNPACKING pc=0x000002aa355e705e sp=0x000000d94c0fc198 mode 0
Event: 0.313 Thread 0x000002aa30180000 DEOPT PACKING pc=0x000002aa35b77a50 sp=0x000000d94c0fcd10
Event: 0.313 Thread 0x000002aa30180000 DEOPT UNPACKING pc=0x000002aa355e705e sp=0x000000d94c0fc198 mode 0
Event: 0.313 Thread 0x000002aa30180000 DEOPT PACKING pc=0x000002aa35b77a50 sp=0x000000d94c0fcd10
Event: 0.313 Thread 0x000002aa30180000 DEOPT UNPACKING pc=0x000002aa355e705e sp=0x000000d94c0fc198 mode 0
Event: 0.314 Thread 0x000002aa30180000 DEOPT PACKING pc=0x000002aa35b77a50 sp=0x000000d94c0fcd10
Event: 0.314 Thread 0x000002aa30180000 DEOPT UNPACKING pc=0x000002aa355e705e sp=0x000000d94c0fc198 mode 0
Event: 0.314 Thread 0x000002aa30180000 DEOPT PACKING pc=0x000002aa35b77a50 sp=0x000000d94c0fcd10
Event: 0.314 Thread 0x000002aa30180000 DEOPT UNPACKING pc=0x000002aa355e705e sp=0x000000d94c0fc198 mode 0
Event: 0.314 Thread 0x000002aa30180000 DEOPT PACKING pc=0x000002aa35b77a50 sp=0x000000d94c0fcd10
Event: 0.314 Thread 0x000002aa30180000 DEOPT UNPACKING pc=0x000002aa355e705e sp=0x000000d94c0fc198 mode 0
Event: 0.314 Thread 0x000002aa30180000 DEOPT PACKING pc=0x000002aa35b77a50 sp=0x000000d94c0fcd10
Event: 0.314 Thread 0x000002aa30180000 DEOPT UNPACKING pc=0x000002aa355e705e sp=0x000000d94c0fc198 mode 0

Classes redefined (0 events):
No events

Internal exceptions (0 events):
No events

Events (20 events):
Event: 0.333 loading class java/lang/invoke/LambdaForm$NamedFunction
Event: 0.333 loading class java/lang/invoke/LambdaForm$NamedFunction done
Event: 0.333 loading class java/lang/invoke/DirectMethodHandle$Holder
Event: 0.334 loading class java/lang/invoke/DirectMethodHandle$Holder done
Event: 0.334 loading class sun/invoke/util/ValueConversions
Event: 0.334 loading class sun/invoke/util/ValueConversions done
Event: 0.334 loading class java/lang/invoke/MethodHandleImpl
Event: 0.335 loading class java/lang/invoke/MethodHandleImpl done
Event: 0.335 loading class java/lang/invoke/Invokers
Event: 0.336 loading class java/lang/invoke/Invokers done
Event: 0.336 loading class java/lang/invoke/StringConcatFactory$Strategy
Event: 0.336 loading class java/lang/invoke/StringConcatFactory$Strategy done
Event: 0.336 loading class java/lang/invoke/LambdaForm$Kind
Event: 0.336 loading class java/lang/invoke/LambdaForm$Kind done
Event: 0.336 loading class java/lang/NoSuchMethodException
Event: 0.336 loading class java/lang/NoSuchMethodException done
Event: 0.337 loading class java/lang/invoke/LambdaForm$BasicType
Event: 0.337 loading class java/lang/invoke/LambdaForm$BasicType done
Event: 0.337 loading class java/lang/invoke/LambdaForm$Name
Event: 0.337 Executing VM operation: CollectForMetadataAllocation


Dynamic libraries:
0x00007ff6555a0000 - 0x00007ff6555aa000 	C:\Program Files\JetBrains\IntelliJ IDEA 2021.1.2\jbr\bin\java.exe
0x00007ffc2f990000 - 0x00007ffc2fb85000 	C:\Windows\SYSTEM32\ntdll.dll
0x00007ffbf4850000 - 0x00007ffbf4866000 	C:\Program Files\Avast Software\Avast\aswhook.dll
0x00007ffc2eab0000 - 0x00007ffc2eb6e000 	C:\Windows\System32\KERNEL32.DLL
0x00007ffc2d400000 - 0x00007ffc2d6c8000 	C:\Windows\System32\KERNELBASE.dll
0x00007ffc2d780000 - 0x00007ffc2d880000 	C:\Windows\System32\ucrtbase.dll
0x00007ffc13620000 - 0x00007ffc13639000 	C:\Program Files\JetBrains\IntelliJ IDEA 2021.1.2\jbr\bin\jli.dll
0x00007ffc0ec80000 - 0x00007ffc0ec97000 	C:\Program Files\JetBrains\IntelliJ IDEA 2021.1.2\jbr\bin\VCRUNTIME140.dll
0x00007ffc2dd40000 - 0x00007ffc2dee1000 	C:\Windows\System32\USER32.dll
0x00007ffc2d280000 - 0x00007ffc2d2a2000 	C:\Windows\System32\win32u.dll
0x00007ffc12b70000 - 0x00007ffc12e0a000 	C:\Windows\WinSxS\amd64_microsoft.windows.common-controls_6595b64144ccf1df_6.0.19041.1110_none_60b5254171f9507e\COMCTL32.dll
0x00007ffc2f870000 - 0x00007ffc2f89b000 	C:\Windows\System32\GDI32.dll
0x00007ffc2f8b0000 - 0x00007ffc2f94e000 	C:\Windows\System32\msvcrt.dll
0x00007ffc2d140000 - 0x00007ffc2d24b000 	C:\Windows\System32\gdi32full.dll
0x00007ffc2d2b0000 - 0x00007ffc2d34d000 	C:\Windows\System32\msvcp_win.dll
0x00007ffc2f840000 - 0x00007ffc2f870000 	C:\Windows\System32\IMM32.DLL
0x00007ffbf7850000 - 0x00007ffbf78ed000 	C:\Program Files\JetBrains\IntelliJ IDEA 2021.1.2\jbr\bin\msvcp140.dll
0x00007ffbd8480000 - 0x00007ffbd8fca000 	C:\Program Files\JetBrains\IntelliJ IDEA 2021.1.2\jbr\bin\server\jvm.dll
0x00007ffc2f1d0000 - 0x00007ffc2f27c000 	C:\Windows\System32\ADVAPI32.dll
0x00007ffc2f680000 - 0x00007ffc2f71b000 	C:\Windows\System32\sechost.dll
0x00007ffc2f280000 - 0x00007ffc2f3aa000 	C:\Windows\System32\RPCRT4.dll
0x00007ffc2f7a0000 - 0x00007ffc2f7a8000 	C:\Windows\System32\PSAPI.DLL
0x00007ffc2be90000 - 0x00007ffc2be9a000 	C:\Windows\SYSTEM32\VERSION.dll
0x00007ffc23d30000 - 0x00007ffc23d57000 	C:\Windows\SYSTEM32\WINMM.dll
0x00007ffc18600000 - 0x00007ffc18609000 	C:\Windows\SYSTEM32\WSOCK32.dll
0x00007ffc2f4d0000 - 0x00007ffc2f53b000 	C:\Windows\System32\WS2_32.dll
0x00007ffc2be50000 - 0x00007ffc2be62000 	C:\Windows\SYSTEM32\kernel.appcore.dll
0x00007ffc184c0000 - 0x00007ffc184d1000 	C:\Program Files\JetBrains\IntelliJ IDEA 2021.1.2\jbr\bin\verify.dll
0x00007ffc1b230000 - 0x00007ffc1b414000 	C:\Windows\SYSTEM32\DBGHELP.DLL
0x00007ffc1b200000 - 0x00007ffc1b22c000 	C:\Windows\SYSTEM32\dbgcore.DLL
0x00007ffc2d0b0000 - 0x00007ffc2d133000 	C:\Windows\System32\bcryptPrimitives.dll
0x00007ffc182f0000 - 0x00007ffc18319000 	C:\Program Files\JetBrains\IntelliJ IDEA 2021.1.2\jbr\bin\java.dll
0x00007ffc29bf0000 - 0x00007ffc29bfb000 	C:\Program Files\JetBrains\IntelliJ IDEA 2021.1.2\jbr\bin\jimage.dll
0x00007ffc182d0000 - 0x00007ffc182e8000 	C:\Program Files\JetBrains\IntelliJ IDEA 2021.1.2\jbr\bin\zip.dll
0x00007ffc2e370000 - 0x00007ffc2eaaf000 	C:\Windows\System32\SHELL32.dll
0x00007ffc2b6c0000 - 0x00007ffc2be50000 	C:\Windows\SYSTEM32\windows.storage.dll
0x00007ffc2d9e0000 - 0x00007ffc2dd35000 	C:\Windows\System32\combase.dll
0x00007ffc2ca90000 - 0x00007ffc2cabe000 	C:\Windows\SYSTEM32\Wldp.dll
0x00007ffc2eb70000 - 0x00007ffc2ec1d000 	C:\Windows\System32\SHCORE.dll
0x00007ffc2f5f0000 - 0x00007ffc2f645000 	C:\Windows\System32\shlwapi.dll
0x00007ffc2cff0000 - 0x00007ffc2d00f000 	C:\Windows\SYSTEM32\profapi.dll
0x00007ffc182b0000 - 0x00007ffc182ca000 	C:\Program Files\JetBrains\IntelliJ IDEA 2021.1.2\jbr\bin\net.dll
0x00007ffc27d20000 - 0x00007ffc27e2c000 	C:\Windows\SYSTEM32\WINHTTP.dll
0x00007ffc2c7f0000 - 0x00007ffc2c85a000 	C:\Windows\system32\mswsock.dll
0x00007ffc18290000 - 0x00007ffc182a4000 	C:\Program Files\JetBrains\IntelliJ IDEA 2021.1.2\jbr\bin\nio.dll

dbghelp: loaded successfully - version: 4.0.5 - missing functions: none
symbol engine: initialized successfully - sym options: 0x614 - pdb path: .;C:\Program Files\JetBrains\IntelliJ IDEA 2021.1.2\jbr\bin;C:\Windows\SYSTEM32;C:\Program Files\Avast Software\Avast;C:\Windows\WinSxS\amd64_microsoft.windows.common-controls_6595b64144ccf1df_6.0.19041.1110_none_60b5254171f9507e;C:\Program Files\JetBrains\IntelliJ IDEA 2021.1.2\jbr\bin\server

VM Arguments:
java_command: git4idea.http.GitAskPassApp Username for 'https://git.epam.com': 
java_class_path (initial): C:/Program Files/JetBrains/IntelliJ IDEA 2021.1.2/plugins/git4idea/lib/git4idea-rt.jar;C:/Program Files/JetBrains/IntelliJ IDEA 2021.1.2/lib/3rd-party.jar
Launcher Type: SUN_STANDARD

[Global flags]
     intx CICompilerCount                          = 3                                         {product} {ergonomic}
     uint ConcGCThreads                            = 2                                         {product} {ergonomic}
     uint G1ConcRefinementThreads                  = 6                                         {product} {ergonomic}
   size_t G1HeapRegionSize                         = 1048576                                   {product} {ergonomic}
    uintx GCDrainStackTargetSize                   = 64                                        {product} {ergonomic}
   size_t InitialHeapSize                          = 257949696                                 {product} {ergonomic}
   size_t MarkStackSize                            = 4194304                                   {product} {ergonomic}
   size_t MaxHeapSize                              = 4125097984                                {product} {ergonomic}
   size_t MaxNewSize                               = 2474639360                                {product} {ergonomic}
   size_t MinHeapDeltaBytes                        = 1048576                                   {product} {ergonomic}
    uintx NonNMethodCodeHeapSize                   = 5830732                                {pd product} {ergonomic}
    uintx NonProfiledCodeHeapSize                  = 122913754                              {pd product} {ergonomic}
    uintx ProfiledCodeHeapSize                     = 122913754                              {pd product} {ergonomic}
    uintx ReservedCodeCacheSize                    = 251658240                              {pd product} {ergonomic}
     bool SegmentedCodeCache                       = true                                      {product} {ergonomic}
     bool UseCompressedClassPointers               = true                                 {lp64_product} {ergonomic}
     bool UseCompressedOops                        = true                                 {lp64_product} {ergonomic}
     bool UseG1GC                                  = true                                      {product} {ergonomic}
     bool UseLargePagesIndividualAllocation        = false                                  {pd product} {ergonomic}

Logging:
Log output configuration:
 #0: stdout all=warning uptime,level,tags
 #1: stderr all=off uptime,level,tags

Environment Variables:
PATH=C:\Program Files\Git\mingw64\libexec\git-core;C:\Program Files\Git\mingw64\libexec\git-core;C:\Program Files\Git\mingw64\bin;C:\Program Files\Git\usr\bin;C:\Users\Russell\bin;C:\Program Files\Common Files\Oracle\Java\javapath;C:\Program Files (x86)\Common Files\Oracle\Java\javapath;C:\Windows\system32;C:\Windows;C:\Windows\System32\Wbem;C:\Windows\System32\WindowsPowerShell\v1.0;C:\Windows\System32\OpenSSH;C:\Program Files\Git\cmd;C:\Program Files\MySQL\MySQL Shell 8.0\bin;C:\Users\Russell\AppData\Local\Microsoft\WindowsApps
USERNAME=Russell
DISPLAY=:0.0
LC_ALL=en_US.UTF-8
OS=Windows_NT
PROCESSOR_IDENTIFIER=AMD64 Family 23 Model 96 Stepping 1, AuthenticAMD



---------------  S Y S T E M  ---------------

OS: Windows 10 , 64 bit Build 19041 (10.0.19041.1320)
OS uptime: 2 days 23:53 hours

CPU:total 6 (initial active 6) (6 cores per cpu, 1 threads per core) family 23 model 96 stepping 1 microcode 0x0, cmov, cx8, fxsr, mmx, sse, sse2, sse3, ssse3, sse4.1, sse4.2, popcnt, avx, avx2, aes, clmul, mmxext, 3dnowpref, lzcnt, sse4a, tsc, tscinvbit, tscinv, bmi1, bmi2, adx, sha, 

Memory: 4k page, system-wide physical 15733M (5459M free)
TotalPageFile size 17781M (AvailPageFile size 128M)
current process WorkingSet (physical memory assigned to process): 47M, peak: 47M
current process commit charge ("private bytes"): 325M, peak: 326M

vm_info: OpenJDK 64-Bit Server VM (11.0.11+9-b1504.13) for windows-amd64 JRE (11.0.11+9-b1504.13), built on Jul 18 2021 03:17:44 by "" with MS VC++ 14.0 (VS2015)

END.
