#
# There is insufficient memory for the Java Runtime Environment to continue.
# Native memory allocation (malloc) failed to allocate 861296 bytes for Chunk::new
# Possible reasons:
#   The system is out of physical RAM or swap space
#   The process is running with CompressedOops enabled, and the Java Heap may be blocking the growth of the native heap
# Possible solutions:
#   Reduce memory load on the system
#   Increase physical memory or swap space
#   Check if swap backing store is full
#   Decrease Java heap size (-Xmx/-Xms)
#   Decrease number of Java threads
#   Decrease Java thread stack sizes (-Xss)
#   Set larger code cache with -XX:ReservedCodeCacheSize=
#   JVM is running with Zero Based Compressed Oops mode in which the Java heap is
#     placed in the first 32GB address space. The Java Heap base address is the
#     maximum limit for the native heap growth. Please use -XX:HeapBaseMinAddress
#     to set the Java Heap base and to place the Java Heap above 32GB virtual address.
# This output file may be truncated or incomplete.
#
#  Out of Memory Error (arena.cpp:195), pid=18820, tid=23160
#
# JRE version: Java(TM) SE Runtime Environment (16.0.1+9) (build 16.0.1+9-24)
# Java VM: Java HotSpot(TM) 64-Bit Server VM (16.0.1+9-24, mixed mode, sharing, tiered, compressed oops, compressed class ptrs, g1 gc, windows-amd64)
# No core dump will be written. Minidumps are not enabled by default on client versions of Windows
#

---------------  S U M M A R Y ------------

Command Line: -Dmaven.multiModuleProjectDirectory=C:\Users\Russell\IdeaProjects\FinalProject -Dmaven.home=C:\Program Files\JetBrains\IntelliJ IDEA 2021.1.2\plugins\maven\lib\maven3 -Dclassworlds.conf=C:\Program Files\JetBrains\IntelliJ IDEA 2021.1.2\plugins\maven\lib\maven3\bin\m2.conf -Dmaven.ext.class.path=C:\Program Files\JetBrains\IntelliJ IDEA 2021.1.2\plugins\maven\lib\maven-event-listener.jar -javaagent:C:\Program Files\JetBrains\IntelliJ IDEA 2021.1.2\lib\idea_rt.jar=61282:C:\Program Files\JetBrains\IntelliJ IDEA 2021.1.2\bin -Dfile.encoding=UTF-8 org.codehaus.classworlds.Launcher -Didea.version=2021.2 clean install

Host: AMD Ryzen 5 4500U with Radeon Graphics         , 6 cores, 15G,  Windows 10 , 64 bit Build 19041 (10.0.19041.1348)
Time: Mon Dec 20 00:37:04 2021  Windows 10 , 64 bit Build 19041 (10.0.19041.1348) elapsed time: 1.184793 seconds (0d 0h 0m 1s)

---------------  T H R E A D  ---------------

Current thread (0x0000023affb810e0):  JavaThread "C2 CompilerThread0" daemon [_thread_in_native, id=23160, stack(0x00000048f0a00000,0x00000048f0b00000)]


Current CompileTask:
C2:   1184 1929   !   4       java.lang.reflect.Field::declaredAnnotations (82 bytes)

Stack: [0x00000048f0a00000,0x00000048f0b00000]
Native frames: (J=compiled Java code, j=interpreted, Vv=VM code, C=native code)
V  [jvm.dll+0x6687ca]
V  [jvm.dll+0x7ca3c9]
V  [jvm.dll+0x7cbb53]
V  [jvm.dll+0x7cc1b3]
V  [jvm.dll+0x242ea5]
V  [jvm.dll+0xadeca]
V  [jvm.dll+0xae5ac]
V  [jvm.dll+0x35aed2]
V  [jvm.dll+0x3253d1]
V  [jvm.dll+0x32487a]
V  [jvm.dll+0x215f3c]
V  [jvm.dll+0x215350]
V  [jvm.dll+0x1a1d9b]
V  [jvm.dll+0x2253a8]
V  [jvm.dll+0x2233ec]
V  [jvm.dll+0x780002]
V  [jvm.dll+0x779b4a]
V  [jvm.dll+0x667666]
C  [ucrtbase.dll+0x21bb2]
C  [KERNEL32.DLL+0x17034]
C  [ntdll.dll+0x52651]


---------------  P R O C E S S  ---------------

Threads class SMR info:
_java_thread_list=0x0000023a86a01ca0, length=14, elements={
0x0000023ae3632f50, 0x0000023affb67ad0, 0x0000023affb68470, 0x0000023affb7d3c0,
0x0000023affb7d9d0, 0x0000023affb800c0, 0x0000023affb806d0, 0x0000023affb810e0,
0x0000023affb87b50, 0x0000023affb8c780, 0x0000023a868e76c0, 0x0000023a869938c0,
0x0000023a869ddc30, 0x0000023a86a0ba30
}

Java Threads: ( => current thread )
  0x0000023ae3632f50 JavaThread "main" [_thread_in_Java, id=19356, stack(0x00000048efc00000,0x00000048efd00000)]
  0x0000023affb67ad0 JavaThread "Reference Handler" daemon [_thread_blocked, id=18612, stack(0x00000048f0400000,0x00000048f0500000)]
  0x0000023affb68470 JavaThread "Finalizer" daemon [_thread_blocked, id=4388, stack(0x00000048f0500000,0x00000048f0600000)]
  0x0000023affb7d3c0 JavaThread "Signal Dispatcher" daemon [_thread_blocked, id=24444, stack(0x00000048f0600000,0x00000048f0700000)]
  0x0000023affb7d9d0 JavaThread "Attach Listener" daemon [_thread_blocked, id=17828, stack(0x00000048f0700000,0x00000048f0800000)]
  0x0000023affb800c0 JavaThread "Service Thread" daemon [_thread_blocked, id=7560, stack(0x00000048f0800000,0x00000048f0900000)]
  0x0000023affb806d0 JavaThread "Monitor Deflation Thread" daemon [_thread_blocked, id=21824, stack(0x00000048f0900000,0x00000048f0a00000)]
=>0x0000023affb810e0 JavaThread "C2 CompilerThread0" daemon [_thread_in_native, id=23160, stack(0x00000048f0a00000,0x00000048f0b00000)]
  0x0000023affb87b50 JavaThread "C1 CompilerThread0" daemon [_thread_blocked, id=23664, stack(0x00000048f0b00000,0x00000048f0c00000)]
  0x0000023affb8c780 JavaThread "Sweeper thread" daemon [_thread_blocked, id=16712, stack(0x00000048f0c00000,0x00000048f0d00000)]
  0x0000023a868e76c0 JavaThread "Common-Cleaner" daemon [_thread_blocked, id=7196, stack(0x00000048f0d00000,0x00000048f0e00000)]
  0x0000023a869938c0 JavaThread "Monitor Ctrl-Break" daemon [_thread_in_native, id=3744, stack(0x00000048f0e00000,0x00000048f0f00000)]
  0x0000023a869ddc30 JavaThread "Notification Thread" daemon [_thread_blocked, id=17920, stack(0x00000048f0f00000,0x00000048f1000000)]
  0x0000023a86a0ba30 JavaThread "C2 CompilerThread1" daemon [_thread_in_native, id=23120, stack(0x00000048f1100000,0x00000048f1200000)]

Other Threads:
  0x0000023affb62eb0 VMThread "VM Thread" [stack: 0x00000048f0300000,0x00000048f0400000] [id=14360]
  0x0000023a869e1200 WatcherThread [stack: 0x00000048f1000000,0x00000048f1100000] [id=23456]
  0x0000023ae36811d0 GCTaskThread "GC Thread#0" [stack: 0x00000048efe00000,0x00000048eff00000] [id=21732]
  0x0000023a8717c0b0 GCTaskThread "GC Thread#1" [stack: 0x00000048f1200000,0x00000048f1300000] [id=20704]
  0x0000023a8716dfb0 GCTaskThread "GC Thread#2" [stack: 0x00000048f1300000,0x00000048f1400000] [id=1248]
  0x0000023a870ec170 GCTaskThread "GC Thread#3" [stack: 0x00000048f1400000,0x00000048f1500000] [id=18220]
  0x0000023a870ec480 GCTaskThread "GC Thread#4" [stack: 0x00000048f1500000,0x00000048f1600000] [id=16900]
  0x0000023a871ce950 GCTaskThread "GC Thread#5" [stack: 0x00000048f1600000,0x00000048f1700000] [id=18152]
  0x0000023ae36917e0 ConcurrentGCThread "G1 Main Marker" [stack: 0x00000048eff00000,0x00000048f0000000] [id=23216]
  0x0000023ae3695240 ConcurrentGCThread "G1 Conc#0" [stack: 0x00000048f0000000,0x00000048f0100000] [id=9948]
  0x0000023ae3703c60 ConcurrentGCThread "G1 Refine#0" [stack: 0x00000048f0100000,0x00000048f0200000] [id=9708]
  0x0000023affa22700 ConcurrentGCThread "G1 Service" [stack: 0x00000048f0200000,0x00000048f0300000] [id=9440]

Threads with active compile tasks:
C2 CompilerThread0     1201 1929   !   4       java.lang.reflect.Field::declaredAnnotations (82 bytes)
C2 CompilerThread1     1201 1916   !   4       java.net.URL::<init> (543 bytes)

VM state: not at safepoint (normal execution)

VM Mutex/Monitor currently owned by a thread: None

Heap address: 0x000000070a200000, size: 3934 MB, Compressed Oops mode: Zero based, Oop shift amount: 3

CDS archive(s) mapped at: [0x0000000800000000-0x0000000800bb0000-0x0000000800bb0000), size 12255232, SharedBaseAddress: 0x0000000800000000, ArchiveRelocationMode: 0.
Compressed class space mapped at: 0x0000000800c00000-0x0000000840c00000, reserved size: 1073741824
Narrow klass base: 0x0000000800000000, Narrow klass shift: 3, Narrow klass range: 0x100000000

GC Precious Log:
 CPUs: 6 total, 6 available
 Memory: 15733M
 Large Page Support: Disabled
 NUMA Support: Disabled
 Compressed Oops: Enabled (Zero based)
 Heap Region Size: 2M
 Heap Min Capacity: 8M
 Heap Initial Capacity: 246M
 Heap Max Capacity: 3934M
 Pre-touch: Disabled
 Parallel Workers: 6
 Concurrent Workers: 2
 Concurrent Refinement Workers: 6
 Periodic GC: Disabled

Heap:
 garbage-first heap   total 251904K, used 21437K [0x000000070a200000, 0x0000000800000000)
  region size 2048K, 10 young (20480K), 1 survivors (2048K)
 Metaspace       used 11619K, committed 11776K, reserved 1064960K
  class space    used 1364K, committed 1472K, reserved 1048576K

Heap Regions: E=young(eden), S=young(survivor), O=old, HS=humongous(starts), HC=humongous(continues), CS=collection set, F=free, OA=open archive, CA=closed archive, TAMS=top-at-mark-start (previous, next)
|   0|0x000000070a200000, 0x000000070a400000, 0x000000070a400000|100%| O|  |TAMS 0x000000070a200000, 0x000000070a200000| Untracked 
|   1|0x000000070a400000, 0x000000070a58bc00, 0x000000070a600000| 77%| O|  |TAMS 0x000000070a400000, 0x000000070a400000| Untracked 
|   2|0x000000070a600000, 0x000000070a600000, 0x000000070a800000|  0%| F|  |TAMS 0x000000070a600000, 0x000000070a600000| Untracked 
|   3|0x000000070a800000, 0x000000070a800000, 0x000000070aa00000|  0%| F|  |TAMS 0x000000070a800000, 0x000000070a800000| Untracked 
|   4|0x000000070aa00000, 0x000000070aa00000, 0x000000070ac00000|  0%| F|  |TAMS 0x000000070aa00000, 0x000000070aa00000| Untracked 
|   5|0x000000070ac00000, 0x000000070ac00000, 0x000000070ae00000|  0%| F|  |TAMS 0x000000070ac00000, 0x000000070ac00000| Untracked 
|   6|0x000000070ae00000, 0x000000070ae00000, 0x000000070b000000|  0%| F|  |TAMS 0x000000070ae00000, 0x000000070ae00000| Untracked 
|   7|0x000000070b000000, 0x000000070b000000, 0x000000070b200000|  0%| F|  |TAMS 0x000000070b000000, 0x000000070b000000| Untracked 
|   8|0x000000070b200000, 0x000000070b200000, 0x000000070b400000|  0%| F|  |TAMS 0x000000070b200000, 0x000000070b200000| Untracked 
|   9|0x000000070b400000, 0x000000070b400000, 0x000000070b600000|  0%| F|  |TAMS 0x000000070b400000, 0x000000070b400000| Untracked 
|  10|0x000000070b600000, 0x000000070b600000, 0x000000070b800000|  0%| F|  |TAMS 0x000000070b600000, 0x000000070b600000| Untracked 
|  11|0x000000070b800000, 0x000000070b800000, 0x000000070ba00000|  0%| F|  |TAMS 0x000000070b800000, 0x000000070b800000| Untracked 
|  12|0x000000070ba00000, 0x000000070ba00000, 0x000000070bc00000|  0%| F|  |TAMS 0x000000070ba00000, 0x000000070ba00000| Untracked 
|  13|0x000000070bc00000, 0x000000070bc00000, 0x000000070be00000|  0%| F|  |TAMS 0x000000070bc00000, 0x000000070bc00000| Untracked 
|  14|0x000000070be00000, 0x000000070be00000, 0x000000070c000000|  0%| F|  |TAMS 0x000000070be00000, 0x000000070be00000| Untracked 
|  15|0x000000070c000000, 0x000000070c000000, 0x000000070c200000|  0%| F|  |TAMS 0x000000070c000000, 0x000000070c000000| Untracked 
|  16|0x000000070c200000, 0x000000070c200000, 0x000000070c400000|  0%| F|  |TAMS 0x000000070c200000, 0x000000070c200000| Untracked 
|  17|0x000000070c400000, 0x000000070c400000, 0x000000070c600000|  0%| F|  |TAMS 0x000000070c400000, 0x000000070c400000| Untracked 
|  18|0x000000070c600000, 0x000000070c600000, 0x000000070c800000|  0%| F|  |TAMS 0x000000070c600000, 0x000000070c600000| Untracked 
|  19|0x000000070c800000, 0x000000070c800000, 0x000000070ca00000|  0%| F|  |TAMS 0x000000070c800000, 0x000000070c800000| Untracked 
|  20|0x000000070ca00000, 0x000000070ca00000, 0x000000070cc00000|  0%| F|  |TAMS 0x000000070ca00000, 0x000000070ca00000| Untracked 
|  21|0x000000070cc00000, 0x000000070cc00000, 0x000000070ce00000|  0%| F|  |TAMS 0x000000070cc00000, 0x000000070cc00000| Untracked 
|  22|0x000000070ce00000, 0x000000070ce00000, 0x000000070d000000|  0%| F|  |TAMS 0x000000070ce00000, 0x000000070ce00000| Untracked 
|  23|0x000000070d000000, 0x000000070d000000, 0x000000070d200000|  0%| F|  |TAMS 0x000000070d000000, 0x000000070d000000| Untracked 
|  24|0x000000070d200000, 0x000000070d200000, 0x000000070d400000|  0%| F|  |TAMS 0x000000070d200000, 0x000000070d200000| Untracked 
|  25|0x000000070d400000, 0x000000070d400000, 0x000000070d600000|  0%| F|  |TAMS 0x000000070d400000, 0x000000070d400000| Untracked 
|  26|0x000000070d600000, 0x000000070d600000, 0x000000070d800000|  0%| F|  |TAMS 0x000000070d600000, 0x000000070d600000| Untracked 
|  27|0x000000070d800000, 0x000000070d800000, 0x000000070da00000|  0%| F|  |TAMS 0x000000070d800000, 0x000000070d800000| Untracked 
|  28|0x000000070da00000, 0x000000070da00000, 0x000000070dc00000|  0%| F|  |TAMS 0x000000070da00000, 0x000000070da00000| Untracked 
|  29|0x000000070dc00000, 0x000000070dc00000, 0x000000070de00000|  0%| F|  |TAMS 0x000000070dc00000, 0x000000070dc00000| Untracked 
|  30|0x000000070de00000, 0x000000070de00000, 0x000000070e000000|  0%| F|  |TAMS 0x000000070de00000, 0x000000070de00000| Untracked 
|  31|0x000000070e000000, 0x000000070e000000, 0x000000070e200000|  0%| F|  |TAMS 0x000000070e000000, 0x000000070e000000| Untracked 
|  32|0x000000070e200000, 0x000000070e200000, 0x000000070e400000|  0%| F|  |TAMS 0x000000070e200000, 0x000000070e200000| Untracked 
|  33|0x000000070e400000, 0x000000070e400000, 0x000000070e600000|  0%| F|  |TAMS 0x000000070e400000, 0x000000070e400000| Untracked 
|  34|0x000000070e600000, 0x000000070e600000, 0x000000070e800000|  0%| F|  |TAMS 0x000000070e600000, 0x000000070e600000| Untracked 
|  35|0x000000070e800000, 0x000000070e800000, 0x000000070ea00000|  0%| F|  |TAMS 0x000000070e800000, 0x000000070e800000| Untracked 
|  36|0x000000070ea00000, 0x000000070ea00000, 0x000000070ec00000|  0%| F|  |TAMS 0x000000070ea00000, 0x000000070ea00000| Untracked 
|  37|0x000000070ec00000, 0x000000070ec00000, 0x000000070ee00000|  0%| F|  |TAMS 0x000000070ec00000, 0x000000070ec00000| Untracked 
|  38|0x000000070ee00000, 0x000000070ee00000, 0x000000070f000000|  0%| F|  |TAMS 0x000000070ee00000, 0x000000070ee00000| Untracked 
|  39|0x000000070f000000, 0x000000070f000000, 0x000000070f200000|  0%| F|  |TAMS 0x000000070f000000, 0x000000070f000000| Untracked 
|  40|0x000000070f200000, 0x000000070f200000, 0x000000070f400000|  0%| F|  |TAMS 0x000000070f200000, 0x000000070f200000| Untracked 
|  41|0x000000070f400000, 0x000000070f400000, 0x000000070f600000|  0%| F|  |TAMS 0x000000070f400000, 0x000000070f400000| Untracked 
|  42|0x000000070f600000, 0x000000070f600000, 0x000000070f800000|  0%| F|  |TAMS 0x000000070f600000, 0x000000070f600000| Untracked 
|  43|0x000000070f800000, 0x000000070f800000, 0x000000070fa00000|  0%| F|  |TAMS 0x000000070f800000, 0x000000070f800000| Untracked 
|  44|0x000000070fa00000, 0x000000070fa00000, 0x000000070fc00000|  0%| F|  |TAMS 0x000000070fa00000, 0x000000070fa00000| Untracked 
|  45|0x000000070fc00000, 0x000000070fc00000, 0x000000070fe00000|  0%| F|  |TAMS 0x000000070fc00000, 0x000000070fc00000| Untracked 
|  46|0x000000070fe00000, 0x000000070fe00000, 0x0000000710000000|  0%| F|  |TAMS 0x000000070fe00000, 0x000000070fe00000| Untracked 
|  47|0x0000000710000000, 0x0000000710000000, 0x0000000710200000|  0%| F|  |TAMS 0x0000000710000000, 0x0000000710000000| Untracked 
|  48|0x0000000710200000, 0x0000000710200000, 0x0000000710400000|  0%| F|  |TAMS 0x0000000710200000, 0x0000000710200000| Untracked 
|  49|0x0000000710400000, 0x0000000710400000, 0x0000000710600000|  0%| F|  |TAMS 0x0000000710400000, 0x0000000710400000| Untracked 
|  50|0x0000000710600000, 0x0000000710600000, 0x0000000710800000|  0%| F|  |TAMS 0x0000000710600000, 0x0000000710600000| Untracked 
|  51|0x0000000710800000, 0x0000000710800000, 0x0000000710a00000|  0%| F|  |TAMS 0x0000000710800000, 0x0000000710800000| Untracked 
|  52|0x0000000710a00000, 0x0000000710a00000, 0x0000000710c00000|  0%| F|  |TAMS 0x0000000710a00000, 0x0000000710a00000| Untracked 
|  53|0x0000000710c00000, 0x0000000710c00000, 0x0000000710e00000|  0%| F|  |TAMS 0x0000000710c00000, 0x0000000710c00000| Untracked 
|  54|0x0000000710e00000, 0x0000000710e00000, 0x0000000711000000|  0%| F|  |TAMS 0x0000000710e00000, 0x0000000710e00000| Untracked 
|  55|0x0000000711000000, 0x0000000711000000, 0x0000000711200000|  0%| F|  |TAMS 0x0000000711000000, 0x0000000711000000| Untracked 
|  56|0x0000000711200000, 0x0000000711200000, 0x0000000711400000|  0%| F|  |TAMS 0x0000000711200000, 0x0000000711200000| Untracked 
|  57|0x0000000711400000, 0x0000000711400000, 0x0000000711600000|  0%| F|  |TAMS 0x0000000711400000, 0x0000000711400000| Untracked 
|  58|0x0000000711600000, 0x0000000711600000, 0x0000000711800000|  0%| F|  |TAMS 0x0000000711600000, 0x0000000711600000| Untracked 
|  59|0x0000000711800000, 0x0000000711800000, 0x0000000711a00000|  0%| F|  |TAMS 0x0000000711800000, 0x0000000711800000| Untracked 
|  60|0x0000000711a00000, 0x0000000711a00000, 0x0000000711c00000|  0%| F|  |TAMS 0x0000000711a00000, 0x0000000711a00000| Untracked 
|  61|0x0000000711c00000, 0x0000000711c00000, 0x0000000711e00000|  0%| F|  |TAMS 0x0000000711c00000, 0x0000000711c00000| Untracked 
|  62|0x0000000711e00000, 0x0000000711e00000, 0x0000000712000000|  0%| F|  |TAMS 0x0000000711e00000, 0x0000000711e00000| Untracked 
|  63|0x0000000712000000, 0x0000000712000000, 0x0000000712200000|  0%| F|  |TAMS 0x0000000712000000, 0x0000000712000000| Untracked 
|  64|0x0000000712200000, 0x0000000712200000, 0x0000000712400000|  0%| F|  |TAMS 0x0000000712200000, 0x0000000712200000| Untracked 
|  65|0x0000000712400000, 0x0000000712400000, 0x0000000712600000|  0%| F|  |TAMS 0x0000000712400000, 0x0000000712400000| Untracked 
|  66|0x0000000712600000, 0x0000000712600000, 0x0000000712800000|  0%| F|  |TAMS 0x0000000712600000, 0x0000000712600000| Untracked 
|  67|0x0000000712800000, 0x0000000712800000, 0x0000000712a00000|  0%| F|  |TAMS 0x0000000712800000, 0x0000000712800000| Untracked 
|  68|0x0000000712a00000, 0x0000000712a00000, 0x0000000712c00000|  0%| F|  |TAMS 0x0000000712a00000, 0x0000000712a00000| Untracked 
|  69|0x0000000712c00000, 0x0000000712c00000, 0x0000000712e00000|  0%| F|  |TAMS 0x0000000712c00000, 0x0000000712c00000| Untracked 
|  70|0x0000000712e00000, 0x0000000712e00000, 0x0000000713000000|  0%| F|  |TAMS 0x0000000712e00000, 0x0000000712e00000| Untracked 
|  71|0x0000000713000000, 0x0000000713000000, 0x0000000713200000|  0%| F|  |TAMS 0x0000000713000000, 0x0000000713000000| Untracked 
|  72|0x0000000713200000, 0x0000000713200000, 0x0000000713400000|  0%| F|  |TAMS 0x0000000713200000, 0x0000000713200000| Untracked 
|  73|0x0000000713400000, 0x0000000713400000, 0x0000000713600000|  0%| F|  |TAMS 0x0000000713400000, 0x0000000713400000| Untracked 
|  74|0x0000000713600000, 0x0000000713600000, 0x0000000713800000|  0%| F|  |TAMS 0x0000000713600000, 0x0000000713600000| Untracked 
|  75|0x0000000713800000, 0x0000000713800000, 0x0000000713a00000|  0%| F|  |TAMS 0x0000000713800000, 0x0000000713800000| Untracked 
|  76|0x0000000713a00000, 0x0000000713a00000, 0x0000000713c00000|  0%| F|  |TAMS 0x0000000713a00000, 0x0000000713a00000| Untracked 
|  77|0x0000000713c00000, 0x0000000713c00000, 0x0000000713e00000|  0%| F|  |TAMS 0x0000000713c00000, 0x0000000713c00000| Untracked 
|  78|0x0000000713e00000, 0x0000000713e00000, 0x0000000714000000|  0%| F|  |TAMS 0x0000000713e00000, 0x0000000713e00000| Untracked 
|  79|0x0000000714000000, 0x0000000714000000, 0x0000000714200000|  0%| F|  |TAMS 0x0000000714000000, 0x0000000714000000| Untracked 
|  80|0x0000000714200000, 0x0000000714200000, 0x0000000714400000|  0%| F|  |TAMS 0x0000000714200000, 0x0000000714200000| Untracked 
|  81|0x0000000714400000, 0x0000000714400000, 0x0000000714600000|  0%| F|  |TAMS 0x0000000714400000, 0x0000000714400000| Untracked 
|  82|0x0000000714600000, 0x0000000714600000, 0x0000000714800000|  0%| F|  |TAMS 0x0000000714600000, 0x0000000714600000| Untracked 
|  83|0x0000000714800000, 0x0000000714800000, 0x0000000714a00000|  0%| F|  |TAMS 0x0000000714800000, 0x0000000714800000| Untracked 
|  84|0x0000000714a00000, 0x0000000714a00000, 0x0000000714c00000|  0%| F|  |TAMS 0x0000000714a00000, 0x0000000714a00000| Untracked 
|  85|0x0000000714c00000, 0x0000000714c00000, 0x0000000714e00000|  0%| F|  |TAMS 0x0000000714c00000, 0x0000000714c00000| Untracked 
|  86|0x0000000714e00000, 0x0000000714e00000, 0x0000000715000000|  0%| F|  |TAMS 0x0000000714e00000, 0x0000000714e00000| Untracked 
|  87|0x0000000715000000, 0x0000000715000000, 0x0000000715200000|  0%| F|  |TAMS 0x0000000715000000, 0x0000000715000000| Untracked 
|  88|0x0000000715200000, 0x0000000715200000, 0x0000000715400000|  0%| F|  |TAMS 0x0000000715200000, 0x0000000715200000| Untracked 
|  89|0x0000000715400000, 0x0000000715400000, 0x0000000715600000|  0%| F|  |TAMS 0x0000000715400000, 0x0000000715400000| Untracked 
|  90|0x0000000715600000, 0x0000000715600000, 0x0000000715800000|  0%| F|  |TAMS 0x0000000715600000, 0x0000000715600000| Untracked 
|  91|0x0000000715800000, 0x0000000715800000, 0x0000000715a00000|  0%| F|  |TAMS 0x0000000715800000, 0x0000000715800000| Untracked 
|  92|0x0000000715a00000, 0x0000000715a00000, 0x0000000715c00000|  0%| F|  |TAMS 0x0000000715a00000, 0x0000000715a00000| Untracked 
|  93|0x0000000715c00000, 0x0000000715c00000, 0x0000000715e00000|  0%| F|  |TAMS 0x0000000715c00000, 0x0000000715c00000| Untracked 
|  94|0x0000000715e00000, 0x0000000715e00000, 0x0000000716000000|  0%| F|  |TAMS 0x0000000715e00000, 0x0000000715e00000| Untracked 
|  95|0x0000000716000000, 0x0000000716000000, 0x0000000716200000|  0%| F|  |TAMS 0x0000000716000000, 0x0000000716000000| Untracked 
|  96|0x0000000716200000, 0x0000000716200000, 0x0000000716400000|  0%| F|  |TAMS 0x0000000716200000, 0x0000000716200000| Untracked 
|  97|0x0000000716400000, 0x0000000716400000, 0x0000000716600000|  0%| F|  |TAMS 0x0000000716400000, 0x0000000716400000| Untracked 
|  98|0x0000000716600000, 0x0000000716600000, 0x0000000716800000|  0%| F|  |TAMS 0x0000000716600000, 0x0000000716600000| Untracked 
|  99|0x0000000716800000, 0x0000000716800000, 0x0000000716a00000|  0%| F|  |TAMS 0x0000000716800000, 0x0000000716800000| Untracked 
| 100|0x0000000716a00000, 0x0000000716a00000, 0x0000000716c00000|  0%| F|  |TAMS 0x0000000716a00000, 0x0000000716a00000| Untracked 
| 101|0x0000000716c00000, 0x0000000716c00000, 0x0000000716e00000|  0%| F|  |TAMS 0x0000000716c00000, 0x0000000716c00000| Untracked 
| 102|0x0000000716e00000, 0x0000000716e00000, 0x0000000717000000|  0%| F|  |TAMS 0x0000000716e00000, 0x0000000716e00000| Untracked 
| 103|0x0000000717000000, 0x0000000717000000, 0x0000000717200000|  0%| F|  |TAMS 0x0000000717000000, 0x0000000717000000| Untracked 
| 104|0x0000000717200000, 0x0000000717200000, 0x0000000717400000|  0%| F|  |TAMS 0x0000000717200000, 0x0000000717200000| Untracked 
| 105|0x0000000717400000, 0x0000000717400000, 0x0000000717600000|  0%| F|  |TAMS 0x0000000717400000, 0x0000000717400000| Untracked 
| 106|0x0000000717600000, 0x0000000717600000, 0x0000000717800000|  0%| F|  |TAMS 0x0000000717600000, 0x0000000717600000| Untracked 
| 107|0x0000000717800000, 0x0000000717963940, 0x0000000717a00000| 69%| S|CS|TAMS 0x0000000717800000, 0x0000000717800000| Complete 
| 108|0x0000000717a00000, 0x0000000717a00000, 0x0000000717c00000|  0%| F|  |TAMS 0x0000000717a00000, 0x0000000717a00000| Untracked 
| 109|0x0000000717c00000, 0x0000000717c00000, 0x0000000717e00000|  0%| F|  |TAMS 0x0000000717c00000, 0x0000000717c00000| Untracked 
| 110|0x0000000717e00000, 0x0000000717e00000, 0x0000000718000000|  0%| F|  |TAMS 0x0000000717e00000, 0x0000000717e00000| Untracked 
| 111|0x0000000718000000, 0x0000000718000000, 0x0000000718200000|  0%| F|  |TAMS 0x0000000718000000, 0x0000000718000000| Untracked 
| 112|0x0000000718200000, 0x0000000718200000, 0x0000000718400000|  0%| F|  |TAMS 0x0000000718200000, 0x0000000718200000| Untracked 
| 113|0x0000000718400000, 0x0000000718400000, 0x0000000718600000|  0%| F|  |TAMS 0x0000000718400000, 0x0000000718400000| Untracked 
| 114|0x0000000718600000, 0x0000000718800000, 0x0000000718800000|100%| E|  |TAMS 0x0000000718600000, 0x0000000718600000| Complete 
| 115|0x0000000718800000, 0x0000000718a00000, 0x0000000718a00000|100%| E|CS|TAMS 0x0000000718800000, 0x0000000718800000| Complete 
| 116|0x0000000718a00000, 0x0000000718c00000, 0x0000000718c00000|100%| E|CS|TAMS 0x0000000718a00000, 0x0000000718a00000| Complete 
| 117|0x0000000718c00000, 0x0000000718e00000, 0x0000000718e00000|100%| E|CS|TAMS 0x0000000718c00000, 0x0000000718c00000| Complete 
| 118|0x0000000718e00000, 0x0000000719000000, 0x0000000719000000|100%| E|CS|TAMS 0x0000000718e00000, 0x0000000718e00000| Complete 
| 119|0x0000000719000000, 0x0000000719200000, 0x0000000719200000|100%| E|CS|TAMS 0x0000000719000000, 0x0000000719000000| Complete 
| 120|0x0000000719200000, 0x0000000719400000, 0x0000000719400000|100%| E|CS|TAMS 0x0000000719200000, 0x0000000719200000| Complete 
| 121|0x0000000719400000, 0x0000000719600000, 0x0000000719600000|100%| E|CS|TAMS 0x0000000719400000, 0x0000000719400000| Complete 
| 122|0x0000000719600000, 0x0000000719800000, 0x0000000719800000|100%| E|CS|TAMS 0x0000000719600000, 0x0000000719600000| Complete 

Card table byte_map: [0x0000023afa670000,0x0000023afae20000] _byte_map_base: 0x0000023af6e1f000

Marking Bits (Prev, Next): (CMBitMap*) 0x0000023ae3681840, (CMBitMap*) 0x0000023ae3681880
 Prev Bits: [0x0000023afb5d0000, 0x0000023aff348000)
 Next Bits: [0x0000023a80000000, 0x0000023a83d78000)

Polling page: 0x0000023ae1500000

Metaspace:

Usage:
  Non-class:     10.04 MB used.
      Class:      1.34 MB used.
       Both:     11.38 MB used.

Virtual space:
  Non-class space:       16.00 MB reserved,      10.12 MB ( 63%) committed,  2 nodes.
      Class space:        1.00 GB reserved,       1.44 MB ( <1%) committed,  1 nodes.
              Both:        1.02 GB reserved,      11.56 MB (  1%) committed. 

Chunk freelists:
   Non-Class:  1.03 MB
       Class:  2.41 MB
        Both:  3.44 MB

MaxMetaspaceSize: 17179869184.00 GB
CompressedClassSpaceSize: 1.00 GB
 - commit_granule_bytes: 65536.
 - commit_granule_words: 8192.
 - virtual_space_node_default_size: 1048576.
 - enlarge_chunks_in_place: 1.
 - new_chunks_are_fully_committed: 0.
 - uncommit_free_chunks: 1.
 - use_allocation_guard: 0.
 - handle_deallocations: 1.


Internal statistics:

num_allocs_failed_limit: 0.
num_arena_births: 66.
num_arena_deaths: 0.
num_vsnodes_births: 3.
num_vsnodes_deaths: 0.
num_space_committed: 185.
num_space_uncommitted: 0.
num_chunks_returned_to_freelist: 0.
num_chunks_taken_from_freelist: 448.
num_chunk_merges: 0.
num_chunk_splits: 305.
num_chunks_enlarged: 236.
num_purges: 0.

CodeHeap 'non-profiled nmethods': size=120000Kb used=802Kb max_used=802Kb free=119197Kb
 bounds [0x0000023af2880000, 0x0000023af2af0000, 0x0000023af9db0000]
CodeHeap 'profiled nmethods': size=120000Kb used=4059Kb max_used=4059Kb free=115940Kb
 bounds [0x0000023aeb350000, 0x0000023aeb750000, 0x0000023af2880000]
CodeHeap 'non-nmethods': size=5760Kb used=1186Kb max_used=1209Kb free=4574Kb
 bounds [0x0000023aeadb0000, 0x0000023aeb020000, 0x0000023aeb350000]
 total_blobs=2582 nmethods=2109 adapters=385
 compilation: enabled
              stopped_count=0, restarted_count=0
 full_count=0

Compilation events (20 events):
Event: 1.168 Thread 0x0000023affb87b50 2050       3       org.eclipse.sisu.inject.RankedSequence$Itr::<init> (22 bytes)
Event: 1.168 Thread 0x0000023affb87b50 nmethod 2050 0x0000023aeb726890 code [0x0000023aeb726a40, 0x0000023aeb726c18]
Event: 1.168 Thread 0x0000023affb87b50 2051       3       com.google.inject.spi.ProviderLookup$1::get (29 bytes)
Event: 1.168 Thread 0x0000023affb87b50 nmethod 2051 0x0000023aeb726d10 code [0x0000023aeb726ee0, 0x0000023aeb7271f8]
Event: 1.169 Thread 0x0000023affb87b50 2052       3       org.eclipse.sisu.inject.LocatedBeans::iterator (9 bytes)
Event: 1.169 Thread 0x0000023affb87b50 nmethod 2052 0x0000023aeb727390 code [0x0000023aeb727540, 0x0000023aeb7276e8]
Event: 1.169 Thread 0x0000023affb87b50 2053       3       com.google.inject.Key$AnnotationInstanceStrategy::getAnnotationType (10 bytes)
Event: 1.169 Thread 0x0000023affb87b50 nmethod 2053 0x0000023aeb727790 code [0x0000023aeb727940, 0x0000023aeb727b28]
Event: 1.169 Thread 0x0000023affb87b50 2054       3       java.lang.System::checkKey (32 bytes)
Event: 1.169 Thread 0x0000023affb87b50 nmethod 2054 0x0000023aeb727c10 code [0x0000023aeb727de0, 0x0000023aeb7281b8]
Event: 1.169 Thread 0x0000023affb87b50 2035       1       com.google.inject.Key$AnnotationTypeStrategy::getAnnotationType (5 bytes)
Event: 1.169 Thread 0x0000023affb87b50 nmethod 2035 0x0000023af2947710 code [0x0000023af29478a0, 0x0000023af2947978]
Event: 1.169 Thread 0x0000023affb87b50 2055       3       org.eclipse.sisu.bean.BeanPropertyIterator::isSetter (51 bytes)
Event: 1.170 Thread 0x0000023affb87b50 nmethod 2055 0x0000023aeb728310 code [0x0000023aeb7285e0, 0x0000023aeb7295a8]
Event: 1.171 Thread 0x0000023affb87b50 2057       3       java.lang.System::getProperty (25 bytes)
Event: 1.171 Thread 0x0000023affb87b50 nmethod 2057 0x0000023aeb729a90 code [0x0000023aeb729cc0, 0x0000023aeb72a3f8]
Event: 1.171 Thread 0x0000023affb87b50 2056       3       org.eclipse.sisu.inject.Sources::getAnnotation (38 bytes)
Event: 1.171 Thread 0x0000023affb87b50 nmethod 2056 0x0000023aeb72a690 code [0x0000023aeb72a880, 0x0000023aeb72b118]
Event: 1.171 Thread 0x0000023affb87b50 2058   !   3       org.eclipse.sisu.inject.RankedBindings$Itr::hasNext (107 bytes)
Event: 1.172 Thread 0x0000023affb87b50 nmethod 2058 0x0000023aeb72b310 code [0x0000023aeb72b5a0, 0x0000023aeb72c478]

GC Heap History (4 events):
Event: 0.545 GC heap before
{Heap before GC invocations=0 (full 0):
 garbage-first heap   total 251904K, used 20480K [0x000000070a200000, 0x0000000800000000)
  region size 2048K, 10 young (20480K), 0 survivors (0K)
 Metaspace       used 5667K, committed 5888K, reserved 1056768K
  class space    used 623K, committed 704K, reserved 1048576K
}
Event: 0.549 GC heap after
{Heap after GC invocations=1 (full 0):
 garbage-first heap   total 251904K, used 3726K [0x000000070a200000, 0x0000000800000000)
  region size 2048K, 2 young (4096K), 2 survivors (4096K)
 Metaspace       used 5667K, committed 5888K, reserved 1056768K
  class space    used 623K, committed 704K, reserved 1048576K
}
Event: 0.909 GC heap before
{Heap before GC invocations=1 (full 0):
 garbage-first heap   total 251904K, used 30350K [0x000000070a200000, 0x0000000800000000)
  region size 2048K, 15 young (30720K), 2 survivors (4096K)
 Metaspace       used 8785K, committed 8960K, reserved 1064960K
  class space    used 1022K, committed 1088K, reserved 1048576K
}
Event: 0.913 GC heap after
{Heap after GC invocations=2 (full 0):
 garbage-first heap   total 251904K, used 5053K [0x000000070a200000, 0x0000000800000000)
  region size 2048K, 1 young (2048K), 1 survivors (2048K)
 Metaspace       used 8785K, committed 8960K, reserved 1064960K
  class space    used 1022K, committed 1088K, reserved 1048576K
}

Deoptimization events (20 events):
Event: 0.953 Thread 0x0000023ae3632f50 Uncommon trap: trap_request=0xffffffc6 fr.pc=0x0000023af29058b4 relative=0x0000000000000454
Event: 0.953 Thread 0x0000023ae3632f50 Uncommon trap: reason=bimorphic_or_optimized_type_check action=maybe_recompile pc=0x0000023af29058b4 method=java.util.HashMap.getNode(Ljava/lang/Object;)Ljava/util/HashMap$Node; @ 128 c2
Event: 0.953 Thread 0x0000023ae3632f50 DEOPT PACKING pc=0x0000023af29058b4 sp=0x00000048efcfdd20
Event: 0.953 Thread 0x0000023ae3632f50 DEOPT UNPACKING pc=0x0000023aeadfd72e sp=0x00000048efcfdc38 mode 2
Event: 1.002 Thread 0x0000023ae3632f50 Uncommon trap: trap_request=0xffffff45 fr.pc=0x0000023af292bfe4 relative=0x00000000000001c4
Event: 1.002 Thread 0x0000023ae3632f50 Uncommon trap: reason=unstable_if action=reinterpret pc=0x0000023af292bfe4 method=java.util.HashMap.getNode(Ljava/lang/Object;)Ljava/util/HashMap$Node; @ 131 c2
Event: 1.002 Thread 0x0000023ae3632f50 DEOPT PACKING pc=0x0000023af292bfe4 sp=0x00000048efcfdff0
Event: 1.002 Thread 0x0000023ae3632f50 DEOPT UNPACKING pc=0x0000023aeadfd72e sp=0x00000048efcfdf60 mode 2
Event: 1.054 Thread 0x0000023affb7d9d0 Uncommon trap: trap_request=0xffffff45 fr.pc=0x0000023af288e298 relative=0x0000000000000078
Event: 1.054 Thread 0x0000023affb7d9d0 Uncommon trap: reason=unstable_if action=reinterpret pc=0x0000023af288e298 method=java.lang.String.isLatin1()Z @ 10 c2
Event: 1.054 Thread 0x0000023affb7d9d0 DEOPT PACKING pc=0x0000023af288e298 sp=0x00000048f07fdf00
Event: 1.054 Thread 0x0000023affb7d9d0 DEOPT UNPACKING pc=0x0000023aeadfd72e sp=0x00000048f07fde40 mode 2
Event: 1.056 Thread 0x0000023affb7d9d0 Uncommon trap: trap_request=0xffffffbe fr.pc=0x0000023af2913de4 relative=0x0000000000001fe4
Event: 1.056 Thread 0x0000023affb7d9d0 Uncommon trap: reason=profile_predicate action=maybe_recompile pc=0x0000023af2913de4 method=jdk.internal.jimage.ImageStringsReader.charsFromByteBuffer([CLjava/nio/ByteBuffer;)V @ 6 c2
Event: 1.056 Thread 0x0000023affb7d9d0 DEOPT PACKING pc=0x0000023af2913de4 sp=0x00000048f07fdb80
Event: 1.056 Thread 0x0000023affb7d9d0 DEOPT UNPACKING pc=0x0000023aeadfd72e sp=0x00000048f07fd910 mode 2
Event: 1.111 Thread 0x0000023ae3632f50 Uncommon trap: trap_request=0xffffff45 fr.pc=0x0000023af293ef98 relative=0x0000000000000178
Event: 1.111 Thread 0x0000023ae3632f50 Uncommon trap: reason=unstable_if action=reinterpret pc=0x0000023af293ef98 method=java.util.WeakHashMap.expungeStaleEntries()V @ 9 c2
Event: 1.111 Thread 0x0000023ae3632f50 DEOPT PACKING pc=0x0000023af293ef98 sp=0x00000048efcfe230
Event: 1.111 Thread 0x0000023ae3632f50 DEOPT UNPACKING pc=0x0000023aeadfd72e sp=0x00000048efcfe1c8 mode 2

Classes unloaded (0 events):
No events

Classes redefined (0 events):
No events

Internal exceptions (9 events):
Event: 0.075 Thread 0x0000023a869938c0 Exception <a 'java/lang/NoSuchMethodError'{0x0000000719470c50}: 'java.lang.Object java.lang.invoke.DirectMethodHandle$Holder.invokeStatic(java.lang.Object)'> (0x0000000719470c50) 
thrown [t:\workspace\open\src\hotspot\share\interpreter\linkResolver.cpp, line 790]
Event: 0.076 Thread 0x0000023a869938c0 Exception <a 'java/lang/NoSuchMethodError'{0x0000000719474560}: 'java.lang.Object java.lang.invoke.DirectMethodHandle$Holder.invokeStaticInit(java.lang.Object)'> (0x0000000719474560) 
thrown [t:\workspace\open\src\hotspot\share\interpreter\linkResolver.cpp, line 790]
Event: 0.080 Thread 0x0000023a869938c0 Exception <a 'java/lang/NoSuchMethodError'{0x0000000719482258}: 'void java.lang.invoke.DirectMethodHandle$Holder.invokeStatic(java.lang.Object, java.lang.Object)'> (0x0000000719482258) 
thrown [t:\workspace\open\src\hotspot\share\interpreter\linkResolver.cpp, line 790]
Event: 0.164 Thread 0x0000023ae3632f50 Exception <a 'java/lang/NoSuchMethodError'{0x000000071936fb28}: 'java.lang.Object java.lang.invoke.DirectMethodHandle$Holder.invokeStaticInit(java.lang.Object, int, int, int, int)'> (0x000000071936fb28) 
thrown [t:\workspace\open\src\hotspot\share\interpreter\linkResolver.cpp, line 790]
Event: 0.200 Thread 0x0000023ae3632f50 Exception <a 'java/lang/NoSuchMethodError'{0x000000071902a0b8}: 'java.lang.Object java.lang.invoke.DirectMethodHandle$Holder.invokeStaticInit(java.lang.Object, java.lang.Object, int, int, int, int)'> (0x000000071902a0b8) 
thrown [t:\workspace\open\src\hotspot\share\interpreter\linkResolver.cpp, line 790]
Event: 0.393 Thread 0x0000023ae3632f50 Exception <a 'java/lang/NoSuchMethodError'{0x0000000718a07a90}: 'void java.lang.invoke.DirectMethodHandle$Holder.invokeSpecial(java.lang.Object, java.lang.Object, java.lang.Object)'> (0x0000000718a07a90) 
thrown [t:\workspace\open\src\hotspot\share\interpreter\linkResolver.cpp, line 790]
Event: 0.490 Thread 0x0000023ae3632f50 Exception <a 'java/lang/NoSuchMethodError'{0x000000071873aee0}: 'java.lang.Object java.lang.invoke.DirectMethodHandle$Holder.newInvokeSpecial(java.lang.Object, java.lang.Object, java.lang.Object, java.lang.Object, java.lang.Object)'> (0x000000071873aee0) 
thrown [t:\workspace\open\src\hotspot\share\interpreter\linkResolver.cpp, line 790]
Event: 1.106 Thread 0x0000023ae3632f50 Exception <a 'java/lang/NoClassDefFoundError'{0x0000000718d71ea8}: com/google/inject/servlet/ServletModuleTargetVisitor> (0x0000000718d71ea8) 
thrown [t:\workspace\open\src\hotspot\share\classfile\systemDictionary.cpp, line 245]
Event: 1.106 Thread 0x0000023ae3632f50 Exception <a 'java/lang/NoClassDefFoundError'{0x0000000718d739d0}: javax/annotation/Priority> (0x0000000718d739d0) 
thrown [t:\workspace\open\src\hotspot\share\classfile\systemDictionary.cpp, line 245]

Events (20 events):
Event: 1.085 loading class java/util/ConcurrentModificationException
Event: 1.085 loading class java/util/ConcurrentModificationException done
Event: 1.090 Executing  VM operation: HandshakeAllThreads
Event: 1.090 Executing  VM operation: HandshakeAllThreads done
Event: 1.093 loading class jdk/internal/reflect/UnsafeObjectFieldAccessorImpl
Event: 1.093 loading class jdk/internal/reflect/UnsafeObjectFieldAccessorImpl done
Event: 1.129 loading class java/util/concurrent/ThreadPoolExecutor
Event: 1.129 loading class java/util/concurrent/ThreadPoolExecutor done
Event: 1.129 loading class java/util/concurrent/ThreadPoolExecutor$AbortPolicy
Event: 1.129 loading class java/util/concurrent/RejectedExecutionHandler
Event: 1.129 loading class java/util/concurrent/RejectedExecutionHandler done
Event: 1.129 loading class java/util/concurrent/ThreadPoolExecutor$AbortPolicy done
Event: 1.143 Executing  VM operation: ICBufferFull
Event: 1.143 Executing  VM operation: ICBufferFull done
Event: 1.146 loading class java/security/Key
Event: 1.146 loading class java/security/Key done
Event: 1.146 loading class java/security/spec/AlgorithmParameterSpec
Event: 1.146 loading class java/security/spec/AlgorithmParameterSpec done
Event: 1.157 Executing  VM operation: HandshakeAllThreads
Event: 1.157 Executing  VM operation: HandshakeAllThreads done


Dynamic libraries:
0x00007ff610b60000 - 0x00007ff610b70000 	C:\Program Files\Java\jdk-16.0.1\bin\java.exe
0x00007ff9211d0000 - 0x00007ff9213c5000 	C:\Windows\SYSTEM32\ntdll.dll
0x00007ff8ec080000 - 0x00007ff8ec096000 	C:\Program Files\Avast Software\Avast\aswhook.dll
0x00007ff91f280000 - 0x00007ff91f33e000 	C:\Windows\System32\KERNEL32.DLL
0x00007ff91eae0000 - 0x00007ff91eda8000 	C:\Windows\System32\KERNELBASE.dll
0x00007ff91ede0000 - 0x00007ff91eee0000 	C:\Windows\System32\ucrtbase.dll
0x00007ff902de0000 - 0x00007ff902df8000 	C:\Program Files\Java\jdk-16.0.1\bin\jli.dll
0x00007ff91f340000 - 0x00007ff91f3ec000 	C:\Windows\System32\ADVAPI32.dll
0x00007ff91fee0000 - 0x00007ff91ff7e000 	C:\Windows\System32\msvcrt.dll
0x00007ff9002f0000 - 0x00007ff900309000 	C:\Program Files\Java\jdk-16.0.1\bin\VCRUNTIME140.dll
0x00007ff91f3f0000 - 0x00007ff91f48b000 	C:\Windows\System32\sechost.dll
0x00007ff91f4a0000 - 0x00007ff91f5ca000 	C:\Windows\System32\RPCRT4.dll
0x00007ff920640000 - 0x00007ff9207e1000 	C:\Windows\System32\USER32.dll
0x00007ff91edb0000 - 0x00007ff91edd2000 	C:\Windows\System32\win32u.dll
0x00007ff901fa0000 - 0x00007ff90223a000 	C:\Windows\WinSxS\amd64_microsoft.windows.common-controls_6595b64144ccf1df_6.0.19041.1110_none_60b5254171f9507e\COMCTL32.dll
0x00007ff920970000 - 0x00007ff92099b000 	C:\Windows\System32\GDI32.dll
0x00007ff91ef80000 - 0x00007ff91f08b000 	C:\Windows\System32\gdi32full.dll
0x00007ff91eee0000 - 0x00007ff91ef7d000 	C:\Windows\System32\msvcp_win.dll
0x00007ff91d690000 - 0x00007ff91d69a000 	C:\Windows\SYSTEM32\VERSION.dll
0x00007ff91feb0000 - 0x00007ff91fee0000 	C:\Windows\System32\IMM32.DLL
0x00007ff91be90000 - 0x00007ff91be9c000 	C:\Program Files\Java\jdk-16.0.1\bin\vcruntime140_1.dll
0x00007ff8f49f0000 - 0x00007ff8f4a81000 	C:\Program Files\Java\jdk-16.0.1\bin\msvcp140.dll
0x00007ff8a9b50000 - 0x00007ff8aa6fb000 	C:\Program Files\Java\jdk-16.0.1\bin\server\jvm.dll
0x00007ff91f490000 - 0x00007ff91f498000 	C:\Windows\System32\PSAPI.DLL
0x00007ff909d50000 - 0x00007ff909d59000 	C:\Windows\SYSTEM32\WSOCK32.dll
0x00007ff91f980000 - 0x00007ff91f9eb000 	C:\Windows\System32\WS2_32.dll
0x00007ff914a50000 - 0x00007ff914a77000 	C:\Windows\SYSTEM32\WINMM.dll
0x00007ff91d650000 - 0x00007ff91d662000 	C:\Windows\SYSTEM32\kernel.appcore.dll
0x00007ff9194b0000 - 0x00007ff9194ba000 	C:\Program Files\Java\jdk-16.0.1\bin\jimage.dll
0x00007ff90b910000 - 0x00007ff90baf4000 	C:\Windows\SYSTEM32\DBGHELP.DLL
0x00007ff90b8e0000 - 0x00007ff90b90c000 	C:\Windows\SYSTEM32\dbgcore.DLL
0x00007ff91e8f0000 - 0x00007ff91e973000 	C:\Windows\System32\bcryptPrimitives.dll
0x00007ff919480000 - 0x00007ff91948e000 	C:\Program Files\Java\jdk-16.0.1\bin\instrument.dll
0x00007ff8fff90000 - 0x00007ff8fffb5000 	C:\Program Files\Java\jdk-16.0.1\bin\java.dll
0x00007ff9209a0000 - 0x00007ff9210df000 	C:\Windows\System32\SHELL32.dll
0x00007ff91cec0000 - 0x00007ff91d650000 	C:\Windows\SYSTEM32\windows.storage.dll
0x00007ff91fb50000 - 0x00007ff91fea5000 	C:\Windows\System32\combase.dll
0x00007ff91e190000 - 0x00007ff91e1be000 	C:\Windows\SYSTEM32\Wldp.dll
0x00007ff9210e0000 - 0x00007ff92118d000 	C:\Windows\System32\SHCORE.dll
0x00007ff91f6c0000 - 0x00007ff91f715000 	C:\Windows\System32\shlwapi.dll
0x00007ff91e830000 - 0x00007ff91e84f000 	C:\Windows\SYSTEM32\profapi.dll
0x00007ff8ff320000 - 0x00007ff8ff338000 	C:\Program Files\Java\jdk-16.0.1\bin\zip.dll
0x00007ff8fefe0000 - 0x00007ff8feff9000 	C:\Program Files\Java\jdk-16.0.1\bin\net.dll
0x00007ff919090000 - 0x00007ff91919c000 	C:\Windows\SYSTEM32\WINHTTP.dll
0x00007ff91df70000 - 0x00007ff91dfda000 	C:\Windows\system32\mswsock.dll
0x00007ff8fefc0000 - 0x00007ff8fefd3000 	C:\Program Files\Java\jdk-16.0.1\bin\nio.dll
0x00007ff8fefa0000 - 0x00007ff8fefba000 	C:\Program Files\JetBrains\IntelliJ IDEA 2021.1.2\bin\breakgen64.dll
0x00007ff9193b0000 - 0x00007ff9193c0000 	C:\Program Files\Java\jdk-16.0.1\bin\verify.dll
0x00007ff91e1d0000 - 0x00007ff91e1e8000 	C:\Windows\SYSTEM32\CRYPTSP.dll
0x00007ff91d910000 - 0x00007ff91d944000 	C:\Windows\system32\rsaenh.dll
0x00007ff91f1f0000 - 0x00007ff91f217000 	C:\Windows\System32\bcrypt.dll
0x00007ff91e7f0000 - 0x00007ff91e81e000 	C:\Windows\SYSTEM32\USERENV.dll
0x00007ff91e100000 - 0x00007ff91e10c000 	C:\Windows\SYSTEM32\CRYPTBASE.dll
0x00007ff91dc80000 - 0x00007ff91dcbb000 	C:\Windows\SYSTEM32\IPHLPAPI.DLL
0x00007ff91fa10000 - 0x00007ff91fa18000 	C:\Windows\System32\NSI.dll
0x00007ff916570000 - 0x00007ff916587000 	C:\Windows\SYSTEM32\dhcpcsvc6.DLL
0x00007ff916550000 - 0x00007ff91656d000 	C:\Windows\SYSTEM32\dhcpcsvc.DLL
0x00007ff91dcc0000 - 0x00007ff91dd8b000 	C:\Windows\SYSTEM32\DNSAPI.dll
0x00007ff909f90000 - 0x00007ff909f9a000 	C:\Users\Russell\AppData\Local\Temp\jansi-1.17.1-7906080585766787498.dll
0x00007ff909210000 - 0x00007ff90921a000 	C:\Users\Russell\AppData\Local\Temp\jansi-1.17.1-10665234713499070370.dll

dbghelp: loaded successfully - version: 4.0.5 - missing functions: none
symbol engine: initialized successfully - sym options: 0x614 - pdb path: .;C:\Program Files\Java\jdk-16.0.1\bin;C:\Windows\SYSTEM32;C:\Program Files\Avast Software\Avast;C:\Windows\WinSxS\amd64_microsoft.windows.common-controls_6595b64144ccf1df_6.0.19041.1110_none_60b5254171f9507e;C:\Program Files\Java\jdk-16.0.1\bin\server;C:\Program Files\JetBrains\IntelliJ IDEA 2021.1.2\bin;C:\Users\Russell\AppData\Local\Temp

VM Arguments:
jvm_args: -Dmaven.multiModuleProjectDirectory=C:\Users\Russell\IdeaProjects\FinalProject -Dmaven.home=C:\Program Files\JetBrains\IntelliJ IDEA 2021.1.2\plugins\maven\lib\maven3 -Dclassworlds.conf=C:\Program Files\JetBrains\IntelliJ IDEA 2021.1.2\plugins\maven\lib\maven3\bin\m2.conf -Dmaven.ext.class.path=C:\Program Files\JetBrains\IntelliJ IDEA 2021.1.2\plugins\maven\lib\maven-event-listener.jar -javaagent:C:\Program Files\JetBrains\IntelliJ IDEA 2021.1.2\lib\idea_rt.jar=61282:C:\Program Files\JetBrains\IntelliJ IDEA 2021.1.2\bin -Dfile.encoding=UTF-8 
java_command: org.codehaus.classworlds.Launcher -Didea.version=2021.2 clean install
java_class_path (initial): C:\Program Files\JetBrains\IntelliJ IDEA 2021.1.2\plugins\maven\lib\maven3\boot\plexus-classworlds-2.6.0.jar;C:\Program Files\JetBrains\IntelliJ IDEA 2021.1.2\plugins\maven\lib\maven3\boot\plexus-classworlds.license
Launcher Type: SUN_STANDARD

[Global flags]
     intx CICompilerCount                          = 3                                         {product} {ergonomic}
     uint ConcGCThreads                            = 2                                         {product} {ergonomic}
     uint G1ConcRefinementThreads                  = 6                                         {product} {ergonomic}
   size_t G1HeapRegionSize                         = 2097152                                   {product} {ergonomic}
    uintx GCDrainStackTargetSize                   = 64                                        {product} {ergonomic}
   size_t InitialHeapSize                          = 257949696                                 {product} {ergonomic}
   size_t MarkStackSize                            = 4194304                                   {product} {ergonomic}
   size_t MaxHeapSize                              = 4125097984                                {product} {ergonomic}
   size_t MaxNewSize                               = 2474639360                                {product} {ergonomic}
   size_t MinHeapDeltaBytes                        = 2097152                                   {product} {ergonomic}
   size_t MinHeapSize                              = 8388608                                   {product} {ergonomic}
    uintx NonNMethodCodeHeapSize                   = 5832780                                {pd product} {ergonomic}
    uintx NonProfiledCodeHeapSize                  = 122912730                              {pd product} {ergonomic}
    uintx ProfiledCodeHeapSize                     = 122912730                              {pd product} {ergonomic}
    uintx ReservedCodeCacheSize                    = 251658240                              {pd product} {ergonomic}
     bool SegmentedCodeCache                       = true                                      {product} {ergonomic}
   size_t SoftMaxHeapSize                          = 4125097984                             {manageable} {ergonomic}
     bool UseCompressedClassPointers               = true                           {product lp64_product} {ergonomic}
     bool UseCompressedOops                        = true                           {product lp64_product} {ergonomic}
     bool UseG1GC                                  = true                                      {product} {ergonomic}
     bool UseLargePagesIndividualAllocation        = false                                  {pd product} {ergonomic}

Logging:
Log output configuration:
 #0: stdout all=warning uptime,level,tags
 #1: stderr all=off uptime,level,tags

Environment Variables:
PATH=C:\Program Files\Common Files\Oracle\Java\javapath;C:\Program Files (x86)\Common Files\Oracle\Java\javapath;C:\Windows\system32;C:\Windows;C:\Windows\System32\Wbem;C:\Windows\System32\WindowsPowerShell\v1.0\;C:\Windows\System32\OpenSSH\;C:\Program Files\Git\cmd;C:\Program Files\Docker\Docker\resources\bin;C:\ProgramData\DockerDesktop\version-bin;C:\Program Files\MySQL\MySQL Shell 8.0\bin\;C:\Users\Russell\AppData\Local\Microsoft\WindowsApps;
USERNAME=Russell
OS=Windows_NT
PROCESSOR_IDENTIFIER=AMD64 Family 23 Model 96 Stepping 1, AuthenticAMD



---------------  S Y S T E M  ---------------

OS:
 Windows 10 , 64 bit Build 19041 (10.0.19041.1348)
OS uptime: 4 days 6:31 hours
Hyper-V role detected

CPU: total 6 (initial active 6) (6 cores per cpu, 1 threads per core) family 23 model 96 stepping 1 microcode 0x0, cx8, cmov, fxsr, mmx, 3dnowpref, sse, sse2, sse3, ssse3, sse4a, sse4.1, sse4.2, popcnt, lzcnt, tsc, tscinvbit, avx, avx2, aes, clmul, bmi1, bmi2, adx, sha, fma, vzeroupper, clflush, clflushopt, hv

Memory: 4k page, system-wide physical 15733M (4342M free)
TotalPageFile size 17781M (AvailPageFile size 5M)
current process WorkingSet (physical memory assigned to process): 107M, peak: 107M
current process commit charge ("private bytes"): 362M, peak: 363M

vm_info: Java HotSpot(TM) 64-Bit Server VM (16.0.1+9-24) for windows-amd64 JRE (16.0.1+9-24), built on Mar 26 2021 19:31:42 by "mach5one" with MS VC++ 16.7 (VS2019)

END.
