#
# There is insufficient memory for the Java Runtime Environment to continue.
# Native memory allocation (malloc) failed to allocate 507600 bytes for Chunk::new
# Possible reasons:
#   The system is out of physical RAM or swap space
#   The process is running with CompressedOops enabled, and the Java Heap may be blocking the growth of the native heap
# Possible solutions:
#   Reduce memory load on the system
#   Increase physical memory or swap space
#   Check if swap backing store is full
#   Decrease Java heap size (-Xmx/-Xms)
#   Decrease number of Java threads
#   Decrease Java thread stack sizes (-Xss)
#   Set larger code cache with -XX:ReservedCodeCacheSize=
#   JVM is running with Zero Based Compressed Oops mode in which the Java heap is
#     placed in the first 32GB address space. The Java Heap base address is the
#     maximum limit for the native heap growth. Please use -XX:HeapBaseMinAddress
#     to set the Java Heap base and to place the Java Heap above 32GB virtual address.
# This output file may be truncated or incomplete.
#
#  Out of Memory Error (arena.cpp:195), pid=13076, tid=21516
#
# JRE version: Java(TM) SE Runtime Environment (16.0.1+9) (build 16.0.1+9-24)
# Java VM: Java HotSpot(TM) 64-Bit Server VM (16.0.1+9-24, mixed mode, sharing, tiered, compressed oops, compressed class ptrs, g1 gc, windows-amd64)
# No core dump will be written. Minidumps are not enabled by default on client versions of Windows
#

---------------  S U M M A R Y ------------

Command Line: -Dmaven.multiModuleProjectDirectory=C:\Users\Russell\IdeaProjects\FinalProject -Dmaven.home=C:\Program Files\JetBrains\IntelliJ IDEA 2021.1.2\plugins\maven\lib\maven3 -Dclassworlds.conf=C:\Program Files\JetBrains\IntelliJ IDEA 2021.1.2\plugins\maven\lib\maven3\bin\m2.conf -Dmaven.ext.class.path=C:\Program Files\JetBrains\IntelliJ IDEA 2021.1.2\plugins\maven\lib\maven-event-listener.jar -javaagent:C:\Program Files\JetBrains\IntelliJ IDEA 2021.1.2\lib\idea_rt.jar=64458:C:\Program Files\JetBrains\IntelliJ IDEA 2021.1.2\bin -Dfile.encoding=UTF-8 org.codehaus.classworlds.Launcher -Didea.version=2021.2 clean install

Host: AMD Ryzen 5 4500U with Radeon Graphics         , 6 cores, 15G,  Windows 10 , 64 bit Build 19041 (10.0.19041.1348)
Time: Mon Dec 20 03:51:20 2021  Windows 10 , 64 bit Build 19041 (10.0.19041.1348) elapsed time: 7.978427 seconds (0d 0h 0m 7s)

---------------  T H R E A D  ---------------

Current thread (0x0000022131255220):  JavaThread "C2 CompilerThread0" daemon [_thread_in_native, id=21516, stack(0x000000f5cfd00000,0x000000f5cfe00000)]


Current CompileTask:
C2:   7978 8856   !   4       java.io.BufferedReader::readLine (327 bytes)

Stack: [0x000000f5cfd00000,0x000000f5cfe00000]
Native frames: (J=compiled Java code, j=interpreted, Vv=VM code, C=native code)
V  [jvm.dll+0x6687ca]
V  [jvm.dll+0x7ca3c9]
V  [jvm.dll+0x7cbb53]
V  [jvm.dll+0x7cc1b3]
V  [jvm.dll+0x242ea5]
V  [jvm.dll+0xadeca]
V  [jvm.dll+0xae5ac]
V  [jvm.dll+0x35af27]
V  [jvm.dll+0x3253d1]
V  [jvm.dll+0x32487a]
V  [jvm.dll+0x215f3c]
V  [jvm.dll+0x215350]
V  [jvm.dll+0x1a1d9b]
V  [jvm.dll+0x2253a8]
V  [jvm.dll+0x2233ec]
V  [jvm.dll+0x780002]
V  [jvm.dll+0x779b4a]
V  [jvm.dll+0x667666]
C  [ucrtbase.dll+0x21bb2]
C  [KERNEL32.DLL+0x17034]
C  [ntdll.dll+0x52651]


---------------  P R O C E S S  ---------------

Threads class SMR info:
_java_thread_list=0x000002213630c930, length=20, elements={
0x000002210ef92eb0, 0x00000221312382c0, 0x0000022131238f80, 0x000002213124fa00,
0x0000022131250400, 0x0000022131251010, 0x0000022131253a20, 0x0000022131255220,
0x0000022131258130, 0x0000022131265ab0, 0x0000022131ccfbe0, 0x0000022131dd9020,
0x0000022131dd9540, 0x0000022133b80440, 0x0000022133b7d470, 0x0000022133b7d9c0,
0x0000022133b7df10, 0x0000022133b7e460, 0x0000022133b7e9b0, 0x0000022133b7ef00
}

Java Threads: ( => current thread )
  0x000002210ef92eb0 JavaThread "main" [_thread_in_native, id=21804, stack(0x000000f5cf000000,0x000000f5cf100000)]
  0x00000221312382c0 JavaThread "Reference Handler" daemon [_thread_blocked, id=9060, stack(0x000000f5cf700000,0x000000f5cf800000)]
  0x0000022131238f80 JavaThread "Finalizer" daemon [_thread_blocked, id=22856, stack(0x000000f5cf800000,0x000000f5cf900000)]
  0x000002213124fa00 JavaThread "Signal Dispatcher" daemon [_thread_blocked, id=2304, stack(0x000000f5cf900000,0x000000f5cfa00000)]
  0x0000022131250400 JavaThread "Attach Listener" daemon [_thread_blocked, id=22828, stack(0x000000f5cfa00000,0x000000f5cfb00000)]
  0x0000022131251010 JavaThread "Service Thread" daemon [_thread_blocked, id=10416, stack(0x000000f5cfb00000,0x000000f5cfc00000)]
  0x0000022131253a20 JavaThread "Monitor Deflation Thread" daemon [_thread_blocked, id=15668, stack(0x000000f5cfc00000,0x000000f5cfd00000)]
=>0x0000022131255220 JavaThread "C2 CompilerThread0" daemon [_thread_in_native, id=21516, stack(0x000000f5cfd00000,0x000000f5cfe00000)]
  0x0000022131258130 JavaThread "C1 CompilerThread0" daemon [_thread_blocked, id=24420, stack(0x000000f5cfe00000,0x000000f5cff00000)]
  0x0000022131265ab0 JavaThread "Sweeper thread" daemon [_thread_blocked, id=16084, stack(0x000000f5cff00000,0x000000f5d0000000)]
  0x0000022131ccfbe0 JavaThread "Common-Cleaner" daemon [_thread_blocked, id=10188, stack(0x000000f5d0000000,0x000000f5d0100000)]
  0x0000022131dd9020 JavaThread "Monitor Ctrl-Break" daemon [_thread_in_native, id=18460, stack(0x000000f5d0100000,0x000000f5d0200000)]
  0x0000022131dd9540 JavaThread "Notification Thread" daemon [_thread_blocked, id=10412, stack(0x000000f5d0200000,0x000000f5d0300000)]
  0x0000022133b80440 JavaThread "resolver-1" daemon [_thread_blocked, id=6960, stack(0x000000f5d0c00000,0x000000f5d0d00000)]
  0x0000022133b7d470 JavaThread "resolver-2" daemon [_thread_blocked, id=20508, stack(0x000000f5d0d00000,0x000000f5d0e00000)]
  0x0000022133b7d9c0 JavaThread "resolver-3" daemon [_thread_blocked, id=16884, stack(0x000000f5d0e00000,0x000000f5d0f00000)]
  0x0000022133b7df10 JavaThread "resolver-4" daemon [_thread_blocked, id=3248, stack(0x000000f5d0f00000,0x000000f5d1000000)]
  0x0000022133b7e460 JavaThread "ThreadedStreamConsumer" [_thread_blocked, id=4700, stack(0x000000f5d1000000,0x000000f5d1100000)]
  0x0000022133b7e9b0 JavaThread "Thread-1" [_thread_in_native, id=22140, stack(0x000000f5d1100000,0x000000f5d1200000)]
  0x0000022133b7ef00 JavaThread "Thread-2" [_thread_in_native, id=14184, stack(0x000000f5d1200000,0x000000f5d1300000)]

Other Threads:
  0x0000022131232f60 VMThread "VM Thread" [stack: 0x000000f5cf600000,0x000000f5cf700000] [id=9348]
  0x0000022131ddeb60 WatcherThread [stack: 0x000000f5d0300000,0x000000f5d0400000] [id=22368]
  0x000002210efe09f0 GCTaskThread "GC Thread#0" [stack: 0x000000f5cf100000,0x000000f5cf200000] [id=23404]
  0x00000221324d2d80 GCTaskThread "GC Thread#1" [stack: 0x000000f5d0500000,0x000000f5d0600000] [id=20900]
  0x0000022132591520 GCTaskThread "GC Thread#2" [stack: 0x000000f5d0600000,0x000000f5d0700000] [id=23524]
  0x000002213250d5c0 GCTaskThread "GC Thread#3" [stack: 0x000000f5d0700000,0x000000f5d0800000] [id=21692]
  0x000002213250def0 GCTaskThread "GC Thread#4" [stack: 0x000000f5d0800000,0x000000f5d0900000] [id=21644]
  0x00000221324bb060 GCTaskThread "GC Thread#5" [stack: 0x000000f5d0900000,0x000000f5d0a00000] [id=12044]
  0x000002210eff10d0 ConcurrentGCThread "G1 Main Marker" [stack: 0x000000f5cf200000,0x000000f5cf300000] [id=23220]
  0x000002210eff4a60 ConcurrentGCThread "G1 Conc#0" [stack: 0x000000f5cf300000,0x000000f5cf400000] [id=10608]
  0x0000022134ac3b70 ConcurrentGCThread "G1 Conc#1" [stack: 0x000000f5d0a00000,0x000000f5d0b00000] [id=17832]
  0x000002210f0667e0 ConcurrentGCThread "G1 Refine#0" [stack: 0x000000f5cf400000,0x000000f5cf500000] [id=21160]
  0x000002213835bc50 ConcurrentGCThread "G1 Refine#1" [stack: 0x000000f5d0b00000,0x000000f5d0c00000] [id=16172]
  0x00000221310f2310 ConcurrentGCThread "G1 Service" [stack: 0x000000f5cf500000,0x000000f5cf600000] [id=4632]

Threads with active compile tasks:
C2 CompilerThread0     7995 8856   !   4       java.io.BufferedReader::readLine (327 bytes)

VM state: not at safepoint (normal execution)

VM Mutex/Monitor currently owned by a thread: None

Heap address: 0x000000070a200000, size: 3934 MB, Compressed Oops mode: Zero based, Oop shift amount: 3

CDS archive(s) mapped at: [0x0000000800000000-0x0000000800bb0000-0x0000000800bb0000), size 12255232, SharedBaseAddress: 0x0000000800000000, ArchiveRelocationMode: 0.
Compressed class space mapped at: 0x0000000800c00000-0x0000000840c00000, reserved size: 1073741824
Narrow klass base: 0x0000000800000000, Narrow klass shift: 3, Narrow klass range: 0x100000000

GC Precious Log:
 CPUs: 6 total, 6 available
 Memory: 15733M
 Large Page Support: Disabled
 NUMA Support: Disabled
 Compressed Oops: Enabled (Zero based)
 Heap Region Size: 2M
 Heap Min Capacity: 8M
 Heap Initial Capacity: 246M
 Heap Max Capacity: 3934M
 Pre-touch: Disabled
 Parallel Workers: 6
 Concurrent Workers: 2
 Concurrent Refinement Workers: 6
 Periodic GC: Disabled

Heap:
 garbage-first heap   total 315392K, used 161320K [0x000000070a200000, 0x0000000800000000)
  region size 2048K, 58 young (118784K), 10 survivors (20480K)
 Metaspace       used 33258K, committed 33600K, reserved 1081344K
  class space    used 3479K, committed 3648K, reserved 1048576K

Heap Regions: E=young(eden), S=young(survivor), O=old, HS=humongous(starts), HC=humongous(continues), CS=collection set, F=free, OA=open archive, CA=closed archive, TAMS=top-at-mark-start (previous, next)
|   0|0x000000070a200000, 0x000000070a400000, 0x000000070a400000|100%| O|  |TAMS 0x000000070a400000, 0x000000070a200000| Untracked 
|   1|0x000000070a400000, 0x000000070a58d200, 0x000000070a600000| 77%| O|  |TAMS 0x000000070a58d200, 0x000000070a400000| Untracked 
|   2|0x000000070a600000, 0x000000070a800000, 0x000000070a800000|100%| O|  |TAMS 0x000000070a600000, 0x000000070a600000| Untracked 
|   3|0x000000070a800000, 0x000000070aa00000, 0x000000070aa00000|100%| O|  |TAMS 0x000000070a800000, 0x000000070a800000| Untracked 
|   4|0x000000070aa00000, 0x000000070ac00000, 0x000000070ac00000|100%| O|  |TAMS 0x000000070aa00000, 0x000000070aa00000| Untracked 
|   5|0x000000070ac00000, 0x000000070ae00000, 0x000000070ae00000|100%| O|  |TAMS 0x000000070ac00000, 0x000000070ac00000| Untracked 
|   6|0x000000070ae00000, 0x000000070b000000, 0x000000070b000000|100%| O|  |TAMS 0x000000070ae00000, 0x000000070ae00000| Untracked 
|   7|0x000000070b000000, 0x000000070b200000, 0x000000070b200000|100%| O|  |TAMS 0x000000070b000000, 0x000000070b000000| Untracked 
|   8|0x000000070b200000, 0x000000070b400000, 0x000000070b400000|100%| O|  |TAMS 0x000000070b200000, 0x000000070b200000| Untracked 
|   9|0x000000070b400000, 0x000000070b600000, 0x000000070b600000|100%| O|  |TAMS 0x000000070b400000, 0x000000070b400000| Untracked 
|  10|0x000000070b600000, 0x000000070b800000, 0x000000070b800000|100%| O|  |TAMS 0x000000070b600000, 0x000000070b600000| Untracked 
|  11|0x000000070b800000, 0x000000070ba00000, 0x000000070ba00000|100%| O|  |TAMS 0x000000070b800000, 0x000000070b800000| Untracked 
|  12|0x000000070ba00000, 0x000000070bc00000, 0x000000070bc00000|100%| O|  |TAMS 0x000000070ba00000, 0x000000070ba00000| Untracked 
|  13|0x000000070bc00000, 0x000000070be00000, 0x000000070be00000|100%| O|  |TAMS 0x000000070bc00000, 0x000000070bc00000| Untracked 
|  14|0x000000070be00000, 0x000000070c000000, 0x000000070c000000|100%| O|  |TAMS 0x000000070be00000, 0x000000070be00000| Untracked 
|  15|0x000000070c000000, 0x000000070c200000, 0x000000070c200000|100%| O|  |TAMS 0x000000070c000000, 0x000000070c000000| Untracked 
|  16|0x000000070c200000, 0x000000070c400000, 0x000000070c400000|100%| O|  |TAMS 0x000000070c200000, 0x000000070c200000| Untracked 
|  17|0x000000070c400000, 0x000000070c600000, 0x000000070c600000|100%| O|  |TAMS 0x000000070c400000, 0x000000070c400000| Untracked 
|  18|0x000000070c600000, 0x000000070c65a400, 0x000000070c800000| 17%| O|  |TAMS 0x000000070c600000, 0x000000070c600000| Untracked 
|  19|0x000000070c800000, 0x000000070ca00000, 0x000000070ca00000|100%|HS|  |TAMS 0x000000070c800000, 0x000000070c800000| Complete 
|  20|0x000000070ca00000, 0x000000070ca00000, 0x000000070cc00000|  0%| F|  |TAMS 0x000000070ca00000, 0x000000070ca00000| Untracked 
|  21|0x000000070cc00000, 0x000000070cc00000, 0x000000070ce00000|  0%| F|  |TAMS 0x000000070cc00000, 0x000000070cc00000| Untracked 
|  22|0x000000070ce00000, 0x000000070ce00000, 0x000000070d000000|  0%| F|  |TAMS 0x000000070ce00000, 0x000000070ce00000| Untracked 
|  23|0x000000070d000000, 0x000000070d000000, 0x000000070d200000|  0%| F|  |TAMS 0x000000070d000000, 0x000000070d000000| Untracked 
|  24|0x000000070d200000, 0x000000070d200000, 0x000000070d400000|  0%| F|  |TAMS 0x000000070d200000, 0x000000070d200000| Untracked 
|  25|0x000000070d400000, 0x000000070d400000, 0x000000070d600000|  0%| F|  |TAMS 0x000000070d400000, 0x000000070d400000| Untracked 
|  26|0x000000070d600000, 0x000000070d600000, 0x000000070d800000|  0%| F|  |TAMS 0x000000070d600000, 0x000000070d600000| Untracked 
|  27|0x000000070d800000, 0x000000070d800000, 0x000000070da00000|  0%| F|  |TAMS 0x000000070d800000, 0x000000070d800000| Untracked 
|  28|0x000000070da00000, 0x000000070da00000, 0x000000070dc00000|  0%| F|  |TAMS 0x000000070da00000, 0x000000070da00000| Untracked 
|  29|0x000000070dc00000, 0x000000070dc00000, 0x000000070de00000|  0%| F|  |TAMS 0x000000070dc00000, 0x000000070dc00000| Untracked 
|  30|0x000000070de00000, 0x000000070de00000, 0x000000070e000000|  0%| F|  |TAMS 0x000000070de00000, 0x000000070de00000| Untracked 
|  31|0x000000070e000000, 0x000000070e000000, 0x000000070e200000|  0%| F|  |TAMS 0x000000070e000000, 0x000000070e000000| Untracked 
|  32|0x000000070e200000, 0x000000070e200000, 0x000000070e400000|  0%| F|  |TAMS 0x000000070e200000, 0x000000070e200000| Untracked 
|  33|0x000000070e400000, 0x000000070e400000, 0x000000070e600000|  0%| F|  |TAMS 0x000000070e400000, 0x000000070e400000| Untracked 
|  34|0x000000070e600000, 0x000000070e600000, 0x000000070e800000|  0%| F|  |TAMS 0x000000070e600000, 0x000000070e600000| Untracked 
|  35|0x000000070e800000, 0x000000070e800000, 0x000000070ea00000|  0%| F|  |TAMS 0x000000070e800000, 0x000000070e800000| Untracked 
|  36|0x000000070ea00000, 0x000000070ea00000, 0x000000070ec00000|  0%| F|  |TAMS 0x000000070ea00000, 0x000000070ea00000| Untracked 
|  37|0x000000070ec00000, 0x000000070ec00000, 0x000000070ee00000|  0%| F|  |TAMS 0x000000070ec00000, 0x000000070ec00000| Untracked 
|  38|0x000000070ee00000, 0x000000070ee00000, 0x000000070f000000|  0%| F|  |TAMS 0x000000070ee00000, 0x000000070ee00000| Untracked 
|  39|0x000000070f000000, 0x000000070f000000, 0x000000070f200000|  0%| F|  |TAMS 0x000000070f000000, 0x000000070f000000| Untracked 
|  40|0x000000070f200000, 0x000000070f200000, 0x000000070f400000|  0%| F|  |TAMS 0x000000070f200000, 0x000000070f200000| Untracked 
|  41|0x000000070f400000, 0x000000070f400000, 0x000000070f600000|  0%| F|  |TAMS 0x000000070f400000, 0x000000070f400000| Untracked 
|  42|0x000000070f600000, 0x000000070f600000, 0x000000070f800000|  0%| F|  |TAMS 0x000000070f600000, 0x000000070f600000| Untracked 
|  43|0x000000070f800000, 0x000000070f800000, 0x000000070fa00000|  0%| F|  |TAMS 0x000000070f800000, 0x000000070f800000| Untracked 
|  44|0x000000070fa00000, 0x000000070fa00000, 0x000000070fc00000|  0%| F|  |TAMS 0x000000070fa00000, 0x000000070fa00000| Untracked 
|  45|0x000000070fc00000, 0x000000070fc00000, 0x000000070fe00000|  0%| F|  |TAMS 0x000000070fc00000, 0x000000070fc00000| Untracked 
|  46|0x000000070fe00000, 0x000000070fe00000, 0x0000000710000000|  0%| F|  |TAMS 0x000000070fe00000, 0x000000070fe00000| Untracked 
|  47|0x0000000710000000, 0x0000000710000000, 0x0000000710200000|  0%| F|  |TAMS 0x0000000710000000, 0x0000000710000000| Untracked 
|  48|0x0000000710200000, 0x0000000710200000, 0x0000000710400000|  0%| F|  |TAMS 0x0000000710200000, 0x0000000710200000| Untracked 
|  49|0x0000000710400000, 0x0000000710400000, 0x0000000710600000|  0%| F|  |TAMS 0x0000000710400000, 0x0000000710400000| Untracked 
|  50|0x0000000710600000, 0x0000000710600000, 0x0000000710800000|  0%| F|  |TAMS 0x0000000710600000, 0x0000000710600000| Untracked 
|  51|0x0000000710800000, 0x0000000710800000, 0x0000000710a00000|  0%| F|  |TAMS 0x0000000710800000, 0x0000000710800000| Untracked 
|  52|0x0000000710a00000, 0x0000000710a00000, 0x0000000710c00000|  0%| F|  |TAMS 0x0000000710a00000, 0x0000000710a00000| Untracked 
|  53|0x0000000710c00000, 0x0000000710c00000, 0x0000000710e00000|  0%| F|  |TAMS 0x0000000710c00000, 0x0000000710c00000| Untracked 
|  54|0x0000000710e00000, 0x0000000710e00000, 0x0000000711000000|  0%| F|  |TAMS 0x0000000710e00000, 0x0000000710e00000| Untracked 
|  55|0x0000000711000000, 0x0000000711000000, 0x0000000711200000|  0%| F|  |TAMS 0x0000000711000000, 0x0000000711000000| Untracked 
|  56|0x0000000711200000, 0x0000000711200000, 0x0000000711400000|  0%| F|  |TAMS 0x0000000711200000, 0x0000000711200000| Untracked 
|  57|0x0000000711400000, 0x0000000711400000, 0x0000000711600000|  0%| F|  |TAMS 0x0000000711400000, 0x0000000711400000| Untracked 
|  58|0x0000000711600000, 0x0000000711600000, 0x0000000711800000|  0%| F|  |TAMS 0x0000000711600000, 0x0000000711600000| Untracked 
|  59|0x0000000711800000, 0x0000000711800000, 0x0000000711a00000|  0%| F|  |TAMS 0x0000000711800000, 0x0000000711800000| Untracked 
|  60|0x0000000711a00000, 0x0000000711a00000, 0x0000000711c00000|  0%| F|  |TAMS 0x0000000711a00000, 0x0000000711a00000| Untracked 
|  61|0x0000000711c00000, 0x0000000711c00000, 0x0000000711e00000|  0%| F|  |TAMS 0x0000000711c00000, 0x0000000711c00000| Untracked 
|  62|0x0000000711e00000, 0x0000000711fa2a30, 0x0000000712000000| 81%| S|CS|TAMS 0x0000000711e00000, 0x0000000711e00000| Complete 
|  63|0x0000000712000000, 0x0000000712200000, 0x0000000712200000|100%| S|CS|TAMS 0x0000000712000000, 0x0000000712000000| Complete 
|  64|0x0000000712200000, 0x0000000712400000, 0x0000000712400000|100%| S|CS|TAMS 0x0000000712200000, 0x0000000712200000| Complete 
|  65|0x0000000712400000, 0x0000000712600000, 0x0000000712600000|100%| S|CS|TAMS 0x0000000712400000, 0x0000000712400000| Complete 
|  66|0x0000000712600000, 0x0000000712800000, 0x0000000712800000|100%| S|CS|TAMS 0x0000000712600000, 0x0000000712600000| Complete 
|  67|0x0000000712800000, 0x0000000712a00000, 0x0000000712a00000|100%| S|CS|TAMS 0x0000000712800000, 0x0000000712800000| Complete 
|  68|0x0000000712a00000, 0x0000000712c00000, 0x0000000712c00000|100%| S|CS|TAMS 0x0000000712a00000, 0x0000000712a00000| Complete 
|  69|0x0000000712c00000, 0x0000000712e00000, 0x0000000712e00000|100%| S|CS|TAMS 0x0000000712c00000, 0x0000000712c00000| Complete 
|  70|0x0000000712e00000, 0x0000000713000000, 0x0000000713000000|100%| S|CS|TAMS 0x0000000712e00000, 0x0000000712e00000| Complete 
|  71|0x0000000713000000, 0x0000000713200000, 0x0000000713200000|100%| S|CS|TAMS 0x0000000713000000, 0x0000000713000000| Complete 
|  72|0x0000000713200000, 0x0000000713200000, 0x0000000713400000|  0%| F|  |TAMS 0x0000000713200000, 0x0000000713200000| Untracked 
|  73|0x0000000713400000, 0x0000000713400000, 0x0000000713600000|  0%| F|  |TAMS 0x0000000713400000, 0x0000000713400000| Untracked 
|  74|0x0000000713600000, 0x0000000713600000, 0x0000000713800000|  0%| F|  |TAMS 0x0000000713600000, 0x0000000713600000| Untracked 
|  75|0x0000000713800000, 0x0000000713800000, 0x0000000713a00000|  0%| F|  |TAMS 0x0000000713800000, 0x0000000713800000| Untracked 
|  76|0x0000000713a00000, 0x0000000713a00000, 0x0000000713c00000|  0%| F|  |TAMS 0x0000000713a00000, 0x0000000713a00000| Untracked 
|  77|0x0000000713c00000, 0x0000000713c00000, 0x0000000713e00000|  0%| F|  |TAMS 0x0000000713c00000, 0x0000000713c00000| Untracked 
|  78|0x0000000713e00000, 0x0000000713e00000, 0x0000000714000000|  0%| F|  |TAMS 0x0000000713e00000, 0x0000000713e00000| Untracked 
|  79|0x0000000714000000, 0x0000000714000000, 0x0000000714200000|  0%| F|  |TAMS 0x0000000714000000, 0x0000000714000000| Untracked 
|  80|0x0000000714200000, 0x0000000714200000, 0x0000000714400000|  0%| F|  |TAMS 0x0000000714200000, 0x0000000714200000| Untracked 
|  81|0x0000000714400000, 0x0000000714400000, 0x0000000714600000|  0%| F|  |TAMS 0x0000000714400000, 0x0000000714400000| Untracked 
|  82|0x0000000714600000, 0x0000000714600000, 0x0000000714800000|  0%| F|  |TAMS 0x0000000714600000, 0x0000000714600000| Untracked 
|  83|0x0000000714800000, 0x0000000714800000, 0x0000000714a00000|  0%| F|  |TAMS 0x0000000714800000, 0x0000000714800000| Untracked 
|  84|0x0000000714a00000, 0x0000000714a00000, 0x0000000714c00000|  0%| F|  |TAMS 0x0000000714a00000, 0x0000000714a00000| Untracked 
|  85|0x0000000714c00000, 0x0000000714c00000, 0x0000000714e00000|  0%| F|  |TAMS 0x0000000714c00000, 0x0000000714c00000| Untracked 
|  86|0x0000000714e00000, 0x0000000714e00000, 0x0000000715000000|  0%| F|  |TAMS 0x0000000714e00000, 0x0000000714e00000| Untracked 
|  87|0x0000000715000000, 0x0000000715000000, 0x0000000715200000|  0%| F|  |TAMS 0x0000000715000000, 0x0000000715000000| Untracked 
|  88|0x0000000715200000, 0x0000000715200000, 0x0000000715400000|  0%| F|  |TAMS 0x0000000715200000, 0x0000000715200000| Untracked 
|  89|0x0000000715400000, 0x0000000715400000, 0x0000000715600000|  0%| F|  |TAMS 0x0000000715400000, 0x0000000715400000| Untracked 
|  90|0x0000000715600000, 0x0000000715600000, 0x0000000715800000|  0%| F|  |TAMS 0x0000000715600000, 0x0000000715600000| Untracked 
|  91|0x0000000715800000, 0x0000000715800000, 0x0000000715a00000|  0%| F|  |TAMS 0x0000000715800000, 0x0000000715800000| Untracked 
|  92|0x0000000715a00000, 0x0000000715a00000, 0x0000000715c00000|  0%| F|  |TAMS 0x0000000715a00000, 0x0000000715a00000| Untracked 
|  93|0x0000000715c00000, 0x0000000715c00000, 0x0000000715e00000|  0%| F|  |TAMS 0x0000000715c00000, 0x0000000715c00000| Untracked 
|  94|0x0000000715e00000, 0x0000000715e00000, 0x0000000716000000|  0%| F|  |TAMS 0x0000000715e00000, 0x0000000715e00000| Untracked 
|  95|0x0000000716000000, 0x0000000716000000, 0x0000000716200000|  0%| F|  |TAMS 0x0000000716000000, 0x0000000716000000| Untracked 
|  96|0x0000000716200000, 0x0000000716200000, 0x0000000716400000|  0%| F|  |TAMS 0x0000000716200000, 0x0000000716200000| Untracked 
|  97|0x0000000716400000, 0x0000000716400000, 0x0000000716600000|  0%| F|  |TAMS 0x0000000716400000, 0x0000000716400000| Untracked 
|  98|0x0000000716600000, 0x0000000716600000, 0x0000000716800000|  0%| F|  |TAMS 0x0000000716600000, 0x0000000716600000| Untracked 
|  99|0x0000000716800000, 0x0000000716800000, 0x0000000716a00000|  0%| F|  |TAMS 0x0000000716800000, 0x0000000716800000| Untracked 
| 100|0x0000000716a00000, 0x0000000716a00000, 0x0000000716c00000|  0%| F|  |TAMS 0x0000000716a00000, 0x0000000716a00000| Untracked 
| 101|0x0000000716c00000, 0x0000000716c00000, 0x0000000716e00000|  0%| F|  |TAMS 0x0000000716c00000, 0x0000000716c00000| Untracked 
| 102|0x0000000716e00000, 0x0000000716e00000, 0x0000000717000000|  0%| F|  |TAMS 0x0000000716e00000, 0x0000000716e00000| Untracked 
| 103|0x0000000717000000, 0x0000000717200000, 0x0000000717200000|100%| E|  |TAMS 0x0000000717000000, 0x0000000717000000| Complete 
| 104|0x0000000717200000, 0x0000000717400000, 0x0000000717400000|100%| E|CS|TAMS 0x0000000717200000, 0x0000000717200000| Complete 
| 105|0x0000000717400000, 0x0000000717600000, 0x0000000717600000|100%| E|CS|TAMS 0x0000000717400000, 0x0000000717400000| Complete 
| 106|0x0000000717600000, 0x0000000717800000, 0x0000000717800000|100%| E|CS|TAMS 0x0000000717600000, 0x0000000717600000| Complete 
| 107|0x0000000717800000, 0x0000000717a00000, 0x0000000717a00000|100%| E|CS|TAMS 0x0000000717800000, 0x0000000717800000| Complete 
| 108|0x0000000717a00000, 0x0000000717c00000, 0x0000000717c00000|100%| E|CS|TAMS 0x0000000717a00000, 0x0000000717a00000| Complete 
| 109|0x0000000717c00000, 0x0000000717e00000, 0x0000000717e00000|100%| E|CS|TAMS 0x0000000717c00000, 0x0000000717c00000| Complete 
| 110|0x0000000717e00000, 0x0000000718000000, 0x0000000718000000|100%| E|CS|TAMS 0x0000000717e00000, 0x0000000717e00000| Complete 
| 111|0x0000000718000000, 0x0000000718200000, 0x0000000718200000|100%| E|CS|TAMS 0x0000000718000000, 0x0000000718000000| Complete 
| 112|0x0000000718200000, 0x0000000718400000, 0x0000000718400000|100%| E|CS|TAMS 0x0000000718200000, 0x0000000718200000| Complete 
| 113|0x0000000718400000, 0x0000000718600000, 0x0000000718600000|100%| E|CS|TAMS 0x0000000718400000, 0x0000000718400000| Complete 
| 114|0x0000000718600000, 0x0000000718800000, 0x0000000718800000|100%| E|CS|TAMS 0x0000000718600000, 0x0000000718600000| Complete 
| 115|0x0000000718800000, 0x0000000718a00000, 0x0000000718a00000|100%| E|CS|TAMS 0x0000000718800000, 0x0000000718800000| Complete 
| 116|0x0000000718a00000, 0x0000000718c00000, 0x0000000718c00000|100%| E|CS|TAMS 0x0000000718a00000, 0x0000000718a00000| Complete 
| 117|0x0000000718c00000, 0x0000000718e00000, 0x0000000718e00000|100%| E|CS|TAMS 0x0000000718c00000, 0x0000000718c00000| Complete 
| 118|0x0000000718e00000, 0x0000000719000000, 0x0000000719000000|100%| E|CS|TAMS 0x0000000718e00000, 0x0000000718e00000| Complete 
| 119|0x0000000719000000, 0x0000000719200000, 0x0000000719200000|100%| E|CS|TAMS 0x0000000719000000, 0x0000000719000000| Complete 
| 120|0x0000000719200000, 0x0000000719400000, 0x0000000719400000|100%| E|CS|TAMS 0x0000000719200000, 0x0000000719200000| Complete 
| 121|0x0000000719400000, 0x0000000719600000, 0x0000000719600000|100%| E|CS|TAMS 0x0000000719400000, 0x0000000719400000| Complete 
| 122|0x0000000719600000, 0x0000000719800000, 0x0000000719800000|100%| E|CS|TAMS 0x0000000719600000, 0x0000000719600000| Complete 
| 123|0x0000000719800000, 0x0000000719a00000, 0x0000000719a00000|100%| E|CS|TAMS 0x0000000719800000, 0x0000000719800000| Complete 
| 124|0x0000000719a00000, 0x0000000719c00000, 0x0000000719c00000|100%| E|CS|TAMS 0x0000000719a00000, 0x0000000719a00000| Complete 
| 125|0x0000000719c00000, 0x0000000719e00000, 0x0000000719e00000|100%| E|CS|TAMS 0x0000000719c00000, 0x0000000719c00000| Complete 
| 126|0x0000000719e00000, 0x000000071a000000, 0x000000071a000000|100%| E|CS|TAMS 0x0000000719e00000, 0x0000000719e00000| Complete 
| 127|0x000000071a000000, 0x000000071a200000, 0x000000071a200000|100%| E|CS|TAMS 0x000000071a000000, 0x000000071a000000| Complete 
| 128|0x000000071a200000, 0x000000071a400000, 0x000000071a400000|100%| E|CS|TAMS 0x000000071a200000, 0x000000071a200000| Complete 
| 129|0x000000071a400000, 0x000000071a600000, 0x000000071a600000|100%| E|CS|TAMS 0x000000071a400000, 0x000000071a400000| Complete 
| 130|0x000000071a600000, 0x000000071a800000, 0x000000071a800000|100%| E|CS|TAMS 0x000000071a600000, 0x000000071a600000| Complete 
| 131|0x000000071a800000, 0x000000071aa00000, 0x000000071aa00000|100%| E|CS|TAMS 0x000000071a800000, 0x000000071a800000| Complete 
| 132|0x000000071aa00000, 0x000000071ac00000, 0x000000071ac00000|100%| E|CS|TAMS 0x000000071aa00000, 0x000000071aa00000| Complete 
| 133|0x000000071ac00000, 0x000000071ae00000, 0x000000071ae00000|100%| E|CS|TAMS 0x000000071ac00000, 0x000000071ac00000| Complete 
| 134|0x000000071ae00000, 0x000000071b000000, 0x000000071b000000|100%| E|CS|TAMS 0x000000071ae00000, 0x000000071ae00000| Complete 
| 135|0x000000071b000000, 0x000000071b200000, 0x000000071b200000|100%| E|CS|TAMS 0x000000071b000000, 0x000000071b000000| Complete 
| 136|0x000000071b200000, 0x000000071b400000, 0x000000071b400000|100%| E|CS|TAMS 0x000000071b200000, 0x000000071b200000| Complete 
| 137|0x000000071b400000, 0x000000071b600000, 0x000000071b600000|100%| E|CS|TAMS 0x000000071b400000, 0x000000071b400000| Complete 
| 138|0x000000071b600000, 0x000000071b800000, 0x000000071b800000|100%| E|CS|TAMS 0x000000071b600000, 0x000000071b600000| Complete 
| 139|0x000000071b800000, 0x000000071ba00000, 0x000000071ba00000|100%| E|CS|TAMS 0x000000071b800000, 0x000000071b800000| Complete 
| 140|0x000000071ba00000, 0x000000071bc00000, 0x000000071bc00000|100%| E|CS|TAMS 0x000000071ba00000, 0x000000071ba00000| Complete 
| 141|0x000000071bc00000, 0x000000071be00000, 0x000000071be00000|100%| E|CS|TAMS 0x000000071bc00000, 0x000000071bc00000| Complete 
| 142|0x000000071be00000, 0x000000071c000000, 0x000000071c000000|100%| E|CS|TAMS 0x000000071be00000, 0x000000071be00000| Complete 
| 143|0x000000071c000000, 0x000000071c200000, 0x000000071c200000|100%| E|CS|TAMS 0x000000071c000000, 0x000000071c000000| Complete 
| 144|0x000000071c200000, 0x000000071c400000, 0x000000071c400000|100%| E|CS|TAMS 0x000000071c200000, 0x000000071c200000| Complete 
| 145|0x000000071c400000, 0x000000071c600000, 0x000000071c600000|100%| E|CS|TAMS 0x000000071c400000, 0x000000071c400000| Complete 
| 146|0x000000071c600000, 0x000000071c800000, 0x000000071c800000|100%| E|CS|TAMS 0x000000071c600000, 0x000000071c600000| Complete 
| 147|0x000000071c800000, 0x000000071ca00000, 0x000000071ca00000|100%| E|CS|TAMS 0x000000071c800000, 0x000000071c800000| Complete 
| 148|0x000000071ca00000, 0x000000071cc00000, 0x000000071cc00000|100%| E|CS|TAMS 0x000000071ca00000, 0x000000071ca00000| Complete 
| 149|0x000000071cc00000, 0x000000071ce00000, 0x000000071ce00000|100%| E|CS|TAMS 0x000000071cc00000, 0x000000071cc00000| Complete 
| 150|0x000000071ce00000, 0x000000071d000000, 0x000000071d000000|100%| E|CS|TAMS 0x000000071ce00000, 0x000000071ce00000| Complete 
|1964|0x00000007ffa00000, 0x00000007ffc00000, 0x00000007ffc00000|100%| O|  |TAMS 0x00000007ffa00000, 0x00000007ffa00000| Untracked 
|1965|0x00000007ffc00000, 0x00000007ffe00000, 0x00000007ffe00000|100%| O|  |TAMS 0x00000007ffc00000, 0x00000007ffc00000| Untracked 
|1966|0x00000007ffe00000, 0x0000000800000000, 0x0000000800000000|100%| O|  |TAMS 0x00000007ffe00000, 0x00000007ffe00000| Untracked 

Card table byte_map: [0x0000022125fd0000,0x0000022126780000] _byte_map_base: 0x000002212277f000

Marking Bits (Prev, Next): (CMBitMap*) 0x000002210efe10a0, (CMBitMap*) 0x000002210efe1060
 Prev Bits: [0x000002212acb0000, 0x000002212ea28000)
 Next Bits: [0x0000022126f30000, 0x000002212aca8000)

Polling page: 0x000002210cf10000

Metaspace:

Usage:
  Non-class:     29.08 MB used.
      Class:      3.40 MB used.
       Both:     32.48 MB used.

Virtual space:
  Non-class space:       32.00 MB reserved,      29.25 MB ( 91%) committed,  4 nodes.
      Class space:        1.00 GB reserved,       3.56 MB ( <1%) committed,  1 nodes.
              Both:        1.03 GB reserved,      32.81 MB (  3%) committed. 

Chunk freelists:
   Non-Class:  2.00 MB
       Class:  322.00 KB
        Both:  2.32 MB

MaxMetaspaceSize: 17179869184.00 GB
CompressedClassSpaceSize: 1.00 GB
 - commit_granule_bytes: 65536.
 - commit_granule_words: 8192.
 - virtual_space_node_default_size: 1048576.
 - enlarge_chunks_in_place: 1.
 - new_chunks_are_fully_committed: 0.
 - uncommit_free_chunks: 1.
 - use_allocation_guard: 0.
 - handle_deallocations: 1.


Internal statistics:

num_allocs_failed_limit: 3.
num_arena_births: 266.
num_arena_deaths: 0.
num_vsnodes_births: 5.
num_vsnodes_deaths: 0.
num_space_committed: 525.
num_space_uncommitted: 0.
num_chunks_returned_to_freelist: 3.
num_chunks_taken_from_freelist: 1510.
num_chunk_merges: 3.
num_chunk_splits: 1029.
num_chunks_enlarged: 783.
num_purges: 0.

CodeHeap 'non-profiled nmethods': size=120000Kb used=4601Kb max_used=4601Kb free=115398Kb
 bounds [0x000002211e1e0000, 0x000002211e660000, 0x0000022125710000]
CodeHeap 'profiled nmethods': size=120000Kb used=16394Kb max_used=16394Kb free=103605Kb
 bounds [0x0000022116cb0000, 0x0000022117cc0000, 0x000002211e1e0000]
CodeHeap 'non-nmethods': size=5760Kb used=1254Kb max_used=1329Kb free=4505Kb
 bounds [0x0000022116710000, 0x0000022116980000, 0x0000022116cb0000]
 total_blobs=8422 nmethods=7861 adapters=473
 compilation: enabled
              stopped_count=0, restarted_count=0
 full_count=0

Compilation events (20 events):
Event: 7.638 Thread 0x0000022134bd6d30 8755       4       org.apache.maven.model.io.xpp3.MavenXpp3ReaderEx::checkFieldWithDuplicate (75 bytes)
Event: 7.639 Thread 0x0000022131255220 nmethod 8768 0x000002211e651690 code [0x000002211e651840, 0x000002211e651a98]
Event: 7.639 Thread 0x0000022131255220 8822       4       java.io.BufferedWriter::ensureOpen (18 bytes)
Event: 7.639 Thread 0x0000022131255220 nmethod 8822 0x000002211e651d10 code [0x000002211e651ea0, 0x000002211e651f38]
Event: 7.639 Thread 0x0000022131255220 8747       4       org.apache.maven.model.inheritance.DefaultInheritanceAssembler$InheritanceModelMerger::mergePlugin (71 bytes)
Event: 7.686 Thread 0x0000022134bd6d30 nmethod 8755 0x000002211e652010 code [0x000002211e6522a0, 0x000002211e654b50]
Event: 7.813 Thread 0x0000022131255220 nmethod 8747 0x000002211e655a10 code [0x000002211e655e40, 0x000002211e65b540]
Event: 7.945 Thread 0x0000022131255220 8852       4       java.io.FileInputStream::read (8 bytes)
Event: 7.945 Thread 0x0000022131258130 8851       1       java.util.concurrent.atomic.AtomicInteger::get (5 bytes)
Event: 7.945 Thread 0x0000022131258130 nmethod 8851 0x000002211e65d410 code [0x000002211e65d5a0, 0x000002211e65d678]
Event: 7.945 Thread 0x0000022131258130 8853       3       java.util.concurrent.locks.AbstractQueuedSynchronizer::signalNext (34 bytes)
Event: 7.945 Thread 0x0000022131258130 nmethod 8853 0x0000022117cb1a90 code [0x0000022117cb1c60, 0x0000022117cb1f38]
Event: 7.945 Thread 0x0000022131255220 nmethod 8852 0x000002211e65d710 code [0x000002211e65d8a0, 0x000002211e65d948]
Event: 7.945 Thread 0x0000022131258130 8854       3       java.io.StringWriter::write (11 bytes)
Event: 7.945 Thread 0x0000022131255220 8855  s    4       java.lang.StringBuffer::append (13 bytes)
Event: 7.946 Thread 0x0000022131258130 nmethod 8854 0x0000022117cb2090 code [0x0000022117cb2240, 0x0000022117cb2508]
Event: 7.948 Thread 0x0000022131258130 8858       3       java.util.concurrent.locks.ReentrantLock$Sync::isHeldExclusively (16 bytes)
Event: 7.948 Thread 0x0000022131258130 nmethod 8858 0x0000022117cb2610 code [0x0000022117cb27c0, 0x0000022117cb2958]
Event: 7.951 Thread 0x0000022131255220 nmethod 8855 0x000002211e65da10 code [0x000002211e65dbc0, 0x000002211e65e3f8]
Event: 7.951 Thread 0x0000022131255220 8856   !   4       java.io.BufferedReader::readLine (327 bytes)

GC Heap History (20 events):
Event: 3.291 GC heap before
{Heap before GC invocations=2 (full 0):
 garbage-first heap   total 251904K, used 152416K [0x000000070a200000, 0x0000000800000000)
  region size 2048K, 73 young (149504K), 1 survivors (2048K)
 Metaspace       used 17280K, committed 17472K, reserved 1064960K
  class space    used 1857K, committed 1984K, reserved 1048576K
}
Event: 3.297 GC heap after
{Heap after GC invocations=3 (full 0):
 garbage-first heap   total 251904K, used 13185K [0x000000070a200000, 0x0000000800000000)
  region size 2048K, 5 young (10240K), 5 survivors (10240K)
 Metaspace       used 17280K, committed 17472K, reserved 1064960K
  class space    used 1857K, committed 1984K, reserved 1048576K
}
Event: 3.441 GC heap before
{Heap before GC invocations=3 (full 0):
 garbage-first heap   total 251904K, used 48001K [0x000000070a200000, 0x0000000800000000)
  region size 2048K, 24 young (49152K), 5 survivors (10240K)
 Metaspace       used 21072K, committed 21248K, reserved 1073152K
  class space    used 2324K, committed 2432K, reserved 1048576K
}
Event: 3.445 GC heap after
{Heap after GC invocations=4 (full 0):
 garbage-first heap   total 251904K, used 13713K [0x000000070a200000, 0x0000000800000000)
  region size 2048K, 5 young (10240K), 5 survivors (10240K)
 Metaspace       used 21072K, committed 21248K, reserved 1073152K
  class space    used 2324K, committed 2432K, reserved 1048576K
}
Event: 3.760 GC heap before
{Heap before GC invocations=5 (full 0):
 garbage-first heap   total 55296K, used 40337K [0x000000070a200000, 0x0000000800000000)
  region size 2048K, 18 young (36864K), 5 survivors (10240K)
 Metaspace       used 23502K, committed 23744K, reserved 1073152K
  class space    used 2561K, committed 2688K, reserved 1048576K
}
Event: 3.772 GC heap after
{Heap after GC invocations=6 (full 0):
 garbage-first heap   total 61440K, used 23244K [0x000000070a200000, 0x0000000800000000)
  region size 2048K, 3 young (6144K), 3 survivors (6144K)
 Metaspace       used 23502K, committed 23744K, reserved 1073152K
  class space    used 2561K, committed 2688K, reserved 1048576K
}
Event: 3.881 GC heap before
{Heap before GC invocations=6 (full 0):
 garbage-first heap   total 61440K, used 39628K [0x000000070a200000, 0x0000000800000000)
  region size 2048K, 12 young (24576K), 3 survivors (6144K)
 Metaspace       used 23543K, committed 23808K, reserved 1073152K
  class space    used 2562K, committed 2688K, reserved 1048576K
}
Event: 3.886 GC heap after
{Heap after GC invocations=7 (full 0):
 garbage-first heap   total 61440K, used 28982K [0x000000070a200000, 0x0000000800000000)
  region size 2048K, 2 young (4096K), 2 survivors (4096K)
 Metaspace       used 23543K, committed 23808K, reserved 1073152K
  class space    used 2562K, committed 2688K, reserved 1048576K
}
Event: 3.892 GC heap before
{Heap before GC invocations=7 (full 0):
 garbage-first heap   total 61440K, used 41270K [0x000000070a200000, 0x0000000800000000)
  region size 2048K, 9 young (18432K), 2 survivors (4096K)
 Metaspace       used 23543K, committed 23808K, reserved 1073152K
  class space    used 2562K, committed 2688K, reserved 1048576K
}
Event: 3.895 GC heap after
{Heap after GC invocations=8 (full 0):
 garbage-first heap   total 157696K, used 31377K [0x000000070a200000, 0x0000000800000000)
  region size 2048K, 1 young (2048K), 1 survivors (2048K)
 Metaspace       used 23543K, committed 23808K, reserved 1073152K
  class space    used 2562K, committed 2688K, reserved 1048576K
}
Event: 4.167 GC heap before
{Heap before GC invocations=8 (full 0):
 garbage-first heap   total 157696K, used 84625K [0x000000070a200000, 0x0000000800000000)
  region size 2048K, 28 young (57344K), 1 survivors (2048K)
 Metaspace       used 24357K, committed 24640K, reserved 1073152K
  class space    used 2629K, committed 2752K, reserved 1048576K
}
Event: 4.174 GC heap after
{Heap after GC invocations=9 (full 0):
 garbage-first heap   total 157696K, used 39488K [0x000000070a200000, 0x0000000800000000)
  region size 2048K, 4 young (8192K), 4 survivors (8192K)
 Metaspace       used 24357K, committed 24640K, reserved 1073152K
  class space    used 2629K, committed 2752K, reserved 1048576K
}
Event: 4.949 GC heap before
{Heap before GC invocations=9 (full 0):
 garbage-first heap   total 157696K, used 94784K [0x000000070a200000, 0x0000000800000000)
  region size 2048K, 31 young (63488K), 4 survivors (8192K)
 Metaspace       used 26680K, committed 26944K, reserved 1073152K
  class space    used 2851K, committed 2944K, reserved 1048576K
}
Event: 4.957 GC heap after
{Heap after GC invocations=10 (full 0):
 garbage-first heap   total 157696K, used 43031K [0x000000070a200000, 0x0000000800000000)
  region size 2048K, 2 young (4096K), 2 survivors (4096K)
 Metaspace       used 26680K, committed 26944K, reserved 1073152K
  class space    used 2851K, committed 2944K, reserved 1048576K
}
Event: 5.206 GC heap before
{Heap before GC invocations=10 (full 0):
 garbage-first heap   total 157696K, used 100375K [0x000000070a200000, 0x0000000800000000)
  region size 2048K, 30 young (61440K), 2 survivors (4096K)
 Metaspace       used 27235K, committed 27520K, reserved 1081344K
  class space    used 2912K, committed 3072K, reserved 1048576K
}
Event: 5.212 GC heap after
{Heap after GC invocations=11 (full 0):
 garbage-first heap   total 157696K, used 43997K [0x000000070a200000, 0x0000000800000000)
  region size 2048K, 3 young (6144K), 3 survivors (6144K)
 Metaspace       used 27235K, committed 27520K, reserved 1081344K
  class space    used 2912K, committed 3072K, reserved 1048576K
}
Event: 5.605 GC heap before
{Heap before GC invocations=11 (full 0):
 garbage-first heap   total 157696K, used 103389K [0x000000070a200000, 0x0000000800000000)
  region size 2048K, 32 young (65536K), 3 survivors (6144K)
 Metaspace       used 28581K, committed 28992K, reserved 1081344K
  class space    used 3062K, committed 3264K, reserved 1048576K
}
Event: 5.611 GC heap after
{Heap after GC invocations=12 (full 0):
 garbage-first heap   total 315392K, used 44957K [0x000000070a200000, 0x0000000800000000)
  region size 2048K, 1 young (2048K), 1 survivors (2048K)
 Metaspace       used 28581K, committed 28992K, reserved 1081344K
  class space    used 3062K, committed 3264K, reserved 1048576K
}
Event: 6.579 GC heap before
{Heap before GC invocations=12 (full 0):
 garbage-first heap   total 315392K, used 206749K [0x000000070a200000, 0x0000000800000000)
  region size 2048K, 80 young (163840K), 1 survivors (2048K)
 Metaspace       used 30174K, committed 30592K, reserved 1081344K
  class space    used 3168K, committed 3392K, reserved 1048576K
}
Event: 6.588 GC heap after
{Heap after GC invocations=13 (full 0):
 garbage-first heap   total 315392K, used 65064K [0x000000070a200000, 0x0000000800000000)
  region size 2048K, 10 young (20480K), 10 survivors (20480K)
 Metaspace       used 30174K, committed 30592K, reserved 1081344K
  class space    used 3168K, committed 3392K, reserved 1048576K
}

Deoptimization events (20 events):
Event: 7.592 Thread 0x000002210ef92eb0 Uncommon trap: trap_request=0xffffffde fr.pc=0x000002211e6282ec relative=0x000000000000078c
Event: 7.592 Thread 0x000002210ef92eb0 Uncommon trap: reason=class_check action=maybe_recompile pc=0x000002211e6282ec method=java.nio.charset.CharsetEncoder.encode(Ljava/nio/CharBuffer;Ljava/nio/ByteBuffer;Z)Ljava/nio/charset/CoderResult; @ 57 c2
Event: 7.592 Thread 0x000002210ef92eb0 DEOPT PACKING pc=0x000002211e6282ec sp=0x000000f5cf0fdac0
Event: 7.592 Thread 0x000002210ef92eb0 DEOPT UNPACKING pc=0x000002211675d72e sp=0x000000f5cf0fd820 mode 2
Event: 7.593 Thread 0x000002210ef92eb0 Uncommon trap: trap_request=0xffffffde fr.pc=0x000002211e6282ec relative=0x000000000000078c
Event: 7.593 Thread 0x000002210ef92eb0 Uncommon trap: reason=class_check action=maybe_recompile pc=0x000002211e6282ec method=java.nio.charset.CharsetEncoder.encode(Ljava/nio/CharBuffer;Ljava/nio/ByteBuffer;Z)Ljava/nio/charset/CoderResult; @ 57 c2
Event: 7.593 Thread 0x000002210ef92eb0 DEOPT PACKING pc=0x000002211e6282ec sp=0x000000f5cf0fdb70
Event: 7.593 Thread 0x000002210ef92eb0 DEOPT UNPACKING pc=0x000002211675d72e sp=0x000000f5cf0fd8d0 mode 2
Event: 7.594 Thread 0x000002210ef92eb0 Uncommon trap: trap_request=0xffffffde fr.pc=0x000002211e6282ec relative=0x000000000000078c
Event: 7.594 Thread 0x000002210ef92eb0 Uncommon trap: reason=class_check action=maybe_recompile pc=0x000002211e6282ec method=java.nio.charset.CharsetEncoder.encode(Ljava/nio/CharBuffer;Ljava/nio/ByteBuffer;Z)Ljava/nio/charset/CoderResult; @ 57 c2
Event: 7.594 Thread 0x000002210ef92eb0 DEOPT PACKING pc=0x000002211e6282ec sp=0x000000f5cf0fdc30
Event: 7.594 Thread 0x000002210ef92eb0 DEOPT UNPACKING pc=0x000002211675d72e sp=0x000000f5cf0fd990 mode 2
Event: 7.608 Thread 0x000002210ef92eb0 Uncommon trap: trap_request=0xffffff45 fr.pc=0x000002211e485788 relative=0x0000000000000168
Event: 7.608 Thread 0x000002210ef92eb0 Uncommon trap: reason=unstable_if action=reinterpret pc=0x000002211e485788 method=java.time.LocalTime.create(IIII)Ljava/time/LocalTime; @ 5 c2
Event: 7.608 Thread 0x000002210ef92eb0 DEOPT PACKING pc=0x000002211e485788 sp=0x000000f5cf0fda20
Event: 7.608 Thread 0x000002210ef92eb0 DEOPT UNPACKING pc=0x000002211675d72e sp=0x000000f5cf0fd940 mode 2
Event: 7.613 Thread 0x000002210ef92eb0 DEOPT PACKING pc=0x0000022116d50702 sp=0x000000f5cf0fdbd0
Event: 7.613 Thread 0x000002210ef92eb0 DEOPT UNPACKING pc=0x000002211675dece sp=0x000000f5cf0fd010 mode 0
Event: 7.945 Thread 0x0000022133b7e460 DEOPT PACKING pc=0x0000022116fd47b9 sp=0x000000f5d10ff150
Event: 7.945 Thread 0x0000022133b7e460 DEOPT UNPACKING pc=0x000002211675dece sp=0x000000f5d10fe5a8 mode 3

Classes unloaded (0 events):
No events

Classes redefined (0 events):
No events

Internal exceptions (20 events):
Event: 7.224 Thread 0x000002210ef92eb0 Exception <a 'sun/nio/fs/WindowsException'{0x00000007195d6db8}> (0x00000007195d6db8) 
thrown [t:\workspace\open\src\hotspot\share\prims\jni.cpp, line 579]
Event: 7.228 Thread 0x000002210ef92eb0 Exception <a 'sun/nio/fs/WindowsException'{0x00000007195f3288}> (0x00000007195f3288) 
thrown [t:\workspace\open\src\hotspot\share\prims\jni.cpp, line 579]
Event: 7.228 Thread 0x000002210ef92eb0 Exception <a 'sun/nio/fs/WindowsException'{0x00000007195f3960}> (0x00000007195f3960) 
thrown [t:\workspace\open\src\hotspot\share\prims\jni.cpp, line 579]
Event: 7.228 Thread 0x000002210ef92eb0 Exception <a 'sun/nio/fs/WindowsException'{0x00000007195f42a0}> (0x00000007195f42a0) 
thrown [t:\workspace\open\src\hotspot\share\prims\jni.cpp, line 579]
Event: 7.293 Thread 0x000002210ef92eb0 Exception <a 'sun/nio/fs/WindowsException'{0x0000000718e5e6d0}> (0x0000000718e5e6d0) 
thrown [t:\workspace\open\src\hotspot\share\prims\jni.cpp, line 579]
Event: 7.293 Thread 0x000002210ef92eb0 Exception <a 'sun/nio/fs/WindowsException'{0x0000000718e5eda8}> (0x0000000718e5eda8) 
thrown [t:\workspace\open\src\hotspot\share\prims\jni.cpp, line 579]
Event: 7.293 Thread 0x000002210ef92eb0 Exception <a 'sun/nio/fs/WindowsException'{0x0000000718e5f6e8}> (0x0000000718e5f6e8) 
thrown [t:\workspace\open\src\hotspot\share\prims\jni.cpp, line 579]
Event: 7.296 Thread 0x000002210ef92eb0 Exception <a 'sun/nio/fs/WindowsException'{0x0000000718e7fa40}> (0x0000000718e7fa40) 
thrown [t:\workspace\open\src\hotspot\share\prims\jni.cpp, line 579]
Event: 7.296 Thread 0x000002210ef92eb0 Exception <a 'sun/nio/fs/WindowsException'{0x0000000718e80130}> (0x0000000718e80130) 
thrown [t:\workspace\open\src\hotspot\share\prims\jni.cpp, line 579]
Event: 7.296 Thread 0x000002210ef92eb0 Exception <a 'sun/nio/fs/WindowsException'{0x0000000718e80ad0}> (0x0000000718e80ad0) 
thrown [t:\workspace\open\src\hotspot\share\prims\jni.cpp, line 579]
Event: 7.296 Thread 0x000002210ef92eb0 Exception <a 'sun/nio/fs/WindowsException'{0x0000000718e81238}> (0x0000000718e81238) 
thrown [t:\workspace\open\src\hotspot\share\prims\jni.cpp, line 579]
Event: 7.298 Thread 0x000002210ef92eb0 Exception <a 'sun/nio/fs/WindowsException'{0x0000000718e9b9e8}> (0x0000000718e9b9e8) 
thrown [t:\workspace\open\src\hotspot\share\prims\jni.cpp, line 579]
Event: 7.298 Thread 0x000002210ef92eb0 Exception <a 'sun/nio/fs/WindowsException'{0x0000000718e9c0d0}> (0x0000000718e9c0d0) 
thrown [t:\workspace\open\src\hotspot\share\prims\jni.cpp, line 579]
Event: 7.298 Thread 0x000002210ef92eb0 Exception <a 'sun/nio/fs/WindowsException'{0x0000000718e9ca68}> (0x0000000718e9ca68) 
thrown [t:\workspace\open\src\hotspot\share\prims\jni.cpp, line 579]
Event: 7.311 Thread 0x000002210ef92eb0 Implicit null exception at 0x000002211e3fad14 to 0x000002211e4002dc
Event: 7.631 Thread 0x000002210ef92eb0 Exception <a 'java/lang/NoSuchMethodError'{0x0000000717230f38}: 'void java.lang.invoke.DirectMethodHandle$Holder.invokeStatic(java.lang.Object, long)'> (0x0000000717230f38) 
thrown [t:\workspace\open\src\hotspot\share\interpreter\linkResolver.cpp, line 790]
Event: 7.632 Thread 0x000002210ef92eb0 Exception <a 'java/lang/NoSuchMethodError'{0x00000007172367b8}: 'java.lang.Object java.lang.invoke.DirectMethodHandle$Holder.newInvokeSpecial(java.lang.Object, long)'> (0x00000007172367b8) 
thrown [t:\workspace\open\src\hotspot\share\interpreter\linkResolver.cpp, line 790]
Event: 7.634 Thread 0x000002210ef92eb0 Exception <a 'java/lang/NoSuchMethodError'{0x0000000717241260}: 'java.lang.Object java.lang.invoke.DirectMethodHandle$Holder.invokeStaticInit(java.lang.Object, java.lang.Object, long, java.lang.Object)'> (0x0000000717241260) 
thrown [t:\workspace\open\src\hotspot\share\interpreter\linkResolver.cpp, line 790]
Event: 7.635 Thread 0x000002210ef92eb0 Exception <a 'java/lang/NoSuchMethodError'{0x0000000717247bf8}: 'java.lang.Object java.lang.invoke.DirectMethodHandle$Holder.newInvokeSpecial(java.lang.Object, java.lang.Object, long)'> (0x0000000717247bf8) 
thrown [t:\workspace\open\src\hotspot\share\interpreter\linkResolver.cpp, line 790]
Event: 7.635 Thread 0x000002210ef92eb0 Exception <a 'java/lang/NoSuchMethodError'{0x000000071724b968}: 'java.lang.Object java.lang.invoke.Invokers$Holder.linkToTargetMethod(java.lang.Object, long, java.lang.Object)'> (0x000000071724b968) 
thrown [t:\workspace\open\src\hotspot\share\interpreter\linkResolver.cpp, line 790]

Events (20 events):
Event: 7.636 loading class java/util/concurrent/SynchronousQueue$TransferStack done
Event: 7.636 loading class java/util/concurrent/SynchronousQueue$TransferStack$SNode
Event: 7.636 loading class java/util/concurrent/SynchronousQueue$TransferStack$SNode done
Event: 7.636 loading class java/lang/ProcessImpl$2
Event: 7.636 loading class java/lang/ProcessImpl$2 done
Event: 7.637 loading class java/lang/Process$PipeInputStream
Event: 7.637 loading class java/lang/Process$PipeInputStream done
Event: 7.639 Executing  VM operation: HandshakeAllThreads
Event: 7.639 Executing  VM operation: HandshakeAllThreads done
Event: 7.639 loading class jdk/internal/event/ProcessStartEvent
Event: 7.639 loading class jdk/internal/event/Event
Event: 7.639 loading class jdk/internal/event/Event done
Event: 7.639 loading class jdk/internal/event/ProcessStartEvent done
Event: 7.640 Thread 0x0000022133b7e9b0 Thread added: 0x0000022133b7e9b0
Event: 7.640 Thread 0x0000022133b7ef00 Thread added: 0x0000022133b7ef00
Event: 7.641 loading class java/security/AccessControlException
Event: 7.641 loading class java/security/AccessControlException done
Event: 7.642 Executing  VM operation: HandshakeAllThreads
Event: 7.642 Executing  VM operation: HandshakeAllThreads done
Event: 7.945 Thread 0x0000022134bd6d30 Thread exited: 0x0000022134bd6d30


Dynamic libraries:
0x00007ff610b60000 - 0x00007ff610b70000 	C:\Program Files\Java\jdk-16.0.1\bin\java.exe
0x00007ff9211d0000 - 0x00007ff9213c5000 	C:\Windows\SYSTEM32\ntdll.dll
0x00007ff8ec080000 - 0x00007ff8ec096000 	C:\Program Files\Avast Software\Avast\aswhook.dll
0x00007ff91f280000 - 0x00007ff91f33e000 	C:\Windows\System32\KERNEL32.DLL
0x00007ff91eae0000 - 0x00007ff91eda8000 	C:\Windows\System32\KERNELBASE.dll
0x00007ff91ede0000 - 0x00007ff91eee0000 	C:\Windows\System32\ucrtbase.dll
0x00007ff908360000 - 0x00007ff908379000 	C:\Program Files\Java\jdk-16.0.1\bin\VCRUNTIME140.dll
0x00007ff908340000 - 0x00007ff908358000 	C:\Program Files\Java\jdk-16.0.1\bin\jli.dll
0x00007ff91f340000 - 0x00007ff91f3ec000 	C:\Windows\System32\ADVAPI32.dll
0x00007ff91fee0000 - 0x00007ff91ff7e000 	C:\Windows\System32\msvcrt.dll
0x00007ff91f3f0000 - 0x00007ff91f48b000 	C:\Windows\System32\sechost.dll
0x00007ff91f4a0000 - 0x00007ff91f5ca000 	C:\Windows\System32\RPCRT4.dll
0x00007ff920640000 - 0x00007ff9207e1000 	C:\Windows\System32\USER32.dll
0x00007ff91edb0000 - 0x00007ff91edd2000 	C:\Windows\System32\win32u.dll
0x00007ff901fa0000 - 0x00007ff90223a000 	C:\Windows\WinSxS\amd64_microsoft.windows.common-controls_6595b64144ccf1df_6.0.19041.1110_none_60b5254171f9507e\COMCTL32.dll
0x00007ff920970000 - 0x00007ff92099b000 	C:\Windows\System32\GDI32.dll
0x00007ff91ef80000 - 0x00007ff91f08b000 	C:\Windows\System32\gdi32full.dll
0x00007ff91eee0000 - 0x00007ff91ef7d000 	C:\Windows\System32\msvcp_win.dll
0x00007ff91d690000 - 0x00007ff91d69a000 	C:\Windows\SYSTEM32\VERSION.dll
0x00007ff91feb0000 - 0x00007ff91fee0000 	C:\Windows\System32\IMM32.DLL
0x00007ff91be30000 - 0x00007ff91be3c000 	C:\Program Files\Java\jdk-16.0.1\bin\vcruntime140_1.dll
0x00007ff8fb9c0000 - 0x00007ff8fba51000 	C:\Program Files\Java\jdk-16.0.1\bin\msvcp140.dll
0x00007ff8a8f20000 - 0x00007ff8a9acb000 	C:\Program Files\Java\jdk-16.0.1\bin\server\jvm.dll
0x00007ff91f490000 - 0x00007ff91f498000 	C:\Windows\System32\PSAPI.DLL
0x00007ff909d50000 - 0x00007ff909d59000 	C:\Windows\SYSTEM32\WSOCK32.dll
0x00007ff91f980000 - 0x00007ff91f9eb000 	C:\Windows\System32\WS2_32.dll
0x00007ff914a50000 - 0x00007ff914a77000 	C:\Windows\SYSTEM32\WINMM.dll
0x00007ff91d650000 - 0x00007ff91d662000 	C:\Windows\SYSTEM32\kernel.appcore.dll
0x00007ff909f90000 - 0x00007ff909f9a000 	C:\Program Files\Java\jdk-16.0.1\bin\jimage.dll
0x00007ff90b910000 - 0x00007ff90baf4000 	C:\Windows\SYSTEM32\DBGHELP.DLL
0x00007ff90b8e0000 - 0x00007ff90b90c000 	C:\Windows\SYSTEM32\dbgcore.DLL
0x00007ff91e8f0000 - 0x00007ff91e973000 	C:\Windows\System32\bcryptPrimitives.dll
0x00007ff909210000 - 0x00007ff90921e000 	C:\Program Files\Java\jdk-16.0.1\bin\instrument.dll
0x00007ff9033d0000 - 0x00007ff9033f5000 	C:\Program Files\Java\jdk-16.0.1\bin\java.dll
0x00007ff9209a0000 - 0x00007ff9210df000 	C:\Windows\System32\SHELL32.dll
0x00007ff91cec0000 - 0x00007ff91d650000 	C:\Windows\SYSTEM32\windows.storage.dll
0x00007ff91fb50000 - 0x00007ff91fea5000 	C:\Windows\System32\combase.dll
0x00007ff91e190000 - 0x00007ff91e1be000 	C:\Windows\SYSTEM32\Wldp.dll
0x00007ff9210e0000 - 0x00007ff92118d000 	C:\Windows\System32\SHCORE.dll
0x00007ff91f6c0000 - 0x00007ff91f715000 	C:\Windows\System32\shlwapi.dll
0x00007ff91e830000 - 0x00007ff91e84f000 	C:\Windows\SYSTEM32\profapi.dll
0x00007ff9077e0000 - 0x00007ff9077f8000 	C:\Program Files\Java\jdk-16.0.1\bin\zip.dll
0x00007ff903790000 - 0x00007ff9037a9000 	C:\Program Files\Java\jdk-16.0.1\bin\net.dll
0x00007ff919090000 - 0x00007ff91919c000 	C:\Windows\SYSTEM32\WINHTTP.dll
0x00007ff91df70000 - 0x00007ff91dfda000 	C:\Windows\system32\mswsock.dll
0x00007ff902de0000 - 0x00007ff902df3000 	C:\Program Files\Java\jdk-16.0.1\bin\nio.dll
0x00007ff902d10000 - 0x00007ff902d2a000 	C:\Program Files\JetBrains\IntelliJ IDEA 2021.1.2\bin\breakgen64.dll
0x00007ff908590000 - 0x00007ff9085a0000 	C:\Program Files\Java\jdk-16.0.1\bin\verify.dll
0x00007ff91e1d0000 - 0x00007ff91e1e8000 	C:\Windows\SYSTEM32\CRYPTSP.dll
0x00007ff91d910000 - 0x00007ff91d944000 	C:\Windows\system32\rsaenh.dll
0x00007ff91f1f0000 - 0x00007ff91f217000 	C:\Windows\System32\bcrypt.dll
0x00007ff91e7f0000 - 0x00007ff91e81e000 	C:\Windows\SYSTEM32\USERENV.dll
0x00007ff91e100000 - 0x00007ff91e10c000 	C:\Windows\SYSTEM32\CRYPTBASE.dll
0x00007ff91dc80000 - 0x00007ff91dcbb000 	C:\Windows\SYSTEM32\IPHLPAPI.DLL
0x00007ff91fa10000 - 0x00007ff91fa18000 	C:\Windows\System32\NSI.dll
0x00007ff916570000 - 0x00007ff916587000 	C:\Windows\SYSTEM32\dhcpcsvc6.DLL
0x00007ff916550000 - 0x00007ff91656d000 	C:\Windows\SYSTEM32\dhcpcsvc.DLL
0x00007ff91dcc0000 - 0x00007ff91dd8b000 	C:\Windows\SYSTEM32\DNSAPI.dll
0x00007ff908480000 - 0x00007ff90848a000 	C:\Users\Russell\AppData\Local\Temp\jansi-1.17.1-13064142127744491189.dll
0x00007ff907890000 - 0x00007ff90789a000 	C:\Users\Russell\AppData\Local\Temp\jansi-1.17.1-15824433253435834784.dll

dbghelp: loaded successfully - version: 4.0.5 - missing functions: none
symbol engine: initialized successfully - sym options: 0x614 - pdb path: .;C:\Program Files\Java\jdk-16.0.1\bin;C:\Windows\SYSTEM32;C:\Program Files\Avast Software\Avast;C:\Windows\WinSxS\amd64_microsoft.windows.common-controls_6595b64144ccf1df_6.0.19041.1110_none_60b5254171f9507e;C:\Program Files\Java\jdk-16.0.1\bin\server;C:\Program Files\JetBrains\IntelliJ IDEA 2021.1.2\bin;C:\Users\Russell\AppData\Local\Temp

VM Arguments:
jvm_args: -Dmaven.multiModuleProjectDirectory=C:\Users\Russell\IdeaProjects\FinalProject -Dmaven.home=C:\Program Files\JetBrains\IntelliJ IDEA 2021.1.2\plugins\maven\lib\maven3 -Dclassworlds.conf=C:\Program Files\JetBrains\IntelliJ IDEA 2021.1.2\plugins\maven\lib\maven3\bin\m2.conf -Dmaven.ext.class.path=C:\Program Files\JetBrains\IntelliJ IDEA 2021.1.2\plugins\maven\lib\maven-event-listener.jar -javaagent:C:\Program Files\JetBrains\IntelliJ IDEA 2021.1.2\lib\idea_rt.jar=64458:C:\Program Files\JetBrains\IntelliJ IDEA 2021.1.2\bin -Dfile.encoding=UTF-8 
java_command: org.codehaus.classworlds.Launcher -Didea.version=2021.2 clean install
java_class_path (initial): C:\Program Files\JetBrains\IntelliJ IDEA 2021.1.2\plugins\maven\lib\maven3\boot\plexus-classworlds-2.6.0.jar;C:\Program Files\JetBrains\IntelliJ IDEA 2021.1.2\plugins\maven\lib\maven3\boot\plexus-classworlds.license
Launcher Type: SUN_STANDARD

[Global flags]
     intx CICompilerCount                          = 3                                         {product} {ergonomic}
     uint ConcGCThreads                            = 2                                         {product} {ergonomic}
     uint G1ConcRefinementThreads                  = 6                                         {product} {ergonomic}
   size_t G1HeapRegionSize                         = 2097152                                   {product} {ergonomic}
    uintx GCDrainStackTargetSize                   = 64                                        {product} {ergonomic}
   size_t InitialHeapSize                          = 257949696                                 {product} {ergonomic}
   size_t MarkStackSize                            = 4194304                                   {product} {ergonomic}
   size_t MaxHeapSize                              = 4125097984                                {product} {ergonomic}
   size_t MaxNewSize                               = 2474639360                                {product} {ergonomic}
   size_t MinHeapDeltaBytes                        = 2097152                                   {product} {ergonomic}
   size_t MinHeapSize                              = 8388608                                   {product} {ergonomic}
    uintx NonNMethodCodeHeapSize                   = 5832780                                {pd product} {ergonomic}
    uintx NonProfiledCodeHeapSize                  = 122912730                              {pd product} {ergonomic}
    uintx ProfiledCodeHeapSize                     = 122912730                              {pd product} {ergonomic}
    uintx ReservedCodeCacheSize                    = 251658240                              {pd product} {ergonomic}
     bool SegmentedCodeCache                       = true                                      {product} {ergonomic}
   size_t SoftMaxHeapSize                          = 4125097984                             {manageable} {ergonomic}
     bool UseCompressedClassPointers               = true                           {product lp64_product} {ergonomic}
     bool UseCompressedOops                        = true                           {product lp64_product} {ergonomic}
     bool UseG1GC                                  = true                                      {product} {ergonomic}
     bool UseLargePagesIndividualAllocation        = false                                  {pd product} {ergonomic}

Logging:
Log output configuration:
 #0: stdout all=warning uptime,level,tags
 #1: stderr all=off uptime,level,tags

Environment Variables:
PATH=C:\Program Files\Common Files\Oracle\Java\javapath;C:\Program Files (x86)\Common Files\Oracle\Java\javapath;C:\Windows\system32;C:\Windows;C:\Windows\System32\Wbem;C:\Windows\System32\WindowsPowerShell\v1.0\;C:\Windows\System32\OpenSSH\;C:\Program Files\Git\cmd;C:\Program Files\Docker\Docker\resources\bin;C:\ProgramData\DockerDesktop\version-bin;C:\Program Files\MySQL\MySQL Shell 8.0\bin\;C:\Users\Russell\AppData\Local\Microsoft\WindowsApps;
USERNAME=Russell
OS=Windows_NT
PROCESSOR_IDENTIFIER=AMD64 Family 23 Model 96 Stepping 1, AuthenticAMD



---------------  S Y S T E M  ---------------

OS:
 Windows 10 , 64 bit Build 19041 (10.0.19041.1348)
OS uptime: 4 days 9:45 hours
Hyper-V role detected

CPU: total 6 (initial active 6) (6 cores per cpu, 1 threads per core) family 23 model 96 stepping 1 microcode 0x0, cx8, cmov, fxsr, mmx, 3dnowpref, sse, sse2, sse3, ssse3, sse4a, sse4.1, sse4.2, popcnt, lzcnt, tsc, tscinvbit, avx, avx2, aes, clmul, bmi1, bmi2, adx, sha, fma, vzeroupper, clflush, clflushopt, hv

Memory: 4k page, system-wide physical 15733M (2938M free)
TotalPageFile size 17781M (AvailPageFile size 280M)
current process WorkingSet (physical memory assigned to process): 429M, peak: 441M
current process commit charge ("private bytes"): 507M, peak: 518M

vm_info: Java HotSpot(TM) 64-Bit Server VM (16.0.1+9-24) for windows-amd64 JRE (16.0.1+9-24), built on Mar 26 2021 19:31:42 by "mach5one" with MS VC++ 16.7 (VS2019)

END.
