#
# There is insufficient memory for the Java Runtime Environment to continue.
# Native memory allocation (mmap) failed to map 257949696 bytes for G1 virtual space
# Possible reasons:
#   The system is out of physical RAM or swap space
#   The process is running with CompressedOops enabled, and the Java Heap may be blocking the growth of the native heap
# Possible solutions:
#   Reduce memory load on the system
#   Increase physical memory or swap space
#   Check if swap backing store is full
#   Decrease Java heap size (-Xmx/-Xms)
#   Decrease number of Java threads
#   Decrease Java thread stack sizes (-Xss)
#   Set larger code cache with -XX:ReservedCodeCacheSize=
#   JVM is running with Zero Based Compressed Oops mode in which the Java heap is
#     placed in the first 32GB address space. The Java Heap base address is the
#     maximum limit for the native heap growth. Please use -XX:HeapBaseMinAddress
#     to set the Java Heap base and to place the Java Heap above 32GB virtual address.
# This output file may be truncated or incomplete.
#
#  Out of Memory Error (os_windows.cpp:3466), pid=7436, tid=22212
#
# JRE version:  (16.0.1+9) (build )
# Java VM: Java HotSpot(TM) 64-Bit Server VM (16.0.1+9-24, mixed mode, sharing, tiered, compressed oops, compressed class ptrs, g1 gc, windows-amd64)
# No core dump will be written. Minidumps are not enabled by default on client versions of Windows
#

---------------  S U M M A R Y ------------

Command Line: C:\Users\Russell\IdeaProjects\FinalProject\target\surefire\surefirebooter12682694655272343011.jar C:\Users\Russell\IdeaProjects\FinalProject\target\surefire\surefire15440146076591416965tmp C:\Users\Russell\IdeaProjects\FinalProject\target\surefire\surefire_011224785605384688626tmp

Host: AMD Ryzen 5 4500U with Radeon Graphics         , 6 cores, 15G,  Windows 10 , 64 bit Build 19041 (10.0.19041.1320)
Time: Mon Nov 15 19:27:55 2021  Windows 10 , 64 bit Build 19041 (10.0.19041.1320) elapsed time: 0.010303 seconds (0d 0h 0m 0s)

---------------  T H R E A D  ---------------

Current thread (0x0000027eba98e980):  JavaThread "Unknown thread" [_thread_in_vm, id=22212, stack(0x000000f048900000,0x000000f048a00000)]

Stack: [0x000000f048900000,0x000000f048a00000]
Native frames: (J=compiled Java code, j=interpreted, Vv=VM code, C=native code)
V  [jvm.dll+0x6687ca]
V  [jvm.dll+0x7ca3c9]
V  [jvm.dll+0x7cbb53]
V  [jvm.dll+0x7cc1b3]
V  [jvm.dll+0x242ea5]
V  [jvm.dll+0x665589]
V  [jvm.dll+0x65a175]
V  [jvm.dll+0x2fc5ab]
V  [jvm.dll+0x3037a6]
V  [jvm.dll+0x352fee]
V  [jvm.dll+0x35321f]
V  [jvm.dll+0x2d3618]
V  [jvm.dll+0x2d4854]
V  [jvm.dll+0x79ccb1]
V  [jvm.dll+0x360de1]
V  [jvm.dll+0x77a990]
V  [jvm.dll+0x3e55af]
V  [jvm.dll+0x3e7081]
C  [jli.dll+0x52fb]
C  [ucrtbase.dll+0x21bb2]
C  [KERNEL32.DLL+0x17034]
C  [ntdll.dll+0x52651]


---------------  P R O C E S S  ---------------

Threads class SMR info:
_java_thread_list=0x00007ffae73ecbb8, length=0, elements={
}

Java Threads: ( => current thread )

Other Threads:
  0x0000027eba9dc8e0 GCTaskThread "GC Thread#0" [stack: 0x000000f048a00000,0x000000f048b00000] [id=16256]
  0x0000027eba9efa10 ConcurrentGCThread "G1 Main Marker" [stack: 0x000000f048b00000,0x000000f048c00000] [id=14412]
  0x0000027eba9f1460 ConcurrentGCThread "G1 Conc#0" [stack: 0x000000f048c00000,0x000000f048d00000] [id=15924]

[error occurred during error reporting (printing all threads), id 0xc0000005, EXCEPTION_ACCESS_VIOLATION (0xc0000005) at pc=0x00007ffae6bc44d7]

VM state: not at safepoint (not fully initialized)

VM Mutex/Monitor currently owned by a thread:  ([mutex/lock_event])
[0x0000027eba98b110] Heap_lock - owner thread: 0x0000027eba98e980

Heap address: 0x000000070a200000, size: 3934 MB, Compressed Oops mode: Zero based, Oop shift amount: 3

CDS archive(s) mapped at: [0x0000000000000000-0x0000000000000000-0x0000000000000000), size 0, SharedBaseAddress: 0x0000000800000000, ArchiveRelocationMode: 0.
Narrow klass base: 0x0000000000000000, Narrow klass shift: 0, Narrow klass range: 0x0

GC Precious Log:
<Empty>

Heap:
 garbage-first heap   total 0K, used 0K [0x000000070a200000, 0x0000000800000000)
  region size 2048K, 0 young (0K), 0 survivors (0K)

[error occurred during error reporting (printing heap information), id 0xc0000005, EXCEPTION_ACCESS_VIOLATION (0xc0000005) at pc=0x00007ffae6fa24ed]

GC Heap History (0 events):
No events

Deoptimization events (0 events):
No events

Classes unloaded (0 events):
No events

Classes redefined (0 events):
No events

Internal exceptions (0 events):
No events

Events (1 events):
Event: 0.006 Loaded shared library C:\Program Files\Java\jdk-16.0.1\bin\java.dll


Dynamic libraries:
0x00007ff71d4b0000 - 0x00007ff71d4c0000 	C:\Program Files\Java\jdk-16.0.1\bin\java.exe
0x00007ffb40210000 - 0x00007ffb40405000 	C:\Windows\SYSTEM32\ntdll.dll
0x00007ffb09550000 - 0x00007ffb09565000 	C:\Program Files\Avast Software\Avast\aswhook.dll
0x00007ffb3e310000 - 0x00007ffb3e3ce000 	C:\Windows\System32\KERNEL32.DLL
0x00007ffb3d930000 - 0x00007ffb3dbf8000 	C:\Windows\System32\KERNELBASE.dll
0x00007ffb3dfc0000 - 0x00007ffb3e0c0000 	C:\Windows\System32\ucrtbase.dll
0x00007ffb35390000 - 0x00007ffb353a8000 	C:\Program Files\Java\jdk-16.0.1\bin\jli.dll
0x00007ffb28bc0000 - 0x00007ffb28bd9000 	C:\Program Files\Java\jdk-16.0.1\bin\VCRUNTIME140.dll
0x00007ffb3e260000 - 0x00007ffb3e30c000 	C:\Windows\System32\ADVAPI32.dll
0x00007ffb40000000 - 0x00007ffb4009e000 	C:\Windows\System32\msvcrt.dll
0x00007ffb400d0000 - 0x00007ffb4016b000 	C:\Windows\System32\sechost.dll
0x00007ffb3f9c0000 - 0x00007ffb3faea000 	C:\Windows\System32\RPCRT4.dll
0x00007ffb3fd10000 - 0x00007ffb3feb1000 	C:\Windows\System32\USER32.dll
0x00007ffb21330000 - 0x00007ffb215ca000 	C:\Windows\WinSxS\amd64_microsoft.windows.common-controls_6595b64144ccf1df_6.0.19041.1110_none_60b5254171f9507e\COMCTL32.dll
0x00007ffb3e0c0000 - 0x00007ffb3e0e2000 	C:\Windows\System32\win32u.dll
0x00007ffb400a0000 - 0x00007ffb400cb000 	C:\Windows\System32\GDI32.dll
0x00007ffb3e0f0000 - 0x00007ffb3e1fb000 	C:\Windows\System32\gdi32full.dll
0x00007ffb3de70000 - 0x00007ffb3df0d000 	C:\Windows\System32\msvcp_win.dll
0x00007ffb3c710000 - 0x00007ffb3c71a000 	C:\Windows\SYSTEM32\VERSION.dll
0x00007ffb3ffa0000 - 0x00007ffb3ffd0000 	C:\Windows\System32\IMM32.DLL
0x00007ffb3a590000 - 0x00007ffb3a59c000 	C:\Program Files\Java\jdk-16.0.1\bin\vcruntime140_1.dll
0x00007ffb27940000 - 0x00007ffb279d1000 	C:\Program Files\Java\jdk-16.0.1\bin\msvcp140.dll
0x00007ffae68e0000 - 0x00007ffae748b000 	C:\Program Files\Java\jdk-16.0.1\bin\server\jvm.dll
0x00007ffb3fbd0000 - 0x00007ffb3fbd8000 	C:\Windows\System32\PSAPI.DLL
0x00007ffb34800000 - 0x00007ffb34827000 	C:\Windows\SYSTEM32\WINMM.dll
0x00007ffb28a40000 - 0x00007ffb28a49000 	C:\Windows\SYSTEM32\WSOCK32.dll
0x00007ffb3fb60000 - 0x00007ffb3fbcb000 	C:\Windows\System32\WS2_32.dll
0x00007ffb3c6d0000 - 0x00007ffb3c6e2000 	C:\Windows\SYSTEM32\kernel.appcore.dll
0x00007ffb291a0000 - 0x00007ffb291aa000 	C:\Program Files\Java\jdk-16.0.1\bin\jimage.dll
0x00007ffb2bbe0000 - 0x00007ffb2bdc4000 	C:\Windows\SYSTEM32\DBGHELP.DLL
0x00007ffb2bbb0000 - 0x00007ffb2bbdc000 	C:\Windows\SYSTEM32\dbgcore.DLL
0x00007ffb3dd60000 - 0x00007ffb3dde3000 	C:\Windows\System32\bcryptPrimitives.dll
0x00007ffb22270000 - 0x00007ffb22295000 	C:\Program Files\Java\jdk-16.0.1\bin\java.dll

dbghelp: loaded successfully - version: 4.0.5 - missing functions: none
symbol engine: initialized successfully - sym options: 0x614 - pdb path: .;C:\Program Files\Java\jdk-16.0.1\bin;C:\Windows\SYSTEM32;C:\Program Files\Avast Software\Avast;C:\Windows\WinSxS\amd64_microsoft.windows.common-controls_6595b64144ccf1df_6.0.19041.1110_none_60b5254171f9507e;C:\Program Files\Java\jdk-16.0.1\bin\server

VM Arguments:
java_command: C:\Users\Russell\IdeaProjects\FinalProject\target\surefire\surefirebooter12682694655272343011.jar C:\Users\Russell\IdeaProjects\FinalProject\target\surefire\surefire15440146076591416965tmp C:\Users\Russell\IdeaProjects\FinalProject\target\surefire\surefire_011224785605384688626tmp
java_class_path (initial): C:\Users\Russell\IdeaProjects\FinalProject\target\surefire\surefirebooter12682694655272343011.jar
Launcher Type: SUN_STANDARD

[Global flags]
     intx CICompilerCount                          = 3                                         {product} {ergonomic}
     uint ConcGCThreads                            = 2                                         {product} {ergonomic}
     uint G1ConcRefinementThreads                  = 6                                         {product} {ergonomic}
   size_t G1HeapRegionSize                         = 2097152                                   {product} {ergonomic}
    uintx GCDrainStackTargetSize                   = 64                                        {product} {ergonomic}
   size_t InitialHeapSize                          = 257949696                                 {product} {ergonomic}
   size_t MarkStackSize                            = 4194304                                   {product} {ergonomic}
   size_t MaxHeapSize                              = 4125097984                                {product} {ergonomic}
   size_t MinHeapDeltaBytes                        = 2097152                                   {product} {ergonomic}
   size_t MinHeapSize                              = 8388608                                   {product} {ergonomic}
    uintx NonNMethodCodeHeapSize                   = 5832780                                {pd product} {ergonomic}
    uintx NonProfiledCodeHeapSize                  = 122912730                              {pd product} {ergonomic}
    uintx ProfiledCodeHeapSize                     = 122912730                              {pd product} {ergonomic}
    uintx ReservedCodeCacheSize                    = 251658240                              {pd product} {ergonomic}
     bool SegmentedCodeCache                       = true                                      {product} {ergonomic}
   size_t SoftMaxHeapSize                          = 4125097984                             {manageable} {ergonomic}
     bool UseCompressedClassPointers               = true                           {product lp64_product} {ergonomic}
     bool UseCompressedOops                        = true                           {product lp64_product} {ergonomic}
     bool UseG1GC                                  = true                                      {product} {ergonomic}
     bool UseLargePagesIndividualAllocation        = false                                  {pd product} {ergonomic}

Logging:
Log output configuration:
 #0: stdout all=warning uptime,level,tags
 #1: stderr all=off uptime,level,tags

Environment Variables:
PATH=C:\Program Files\Common Files\Oracle\Java\javapath;C:\Program Files (x86)\Common Files\Oracle\Java\javapath;C:\Windows\system32;C:\Windows;C:\Windows\System32\Wbem;C:\Windows\System32\WindowsPowerShell\v1.0\;C:\Windows\System32\OpenSSH\;C:\Program Files\Git\cmd;C:\Program Files\MySQL\MySQL Shell 8.0\bin\;C:\Users\Russell\AppData\Local\Microsoft\WindowsApps;
USERNAME=Russell
OS=Windows_NT
PROCESSOR_IDENTIFIER=AMD64 Family 23 Model 96 Stepping 1, AuthenticAMD



---------------  S Y S T E M  ---------------

OS:
 Windows 10 , 64 bit Build 19041 (10.0.19041.1320)
OS uptime: 2 days 1:49 hours

CPU: total 6 (initial active 6) (6 cores per cpu, 1 threads per core) family 23 model 96 stepping 1 microcode 0x0, cx8, cmov, fxsr, mmx, 3dnowpref, sse, sse2, sse3, ssse3, sse4a, sse4.1, sse4.2, popcnt, lzcnt, tsc, tscinvbit, avx, avx2, aes, clmul, bmi1, bmi2, adx, sha, fma, vzeroupper, clflush, clflushopt

Memory: 4k page, system-wide physical 15733M (3991M free)
TotalPageFile size 17781M (AvailPageFile size 70M)
current process WorkingSet (physical memory assigned to process): 10M, peak: 10M
current process commit charge ("private bytes"): 56M, peak: 302M

vm_info: Java HotSpot(TM) 64-Bit Server VM (16.0.1+9-24) for windows-amd64 JRE (16.0.1+9-24), built on Mar 26 2021 19:31:42 by "mach5one" with MS VC++ 16.7 (VS2019)

END.
