#
# There is insufficient memory for the Java Runtime Environment to continue.
# Native memory allocation (malloc) failed to allocate 32744 bytes for ChunkPool::allocate
# Possible reasons:
#   The system is out of physical RAM or swap space
#   The process is running with CompressedOops enabled, and the Java Heap may be blocking the growth of the native heap
# Possible solutions:
#   Reduce memory load on the system
#   Increase physical memory or swap space
#   Check if swap backing store is full
#   Decrease Java heap size (-Xmx/-Xms)
#   Decrease number of Java threads
#   Decrease Java thread stack sizes (-Xss)
#   Set larger code cache with -XX:ReservedCodeCacheSize=
#   JVM is running with Zero Based Compressed Oops mode in which the Java heap is
#     placed in the first 32GB address space. The Java Heap base address is the
#     maximum limit for the native heap growth. Please use -XX:HeapBaseMinAddress
#     to set the Java Heap base and to place the Java Heap above 32GB virtual address.
# This output file may be truncated or incomplete.
#
#  Out of Memory Error (arena.cpp:79), pid=21148, tid=14720
#
# JRE version: Java(TM) SE Runtime Environment (16.0.1+9) (build 16.0.1+9-24)
# Java VM: Java HotSpot(TM) 64-Bit Server VM (16.0.1+9-24, mixed mode, sharing, tiered, compressed oops, compressed class ptrs, g1 gc, windows-amd64)
# No core dump will be written. Minidumps are not enabled by default on client versions of Windows
#

---------------  S U M M A R Y ------------

Command Line: -Dmaven.multiModuleProjectDirectory=C:\Users\Russell\IdeaProjects\FinalProject -Dmaven.home=C:\Program Files\JetBrains\IntelliJ IDEA 2021.1.2\plugins\maven\lib\maven3 -Dclassworlds.conf=C:\Program Files\JetBrains\IntelliJ IDEA 2021.1.2\plugins\maven\lib\maven3\bin\m2.conf -Dmaven.ext.class.path=C:\Program Files\JetBrains\IntelliJ IDEA 2021.1.2\plugins\maven\lib\maven-event-listener.jar -javaagent:C:\Program Files\JetBrains\IntelliJ IDEA 2021.1.2\lib\idea_rt.jar=61277:C:\Program Files\JetBrains\IntelliJ IDEA 2021.1.2\bin -Dfile.encoding=UTF-8 org.codehaus.classworlds.Launcher -Didea.version=2021.2 clean install

Host: AMD Ryzen 5 4500U with Radeon Graphics         , 6 cores, 15G,  Windows 10 , 64 bit Build 19041 (10.0.19041.1348)
Time: Mon Dec 20 00:36:42 2021  Windows 10 , 64 bit Build 19041 (10.0.19041.1348) elapsed time: 1.028165 seconds (0d 0h 0m 1s)

---------------  T H R E A D  ---------------

Current thread (0x000001d6eded2e40):  JavaThread "C2 CompilerThread1" daemon [_thread_in_native, id=14720, stack(0x0000000dbfc00000,0x0000000dbfd00000)]


Current CompileTask:
C2:   1028 1420       4       jdk.internal.module.SystemModuleFinders$SystemModuleReader::findImageLocation (42 bytes)

Stack: [0x0000000dbfc00000,0x0000000dbfd00000]
Native frames: (J=compiled Java code, j=interpreted, Vv=VM code, C=native code)
V  [jvm.dll+0x6687ca]
V  [jvm.dll+0x7ca3c9]
V  [jvm.dll+0x7cbb53]
V  [jvm.dll+0x7cc1b3]
V  [jvm.dll+0x242ea5]
V  [jvm.dll+0xae25f]
V  [jvm.dll+0xae5ac]
V  [jvm.dll+0x11ba88]
V  [jvm.dll+0x6922db]
V  [jvm.dll+0x1b9ffd]
V  [jvm.dll+0x216066]
V  [jvm.dll+0x215350]
V  [jvm.dll+0x1a1d9b]
V  [jvm.dll+0x2253a8]
V  [jvm.dll+0x2233ec]
V  [jvm.dll+0x780002]
V  [jvm.dll+0x779b4a]
V  [jvm.dll+0x667666]
C  [ucrtbase.dll+0x21bb2]
C  [KERNEL32.DLL+0x17034]
C  [ntdll.dll+0x52651]


---------------  P R O C E S S  ---------------

Threads class SMR info:
_java_thread_list=0x000001d6eded3a10, length=14, elements={
0x000001d6c90a3a10, 0x000001d6ed2d2db0, 0x000001d6ed2d3a50, 0x000001d6ed2eac10,
0x000001d6ed2eb520, 0x000001d6ed2ec720, 0x000001d6ed2ed7d0, 0x000001d6ed2ee9a0,
0x000001d6ed2f3520, 0x000001d6ed30e750, 0x000001d6eddc99a0, 0x000001d6edf0ae00,
0x000001d6edf0b320, 0x000001d6eded2e40
}

Java Threads: ( => current thread )
  0x000001d6c90a3a10 JavaThread "main" [_thread_in_vm, id=18656, stack(0x0000000dbe800000,0x0000000dbe900000)]
  0x000001d6ed2d2db0 JavaThread "Reference Handler" daemon [_thread_blocked, id=8528, stack(0x0000000dbef00000,0x0000000dbf000000)]
  0x000001d6ed2d3a50 JavaThread "Finalizer" daemon [_thread_blocked, id=9184, stack(0x0000000dbf000000,0x0000000dbf100000)]
  0x000001d6ed2eac10 JavaThread "Signal Dispatcher" daemon [_thread_blocked, id=10668, stack(0x0000000dbf100000,0x0000000dbf200000)]
  0x000001d6ed2eb520 JavaThread "Attach Listener" daemon [_thread_blocked, id=23820, stack(0x0000000dbf200000,0x0000000dbf300000)]
  0x000001d6ed2ec720 JavaThread "Service Thread" daemon [_thread_blocked, id=24332, stack(0x0000000dbf300000,0x0000000dbf400000)]
  0x000001d6ed2ed7d0 JavaThread "Monitor Deflation Thread" daemon [_thread_blocked, id=13340, stack(0x0000000dbf400000,0x0000000dbf500000)]
  0x000001d6ed2ee9a0 JavaThread "C2 CompilerThread0" daemon [_thread_in_native, id=17824, stack(0x0000000dbf500000,0x0000000dbf600000)]
  0x000001d6ed2f3520 JavaThread "C1 CompilerThread0" daemon [_thread_blocked, id=20244, stack(0x0000000dbf600000,0x0000000dbf700000)]
  0x000001d6ed30e750 JavaThread "Sweeper thread" daemon [_thread_blocked, id=19864, stack(0x0000000dbf700000,0x0000000dbf800000)]
  0x000001d6eddc99a0 JavaThread "Common-Cleaner" daemon [_thread_blocked, id=1196, stack(0x0000000dbf800000,0x0000000dbf900000)]
  0x000001d6edf0ae00 JavaThread "Monitor Ctrl-Break" daemon [_thread_in_native, id=21940, stack(0x0000000dbf900000,0x0000000dbfa00000)]
  0x000001d6edf0b320 JavaThread "Notification Thread" daemon [_thread_blocked, id=20936, stack(0x0000000dbfa00000,0x0000000dbfb00000)]
=>0x000001d6eded2e40 JavaThread "C2 CompilerThread1" daemon [_thread_in_native, id=14720, stack(0x0000000dbfc00000,0x0000000dbfd00000)]

Other Threads:
  0x000001d6ed2ce2c0 VMThread "VM Thread" [stack: 0x0000000dbee00000,0x0000000dbef00000] [id=19576]
  0x000001d6edf0e4f0 WatcherThread [stack: 0x0000000dbfb00000,0x0000000dbfc00000] [id=18688]
  0x000001d6c90f1810 GCTaskThread "GC Thread#0" [stack: 0x0000000dbe900000,0x0000000dbea00000] [id=19280]
  0x000001d6ee0a4180 GCTaskThread "GC Thread#1" [stack: 0x0000000dbfd00000,0x0000000dbfe00000] [id=17596]
  0x000001d6ee0a3540 GCTaskThread "GC Thread#2" [stack: 0x0000000dbfe00000,0x0000000dbff00000] [id=17520]
  0x000001d6ee0a4490 GCTaskThread "GC Thread#3" [stack: 0x0000000dbff00000,0x0000000dc0000000] [id=24120]
  0x000001d6ee0a2900 GCTaskThread "GC Thread#4" [stack: 0x0000000dc0000000,0x0000000dc0100000] [id=20376]
  0x000001d6ee0a2c10 GCTaskThread "GC Thread#5" [stack: 0x0000000dc0100000,0x0000000dc0200000] [id=8536]
  0x000001d6c9101d30 ConcurrentGCThread "G1 Main Marker" [stack: 0x0000000dbea00000,0x0000000dbeb00000] [id=23676]
  0x000001d6c91066b0 ConcurrentGCThread "G1 Conc#0" [stack: 0x0000000dbeb00000,0x0000000dbec00000] [id=11804]
  0x000001d6c9171900 ConcurrentGCThread "G1 Refine#0" [stack: 0x0000000dbec00000,0x0000000dbed00000] [id=17196]
  0x000001d6c9172190 ConcurrentGCThread "G1 Service" [stack: 0x0000000dbed00000,0x0000000dbee00000] [id=10416]

Threads with active compile tasks:
C2 CompilerThread0     1045 1466 % !   4       sun.net.www.ParseUtil::decode @ 70 (317 bytes)
C2 CompilerThread1     1045 1420       4       jdk.internal.module.SystemModuleFinders$SystemModuleReader::findImageLocation (42 bytes)

VM state: not at safepoint (normal execution)

VM Mutex/Monitor currently owned by a thread: None

Heap address: 0x000000070a200000, size: 3934 MB, Compressed Oops mode: Zero based, Oop shift amount: 3

CDS archive(s) mapped at: [0x0000000800000000-0x0000000800bb0000-0x0000000800bb0000), size 12255232, SharedBaseAddress: 0x0000000800000000, ArchiveRelocationMode: 0.
Compressed class space mapped at: 0x0000000800c00000-0x0000000840c00000, reserved size: 1073741824
Narrow klass base: 0x0000000800000000, Narrow klass shift: 3, Narrow klass range: 0x100000000

GC Precious Log:
 CPUs: 6 total, 6 available
 Memory: 15733M
 Large Page Support: Disabled
 NUMA Support: Disabled
 Compressed Oops: Enabled (Zero based)
 Heap Region Size: 2M
 Heap Min Capacity: 8M
 Heap Initial Capacity: 246M
 Heap Max Capacity: 3934M
 Pre-touch: Disabled
 Parallel Workers: 6
 Concurrent Workers: 2
 Concurrent Refinement Workers: 6
 Periodic GC: Disabled

Heap:
 garbage-first heap   total 251904K, used 24213K [0x000000070a200000, 0x0000000800000000)
  region size 2048K, 13 young (26624K), 2 survivors (4096K)
 Metaspace       used 7650K, committed 7744K, reserved 1056768K
  class space    used 862K, committed 896K, reserved 1048576K

Heap Regions: E=young(eden), S=young(survivor), O=old, HS=humongous(starts), HC=humongous(continues), CS=collection set, F=free, OA=open archive, CA=closed archive, TAMS=top-at-mark-start (previous, next)
|   0|0x000000070a200000, 0x000000070a200000, 0x000000070a400000|  0%| F|  |TAMS 0x000000070a200000, 0x000000070a200000| Untracked 
|   1|0x000000070a400000, 0x000000070a400000, 0x000000070a600000|  0%| F|  |TAMS 0x000000070a400000, 0x000000070a400000| Untracked 
|   2|0x000000070a600000, 0x000000070a600000, 0x000000070a800000|  0%| F|  |TAMS 0x000000070a600000, 0x000000070a600000| Untracked 
|   3|0x000000070a800000, 0x000000070a800000, 0x000000070aa00000|  0%| F|  |TAMS 0x000000070a800000, 0x000000070a800000| Untracked 
|   4|0x000000070aa00000, 0x000000070aa00000, 0x000000070ac00000|  0%| F|  |TAMS 0x000000070aa00000, 0x000000070aa00000| Untracked 
|   5|0x000000070ac00000, 0x000000070ac00000, 0x000000070ae00000|  0%| F|  |TAMS 0x000000070ac00000, 0x000000070ac00000| Untracked 
|   6|0x000000070ae00000, 0x000000070ae00000, 0x000000070b000000|  0%| F|  |TAMS 0x000000070ae00000, 0x000000070ae00000| Untracked 
|   7|0x000000070b000000, 0x000000070b000000, 0x000000070b200000|  0%| F|  |TAMS 0x000000070b000000, 0x000000070b000000| Untracked 
|   8|0x000000070b200000, 0x000000070b200000, 0x000000070b400000|  0%| F|  |TAMS 0x000000070b200000, 0x000000070b200000| Untracked 
|   9|0x000000070b400000, 0x000000070b400000, 0x000000070b600000|  0%| F|  |TAMS 0x000000070b400000, 0x000000070b400000| Untracked 
|  10|0x000000070b600000, 0x000000070b600000, 0x000000070b800000|  0%| F|  |TAMS 0x000000070b600000, 0x000000070b600000| Untracked 
|  11|0x000000070b800000, 0x000000070b800000, 0x000000070ba00000|  0%| F|  |TAMS 0x000000070b800000, 0x000000070b800000| Untracked 
|  12|0x000000070ba00000, 0x000000070ba00000, 0x000000070bc00000|  0%| F|  |TAMS 0x000000070ba00000, 0x000000070ba00000| Untracked 
|  13|0x000000070bc00000, 0x000000070bc00000, 0x000000070be00000|  0%| F|  |TAMS 0x000000070bc00000, 0x000000070bc00000| Untracked 
|  14|0x000000070be00000, 0x000000070be00000, 0x000000070c000000|  0%| F|  |TAMS 0x000000070be00000, 0x000000070be00000| Untracked 
|  15|0x000000070c000000, 0x000000070c000000, 0x000000070c200000|  0%| F|  |TAMS 0x000000070c000000, 0x000000070c000000| Untracked 
|  16|0x000000070c200000, 0x000000070c200000, 0x000000070c400000|  0%| F|  |TAMS 0x000000070c200000, 0x000000070c200000| Untracked 
|  17|0x000000070c400000, 0x000000070c400000, 0x000000070c600000|  0%| F|  |TAMS 0x000000070c400000, 0x000000070c400000| Untracked 
|  18|0x000000070c600000, 0x000000070c600000, 0x000000070c800000|  0%| F|  |TAMS 0x000000070c600000, 0x000000070c600000| Untracked 
|  19|0x000000070c800000, 0x000000070c800000, 0x000000070ca00000|  0%| F|  |TAMS 0x000000070c800000, 0x000000070c800000| Untracked 
|  20|0x000000070ca00000, 0x000000070ca00000, 0x000000070cc00000|  0%| F|  |TAMS 0x000000070ca00000, 0x000000070ca00000| Untracked 
|  21|0x000000070cc00000, 0x000000070cc00000, 0x000000070ce00000|  0%| F|  |TAMS 0x000000070cc00000, 0x000000070cc00000| Untracked 
|  22|0x000000070ce00000, 0x000000070ce00000, 0x000000070d000000|  0%| F|  |TAMS 0x000000070ce00000, 0x000000070ce00000| Untracked 
|  23|0x000000070d000000, 0x000000070d000000, 0x000000070d200000|  0%| F|  |TAMS 0x000000070d000000, 0x000000070d000000| Untracked 
|  24|0x000000070d200000, 0x000000070d200000, 0x000000070d400000|  0%| F|  |TAMS 0x000000070d200000, 0x000000070d200000| Untracked 
|  25|0x000000070d400000, 0x000000070d400000, 0x000000070d600000|  0%| F|  |TAMS 0x000000070d400000, 0x000000070d400000| Untracked 
|  26|0x000000070d600000, 0x000000070d600000, 0x000000070d800000|  0%| F|  |TAMS 0x000000070d600000, 0x000000070d600000| Untracked 
|  27|0x000000070d800000, 0x000000070d800000, 0x000000070da00000|  0%| F|  |TAMS 0x000000070d800000, 0x000000070d800000| Untracked 
|  28|0x000000070da00000, 0x000000070da00000, 0x000000070dc00000|  0%| F|  |TAMS 0x000000070da00000, 0x000000070da00000| Untracked 
|  29|0x000000070dc00000, 0x000000070dc00000, 0x000000070de00000|  0%| F|  |TAMS 0x000000070dc00000, 0x000000070dc00000| Untracked 
|  30|0x000000070de00000, 0x000000070de00000, 0x000000070e000000|  0%| F|  |TAMS 0x000000070de00000, 0x000000070de00000| Untracked 
|  31|0x000000070e000000, 0x000000070e000000, 0x000000070e200000|  0%| F|  |TAMS 0x000000070e000000, 0x000000070e000000| Untracked 
|  32|0x000000070e200000, 0x000000070e200000, 0x000000070e400000|  0%| F|  |TAMS 0x000000070e200000, 0x000000070e200000| Untracked 
|  33|0x000000070e400000, 0x000000070e400000, 0x000000070e600000|  0%| F|  |TAMS 0x000000070e400000, 0x000000070e400000| Untracked 
|  34|0x000000070e600000, 0x000000070e600000, 0x000000070e800000|  0%| F|  |TAMS 0x000000070e600000, 0x000000070e600000| Untracked 
|  35|0x000000070e800000, 0x000000070e800000, 0x000000070ea00000|  0%| F|  |TAMS 0x000000070e800000, 0x000000070e800000| Untracked 
|  36|0x000000070ea00000, 0x000000070ea00000, 0x000000070ec00000|  0%| F|  |TAMS 0x000000070ea00000, 0x000000070ea00000| Untracked 
|  37|0x000000070ec00000, 0x000000070ec00000, 0x000000070ee00000|  0%| F|  |TAMS 0x000000070ec00000, 0x000000070ec00000| Untracked 
|  38|0x000000070ee00000, 0x000000070ee00000, 0x000000070f000000|  0%| F|  |TAMS 0x000000070ee00000, 0x000000070ee00000| Untracked 
|  39|0x000000070f000000, 0x000000070f000000, 0x000000070f200000|  0%| F|  |TAMS 0x000000070f000000, 0x000000070f000000| Untracked 
|  40|0x000000070f200000, 0x000000070f200000, 0x000000070f400000|  0%| F|  |TAMS 0x000000070f200000, 0x000000070f200000| Untracked 
|  41|0x000000070f400000, 0x000000070f400000, 0x000000070f600000|  0%| F|  |TAMS 0x000000070f400000, 0x000000070f400000| Untracked 
|  42|0x000000070f600000, 0x000000070f600000, 0x000000070f800000|  0%| F|  |TAMS 0x000000070f600000, 0x000000070f600000| Untracked 
|  43|0x000000070f800000, 0x000000070f800000, 0x000000070fa00000|  0%| F|  |TAMS 0x000000070f800000, 0x000000070f800000| Untracked 
|  44|0x000000070fa00000, 0x000000070fa00000, 0x000000070fc00000|  0%| F|  |TAMS 0x000000070fa00000, 0x000000070fa00000| Untracked 
|  45|0x000000070fc00000, 0x000000070fc00000, 0x000000070fe00000|  0%| F|  |TAMS 0x000000070fc00000, 0x000000070fc00000| Untracked 
|  46|0x000000070fe00000, 0x000000070fe00000, 0x0000000710000000|  0%| F|  |TAMS 0x000000070fe00000, 0x000000070fe00000| Untracked 
|  47|0x0000000710000000, 0x0000000710000000, 0x0000000710200000|  0%| F|  |TAMS 0x0000000710000000, 0x0000000710000000| Untracked 
|  48|0x0000000710200000, 0x0000000710200000, 0x0000000710400000|  0%| F|  |TAMS 0x0000000710200000, 0x0000000710200000| Untracked 
|  49|0x0000000710400000, 0x0000000710400000, 0x0000000710600000|  0%| F|  |TAMS 0x0000000710400000, 0x0000000710400000| Untracked 
|  50|0x0000000710600000, 0x0000000710600000, 0x0000000710800000|  0%| F|  |TAMS 0x0000000710600000, 0x0000000710600000| Untracked 
|  51|0x0000000710800000, 0x0000000710800000, 0x0000000710a00000|  0%| F|  |TAMS 0x0000000710800000, 0x0000000710800000| Untracked 
|  52|0x0000000710a00000, 0x0000000710a00000, 0x0000000710c00000|  0%| F|  |TAMS 0x0000000710a00000, 0x0000000710a00000| Untracked 
|  53|0x0000000710c00000, 0x0000000710c00000, 0x0000000710e00000|  0%| F|  |TAMS 0x0000000710c00000, 0x0000000710c00000| Untracked 
|  54|0x0000000710e00000, 0x0000000710e00000, 0x0000000711000000|  0%| F|  |TAMS 0x0000000710e00000, 0x0000000710e00000| Untracked 
|  55|0x0000000711000000, 0x0000000711000000, 0x0000000711200000|  0%| F|  |TAMS 0x0000000711000000, 0x0000000711000000| Untracked 
|  56|0x0000000711200000, 0x0000000711200000, 0x0000000711400000|  0%| F|  |TAMS 0x0000000711200000, 0x0000000711200000| Untracked 
|  57|0x0000000711400000, 0x0000000711400000, 0x0000000711600000|  0%| F|  |TAMS 0x0000000711400000, 0x0000000711400000| Untracked 
|  58|0x0000000711600000, 0x0000000711600000, 0x0000000711800000|  0%| F|  |TAMS 0x0000000711600000, 0x0000000711600000| Untracked 
|  59|0x0000000711800000, 0x0000000711800000, 0x0000000711a00000|  0%| F|  |TAMS 0x0000000711800000, 0x0000000711800000| Untracked 
|  60|0x0000000711a00000, 0x0000000711a00000, 0x0000000711c00000|  0%| F|  |TAMS 0x0000000711a00000, 0x0000000711a00000| Untracked 
|  61|0x0000000711c00000, 0x0000000711c00000, 0x0000000711e00000|  0%| F|  |TAMS 0x0000000711c00000, 0x0000000711c00000| Untracked 
|  62|0x0000000711e00000, 0x0000000711e00000, 0x0000000712000000|  0%| F|  |TAMS 0x0000000711e00000, 0x0000000711e00000| Untracked 
|  63|0x0000000712000000, 0x0000000712000000, 0x0000000712200000|  0%| F|  |TAMS 0x0000000712000000, 0x0000000712000000| Untracked 
|  64|0x0000000712200000, 0x0000000712200000, 0x0000000712400000|  0%| F|  |TAMS 0x0000000712200000, 0x0000000712200000| Untracked 
|  65|0x0000000712400000, 0x0000000712400000, 0x0000000712600000|  0%| F|  |TAMS 0x0000000712400000, 0x0000000712400000| Untracked 
|  66|0x0000000712600000, 0x0000000712600000, 0x0000000712800000|  0%| F|  |TAMS 0x0000000712600000, 0x0000000712600000| Untracked 
|  67|0x0000000712800000, 0x0000000712800000, 0x0000000712a00000|  0%| F|  |TAMS 0x0000000712800000, 0x0000000712800000| Untracked 
|  68|0x0000000712a00000, 0x0000000712a00000, 0x0000000712c00000|  0%| F|  |TAMS 0x0000000712a00000, 0x0000000712a00000| Untracked 
|  69|0x0000000712c00000, 0x0000000712c00000, 0x0000000712e00000|  0%| F|  |TAMS 0x0000000712c00000, 0x0000000712c00000| Untracked 
|  70|0x0000000712e00000, 0x0000000712e00000, 0x0000000713000000|  0%| F|  |TAMS 0x0000000712e00000, 0x0000000712e00000| Untracked 
|  71|0x0000000713000000, 0x0000000713000000, 0x0000000713200000|  0%| F|  |TAMS 0x0000000713000000, 0x0000000713000000| Untracked 
|  72|0x0000000713200000, 0x0000000713200000, 0x0000000713400000|  0%| F|  |TAMS 0x0000000713200000, 0x0000000713200000| Untracked 
|  73|0x0000000713400000, 0x0000000713400000, 0x0000000713600000|  0%| F|  |TAMS 0x0000000713400000, 0x0000000713400000| Untracked 
|  74|0x0000000713600000, 0x0000000713600000, 0x0000000713800000|  0%| F|  |TAMS 0x0000000713600000, 0x0000000713600000| Untracked 
|  75|0x0000000713800000, 0x0000000713800000, 0x0000000713a00000|  0%| F|  |TAMS 0x0000000713800000, 0x0000000713800000| Untracked 
|  76|0x0000000713a00000, 0x0000000713a00000, 0x0000000713c00000|  0%| F|  |TAMS 0x0000000713a00000, 0x0000000713a00000| Untracked 
|  77|0x0000000713c00000, 0x0000000713c00000, 0x0000000713e00000|  0%| F|  |TAMS 0x0000000713c00000, 0x0000000713c00000| Untracked 
|  78|0x0000000713e00000, 0x0000000713e00000, 0x0000000714000000|  0%| F|  |TAMS 0x0000000713e00000, 0x0000000713e00000| Untracked 
|  79|0x0000000714000000, 0x0000000714000000, 0x0000000714200000|  0%| F|  |TAMS 0x0000000714000000, 0x0000000714000000| Untracked 
|  80|0x0000000714200000, 0x0000000714200000, 0x0000000714400000|  0%| F|  |TAMS 0x0000000714200000, 0x0000000714200000| Untracked 
|  81|0x0000000714400000, 0x0000000714400000, 0x0000000714600000|  0%| F|  |TAMS 0x0000000714400000, 0x0000000714400000| Untracked 
|  82|0x0000000714600000, 0x0000000714600000, 0x0000000714800000|  0%| F|  |TAMS 0x0000000714600000, 0x0000000714600000| Untracked 
|  83|0x0000000714800000, 0x0000000714800000, 0x0000000714a00000|  0%| F|  |TAMS 0x0000000714800000, 0x0000000714800000| Untracked 
|  84|0x0000000714a00000, 0x0000000714a00000, 0x0000000714c00000|  0%| F|  |TAMS 0x0000000714a00000, 0x0000000714a00000| Untracked 
|  85|0x0000000714c00000, 0x0000000714c00000, 0x0000000714e00000|  0%| F|  |TAMS 0x0000000714c00000, 0x0000000714c00000| Untracked 
|  86|0x0000000714e00000, 0x0000000714e00000, 0x0000000715000000|  0%| F|  |TAMS 0x0000000714e00000, 0x0000000714e00000| Untracked 
|  87|0x0000000715000000, 0x0000000715000000, 0x0000000715200000|  0%| F|  |TAMS 0x0000000715000000, 0x0000000715000000| Untracked 
|  88|0x0000000715200000, 0x0000000715200000, 0x0000000715400000|  0%| F|  |TAMS 0x0000000715200000, 0x0000000715200000| Untracked 
|  89|0x0000000715400000, 0x0000000715400000, 0x0000000715600000|  0%| F|  |TAMS 0x0000000715400000, 0x0000000715400000| Untracked 
|  90|0x0000000715600000, 0x0000000715600000, 0x0000000715800000|  0%| F|  |TAMS 0x0000000715600000, 0x0000000715600000| Untracked 
|  91|0x0000000715800000, 0x0000000715800000, 0x0000000715a00000|  0%| F|  |TAMS 0x0000000715800000, 0x0000000715800000| Untracked 
|  92|0x0000000715a00000, 0x0000000715a00000, 0x0000000715c00000|  0%| F|  |TAMS 0x0000000715a00000, 0x0000000715a00000| Untracked 
|  93|0x0000000715c00000, 0x0000000715c00000, 0x0000000715e00000|  0%| F|  |TAMS 0x0000000715c00000, 0x0000000715c00000| Untracked 
|  94|0x0000000715e00000, 0x0000000715e00000, 0x0000000716000000|  0%| F|  |TAMS 0x0000000715e00000, 0x0000000715e00000| Untracked 
|  95|0x0000000716000000, 0x0000000716000000, 0x0000000716200000|  0%| F|  |TAMS 0x0000000716000000, 0x0000000716000000| Untracked 
|  96|0x0000000716200000, 0x0000000716200000, 0x0000000716400000|  0%| F|  |TAMS 0x0000000716200000, 0x0000000716200000| Untracked 
|  97|0x0000000716400000, 0x0000000716400000, 0x0000000716600000|  0%| F|  |TAMS 0x0000000716400000, 0x0000000716400000| Untracked 
|  98|0x0000000716600000, 0x0000000716600000, 0x0000000716800000|  0%| F|  |TAMS 0x0000000716600000, 0x0000000716600000| Untracked 
|  99|0x0000000716800000, 0x0000000716800000, 0x0000000716a00000|  0%| F|  |TAMS 0x0000000716800000, 0x0000000716800000| Untracked 
| 100|0x0000000716a00000, 0x0000000716a00000, 0x0000000716c00000|  0%| F|  |TAMS 0x0000000716a00000, 0x0000000716a00000| Untracked 
| 101|0x0000000716c00000, 0x0000000716c00000, 0x0000000716e00000|  0%| F|  |TAMS 0x0000000716c00000, 0x0000000716c00000| Untracked 
| 102|0x0000000716e00000, 0x0000000716e00000, 0x0000000717000000|  0%| F|  |TAMS 0x0000000716e00000, 0x0000000716e00000| Untracked 
| 103|0x0000000717000000, 0x0000000717000000, 0x0000000717200000|  0%| F|  |TAMS 0x0000000717000000, 0x0000000717000000| Untracked 
| 104|0x0000000717200000, 0x0000000717200000, 0x0000000717400000|  0%| F|  |TAMS 0x0000000717200000, 0x0000000717200000| Untracked 
| 105|0x0000000717400000, 0x0000000717400000, 0x0000000717600000|  0%| F|  |TAMS 0x0000000717400000, 0x0000000717400000| Untracked 
| 106|0x0000000717600000, 0x0000000717600000, 0x0000000717800000|  0%| F|  |TAMS 0x0000000717600000, 0x0000000717600000| Untracked 
| 107|0x0000000717800000, 0x0000000717800000, 0x0000000717a00000|  0%| F|  |TAMS 0x0000000717800000, 0x0000000717800000| Untracked 
| 108|0x0000000717a00000, 0x0000000717a00000, 0x0000000717c00000|  0%| F|  |TAMS 0x0000000717a00000, 0x0000000717a00000| Untracked 
| 109|0x0000000717c00000, 0x0000000717c00000, 0x0000000717e00000|  0%| F|  |TAMS 0x0000000717c00000, 0x0000000717c00000| Untracked 
| 110|0x0000000717e00000, 0x0000000717e816d0, 0x0000000718000000| 25%| E|  |TAMS 0x0000000717e00000, 0x0000000717e00000| Complete 
| 111|0x0000000718000000, 0x00000007181a5658, 0x0000000718200000| 82%| S|CS|TAMS 0x0000000718000000, 0x0000000718000000| Complete 
| 112|0x0000000718200000, 0x0000000718400000, 0x0000000718400000|100%| S|CS|TAMS 0x0000000718200000, 0x0000000718200000| Complete 
| 113|0x0000000718400000, 0x0000000718600000, 0x0000000718600000|100%| E|CS|TAMS 0x0000000718400000, 0x0000000718400000| Complete 
| 114|0x0000000718600000, 0x0000000718800000, 0x0000000718800000|100%| E|CS|TAMS 0x0000000718600000, 0x0000000718600000| Complete 
| 115|0x0000000718800000, 0x0000000718a00000, 0x0000000718a00000|100%| E|CS|TAMS 0x0000000718800000, 0x0000000718800000| Complete 
| 116|0x0000000718a00000, 0x0000000718c00000, 0x0000000718c00000|100%| E|CS|TAMS 0x0000000718a00000, 0x0000000718a00000| Complete 
| 117|0x0000000718c00000, 0x0000000718e00000, 0x0000000718e00000|100%| E|CS|TAMS 0x0000000718c00000, 0x0000000718c00000| Complete 
| 118|0x0000000718e00000, 0x0000000719000000, 0x0000000719000000|100%| E|CS|TAMS 0x0000000718e00000, 0x0000000718e00000| Complete 
| 119|0x0000000719000000, 0x0000000719200000, 0x0000000719200000|100%| E|CS|TAMS 0x0000000719000000, 0x0000000719000000| Complete 
| 120|0x0000000719200000, 0x0000000719400000, 0x0000000719400000|100%| E|CS|TAMS 0x0000000719200000, 0x0000000719200000| Complete 
| 121|0x0000000719400000, 0x0000000719600000, 0x0000000719600000|100%| E|CS|TAMS 0x0000000719400000, 0x0000000719400000| Complete 
| 122|0x0000000719600000, 0x0000000719800000, 0x0000000719800000|100%| E|CS|TAMS 0x0000000719600000, 0x0000000719600000| Complete 

Card table byte_map: [0x000001d6e1fe0000,0x000001d6e2790000] _byte_map_base: 0x000001d6de78f000

Marking Bits (Prev, Next): (CMBitMap*) 0x000001d6c90f1d90, (CMBitMap*) 0x000001d6c90f1dd0
 Prev Bits: [0x000001d6e2f40000, 0x000001d6e6cb8000)
 Next Bits: [0x000001d6e6cc0000, 0x000001d6eaa38000)

Polling page: 0x000001d6c8f60000

Metaspace:

Usage:
  Non-class:      6.63 MB used.
      Class:    862.81 KB used.
       Both:      7.47 MB used.

Virtual space:
  Non-class space:        8.00 MB reserved,       6.69 MB ( 84%) committed,  1 nodes.
      Class space:        1.00 GB reserved,     896.00 KB ( <1%) committed,  1 nodes.
              Both:        1.01 GB reserved,       7.56 MB ( <1%) committed. 

Chunk freelists:
   Non-Class:  80.00 KB
       Class:  3.13 MB
        Both:  3.21 MB

MaxMetaspaceSize: 17179869184.00 GB
CompressedClassSpaceSize: 1.00 GB
 - commit_granule_bytes: 65536.
 - commit_granule_words: 8192.
 - virtual_space_node_default_size: 1048576.
 - enlarge_chunks_in_place: 1.
 - new_chunks_are_fully_committed: 0.
 - uncommit_free_chunks: 1.
 - use_allocation_guard: 0.
 - handle_deallocations: 1.


Internal statistics:

num_allocs_failed_limit: 0.
num_arena_births: 40.
num_arena_deaths: 0.
num_vsnodes_births: 2.
num_vsnodes_deaths: 0.
num_space_committed: 121.
num_space_uncommitted: 0.
num_chunks_returned_to_freelist: 0.
num_chunks_taken_from_freelist: 245.
num_chunk_merges: 0.
num_chunk_splits: 168.
num_chunks_enlarged: 141.
num_purges: 0.

CodeHeap 'non-profiled nmethods': size=120000Kb used=582Kb max_used=582Kb free=119417Kb
 bounds [0x000001d6d9ac0000, 0x000001d6d9d30000, 0x000001d6e0ff0000]
CodeHeap 'profiled nmethods': size=120000Kb used=2929Kb max_used=2929Kb free=117070Kb
 bounds [0x000001d6d2590000, 0x000001d6d2870000, 0x000001d6d9ac0000]
CodeHeap 'non-nmethods': size=5760Kb used=1170Kb max_used=1198Kb free=4589Kb
 bounds [0x000001d6d1ff0000, 0x000001d6d2260000, 0x000001d6d2590000]
 total_blobs=1932 nmethods=1472 adapters=373
 compilation: enabled
              stopped_count=0, restarted_count=0
 full_count=0

Compilation events (20 events):
Event: 0.986 Thread 0x000001d6ed2f3520 1461       3       com.google.common.collect.ComparisonChain$1::classify (24 bytes)
Event: 0.986 Thread 0x000001d6ed2f3520 nmethod 1461 0x000001d6d2862590 code [0x000001d6d2862760, 0x000001d6d2862a78]
Event: 0.993 Thread 0x000001d6ed2f3520 1462       3       com.google.common.collect.ImmutableCollection::<init> (5 bytes)
Event: 0.994 Thread 0x000001d6ed2f3520 nmethod 1462 0x000001d6d2862b90 code [0x000001d6d2862d40, 0x000001d6d2862ef8]
Event: 1.000 Thread 0x000001d6ed2f3520 1463       3       sun.reflect.generics.parser.SignatureParser::parseFieldTypeSignature (6 bytes)
Event: 1.000 Thread 0x000001d6ed2f3520 nmethod 1463 0x000001d6d2863010 code [0x000001d6d28631c0, 0x000001d6d2863308]
Event: 1.001 Thread 0x000001d6ed2ee9a0 1464       4       jdk.internal.reflect.ByteVectorImpl::add (38 bytes)
Event: 1.001 Thread 0x000001d6ed2ee9a0 nmethod 1464 0x000001d6d9b51190 code [0x000001d6d9b51320, 0x000001d6d9b51428]
Event: 1.001 Thread 0x000001d6ed2f3520 1465       3       jdk.internal.reflect.ByteVectorImpl::get (26 bytes)
Event: 1.002 Thread 0x000001d6ed2f3520 nmethod 1465 0x000001d6d2863390 code [0x000001d6d2863540, 0x000001d6d2863728]
Event: 1.003 Thread 0x000001d6ed2ee9a0 1466 % !   4       sun.net.www.ParseUtil::decode @ 70 (317 bytes)
Event: 1.010 Thread 0x000001d6ed2f3520 1467   !   3       sun.reflect.generics.factory.CoreReflectionFactory::makeNamedType (21 bytes)
Event: 1.011 Thread 0x000001d6ed2f3520 nmethod 1467 0x000001d6d2863890 code [0x000001d6d2863a60, 0x000001d6d2863ce8]
Event: 1.011 Thread 0x000001d6ed2f3520 1468       3       sun.reflect.annotation.AnnotationType::getInstance (65 bytes)
Event: 1.011 Thread 0x000001d6ed2f3520 nmethod 1468 0x000001d6d2863e90 code [0x000001d6d28640a0, 0x000001d6d2864658]
Event: 1.014 Thread 0x000001d6ed2f3520 1469       3       sun.reflect.annotation.AnnotationParser::parseSig (62 bytes)
Event: 1.015 Thread 0x000001d6ed2f3520 nmethod 1469 0x000001d6d2864910 code [0x000001d6d2864c00, 0x000001d6d2865de8]
Event: 1.015 Thread 0x000001d6ed2f3520 1470       3       sun.reflect.generics.parser.SignatureParser::parseTypeSig (10 bytes)
Event: 1.015 Thread 0x000001d6ed2f3520 nmethod 1470 0x000001d6d2866390 code [0x000001d6d2866540, 0x000001d6d2866748]
Event: 1.017 Thread 0x000001d6ed2f3520 1471       1       java.lang.reflect.Constructor::getDeclaringClass (5 bytes)

GC Heap History (2 events):
Event: 0.644 GC heap before
{Heap before GC invocations=0 (full 0):
 garbage-first heap   total 251904K, used 20480K [0x000000070a200000, 0x0000000800000000)
  region size 2048K, 10 young (20480K), 0 survivors (0K)
 Metaspace       used 5685K, committed 5888K, reserved 1056768K
  class space    used 623K, committed 704K, reserved 1048576K
}
Event: 0.650 GC heap after
{Heap after GC invocations=1 (full 0):
 garbage-first heap   total 251904K, used 3733K [0x000000070a200000, 0x0000000800000000)
  region size 2048K, 2 young (4096K), 2 survivors (4096K)
 Metaspace       used 5685K, committed 5888K, reserved 1056768K
  class space    used 623K, committed 704K, reserved 1048576K
}

Deoptimization events (20 events):
Event: 0.821 Thread 0x000001d6c90a3a10 Uncommon trap: trap_request=0xffffffc6 fr.pc=0x000001d6d9b10920 relative=0x0000000000001660
Event: 0.821 Thread 0x000001d6c90a3a10 Uncommon trap: reason=bimorphic_or_optimized_type_check action=maybe_recompile pc=0x000001d6d9b10920 method=java.util.HashMap.putVal(ILjava/lang/Object;Ljava/lang/Object;ZZ)Ljava/lang/Object; @ 91 c2
Event: 0.821 Thread 0x000001d6c90a3a10 DEOPT PACKING pc=0x000001d6d9b10920 sp=0x0000000dbe8fd630
Event: 0.821 Thread 0x000001d6c90a3a10 DEOPT UNPACKING pc=0x000001d6d203d72e sp=0x0000000dbe8fd588 mode 2
Event: 0.831 Thread 0x000001d6c90a3a10 Uncommon trap: trap_request=0xffffffc6 fr.pc=0x000001d6d9b10920 relative=0x0000000000001660
Event: 0.831 Thread 0x000001d6c90a3a10 Uncommon trap: reason=bimorphic_or_optimized_type_check action=maybe_recompile pc=0x000001d6d9b10920 method=java.util.HashMap.putVal(ILjava/lang/Object;Ljava/lang/Object;ZZ)Ljava/lang/Object; @ 91 c2
Event: 0.831 Thread 0x000001d6c90a3a10 DEOPT PACKING pc=0x000001d6d9b10920 sp=0x0000000dbe8fd630
Event: 0.831 Thread 0x000001d6c90a3a10 DEOPT UNPACKING pc=0x000001d6d203d72e sp=0x0000000dbe8fd588 mode 2
Event: 0.860 Thread 0x000001d6c90a3a10 Uncommon trap: trap_request=0xffffffc6 fr.pc=0x000001d6d9b10920 relative=0x0000000000001660
Event: 0.860 Thread 0x000001d6c90a3a10 Uncommon trap: reason=bimorphic_or_optimized_type_check action=maybe_recompile pc=0x000001d6d9b10920 method=java.util.HashMap.putVal(ILjava/lang/Object;Ljava/lang/Object;ZZ)Ljava/lang/Object; @ 91 c2
Event: 0.860 Thread 0x000001d6c90a3a10 DEOPT PACKING pc=0x000001d6d9b10920 sp=0x0000000dbe8fd630
Event: 0.860 Thread 0x000001d6c90a3a10 DEOPT UNPACKING pc=0x000001d6d203d72e sp=0x0000000dbe8fd588 mode 2
Event: 0.898 Thread 0x000001d6c90a3a10 Uncommon trap: trap_request=0xffffff45 fr.pc=0x000001d6d9b42d38 relative=0x0000000000000478
Event: 0.898 Thread 0x000001d6c90a3a10 Uncommon trap: reason=unstable_if action=reinterpret pc=0x000001d6d9b42d38 method=java.lang.String.<init>([CIILjava/lang/Void;)V @ 5 c2
Event: 0.898 Thread 0x000001d6c90a3a10 DEOPT PACKING pc=0x000001d6d9b42d38 sp=0x0000000dbe8fdbb0
Event: 0.898 Thread 0x000001d6c90a3a10 DEOPT UNPACKING pc=0x000001d6d203d72e sp=0x0000000dbe8fda48 mode 2
Event: 0.924 Thread 0x000001d6c90a3a10 Uncommon trap: trap_request=0xffffff45 fr.pc=0x000001d6d9b406b0 relative=0x0000000000000410
Event: 0.924 Thread 0x000001d6c90a3a10 Uncommon trap: reason=unstable_if action=reinterpret pc=0x000001d6d9b406b0 method=java.lang.String.<init>([CIILjava/lang/Void;)V @ 5 c2
Event: 0.924 Thread 0x000001d6c90a3a10 DEOPT PACKING pc=0x000001d6d9b406b0 sp=0x0000000dbe8fdb60
Event: 0.924 Thread 0x000001d6c90a3a10 DEOPT UNPACKING pc=0x000001d6d203d72e sp=0x0000000dbe8fdaa8 mode 2

Classes unloaded (0 events):
No events

Classes redefined (0 events):
No events

Internal exceptions (7 events):
Event: 0.072 Thread 0x000001d6edf0ae00 Exception <a 'java/lang/NoSuchMethodError'{0x0000000719470c50}: 'java.lang.Object java.lang.invoke.DirectMethodHandle$Holder.invokeStatic(java.lang.Object)'> (0x0000000719470c50) 
thrown [t:\workspace\open\src\hotspot\share\interpreter\linkResolver.cpp, line 790]
Event: 0.073 Thread 0x000001d6edf0ae00 Exception <a 'java/lang/NoSuchMethodError'{0x0000000719474560}: 'java.lang.Object java.lang.invoke.DirectMethodHandle$Holder.invokeStaticInit(java.lang.Object)'> (0x0000000719474560) 
thrown [t:\workspace\open\src\hotspot\share\interpreter\linkResolver.cpp, line 790]
Event: 0.078 Thread 0x000001d6edf0ae00 Exception <a 'java/lang/NoSuchMethodError'{0x0000000719482258}: 'void java.lang.invoke.DirectMethodHandle$Holder.invokeStatic(java.lang.Object, java.lang.Object)'> (0x0000000719482258) 
thrown [t:\workspace\open\src\hotspot\share\interpreter\linkResolver.cpp, line 790]
Event: 0.160 Thread 0x000001d6c90a3a10 Exception <a 'java/lang/NoSuchMethodError'{0x000000071936fb80}: 'java.lang.Object java.lang.invoke.DirectMethodHandle$Holder.invokeStaticInit(java.lang.Object, int, int, int, int)'> (0x000000071936fb80) 
thrown [t:\workspace\open\src\hotspot\share\interpreter\linkResolver.cpp, line 790]
Event: 0.211 Thread 0x000001d6c90a3a10 Exception <a 'java/lang/NoSuchMethodError'{0x0000000719029740}: 'java.lang.Object java.lang.invoke.DirectMethodHandle$Holder.invokeStaticInit(java.lang.Object, java.lang.Object, int, int, int, int)'> (0x0000000719029740) 
thrown [t:\workspace\open\src\hotspot\share\interpreter\linkResolver.cpp, line 790]
Event: 0.452 Thread 0x000001d6c90a3a10 Exception <a 'java/lang/NoSuchMethodError'{0x0000000718a06a80}: 'void java.lang.invoke.DirectMethodHandle$Holder.invokeSpecial(java.lang.Object, java.lang.Object, java.lang.Object)'> (0x0000000718a06a80) 
thrown [t:\workspace\open\src\hotspot\share\interpreter\linkResolver.cpp, line 790]
Event: 0.584 Thread 0x000001d6c90a3a10 Exception <a 'java/lang/NoSuchMethodError'{0x000000071873b610}: 'java.lang.Object java.lang.invoke.DirectMethodHandle$Holder.newInvokeSpecial(java.lang.Object, java.lang.Object, java.lang.Object, java.lang.Object, java.lang.Object)'> (0x000000071873b610) 
thrown [t:\workspace\open\src\hotspot\share\interpreter\linkResolver.cpp, line 790]

Events (20 events):
Event: 0.866 loading class jdk/internal/reflect/ByteVector done
Event: 0.866 loading class jdk/internal/reflect/ByteVectorImpl done
Event: 0.866 loading class jdk/internal/reflect/ClassFileAssembler
Event: 0.866 loading class jdk/internal/reflect/ClassFileAssembler done
Event: 0.866 loading class jdk/internal/reflect/UTF8
Event: 0.866 loading class jdk/internal/reflect/UTF8 done
Event: 0.866 loading class jdk/internal/reflect/Label
Event: 0.866 loading class jdk/internal/reflect/Label done
Event: 0.866 loading class jdk/internal/reflect/Label$PatchInfo
Event: 0.866 loading class jdk/internal/reflect/Label$PatchInfo done
Event: 0.866 loading class jdk/internal/reflect/MethodAccessorGenerator$1
Event: 0.866 loading class jdk/internal/reflect/MethodAccessorGenerator$1 done
Event: 0.866 loading class jdk/internal/reflect/ClassDefiner
Event: 0.866 loading class jdk/internal/reflect/ClassDefiner done
Event: 0.866 loading class jdk/internal/reflect/ClassDefiner$1
Event: 0.866 loading class jdk/internal/reflect/ClassDefiner$1 done
Event: 0.867 loading class jdk/internal/reflect/BootstrapConstructorAccessorImpl
Event: 0.867 loading class jdk/internal/reflect/BootstrapConstructorAccessorImpl done
Event: 0.973 loading class java/lang/Deprecated
Event: 0.973 loading class java/lang/Deprecated done


Dynamic libraries:
0x00007ff610b60000 - 0x00007ff610b70000 	C:\Program Files\Java\jdk-16.0.1\bin\java.exe
0x00007ff9211d0000 - 0x00007ff9213c5000 	C:\Windows\SYSTEM32\ntdll.dll
0x00007ff8ec080000 - 0x00007ff8ec096000 	C:\Program Files\Avast Software\Avast\aswhook.dll
0x00007ff91f280000 - 0x00007ff91f33e000 	C:\Windows\System32\KERNEL32.DLL
0x00007ff91eae0000 - 0x00007ff91eda8000 	C:\Windows\System32\KERNELBASE.dll
0x00007ff91ede0000 - 0x00007ff91eee0000 	C:\Windows\System32\ucrtbase.dll
0x00007ff902de0000 - 0x00007ff902df9000 	C:\Program Files\Java\jdk-16.0.1\bin\VCRUNTIME140.dll
0x00007ff9002f0000 - 0x00007ff900308000 	C:\Program Files\Java\jdk-16.0.1\bin\jli.dll
0x00007ff91f340000 - 0x00007ff91f3ec000 	C:\Windows\System32\ADVAPI32.dll
0x00007ff91fee0000 - 0x00007ff91ff7e000 	C:\Windows\System32\msvcrt.dll
0x00007ff91f3f0000 - 0x00007ff91f48b000 	C:\Windows\System32\sechost.dll
0x00007ff91f4a0000 - 0x00007ff91f5ca000 	C:\Windows\System32\RPCRT4.dll
0x00007ff920640000 - 0x00007ff9207e1000 	C:\Windows\System32\USER32.dll
0x00007ff91edb0000 - 0x00007ff91edd2000 	C:\Windows\System32\win32u.dll
0x00007ff901fa0000 - 0x00007ff90223a000 	C:\Windows\WinSxS\amd64_microsoft.windows.common-controls_6595b64144ccf1df_6.0.19041.1110_none_60b5254171f9507e\COMCTL32.dll
0x00007ff920970000 - 0x00007ff92099b000 	C:\Windows\System32\GDI32.dll
0x00007ff91ef80000 - 0x00007ff91f08b000 	C:\Windows\System32\gdi32full.dll
0x00007ff91eee0000 - 0x00007ff91ef7d000 	C:\Windows\System32\msvcp_win.dll
0x00007ff91d690000 - 0x00007ff91d69a000 	C:\Windows\SYSTEM32\VERSION.dll
0x00007ff91feb0000 - 0x00007ff91fee0000 	C:\Windows\System32\IMM32.DLL
0x00007ff91be90000 - 0x00007ff91be9c000 	C:\Program Files\Java\jdk-16.0.1\bin\vcruntime140_1.dll
0x00007ff8f49f0000 - 0x00007ff8f4a81000 	C:\Program Files\Java\jdk-16.0.1\bin\msvcp140.dll
0x00007ff8a9b50000 - 0x00007ff8aa6fb000 	C:\Program Files\Java\jdk-16.0.1\bin\server\jvm.dll
0x00007ff91f490000 - 0x00007ff91f498000 	C:\Windows\System32\PSAPI.DLL
0x00007ff914a50000 - 0x00007ff914a77000 	C:\Windows\SYSTEM32\WINMM.dll
0x00007ff909d50000 - 0x00007ff909d59000 	C:\Windows\SYSTEM32\WSOCK32.dll
0x00007ff91f980000 - 0x00007ff91f9eb000 	C:\Windows\System32\WS2_32.dll
0x00007ff91d650000 - 0x00007ff91d662000 	C:\Windows\SYSTEM32\kernel.appcore.dll
0x00007ff9194b0000 - 0x00007ff9194ba000 	C:\Program Files\Java\jdk-16.0.1\bin\jimage.dll
0x00007ff90b910000 - 0x00007ff90baf4000 	C:\Windows\SYSTEM32\DBGHELP.DLL
0x00007ff90b8e0000 - 0x00007ff90b90c000 	C:\Windows\SYSTEM32\dbgcore.DLL
0x00007ff91e8f0000 - 0x00007ff91e973000 	C:\Windows\System32\bcryptPrimitives.dll
0x00007ff919480000 - 0x00007ff91948e000 	C:\Program Files\Java\jdk-16.0.1\bin\instrument.dll
0x00007ff8fff90000 - 0x00007ff8fffb5000 	C:\Program Files\Java\jdk-16.0.1\bin\java.dll
0x00007ff9209a0000 - 0x00007ff9210df000 	C:\Windows\System32\SHELL32.dll
0x00007ff91cec0000 - 0x00007ff91d650000 	C:\Windows\SYSTEM32\windows.storage.dll
0x00007ff91fb50000 - 0x00007ff91fea5000 	C:\Windows\System32\combase.dll
0x00007ff91e190000 - 0x00007ff91e1be000 	C:\Windows\SYSTEM32\Wldp.dll
0x00007ff9210e0000 - 0x00007ff92118d000 	C:\Windows\System32\SHCORE.dll
0x00007ff91f6c0000 - 0x00007ff91f715000 	C:\Windows\System32\shlwapi.dll
0x00007ff91e830000 - 0x00007ff91e84f000 	C:\Windows\SYSTEM32\profapi.dll
0x00007ff8ff320000 - 0x00007ff8ff338000 	C:\Program Files\Java\jdk-16.0.1\bin\zip.dll
0x00007ff8fefe0000 - 0x00007ff8feff9000 	C:\Program Files\Java\jdk-16.0.1\bin\net.dll
0x00007ff919090000 - 0x00007ff91919c000 	C:\Windows\SYSTEM32\WINHTTP.dll
0x00007ff91df70000 - 0x00007ff91dfda000 	C:\Windows\system32\mswsock.dll
0x00007ff8fefc0000 - 0x00007ff8fefd3000 	C:\Program Files\Java\jdk-16.0.1\bin\nio.dll
0x00007ff8fefa0000 - 0x00007ff8fefba000 	C:\Program Files\JetBrains\IntelliJ IDEA 2021.1.2\bin\breakgen64.dll
0x00007ff9193b0000 - 0x00007ff9193c0000 	C:\Program Files\Java\jdk-16.0.1\bin\verify.dll
0x00007ff91e1d0000 - 0x00007ff91e1e8000 	C:\Windows\SYSTEM32\CRYPTSP.dll
0x00007ff91d910000 - 0x00007ff91d944000 	C:\Windows\system32\rsaenh.dll
0x00007ff91f1f0000 - 0x00007ff91f217000 	C:\Windows\System32\bcrypt.dll
0x00007ff91e7f0000 - 0x00007ff91e81e000 	C:\Windows\SYSTEM32\USERENV.dll
0x00007ff91e100000 - 0x00007ff91e10c000 	C:\Windows\SYSTEM32\CRYPTBASE.dll
0x00007ff91dc80000 - 0x00007ff91dcbb000 	C:\Windows\SYSTEM32\IPHLPAPI.DLL
0x00007ff91fa10000 - 0x00007ff91fa18000 	C:\Windows\System32\NSI.dll
0x00007ff916570000 - 0x00007ff916587000 	C:\Windows\SYSTEM32\dhcpcsvc6.DLL
0x00007ff916550000 - 0x00007ff91656d000 	C:\Windows\SYSTEM32\dhcpcsvc.DLL
0x00007ff91dcc0000 - 0x00007ff91dd8b000 	C:\Windows\SYSTEM32\DNSAPI.dll
0x00007ff909f90000 - 0x00007ff909f9a000 	C:\Users\Russell\AppData\Local\Temp\jansi-1.17.1-7831728346112624347.dll
0x00007ff909210000 - 0x00007ff90921a000 	C:\Users\Russell\AppData\Local\Temp\jansi-1.17.1-16468350415115479543.dll

dbghelp: loaded successfully - version: 4.0.5 - missing functions: none
symbol engine: initialized successfully - sym options: 0x614 - pdb path: .;C:\Program Files\Java\jdk-16.0.1\bin;C:\Windows\SYSTEM32;C:\Program Files\Avast Software\Avast;C:\Windows\WinSxS\amd64_microsoft.windows.common-controls_6595b64144ccf1df_6.0.19041.1110_none_60b5254171f9507e;C:\Program Files\Java\jdk-16.0.1\bin\server;C:\Program Files\JetBrains\IntelliJ IDEA 2021.1.2\bin;C:\Users\Russell\AppData\Local\Temp

VM Arguments:
jvm_args: -Dmaven.multiModuleProjectDirectory=C:\Users\Russell\IdeaProjects\FinalProject -Dmaven.home=C:\Program Files\JetBrains\IntelliJ IDEA 2021.1.2\plugins\maven\lib\maven3 -Dclassworlds.conf=C:\Program Files\JetBrains\IntelliJ IDEA 2021.1.2\plugins\maven\lib\maven3\bin\m2.conf -Dmaven.ext.class.path=C:\Program Files\JetBrains\IntelliJ IDEA 2021.1.2\plugins\maven\lib\maven-event-listener.jar -javaagent:C:\Program Files\JetBrains\IntelliJ IDEA 2021.1.2\lib\idea_rt.jar=61277:C:\Program Files\JetBrains\IntelliJ IDEA 2021.1.2\bin -Dfile.encoding=UTF-8 
java_command: org.codehaus.classworlds.Launcher -Didea.version=2021.2 clean install
java_class_path (initial): C:\Program Files\JetBrains\IntelliJ IDEA 2021.1.2\plugins\maven\lib\maven3\boot\plexus-classworlds-2.6.0.jar;C:\Program Files\JetBrains\IntelliJ IDEA 2021.1.2\plugins\maven\lib\maven3\boot\plexus-classworlds.license
Launcher Type: SUN_STANDARD

[Global flags]
     intx CICompilerCount                          = 3                                         {product} {ergonomic}
     uint ConcGCThreads                            = 2                                         {product} {ergonomic}
     uint G1ConcRefinementThreads                  = 6                                         {product} {ergonomic}
   size_t G1HeapRegionSize                         = 2097152                                   {product} {ergonomic}
    uintx GCDrainStackTargetSize                   = 64                                        {product} {ergonomic}
   size_t InitialHeapSize                          = 257949696                                 {product} {ergonomic}
   size_t MarkStackSize                            = 4194304                                   {product} {ergonomic}
   size_t MaxHeapSize                              = 4125097984                                {product} {ergonomic}
   size_t MaxNewSize                               = 2474639360                                {product} {ergonomic}
   size_t MinHeapDeltaBytes                        = 2097152                                   {product} {ergonomic}
   size_t MinHeapSize                              = 8388608                                   {product} {ergonomic}
    uintx NonNMethodCodeHeapSize                   = 5832780                                {pd product} {ergonomic}
    uintx NonProfiledCodeHeapSize                  = 122912730                              {pd product} {ergonomic}
    uintx ProfiledCodeHeapSize                     = 122912730                              {pd product} {ergonomic}
    uintx ReservedCodeCacheSize                    = 251658240                              {pd product} {ergonomic}
     bool SegmentedCodeCache                       = true                                      {product} {ergonomic}
   size_t SoftMaxHeapSize                          = 4125097984                             {manageable} {ergonomic}
     bool UseCompressedClassPointers               = true                           {product lp64_product} {ergonomic}
     bool UseCompressedOops                        = true                           {product lp64_product} {ergonomic}
     bool UseG1GC                                  = true                                      {product} {ergonomic}
     bool UseLargePagesIndividualAllocation        = false                                  {pd product} {ergonomic}

Logging:
Log output configuration:
 #0: stdout all=warning uptime,level,tags
 #1: stderr all=off uptime,level,tags

Environment Variables:
PATH=C:\Program Files\Common Files\Oracle\Java\javapath;C:\Program Files (x86)\Common Files\Oracle\Java\javapath;C:\Windows\system32;C:\Windows;C:\Windows\System32\Wbem;C:\Windows\System32\WindowsPowerShell\v1.0\;C:\Windows\System32\OpenSSH\;C:\Program Files\Git\cmd;C:\Program Files\Docker\Docker\resources\bin;C:\ProgramData\DockerDesktop\version-bin;C:\Program Files\MySQL\MySQL Shell 8.0\bin\;C:\Users\Russell\AppData\Local\Microsoft\WindowsApps;
USERNAME=Russell
OS=Windows_NT
PROCESSOR_IDENTIFIER=AMD64 Family 23 Model 96 Stepping 1, AuthenticAMD



---------------  S Y S T E M  ---------------

OS:
 Windows 10 , 64 bit Build 19041 (10.0.19041.1348)
OS uptime: 4 days 6:31 hours
Hyper-V role detected

CPU: total 6 (initial active 6) (6 cores per cpu, 1 threads per core) family 23 model 96 stepping 1 microcode 0x0, cx8, cmov, fxsr, mmx, 3dnowpref, sse, sse2, sse3, ssse3, sse4a, sse4.1, sse4.2, popcnt, lzcnt, tsc, tscinvbit, avx, avx2, aes, clmul, bmi1, bmi2, adx, sha, fma, vzeroupper, clflush, clflushopt, hv

Memory: 4k page, system-wide physical 15733M (4285M free)
TotalPageFile size 17781M (AvailPageFile size 5M)
current process WorkingSet (physical memory assigned to process): 86M, peak: 86M
current process commit charge ("private bytes"): 353M, peak: 353M

vm_info: Java HotSpot(TM) 64-Bit Server VM (16.0.1+9-24) for windows-amd64 JRE (16.0.1+9-24), built on Mar 26 2021 19:31:42 by "mach5one" with MS VC++ 16.7 (VS2019)

END.
